#
# There is insufficient memory for the Java Runtime Environment to continue.
# Native memory allocation (mmap) failed to map 47091712 bytes for committing reserved memory.
# Possible reasons:
#   The system is out of physical RAM or swap space
#   In 32 bit mode, the process size limit was hit
# Possible solutions:
#   Reduce memory load on the system
#   Increase physical memory or swap space
#   Check if swap backing store is full
#   Use 64 bit Java on a 64 bit OS
#   Decrease Java heap size (-Xmx/-Xms)
#   Decrease number of Java threads
#   Decrease Java thread stack sizes (-Xss)
#   Set larger code cache with -XX:ReservedCodeCacheSize=
# This output file may be truncated or incomplete.
#
#  Out of Memory Error (os_linux.cpp:2651), pid=2293, tid=0x00007f9bb7fa3700
#
# JRE version: OpenJDK Runtime Environment (8.0_151-b12) (build 1.8.0_151-b12)
# Java VM: OpenJDK 64-Bit Server VM (25.151-b12 mixed mode linux-amd64 compressed oops)
# Failed to write core dump. Core dumps have been disabled. To enable core dumping, try "ulimit -c unlimited" before starting Java again
#

---------------  T H R E A D  ---------------

Current thread (0x00007f9bc807a880):  VMThread [stack: 0x00007f9bb7ea3000,0x00007f9bb7fa4000] [id=2326]

Stack: [0x00007f9bb7ea3000,0x00007f9bb7fa4000],  sp=0x00007f9bb7fa2510,  free space=1021k
Native frames: (J=compiled Java code, j=interpreted, Vv=VM code, C=native code)
V  [libjvm.so+0xaafa5d]
V  [libjvm.so+0x4eb16a]
V  [libjvm.so+0x8ad2f8]
V  [libjvm.so+0x8a782e]
V  [libjvm.so+0xaac854]
V  [libjvm.so+0x5d8fdd]
V  [libjvm.so+0x5d935d]
V  [libjvm.so+0x5c9c40]
V  [libjvm.so+0x47b892]
V  [libjvm.so+0xab0a01]
V  [libjvm.so+0xab5c77]
V  [libjvm.so+0xab4668]
V  [libjvm.so+0xab4b39]
V  [libjvm.so+0xab4f91]
V  [libjvm.so+0x8aa652]

VM_Operation (0x00007f9bb5fad290): GenCollectForAllocation, mode: safepoint, requested by thread 0x00007f9bc8f0ee70


---------------  P R O C E S S  ---------------

Java Threads: ( => current thread )
  0x00007f9bc8f0ee70 JavaThread "pool-1-thread-1" [_thread_blocked, id=2358, stack(0x00007f9bb5eae000,0x00007f9bb5faf000)]
  0x00007f9bc80c38e0 JavaThread "Service Thread" daemon [_thread_blocked, id=2336, stack(0x00007f9bb789d000,0x00007f9bb799e000)]
  0x00007f9bc80b4790 JavaThread "C1 CompilerThread1" daemon [_thread_blocked, id=2335, stack(0x00007f9bb799e000,0x00007f9bb7a9f000)]
  0x00007f9bc80b2bf0 JavaThread "C2 CompilerThread0" daemon [_thread_blocked, id=2334, stack(0x00007f9bb7a9f000,0x00007f9bb7ba0000)]
  0x00007f9bc80b12f0 JavaThread "Signal Dispatcher" daemon [_thread_blocked, id=2333, stack(0x00007f9bb7ba0000,0x00007f9bb7ca1000)]
  0x00007f9bc8088010 JavaThread "Finalizer" daemon [_thread_blocked, id=2332, stack(0x00007f9bb7ca1000,0x00007f9bb7da2000)]
  0x00007f9bc8083de0 JavaThread "Reference Handler" daemon [_thread_blocked, id=2329, stack(0x00007f9bb7da2000,0x00007f9bb7ea3000)]
  0x00007f9bc8008eb0 JavaThread "main" [_thread_blocked, id=2325, stack(0x00007f9bcee9a000,0x00007f9bcef9b000)]

Other Threads:
=>0x00007f9bc807a880 VMThread [stack: 0x00007f9bb7ea3000,0x00007f9bb7fa4000] [id=2326]
  0x00007f9bc801ade0 WatcherThread [stack: 0x00007f9bb779c000,0x00007f9bb789d000] [id=2337]

VM state:at safepoint (normal execution)

VM Mutex/Monitor currently owned by a thread:  ([mutex/lock_event])
[0x00007f9bc8006930] Threads_lock - owner thread: 0x00007f9bc807a880
[0x00007f9bc8006e30] Heap_lock - owner thread: 0x00007f9bc8f0ee70

Heap:
 def new generation   total 27008K, used 0K [0x00000000f0800000, 0x00000000f2540000, 0x00000000f5aa0000)
  eden space 24064K,   0% used [0x00000000f0800000, 0x00000000f0800000, 0x00000000f1f80000)
  from space 2944K,   0% used [0x00000000f1f80000, 0x00000000f1f80000, 0x00000000f2260000)
  to   space 2944K,   0% used [0x00000000f2260000, 0x00000000f2260000, 0x00000000f2540000)
 tenured generation   total 79352K, used 75202K [0x00000000f5aa0000, 0x00000000fa81e000, 0x0000000100000000)
   the space 79352K,  94% used [0x00000000f5aa0000, 0x00000000fa4108f0, 0x00000000fa410a00, 0x00000000fa81e000)
 Metaspace       used 27491K, capacity 28020K, committed 28160K, reserved 1075200K
  class space    used 3095K, capacity 3277K, committed 3328K, reserved 1048576K

Card table byte_map: [0x00007f9bcee15000,0x00007f9bcee92000] byte_map_base: 0x00007f9bce691000

Polling page: 0x00007f9bcefa4000

CodeCache: size=245760Kb used=11587Kb max_used=12355Kb free=234172Kb
 bounds [0x00007f9bb8df7000, 0x00007f9bb9a37000, 0x00007f9bc7df7000]
 total_blobs=4390 nmethods=3982 adapters=321
 compilation: enabled

Compilation events (10 events):
Event: 8.727 Thread 0x00007f9bc80b4790 4414       3       org.apache.commons.compress.archivers.zip.StreamCompressor$ScatterGatherBackingStoreCompressor::writeOut (13 bytes)
Event: 8.727 Thread 0x00007f9bc80b4790 nmethod 4414 0x00007f9bb9026050 code [0x00007f9bb90261e0, 0x00007f9bb90266b0]
Event: 8.727 Thread 0x00007f9bc80b4790 4415   !   3       org.codehaus.plexus.archiver.zip.ByteArrayOutputStream::write (151 bytes)
Event: 8.728 Thread 0x00007f9bc80b4790 nmethod 4415 0x00007f9bb90a1210 code [0x00007f9bb90a13e0, 0x00007f9bb90a1b60]
Event: 8.746 Thread 0x00007f9bc80b4790 4416       3       org.apache.commons.io.output.ThresholdingOutputStream::checkThreshold (33 bytes)
Event: 8.746 Thread 0x00007f9bc80b4790 nmethod 4416 0x00007f9bb91d1dd0 code [0x00007f9bb91d1f40, 0x00007f9bb91d21c0]
Event: 8.747 Thread 0x00007f9bc80b4790 4417       3       java.util.zip.CRC32::update (51 bytes)
Event: 8.747 Thread 0x00007f9bc80b4790 nmethod 4417 0x00007f9bb930e2d0 code [0x00007f9bb930e460, 0x00007f9bb930e830]
Event: 8.747 Thread 0x00007f9bc80b4790 4418       3       org.apache.commons.compress.archivers.zip.StreamCompressor::writeDeflated (119 bytes)
Event: 8.748 Thread 0x00007f9bc80b4790 nmethod 4418 0x00007f9bb936c110 code [0x00007f9bb936c380, 0x00007f9bb936d308]

GC Heap History (10 events):
Event: 7.245 GC heap after
Heap after GC invocations=50 (full 3):
 def new generation   total 15040K, used 1664K [0x00000000f0800000, 0x00000000f1850000, 0x00000000f5aa0000)
  eden space 13376K,   0% used [0x00000000f0800000, 0x00000000f0800000, 0x00000000f1510000)
  from space 1664K, 100% used [0x00000000f16b0000, 0x00000000f1850000, 0x00000000f1850000)
  to   space 1664K,   0% used [0x00000000f1510000, 0x00000000f1510000, 0x00000000f16b0000)
 tenured generation   total 33388K, used 27513K [0x00000000f5aa0000, 0x00000000f7b3b000, 0x0000000100000000)
   the space 33388K,  82% used [0x00000000f5aa0000, 0x00000000f757e410, 0x00000000f757e600, 0x00000000f7b3b000)
 Metaspace       used 24142K, capacity 24644K, committed 24960K, reserved 1071104K
  class space    used 2651K, capacity 2817K, committed 2944K, reserved 1048576K
}
Event: 7.630 GC heap before
{Heap before GC invocations=50 (full 3):
 def new generation   total 15040K, used 15040K [0x00000000f0800000, 0x00000000f1850000, 0x00000000f5aa0000)
  eden space 13376K, 100% used [0x00000000f0800000, 0x00000000f1510000, 0x00000000f1510000)
  from space 1664K, 100% used [0x00000000f16b0000, 0x00000000f1850000, 0x00000000f1850000)
  to   space 1664K,   0% used [0x00000000f1510000, 0x00000000f1510000, 0x00000000f16b0000)
 tenured generation   total 33388K, used 27513K [0x00000000f5aa0000, 0x00000000f7b3b000, 0x0000000100000000)
   the space 33388K,  82% used [0x00000000f5aa0000, 0x00000000f757e410, 0x00000000f757e600, 0x00000000f7b3b000)
 Metaspace       used 25834K, capacity 26364K, committed 26624K, reserved 1073152K
  class space    used 2900K, capacity 3049K, committed 3072K, reserved 1048576K
Event: 7.641 GC heap after
Heap after GC invocations=51 (full 3):
 def new generation   total 15040K, used 1664K [0x00000000f0800000, 0x00000000f1850000, 0x00000000f5aa0000)
  eden space 13376K,   0% used [0x00000000f0800000, 0x00000000f0800000, 0x00000000f1510000)
  from space 1664K, 100% used [0x00000000f1510000, 0x00000000f16b0000, 0x00000000f16b0000)
  to   space 1664K,   0% used [0x00000000f16b0000, 0x00000000f16b0000, 0x00000000f1850000)
 tenured generation   total 33388K, used 29061K [0x00000000f5aa0000, 0x00000000f7b3b000, 0x0000000100000000)
   the space 33388K,  87% used [0x00000000f5aa0000, 0x00000000f7701758, 0x00000000f7701800, 0x00000000f7b3b000)
 Metaspace       used 25834K, capacity 26364K, committed 26624K, reserved 1073152K
  class space    used 2900K, capacity 3049K, committed 3072K, reserved 1048576K
}
Event: 8.342 GC heap before
{Heap before GC invocations=51 (full 3):
 def new generation   total 15040K, used 12104K [0x00000000f0800000, 0x00000000f1850000, 0x00000000f5aa0000)
  eden space 13376K,  78% used [0x00000000f0800000, 0x00000000f1232340, 0x00000000f1510000)
  from space 1664K, 100% used [0x00000000f1510000, 0x00000000f16b0000, 0x00000000f16b0000)
  to   space 1664K,   0% used [0x00000000f16b0000, 0x00000000f16b0000, 0x00000000f1850000)
 tenured generation   total 33388K, used 29061K [0x00000000f5aa0000, 0x00000000f7b3b000, 0x0000000100000000)
   the space 33388K,  87% used [0x00000000f5aa0000, 0x00000000f7701758, 0x00000000f7701800, 0x00000000f7b3b000)
 Metaspace       used 27246K, capacity 27764K, committed 28160K, reserved 1075200K
  class space    used 3066K, capacity 3213K, committed 3328K, reserved 1048576K
Event: 8.351 GC heap after
Heap after GC invocations=52 (full 3):
 def new generation   total 15040K, used 1663K [0x00000000f0800000, 0x00000000f1850000, 0x00000000f5aa0000)
  eden space 13376K,   0% used [0x00000000f0800000, 0x00000000f0800000, 0x00000000f1510000)
  from space 1664K,  99% used [0x00000000f16b0000, 0x00000000f184fff8, 0x00000000f1850000)
  to   space 1664K,   0% used [0x00000000f1510000, 0x00000000f1510000, 0x00000000f16b0000)
 tenured generation   total 33388K, used 29863K [0x00000000f5aa0000, 0x00000000f7b3b000, 0x0000000100000000)
   the space 33388K,  89% used [0x00000000f5aa0000, 0x00000000f77c9fa0, 0x00000000f77ca000, 0x00000000f7b3b000)
 Metaspace       used 27246K, capacity 27764K, committed 28160K, reserved 1075200K
  class space    used 3066K, capacity 3213K, committed 3328K, reserved 1048576K
}
Event: 8.354 GC heap before
{Heap before GC invocations=52 (full 3):
 def new generation   total 15040K, used 11693K [0x00000000f0800000, 0x00000000f1850000, 0x00000000f5aa0000)
  eden space 13376K,  74% used [0x00000000f0800000, 0x00000000f11cb790, 0x00000000f1510000)
  from space 1664K,  99% used [0x00000000f16b0000, 0x00000000f184fff8, 0x00000000f1850000)
  to   space 1664K,   0% used [0x00000000f1510000, 0x00000000f1510000, 0x00000000f16b0000)
 tenured generation   total 33388K, used 29863K [0x00000000f5aa0000, 0x00000000f7b3b000, 0x0000000100000000)
   the space 33388K,  89% used [0x00000000f5aa0000, 0x00000000f77c9fa0, 0x00000000f77ca000, 0x00000000f7b3b000)
 Metaspace       used 27253K, capacity 27764K, committed 28160K, reserved 1075200K
  class space    used 3068K, capacity 3213K, committed 3328K, reserved 1048576K
Event: 8.576 GC heap after
Heap after GC invocations=53 (full 4):
 def new generation   total 27008K, used 0K [0x00000000f0800000, 0x00000000f2540000, 0x00000000f5aa0000)
  eden space 24064K,   0% used [0x00000000f0800000, 0x00000000f0800000, 0x00000000f1f80000)
  from space 2944K,   0% used [0x00000000f1f80000, 0x00000000f1f80000, 0x00000000f2260000)
  to   space 2944K,   0% used [0x00000000f2260000, 0x00000000f2260000, 0x00000000f2540000)
 tenured generation   total 59816K, used 35888K [0x00000000f5aa0000, 0x00000000f950a000, 0x0000000100000000)
   the space 59816K,  59% used [0x00000000f5aa0000, 0x00000000f7dac370, 0x00000000f7dac400, 0x00000000f950a000)
 Metaspace       used 27253K, capacity 27764K, committed 28160K, reserved 1075200K
  class space    used 3068K, capacity 3213K, committed 3328K, reserved 1048576K
}
Event: 8.592 GC heap before
{Heap before GC invocations=53 (full 4):
 def new generation   total 27008K, used 20005K [0x00000000f0800000, 0x00000000f2540000, 0x00000000f5aa0000)
  eden space 24064K,  83% used [0x00000000f0800000, 0x00000000f1b895f0, 0x00000000f1f80000)
  from space 2944K,   0% used [0x00000000f1f80000, 0x00000000f1f80000, 0x00000000f2260000)
  to   space 2944K,   0% used [0x00000000f2260000, 0x00000000f2260000, 0x00000000f2540000)
 tenured generation   total 59816K, used 35888K [0x00000000f5aa0000, 0x00000000f950a000, 0x0000000100000000)
   the space 59816K,  59% used [0x00000000f5aa0000, 0x00000000f7dac370, 0x00000000f7dac400, 0x00000000f950a000)
 Metaspace       used 27253K, capacity 27764K, committed 28160K, reserved 1075200K
  class space    used 3068K, capacity 3213K, committed 3328K, reserved 1048576K
Event: 8.612 GC heap after
Heap after GC invocations=54 (full 4):
 def new generation   total 27008K, used 16K [0x00000000f0800000, 0x00000000f2540000, 0x00000000f5aa0000)
  eden space 24064K,   0% used [0x00000000f0800000, 0x00000000f0800000, 0x00000000f1f80000)
  from space 2944K,   0% used [0x00000000f2260000, 0x00000000f22643f0, 0x00000000f2540000)
  to   space 2944K,   0% used [0x00000000f1f80000, 0x00000000f1f80000, 0x00000000f2260000)
 tenured generation   total 59816K, used 55420K [0x00000000f5aa0000, 0x00000000f950a000, 0x0000000100000000)
   the space 59816K,  92% used [0x00000000f5aa0000, 0x00000000f90bf090, 0x00000000f90bf200, 0x00000000f950a000)
 Metaspace       used 27253K, capacity 27764K, committed 28160K, reserved 1075200K
  class space    used 3068K, capacity 3213K, committed 3328K, reserved 1048576K
}
Event: 9.106 GC heap before
{Heap before GC invocations=54 (full 4):
 def new generation   total 27008K, used 21925K [0x00000000f0800000, 0x00000000f2540000, 0x00000000f5aa0000)
  eden space 24064K,  91% used [0x00000000f0800000, 0x00000000f1d650f8, 0x00000000f1f80000)
  from space 2944K,   0% used [0x00000000f2260000, 0x00000000f22643f0, 0x00000000f2540000)
  to   space 2944K,   0% used [0x00000000f1f80000, 0x00000000f1f80000, 0x00000000f2260000)
 tenured generation   total 59816K, used 55420K [0x00000000f5aa0000, 0x00000000f950a000, 0x0000000100000000)
   the space 59816K,  92% used [0x00000000f5aa0000, 0x00000000f90bf090, 0x00000000f90bf200, 0x00000000f950a000)
 Metaspace       used 27491K, capacity 28020K, committed 28160K, reserved 1075200K
  class space    used 3095K, capacity 3277K, committed 3328K, reserved 1048576K

Deoptimization events (10 events):
Event: 4.640 Thread 0x00007f9bc8008eb0 Uncommon trap: reason=unstable_if action=reinterpret pc=0x00007f9bb9645a1c method=com.google.inject.internal.InjectorImpl.callInContext(Lcom/google/inject/internal/ContextualCallable;)Ljava/lang/Object; @ 161
Event: 5.302 Thread 0x00007f9bc8008eb0 Uncommon trap: reason=unstable_if action=reinterpret pc=0x00007f9bb96c0970 method=java.util.jar.Manifest$FastInputStream.readLine([BII)I @ 87
Event: 5.347 Thread 0x00007f9bc8008eb0 Uncommon trap: reason=class_check action=maybe_recompile pc=0x00007f9bb8fd0b80 method=sun.misc.URLClassPath.getLoader(I)Lsun/misc/URLClassPath$Loader; @ 94
Event: 5.369 Thread 0x00007f9bc8008eb0 Uncommon trap: reason=unstable_if action=reinterpret pc=0x00007f9bb9005bb8 method=sun.misc.URLClassPath$JarLoader.getResource(Ljava/lang/String;Z)Lsun/misc/Resource; @ 62
Event: 5.369 Thread 0x00007f9bc8008eb0 Uncommon trap: reason=unstable_if action=reinterpret pc=0x00007f9bb8fd0ec8 method=java.util.HashMap.putVal(ILjava/lang/Object;Ljava/lang/Object;ZZ)Ljava/lang/Object; @ 193
Event: 5.377 Thread 0x00007f9bc8008eb0 Uncommon trap: reason=unstable_if action=reinterpret pc=0x00007f9bb94d17b0 method=java.nio.charset.CharsetDecoder.decode(Ljava/nio/ByteBuffer;Ljava/nio/CharBuffer;Z)Ljava/nio/charset/CoderResult; @ 1
Event: 5.466 Thread 0x00007f9bc8008eb0 Uncommon trap: reason=unstable_if action=reinterpret pc=0x00007f9bb90f0fa0 method=java.lang.CharacterDataLatin1.isWhitespace(I)Z @ 14
Event: 7.218 Thread 0x00007f9bc8008eb0 Uncommon trap: reason=unstable_if action=reinterpret pc=0x00007f9bb991c3fc method=java.util.jar.Attributes$Name.isAlpha(C)Z @ 21
Event: 7.588 Thread 0x00007f9bc8008eb0 Uncommon trap: reason=unstable_if action=reinterpret pc=0x00007f9bb9192ae8 method=java.util.HashMap.hash(Ljava/lang/Object;)I @ 1
Event: 7.712 Thread 0x00007f9bc8008eb0 Uncommon trap: reason=unstable_if action=reinterpret pc=0x00007f9bb9a0a230 method=org.codehaus.plexus.classworlds.realm.Entry.matches(Ljava/lang/String;)Z @ 20

Internal exceptions (10 events):
Event: 2.019 Thread 0x00007f9bc8008eb0 Implicit null exception at 0x00007f9bb8fedff6 to 0x00007f9bb8fee3ad
Event: 2.817 Thread 0x00007f9bc8008eb0 Implicit null exception at 0x00007f9bb90f6275 to 0x00007f9bb90f6459
Event: 2.817 Thread 0x00007f9bc8008eb0 Implicit null exception at 0x00007f9bb9115c6f to 0x00007f9bb9115cd9
Event: 3.064 Thread 0x00007f9bc8008eb0 Implicit null exception at 0x00007f9bb94af7c9 to 0x00007f9bb94b02cd
Event: 4.640 Thread 0x00007f9bc8008eb0 Implicit null exception at 0x00007f9bb96447a9 to 0x00007f9bb9645a01
Event: 4.726 Thread 0x00007f9bc8008eb0 Exception <a 'java/lang/ClassNotFoundException': com/sun/tools/javac/api/JavacTool> (0x00000000f0a6ac28) thrown at [/builddir/build/BUILD/java-1.8.0-openjdk-1.8.0.151-1.b12.35.amzn1.x86_64/openjdk/hotspot/src/share/vm/classfile/systemDictionary.cpp, line 
Event: 5.587 Thread 0x00007f9bc8008eb0 Exception <a 'java/io/FileNotFoundException'> (0x00000000f0eabf88) thrown at [/builddir/build/BUILD/java-1.8.0-openjdk-1.8.0.151-1.b12.35.amzn1.x86_64/openjdk/hotspot/src/share/vm/prims/jni.cpp, line 710]
Event: 5.596 Thread 0x00007f9bc8008eb0 Exception <a 'java/io/FileNotFoundException'> (0x00000000f0efb188) thrown at [/builddir/build/BUILD/java-1.8.0-openjdk-1.8.0.151-1.b12.35.amzn1.x86_64/openjdk/hotspot/src/share/vm/prims/jni.cpp, line 710]
Event: 5.596 Thread 0x00007f9bc8008eb0 Exception <a 'java/io/FileNotFoundException'> (0x00000000f0efbfe0) thrown at [/builddir/build/BUILD/java-1.8.0-openjdk-1.8.0.151-1.b12.35.amzn1.x86_64/openjdk/hotspot/src/share/vm/prims/jni.cpp, line 710]
Event: 7.588 Thread 0x00007f9bc8008eb0 Implicit null exception at 0x00007f9bb91924fb to 0x00007f9bb9192acd

Events (10 events):
Event: 8.693 loading class org/apache/commons/compress/archivers/zip/ZipUtil done
Event: 8.694 loading class org/apache/commons/compress/archivers/zip/UnsupportedZipFeatureException
Event: 8.694 loading class org/apache/commons/compress/archivers/zip/UnsupportedZipFeatureException done
Event: 8.694 loading class org/apache/commons/compress/archivers/zip/UnsupportedZipFeatureException
Event: 8.694 loading class org/apache/commons/compress/archivers/zip/UnsupportedZipFeatureException done
Event: 8.694 loading class org/apache/commons/compress/archivers/zip/ZipMethod
Event: 8.694 loading class org/apache/commons/compress/archivers/zip/ZipMethod done
Event: 8.694 loading class org/apache/commons/compress/archivers/zip/ZipMethod
Event: 8.694 loading class org/apache/commons/compress/archivers/zip/ZipMethod done
Event: 9.106 Executing VM operation: GenCollectForAllocation


Dynamic libraries:
00400000-00401000 r-xp 00000000 ca:01 271640                             /usr/lib/jvm/java-1.8.0-openjdk-1.8.0.151-1.b12.35.amzn1.x86_64/jre/bin/java
00600000-00601000 rw-p 00000000 ca:01 271640                             /usr/lib/jvm/java-1.8.0-openjdk-1.8.0.151-1.b12.35.amzn1.x86_64/jre/bin/java
01ede000-01eff000 rw-p 00000000 00:00 0                                  [heap]
f0800000-f2540000 rw-p 00000000 00:00 0 
f2540000-f5aa0000 ---p 00000000 00:00 0 
f5aa0000-fa81e000 rw-p 00000000 00:00 0 
fd507000-100000000 ---p 00000000 00:00 0 
100000000-100340000 rw-p 00000000 00:00 0 
100340000-140000000 ---p 00000000 00:00 0 
7f9b8c000000-7f9b8c043000 rw-p 00000000 00:00 0 
7f9b8c043000-7f9b90000000 ---p 00000000 00:00 0 
7f9b94000000-7f9b955ba000 rw-p 00000000 00:00 0 
7f9b955ba000-7f9b98000000 ---p 00000000 00:00 0 
7f9b98000000-7f9b98d57000 rw-p 00000000 00:00 0 
7f9b98d57000-7f9b9c000000 ---p 00000000 00:00 0 
7f9b9c000000-7f9b9c021000 rw-p 00000000 00:00 0 
7f9b9c021000-7f9ba0000000 ---p 00000000 00:00 0 
7f9ba1ad7000-7f9ba8000000 r--p 00000000 ca:01 2733                       /usr/lib/locale/locale-archive
7f9ba8000000-7f9ba8021000 rw-p 00000000 00:00 0 
7f9ba8021000-7f9bac000000 ---p 00000000 00:00 0 
7f9bac000000-7f9bac021000 rw-p 00000000 00:00 0 
7f9bac021000-7f9bb0000000 ---p 00000000 00:00 0 
7f9bb0000000-7f9bb0076000 rw-p 00000000 00:00 0 
7f9bb0076000-7f9bb4000000 ---p 00000000 00:00 0 
7f9bb5a3a000-7f9bb5a7a000 rw-p 00000000 00:00 0 
7f9bb5a7a000-7f9bb5c3a000 ---p 00000000 00:00 0 
7f9bb5c3a000-7f9bb5e3a000 rw-p 00000000 00:00 0 
7f9bb5ead000-7f9bb5eae000 rw-p 00000000 00:00 0 
7f9bb5eae000-7f9bb5eb1000 ---p 00000000 00:00 0 
7f9bb5eb1000-7f9bb61af000 rw-p 00000000 00:00 0 
7f9bb61af000-7f9bb61b0000 r--s 00002000 ca:01 289553                     /home/ec2-user/.m2/repository/org/apache/maven/shared/maven-mapping/3.0.0/maven-mapping-3.0.0.jar
7f9bb61b0000-7f9bb61b2000 r--s 00001000 ca:01 289551                     /home/ec2-user/.m2/repository/org/sonatype/plexus/plexus-build-api/0.0.7/plexus-build-api-0.0.7.jar
7f9bb61b2000-7f9bb61b4000 r--s 0000b000 ca:01 289549                     /home/ec2-user/.m2/repository/org/apache/maven/shared/maven-filtering/3.1.1/maven-filtering-3.1.1.jar
7f9bb61b4000-7f9bb61b8000 r--s 00039000 ca:01 397041                     /home/ec2-user/.m2/repository/org/codehaus/plexus/plexus-utils/3.0.24/plexus-utils-3.0.24.jar
7f9bb61b8000-7f9bb61ba000 r--s 00005000 ca:01 396341                     /home/ec2-user/.m2/repository/xpp3/xpp3_min/1.1.4c/xpp3_min-1.1.4c.jar
7f9bb61ba000-7f9bb61bb000 r--s 00001000 ca:01 289543                     /home/ec2-user/.m2/repository/xmlpull/xmlpull/1.1.3.1/xmlpull-1.1.3.1.jar
7f9bb61bb000-7f9bb61c9000 r--s 00079000 ca:01 289518                     /home/ec2-user/.m2/repository/com/thoughtworks/xstream/xstream/1.4.9/xstream-1.4.9.jar
7f9bb61c9000-7f9bb61cc000 r--s 00010000 ca:01 406568                     /home/ec2-user/.m2/repository/org/codehaus/plexus/plexus-interpolation/1.22/plexus-interpolation-1.22.jar
7f9bb61cc000-7f9bb61d0000 r--s 00015000 ca:01 397205                     /home/ec2-user/.m2/repository/org/tukaani/xz/1.5/xz-1.5.jar
7f9bb61d0000-7f9bb61d2000 r--s 0000d000 ca:01 396459                     /home/ec2-user/.m2/repository/org/iq80/snappy/snappy/0.4/snappy-0.4.jar
7f9bb61d2000-7f9bb61da000 r--s 00060000 ca:01 397642                     /home/ec2-user/.m2/repository/org/apache/commons/commons-compress/1.11/commons-compress-1.11.jar
7f9bb61da000-7f9bb61dd000 r--s 00012000 ca:01 396857                     /home/ec2-user/.m2/repository/org/codehaus/plexus/plexus-io/2.7.1/plexus-io-2.7.1.jar
7f9bb61dd000-7f9bb61e2000 r--s 00029000 ca:01 396644                     /home/ec2-user/.m2/repository/org/codehaus/plexus/plexus-archiver/3.4/plexus-archiver-3.4.jar
7f9bb61e2000-7f9bb61e6000 r--s 0002f000 ca:01 141584                     /home/ec2-user/.m2/repository/commons-io/commons-io/2.5/commons-io-2.5.jar
7f9bb61e6000-7f9bb61e9000 r--s 00023000 ca:01 398897                     /home/ec2-user/.m2/repository/org/apache/maven/shared/maven-shared-utils/3.0.1/maven-shared-utils-3.0.1.jar
7f9bb61e9000-7f9bb61ea000 r--s 00005000 ca:01 397863                     /home/ec2-user/.m2/repository/org/apache/maven/maven-archiver/3.1.1/maven-archiver-3.1.1.jar
7f9bb61ea000-7f9bb61ec000 r--s 00000000 ca:01 396824                     /home/ec2-user/.m2/repository/org/codehaus/plexus/plexus-component-annotations/1.6/plexus-component-annotations-1.6.jar
7f9bb61ec000-7f9bb61f0000 r--s 00017000 ca:01 397324                     /home/ec2-user/.m2/repository/org/sonatype/aether/aether-util/1.7/aether-util-1.7.jar
7f9bb61f0000-7f9bb61fb000 r--s 00069000 ca:01 397254                     /home/ec2-user/.m2/repository/org/sonatype/sisu/sisu-guice/2.1.7/sisu-guice-2.1.7-noaop.jar
7f9bb61fb000-7f9bb6200000 r--s 00021000 ca:01 397268                     /home/ec2-user/.m2/repository/org/sonatype/sisu/sisu-inject-bean/1.4.2/sisu-inject-bean-1.4.2.jar
7f9bb6200000-7f9bb6202000 r--s 00014000 ca:01 406614                     /home/ec2-user/.m2/repository/org/apache/maven/plugins/maven-war-plugin/3.0.0/maven-war-plugin-3.0.0.jar
7f9bb6202000-7f9bb6204000 r--s 00002000 ca:01 429613                     /home/ec2-user/.m2/repository/org/apache/maven/plugin-tools/maven-plugin-annotations/3.3/maven-plugin-annotations-3.3.jar
7f9bb6204000-7f9bb6209000 r--s 00020000 ca:01 429602                     /home/ec2-user/.m2/repository/org/apache/maven/surefire/surefire-api/2.18.1/surefire-api-2.18.1.jar
7f9bb6209000-7f9bb620f000 r--s 00048000 ca:01 397655                     /home/ec2-user/.m2/repository/org/apache/commons/commons-lang3/3.1/commons-lang3-3.1.jar
7f9bb620f000-7f9bb6210000 r--s 00002000 ca:01 398226                     /home/ec2-user/.m2/repository/org/apache/maven/reporting/maven-reporting-api/3.0/maven-reporting-api-3.0.jar
7f9bb6210000-7f9bb6212000 r--s 00008000 ca:01 429595                     /home/ec2-user/.m2/repository/org/apache/maven/surefire/surefire-booter/2.18.1/surefire-booter-2.18.1.jar
7f9bb6212000-7f9bb6218000 r--s 0003e000 ca:01 429581                     /home/ec2-user/.m2/repository/org/apache/maven/surefire/maven-surefire-common/2.18.1/maven-surefire-common-2.18.1.jar
7f9bb6218000-7f9bb621a000 r--s 00008000 ca:01 424567                     /home/ec2-user/.m2/repository/org/apache/maven/plugins/maven-surefire-plugin/2.18.1/maven-surefire-plugin-2.18.1.jar
7f9bb621a000-7f9bb641a000 rw-p 00000000 00:00 0 
7f9bb641a000-7f9bb661a000 rw-p 00000000 00:00 0 
7f9bb661a000-7f9bb6694000 r--s 012bd000 ca:01 271835                     /usr/lib/jvm/java-1.8.0-openjdk-1.8.0.151-1.b12.35.amzn1.x86_64/lib/tools.jar
7f9bb6694000-7f9bb6697000 r--s 0001b000 ca:01 396313                     /home/ec2-user/.m2/repository/junit/junit/3.8.2/junit-3.8.2.jar
7f9bb6697000-7f9bb66a5000 r--s 0008f000 ca:01 399497                     /home/ec2-user/.m2/repository/com/google/collections/google-collections/1.0/google-collections-1.0.jar
7f9bb66a5000-7f9bb66a6000 r--s 0000a000 ca:01 399189                     /home/ec2-user/.m2/repository/commons-logging/commons-logging-api/1.1/commons-logging-api-1.1.jar
7f9bb66a6000-7f9bb66ad000 r--s 00051000 ca:01 399451                     /home/ec2-user/.m2/repository/log4j/log4j/1.2.12/log4j-1.2.12.jar
7f9bb66ad000-7f9bb66b1000 r--s 0001d000 ca:01 397670                     /home/ec2-user/.m2/repository/org/apache/xbean/xbean-reflect/3.4/xbean-reflect-3.4.jar
7f9bb66b1000-7f9bb66b2000 r--s 00004000 ca:01 396634                     /home/ec2-user/.m2/repository/org/codehaus/plexus/plexus-compiler-javac/2.5/plexus-compiler-javac-2.5.jar
7f9bb66b2000-7f9bb66b4000 r--s 00000000 ca:01 396608                     /home/ec2-user/.m2/repository/org/codehaus/plexus/plexus-compiler-manager/2.5/plexus-compiler-manager-2.5.jar
7f9bb66b4000-7f9bb66b6000 r--s 00005000 ca:01 396560                     /home/ec2-user/.m2/repository/org/codehaus/plexus/plexus-compiler-api/2.5/plexus-compiler-api-2.5.jar
7f9bb66b6000-7f9bb66b8000 r--s 00000000 ca:01 396832                     /home/ec2-user/.m2/repository/org/codehaus/plexus/plexus-component-annotations/1.5.5/plexus-component-annotations-1.5.5.jar
7f9bb66b8000-7f9bb66ba000 r--s 00002000 ca:01 398943                     /home/ec2-user/.m2/repository/org/apache/maven/shared/maven-shared-incremental/1.1/maven-shared-incremental-1.1.jar
7f9bb66ba000-7f9bb66bc000 r--s 00006000 ca:01 399514                     /home/ec2-user/.m2/repository/com/google/code/findbugs/jsr305/2.0.1/jsr305-2.0.1.jar
7f9bb66bc000-7f9bb66c0000 r--s 00026000 ca:01 398931                     /home/ec2-user/.m2/repository/org/apache/maven/shared/maven-shared-utils/0.7/maven-shared-utils-0.7.jar
7f9bb66c0000-7f9bb66c2000 r--s 00002000 ca:01 397344                     /home/ec2-user/.m2/repository/org/sonatype/plexus/plexus-cipher/1.4/plexus-cipher-1.4.jar
7f9bb66c2000-7f9bb66c3000 r--s 00006000 ca:01 397331                     /home/ec2-user/.m2/repository/org/sonatype/plexus/plexus-sec-dispatcher/1.3/plexus-sec-dispatcher-1.3.jar
7f9bb66c3000-7f9bb66cb000 r--s 00049000 ca:01 399693                     /home/ec2-user/.m2/repository/backport-util-concurrent/backport-util-concurrent/3.1/backport-util-concurrent-3.1.jar
7f9bb66cb000-7f9bb66cd000 r--s 00003000 ca:01 397193                     /home/ec2-user/.m2/repository/org/slf4j/jcl-over-slf4j/1.5.6/jcl-over-slf4j-1.5.6.jar
7f9bb66cd000-7f9bb66cf000 r--s 00001000 ca:01 397164                     /home/ec2-user/.m2/repository/org/slf4j/slf4j-jdk14/1.5.6/slf4j-jdk14-1.5.6.jar
7f9bb66cf000-7f9bb66d1000 r--s 0000b000 ca:01 396993                     /home/ec2-user/.m2/repository/org/codehaus/plexus/plexus-interpolation/1.11/plexus-interpolation-1.11.jar
7f9bb66d1000-7f9bb66d5000 r--s 00034000 ca:01 397003                     /home/ec2-user/.m2/repository/org/codehaus/plexus/plexus-utils/1.5.15/plexus-utils-1.5.15.jar
7f9bb66d5000-7f9bb66d7000 r--s 0000a000 ca:01 398070                     /home/ec2-user/.m2/repository/org/apache/maven/plugins/maven-compiler-plugin/3.3/maven-compiler-plugin-3.3.jar
7f9bb66d7000-7f9bb66d9000 r--s 0000d000 ca:01 397000                     /home/ec2-user/.m2/repository/org/codehaus/plexus/plexus-interpolation/1.13/plexus-interpolation-1.13.jar
7f9bb66d9000-7f9bb66da000 r--s 00001000 ca:01 397340                     /home/ec2-user/.m2/repository/org/sonatype/plexus/plexus-build-api/0.0.4/plexus-build-api-0.0.4.jar
7f9bb66da000-7f9bb66dc000 r--s 00009000 ca:01 398859                     /home/ec2-user/.m2/repository/org/apache/maven/shared/maven-filtering/1.1/maven-filtering-1.1.jar
7f9bb66dc000-7f9bb66e0000 r--s 00033000 ca:01 397053                     /home/ec2-user/.m2/repository/org/codehaus/plexus/plexus-utils/2.0.5/plexus-utils-2.0.5.jar
7f9bb66e0000-7f9bb66e3000 r--s 0001b000 ca:01 396333                     /home/ec2-user/.m2/repository/junit/junit/3.8.1/junit-3.8.1.jar
7f9bb66e3000-7f9bb66e5000 r--s 00002000 ca:01 396670                     /home/ec2-user/.m2/repository/org/codehaus/plexus/plexus-interactivity-api/1.0-alpha-4/plexus-interactivity-api-1.0-alpha-4.jar
7f9bb66e5000-7f9bb66e7000 r--s 00006000 ca:01 399685                     /home/ec2-user/.m2/repository/commons-cli/commons-cli/1.0/commons-cli-1.0.jar
7f9bb66e7000-7f9bb66e8000 r--s 00001000 ca:01 398486                     /home/ec2-user/.m2/repository/org/apache/maven/doxia/doxia-sink-api/1.0-alpha-7/doxia-sink-api-1.0-alpha-7.jar
7f9bb66e8000-7f9bb66e9000 r--s 00002000 ca:01 398233                     /home/ec2-user/.m2/repository/org/apache/maven/reporting/maven-reporting-api/2.0.6/maven-reporting-api-2.0.6.jar
7f9bb66e9000-7f9bb66eb000 r--s 00006000 ca:01 398058                     /home/ec2-user/.m2/repository/org/apache/maven/plugins/maven-resources-plugin/2.6/maven-resources-plugin-2.6.jar
7f9bb66eb000-7f9bb68eb000 rw-p 00000000 00:00 0 
7f9bb68eb000-7f9bb68fd000 r-xp 00000000 ca:01 271677                     /usr/lib/jvm/java-1.8.0-openjdk-1.8.0.151-1.b12.35.amzn1.x86_64/jre/lib/amd64/libnio.so
7f9bb68fd000-7f9bb6afc000 ---p 00012000 ca:01 271677                     /usr/lib/jvm/java-1.8.0-openjdk-1.8.0.151-1.b12.35.amzn1.x86_64/jre/lib/amd64/libnio.so
7f9bb6afc000-7f9bb6afd000 rw-p 00011000 ca:01 271677                     /usr/lib/jvm/java-1.8.0-openjdk-1.8.0.151-1.b12.35.amzn1.x86_64/jre/lib/amd64/libnio.so
7f9bb6afd000-7f9bb6b14000 r-xp 00000000 ca:01 271676                     /usr/lib/jvm/java-1.8.0-openjdk-1.8.0.151-1.b12.35.amzn1.x86_64/jre/lib/amd64/libnet.so
7f9bb6b14000-7f9bb6d14000 ---p 00017000 ca:01 271676                     /usr/lib/jvm/java-1.8.0-openjdk-1.8.0.151-1.b12.35.amzn1.x86_64/jre/lib/amd64/libnet.so
7f9bb6d14000-7f9bb6d15000 rw-p 00017000 ca:01 271676                     /usr/lib/jvm/java-1.8.0-openjdk-1.8.0.151-1.b12.35.amzn1.x86_64/jre/lib/amd64/libnet.so
7f9bb6d15000-7f9bb6f15000 rw-p 00000000 00:00 0 
7f9bb6f15000-7f9bb6f1a000 r--s 000b3000 ca:01 271726                     /usr/lib/jvm/java-1.8.0-openjdk-1.8.0.151-1.b12.35.amzn1.x86_64/jre/lib/jsse.jar
7f9bb6f1a000-7f9bb711a000 rw-p 00000000 00:00 0 
7f9bb711a000-7f9bb731a000 rw-p 00000000 00:00 0 
7f9bb731a000-7f9bb731e000 r--s 0003c000 ca:01 15215                      /home/ec2-user/apache-maven-3.5.2/lib/plexus-utils-3.1.0.jar
7f9bb731e000-7f9bb7321000 r--s 00011000 ca:01 15219                      /home/ec2-user/apache-maven-3.5.2/lib/plexus-interpolation-1.24.jar
7f9bb7321000-7f9bb7323000 r-xp 00000000 ca:01 2725                       /lib64/libutil-2.17.so
7f9bb7323000-7f9bb7522000 ---p 00002000 ca:01 2725                       /lib64/libutil-2.17.so
7f9bb7522000-7f9bb7523000 r--p 00001000 ca:01 2725                       /lib64/libutil-2.17.so
7f9bb7523000-7f9bb7524000 rw-p 00002000 ca:01 2725                       /lib64/libutil-2.17.so
7f9bb7524000-7f9bb7525000 r--s 00006000 ca:01 15225                      /home/ec2-user/apache-maven-3.5.2/lib/maven-repository-metadata-3.5.2.jar
7f9bb7525000-7f9bb7529000 r--s 00023000 ca:01 15238                      /home/ec2-user/apache-maven-3.5.2/lib/maven-resolver-util-1.1.0.jar
7f9bb7529000-7f9bb752c000 r-xp 00000000 ca:01 15192                      /home/ec2-user/apache-maven-3.5.2/lib/jansi-native/linux64/libjansi.so
7f9bb752c000-7f9bb772b000 ---p 00003000 ca:01 15192                      /home/ec2-user/apache-maven-3.5.2/lib/jansi-native/linux64/libjansi.so
7f9bb772b000-7f9bb772c000 rw-p 00002000 ca:01 15192                      /home/ec2-user/apache-maven-3.5.2/lib/jansi-native/linux64/libjansi.so
7f9bb772c000-7f9bb772d000 r--s 00003000 ca:01 15217                      /home/ec2-user/apache-maven-3.5.2/lib/maven-builder-support-3.5.2.jar
7f9bb772d000-7f9bb7730000 r--s 00008000 ca:01 15229                      /home/ec2-user/apache-maven-3.5.2/lib/cdi-api-1.0.jar
7f9bb7730000-7f9bb7732000 r--s 0000f000 ca:01 15235                      /home/ec2-user/apache-maven-3.5.2/lib/maven-resolver-provider-3.5.2.jar
7f9bb7732000-7f9bb7733000 r--s 00006000 ca:01 15221                      /home/ec2-user/apache-maven-3.5.2/lib/plexus-sec-dispatcher-1.4.jar
7f9bb7733000-7f9bb7737000 r--s 0002f000 ca:01 15241                      /home/ec2-user/apache-maven-3.5.2/lib/commons-io-2.5.jar
7f9bb7737000-7f9bb7738000 r--s 00001000 ca:01 15230                      /home/ec2-user/apache-maven-3.5.2/lib/jsr250-api-1.0.jar
7f9bb7738000-7f9bb773c000 r--s 00020000 ca:01 15236                      /home/ec2-user/apache-maven-3.5.2/lib/maven-resolver-api-1.1.0.jar
7f9bb773c000-7f9bb7743000 r--s 00056000 ca:01 15232                      /home/ec2-user/apache-maven-3.5.2/lib/org.eclipse.sisu.inject-0.3.3.jar
7f9bb7743000-7f9bb7745000 r--s 00002000 ca:01 15222                      /home/ec2-user/apache-maven-3.5.2/lib/plexus-cipher-1.7.jar
7f9bb7745000-7f9bb7748000 r--s 0003c000 ca:01 15254                      /home/ec2-user/apache-maven-3.5.2/lib/jansi-1.16.jar
7f9bb7748000-7f9bb774c000 r--s 0002a000 ca:01 15239                      /home/ec2-user/apache-maven-3.5.2/lib/maven-resolver-impl-1.1.0.jar
7f9bb774c000-7f9bb774e000 r--s 0000c000 ca:01 15245                      /home/ec2-user/apache-maven-3.5.2/lib/commons-cli-1.4.jar
7f9bb774e000-7f9bb7750000 r--s 0000a000 ca:01 15227                      /home/ec2-user/apache-maven-3.5.2/lib/maven-plugin-api-3.5.2.jar
7f9bb7750000-7f9bb7753000 r--s 00026000 ca:01 15224                      /home/ec2-user/apache-maven-3.5.2/lib/maven-model-3.5.2.jar
7f9bb7753000-7f9bb7756000 r--s 00025000 ca:01 15240                      /home/ec2-user/apache-maven-3.5.2/lib/maven-shared-utils-3.1.0.jar
7f9bb7756000-7f9bb7758000 r--s 00009000 ca:01 15251                      /home/ec2-user/apache-maven-3.5.2/lib/maven-resolver-connector-basic-1.1.0.jar
7f9bb7758000-7f9bb7765000 r--s 0008d000 ca:01 15223                      /home/ec2-user/apache-maven-3.5.2/lib/maven-core-3.5.2.jar
7f9bb7765000-7f9bb7768000 r--s 00015000 ca:01 15213                      /home/ec2-user/apache-maven-3.5.2/lib/maven-embedder-3.5.2.jar
7f9bb7768000-7f9bb776a000 r--s 00009000 ca:01 15216                      /home/ec2-user/apache-maven-3.5.2/lib/maven-settings-builder-3.5.2.jar
7f9bb776a000-7f9bb7770000 r--s 0002d000 ca:01 15228                      /home/ec2-user/apache-maven-3.5.2/lib/org.eclipse.sisu.plexus-0.3.3.jar
7f9bb7770000-7f9bb779c000 r--s 001e6000 ca:01 15248                      /home/ec2-user/apache-maven-3.5.2/lib/wagon-http-2.12-shaded.jar
7f9bb779c000-7f9bb779d000 ---p 00000000 00:00 0 
7f9bb779d000-7f9bb789d000 rw-p 00000000 00:00 0 
7f9bb789d000-7f9bb78a0000 ---p 00000000 00:00 0 
7f9bb78a0000-7f9bb799e000 rw-p 00000000 00:00 0 
7f9bb799e000-7f9bb79a1000 ---p 00000000 00:00 0 
7f9bb79a1000-7f9bb7a9f000 rw-p 00000000 00:00 0 
7f9bb7a9f000-7f9bb7aa2000 ---p 00000000 00:00 0 
7f9bb7aa2000-7f9bb7ba0000 rw-p 00000000 00:00 0 
7f9bb7ba0000-7f9bb7ba3000 ---p 00000000 00:00 0 
7f9bb7ba3000-7f9bb7ca1000 rw-p 00000000 00:00 0 
7f9bb7ca1000-7f9bb7ca4000 ---p 00000000 00:00 0 
7f9bb7ca4000-7f9bb7da2000 rw-p 00000000 00:00 0 
7f9bb7da2000-7f9bb7da5000 ---p 00000000 00:00 0 
7f9bb7da5000-7f9bb7ea3000 rw-p 00000000 00:00 0 
7f9bb7ea3000-7f9bb7ea4000 ---p 00000000 00:00 0 
7f9bb7ea4000-7f9bb7ff2000 rw-p 00000000 00:00 0 
7f9bb7ff2000-7f9bb81c1000 r--s 043ff000 ca:01 271740                     /usr/lib/jvm/java-1.8.0-openjdk-1.8.0.151-1.b12.35.amzn1.x86_64/jre/lib/rt.jar
7f9bb81c1000-7f9bb8a37000 rw-p 00000000 00:00 0 
7f9bb8a37000-7f9bb8a68000 rw-p 00000000 00:00 0 
7f9bb8a68000-7f9bb8df7000 ---p 00000000 00:00 0 
7f9bb8df7000-7f9bb9a37000 rwxp 00000000 00:00 0 
7f9bb9a37000-7f9bc7df7000 ---p 00000000 00:00 0 
7f9bc7df7000-7f9bc7dff000 r-xp 00000000 ca:01 271684                     /usr/lib/jvm/java-1.8.0-openjdk-1.8.0.151-1.b12.35.amzn1.x86_64/jre/lib/amd64/libzip.so
7f9bc7dff000-7f9bc7fff000 ---p 00008000 ca:01 271684                     /usr/lib/jvm/java-1.8.0-openjdk-1.8.0.151-1.b12.35.amzn1.x86_64/jre/lib/amd64/libzip.so
7f9bc7fff000-7f9bc8000000 rw-p 00008000 ca:01 271684                     /usr/lib/jvm/java-1.8.0-openjdk-1.8.0.151-1.b12.35.amzn1.x86_64/jre/lib/amd64/libzip.so
7f9bc8000000-7f9bc905c000 rw-p 00000000 00:00 0 
7f9bc905c000-7f9bcc000000 ---p 00000000 00:00 0 
7f9bcc000000-7f9bcc004000 r--s 00028000 ca:01 15233                      /home/ec2-user/apache-maven-3.5.2/lib/maven-model-builder-3.5.2.jar
7f9bcc004000-7f9bcc005000 r--s 00005000 ca:01 15253                      /home/ec2-user/apache-maven-3.5.2/lib/maven-slf4j-provider-3.5.2.jar
7f9bcc005000-7f9bcc006000 r--s 00002000 ca:01 15250                      /home/ec2-user/apache-maven-3.5.2/lib/wagon-file-2.12.jar
7f9bcc006000-7f9bcc008000 r--s 0000c000 ca:01 15247                      /home/ec2-user/apache-maven-3.5.2/lib/wagon-provider-api-2.12.jar
7f9bcc008000-7f9bcc00a000 r--s 00007000 ca:01 15237                      /home/ec2-user/apache-maven-3.5.2/lib/maven-resolver-spi-1.1.0.jar
7f9bcc00a000-7f9bcc012000 r--s 0006e000 ca:01 15218                      /home/ec2-user/apache-maven-3.5.2/lib/commons-lang3-3.5.jar
7f9bcc012000-7f9bcc041000 r--s 00226000 ca:01 15234                      /home/ec2-user/apache-maven-3.5.2/lib/guava-20.0.jar
7f9bcc041000-7f9bcc0c4000 rw-p 00000000 00:00 0 
7f9bcc0c4000-7f9bcc0d0000 r-xp 00000000 ca:01 2709                       /lib64/libnss_files-2.17.so
7f9bcc0d0000-7f9bcc2cf000 ---p 0000c000 ca:01 2709                       /lib64/libnss_files-2.17.so
7f9bcc2cf000-7f9bcc2d0000 r--p 0000b000 ca:01 2709                       /lib64/libnss_files-2.17.so
7f9bcc2d0000-7f9bcc2d1000 rw-p 0000c000 ca:01 2709                       /lib64/libnss_files-2.17.so
7f9bcc2d1000-7f9bcc2d7000 rw-p 00000000 00:00 0 
7f9bcc2d7000-7f9bcc304000 r-xp 00000000 ca:01 271666                     /usr/lib/jvm/java-1.8.0-openjdk-1.8.0.151-1.b12.35.amzn1.x86_64/jre/lib/amd64/libjava.so
7f9bcc304000-7f9bcc504000 ---p 0002d000 ca:01 271666                     /usr/lib/jvm/java-1.8.0-openjdk-1.8.0.151-1.b12.35.amzn1.x86_64/jre/lib/amd64/libjava.so
7f9bcc504000-7f9bcc506000 rw-p 0002d000 ca:01 271666                     /usr/lib/jvm/java-1.8.0-openjdk-1.8.0.151-1.b12.35.amzn1.x86_64/jre/lib/amd64/libjava.so
7f9bcc506000-7f9bcc513000 r-xp 00000000 ca:01 271683                     /usr/lib/jvm/java-1.8.0-openjdk-1.8.0.151-1.b12.35.amzn1.x86_64/jre/lib/amd64/libverify.so
7f9bcc513000-7f9bcc712000 ---p 0000d000 ca:01 271683                     /usr/lib/jvm/java-1.8.0-openjdk-1.8.0.151-1.b12.35.amzn1.x86_64/jre/lib/amd64/libverify.so
7f9bcc712000-7f9bcc714000 rw-p 0000c000 ca:01 271683                     /usr/lib/jvm/java-1.8.0-openjdk-1.8.0.151-1.b12.35.amzn1.x86_64/jre/lib/amd64/libverify.so
7f9bcc714000-7f9bcc71b000 r-xp 00000000 ca:01 2721                       /lib64/librt-2.17.so
7f9bcc71b000-7f9bcc91a000 ---p 00007000 ca:01 2721                       /lib64/librt-2.17.so
7f9bcc91a000-7f9bcc91b000 r--p 00006000 ca:01 2721                       /lib64/librt-2.17.so
7f9bcc91b000-7f9bcc91c000 rw-p 00007000 ca:01 2721                       /lib64/librt-2.17.so
7f9bcc91c000-7f9bcc932000 r-xp 00000000 ca:01 2617                       /lib64/libgcc_s-6.4.1-20170727.so.1
7f9bcc932000-7f9bccb31000 ---p 00016000 ca:01 2617                       /lib64/libgcc_s-6.4.1-20170727.so.1
7f9bccb31000-7f9bccb32000 rw-p 00015000 ca:01 2617                       /lib64/libgcc_s-6.4.1-20170727.so.1
7f9bccb32000-7f9bccc33000 r-xp 00000000 ca:01 2699                       /lib64/libm-2.17.so
7f9bccc33000-7f9bcce32000 ---p 00101000 ca:01 2699                       /lib64/libm-2.17.so
7f9bcce32000-7f9bcce33000 r--p 00100000 ca:01 2699                       /lib64/libm-2.17.so
7f9bcce33000-7f9bcce34000 rw-p 00101000 ca:01 2699                       /lib64/libm-2.17.so
7f9bcce34000-7f9bccfa7000 r-xp 00000000 ca:01 2936                       /usr/lib64/libstdc++.so.6.0.22
7f9bccfa7000-7f9bcd1a7000 ---p 00173000 ca:01 2936                       /usr/lib64/libstdc++.so.6.0.22
7f9bcd1a7000-7f9bcd1b1000 r--p 00173000 ca:01 2936                       /usr/lib64/libstdc++.so.6.0.22
7f9bcd1b1000-7f9bcd1b3000 rw-p 0017d000 ca:01 2936                       /usr/lib64/libstdc++.so.6.0.22
7f9bcd1b3000-7f9bcd1b7000 rw-p 00000000 00:00 0 
7f9bcd1b7000-7f9bcde77000 r-xp 00000000 ca:01 271688                     /usr/lib/jvm/java-1.8.0-openjdk-1.8.0.151-1.b12.35.amzn1.x86_64/jre/lib/amd64/server/libjvm.so
7f9bcde77000-7f9bce077000 ---p 00cc0000 ca:01 271688                     /usr/lib/jvm/java-1.8.0-openjdk-1.8.0.151-1.b12.35.amzn1.x86_64/jre/lib/amd64/server/libjvm.so
7f9bce077000-7f9bce14b000 rw-p 00cc0000 ca:01 271688                     /usr/lib/jvm/java-1.8.0-openjdk-1.8.0.151-1.b12.35.amzn1.x86_64/jre/lib/amd64/server/libjvm.so
7f9bce14b000-7f9bce17d000 rw-p 00000000 00:00 0 
7f9bce17d000-7f9bce337000 r-xp 00000000 ca:01 2691                       /lib64/libc-2.17.so
7f9bce337000-7f9bce536000 ---p 001ba000 ca:01 2691                       /lib64/libc-2.17.so
7f9bce536000-7f9bce53a000 r--p 001b9000 ca:01 2691                       /lib64/libc-2.17.so
7f9bce53a000-7f9bce53c000 rw-p 001bd000 ca:01 2691                       /lib64/libc-2.17.so
7f9bce53c000-7f9bce541000 rw-p 00000000 00:00 0 
7f9bce541000-7f9bce543000 r-xp 00000000 ca:01 2697                       /lib64/libdl-2.17.so
7f9bce543000-7f9bce743000 ---p 00002000 ca:01 2697                       /lib64/libdl-2.17.so
7f9bce743000-7f9bce744000 r--p 00002000 ca:01 2697                       /lib64/libdl-2.17.so
7f9bce744000-7f9bce745000 rw-p 00003000 ca:01 2697                       /lib64/libdl-2.17.so
7f9bce745000-7f9bce753000 r-xp 00000000 ca:01 271653                     /usr/lib/jvm/java-1.8.0-openjdk-1.8.0.151-1.b12.35.amzn1.x86_64/jre/lib/amd64/jli/libjli.so
7f9bce753000-7f9bce952000 ---p 0000e000 ca:01 271653                     /usr/lib/jvm/java-1.8.0-openjdk-1.8.0.151-1.b12.35.amzn1.x86_64/jre/lib/amd64/jli/libjli.so
7f9bce952000-7f9bce953000 rw-p 0000d000 ca:01 271653                     /usr/lib/jvm/java-1.8.0-openjdk-1.8.0.151-1.b12.35.amzn1.x86_64/jre/lib/amd64/jli/libjli.so
7f9bce953000-7f9bce968000 r-xp 00000000 ca:01 2837                       /lib64/libz.so.1.2.8
7f9bce968000-7f9bceb67000 ---p 00015000 ca:01 2837                       /lib64/libz.so.1.2.8
7f9bceb67000-7f9bceb68000 r--p 00014000 ca:01 2837                       /lib64/libz.so.1.2.8
7f9bceb68000-7f9bceb69000 rw-p 00015000 ca:01 2837                       /lib64/libz.so.1.2.8
7f9bceb69000-7f9bceb80000 r-xp 00000000 ca:01 2717                       /lib64/libpthread-2.17.so
7f9bceb80000-7f9bced7f000 ---p 00017000 ca:01 2717                       /lib64/libpthread-2.17.so
7f9bced7f000-7f9bced80000 r--p 00016000 ca:01 2717                       /lib64/libpthread-2.17.so
7f9bced80000-7f9bced81000 rw-p 00017000 ca:01 2717                       /lib64/libpthread-2.17.so
7f9bced81000-7f9bced85000 rw-p 00000000 00:00 0 
7f9bced85000-7f9bceda6000 r-xp 00000000 ca:01 2684                       /lib64/ld-2.17.so
7f9bceda6000-7f9bceda8000 r--s 00006000 ca:01 15252                      /home/ec2-user/apache-maven-3.5.2/lib/maven-resolver-transport-wagon-1.1.0.jar
7f9bceda8000-7f9bceda9000 r--s 00000000 ca:01 15231                      /home/ec2-user/apache-maven-3.5.2/lib/javax.inject-1.jar
7f9bceda9000-7f9bcedab000 r--s 00000000 ca:01 15220                      /home/ec2-user/apache-maven-3.5.2/lib/plexus-component-annotations-1.7.1.jar
7f9bcedab000-7f9bcedad000 r--s 00000000 ca:01 15243                      /home/ec2-user/apache-maven-3.5.2/lib/aopalliance-1.0.jar
7f9bcedad000-7f9bcedaf000 r--s 0000c000 ca:01 15226                      /home/ec2-user/apache-maven-3.5.2/lib/maven-artifact-3.5.2.jar
7f9bcedaf000-7f9bcedb5000 r--s 00041000 ca:01 15246                      /home/ec2-user/apache-maven-3.5.2/lib/maven-compat-3.5.2.jar
7f9bcedb5000-7f9bcedb7000 r--s 00009000 ca:01 15244                      /home/ec2-user/apache-maven-3.5.2/lib/slf4j-api-1.7.25.jar
7f9bcedb7000-7f9bcedc0000 r--s 0005f000 ca:01 15242                      /home/ec2-user/apache-maven-3.5.2/lib/guice-4.0-no_aop.jar
7f9bcedc0000-7f9bcedc2000 r--s 00003000 ca:01 15249                      /home/ec2-user/apache-maven-3.5.2/lib/jcl-over-slf4j-1.7.25.jar
7f9bcedc2000-7f9bcede9000 rw-p 00000000 00:00 0 
7f9bcede9000-7f9bcee15000 ---p 00000000 00:00 0 
7f9bcee15000-7f9bcee24000 rw-p 00000000 00:00 0 
7f9bcee24000-7f9bcee3e000 ---p 00000000 00:00 0 
7f9bcee3e000-7f9bcee66000 rw-p 00000000 00:00 0 
7f9bcee66000-7f9bcee91000 ---p 00000000 00:00 0 
7f9bcee91000-7f9bcee92000 rw-p 00000000 00:00 0 
7f9bcee92000-7f9bcee9a000 rw-s 00000000 ca:01 326261                     /tmp/hsperfdata_ec2-user/2293
7f9bcee9a000-7f9bcee9d000 ---p 00000000 00:00 0 
7f9bcee9d000-7f9bcefa0000 rw-p 00000000 00:00 0 
7f9bcefa0000-7f9bcefa1000 r--s 0000a000 ca:01 15214                      /home/ec2-user/apache-maven-3.5.2/lib/maven-settings-3.5.2.jar
7f9bcefa1000-7f9bcefa3000 r--s 0000b000 ca:01 15212                      /home/ec2-user/apache-maven-3.5.2/boot/plexus-classworlds-2.5.2.jar
7f9bcefa3000-7f9bcefa4000 rw-p 00000000 00:00 0 
7f9bcefa4000-7f9bcefa5000 ---p 00000000 00:00 0 
7f9bcefa5000-7f9bcefa6000 rw-p 00000000 00:00 0 
7f9bcefa6000-7f9bcefa7000 r--p 00021000 ca:01 2684                       /lib64/ld-2.17.so
7f9bcefa7000-7f9bcefa8000 rw-p 00022000 ca:01 2684                       /lib64/ld-2.17.so
7f9bcefa8000-7f9bcefa9000 rw-p 00000000 00:00 0 
7fff76546000-7fff76568000 rw-p 00000000 00:00 0                          [stack]
7fff76579000-7fff7657b000 r--p 00000000 00:00 0                          [vvar]
7fff7657b000-7fff7657d000 r-xp 00000000 00:00 0                          [vdso]
ffffffffff600000-ffffffffff601000 r-xp 00000000 00:00 0                  [vsyscall]

VM Arguments:
jvm_args: -Dclassworlds.conf=/home/ec2-user/apache-maven-3.5.2/bin/m2.conf -Dmaven.home=/home/ec2-user/apache-maven-3.5.2 -Dlibrary.jansi.path=/home/ec2-user/apache-maven-3.5.2/lib/jansi-native -Dmaven.multiModuleProjectDirectory=/home/ec2-user/.jenkins/workspace/HoneyBadgersProject2 
java_command: org.codehaus.plexus.classworlds.launcher.Launcher install
java_class_path (initial): /home/ec2-user/apache-maven-3.5.2/boot/plexus-classworlds-2.5.2.jar
Launcher Type: SUN_STANDARD

Environment Variables:
PATH=/home/ec2-user/apache-maven-3.5.2/bin:/usr/local/bin:/bin:/usr/bin:/usr/local/sbin:/usr/sbin:/sbin:/home/ec2-user/.local/bin:/home/ec2-user/bin
SHELL=/bin/bash

Signal Handlers:
SIGSEGV: [libjvm.so+0xab0570], sa_mask[0]=11111111011111111101111111111110, sa_flags=SA_RESTART|SA_SIGINFO
SIGBUS: [libjvm.so+0xab0570], sa_mask[0]=11111111011111111101111111111110, sa_flags=SA_RESTART|SA_SIGINFO
SIGFPE: [libjvm.so+0x8a8ae0], sa_mask[0]=11111111011111111101111111111110, sa_flags=SA_RESTART|SA_SIGINFO
SIGPIPE: [libjvm.so+0x8a8ae0], sa_mask[0]=11111111011111111101111111111110, sa_flags=SA_RESTART|SA_SIGINFO
SIGXFSZ: [libjvm.so+0x8a8ae0], sa_mask[0]=11111111011111111101111111111110, sa_flags=SA_RESTART|SA_SIGINFO
SIGILL: [libjvm.so+0x8a8ae0], sa_mask[0]=11111111011111111101111111111110, sa_flags=SA_RESTART|SA_SIGINFO
SIGUSR1: SIG_DFL, sa_mask[0]=00000000000000000000000000000000, sa_flags=none
SIGUSR2: [libjvm.so+0x8a8990], sa_mask[0]=00100000000000000000000000000000, sa_flags=SA_RESTART|SA_SIGINFO
SIGHUP: SIG_IGN, sa_mask[0]=00000000000000000000000000000000, sa_flags=none
SIGINT: [libjvm.so+0x8a8ba0], sa_mask[0]=11111111011111111101111111111110, sa_flags=SA_RESTART|SA_SIGINFO
SIGTERM: [libjvm.so+0x8a8ba0], sa_mask[0]=11111111011111111101111111111110, sa_flags=SA_RESTART|SA_SIGINFO
SIGQUIT: [libjvm.so+0x8a8ba0], sa_mask[0]=11111111011111111101111111111110, sa_flags=SA_RESTART|SA_SIGINFO


---------------  S Y S T E M  ---------------

OS:Amazon Linux AMI release 2017.09

uname:Linux 4.9.70-25.242.amzn1.x86_64 #1 SMP Wed Jan 3 05:36:22 UTC 2018 x86_64
libc:glibc 2.17 NPTL 2.17 
rlimit: STACK 8192k, CORE 0k, NPROC 3876, NOFILE 4096, AS infinity
load average:0.47 0.40 0.23

/proc/meminfo:
MemTotal:        1012240 kB
MemFree:           66952 kB
MemAvailable:      11836 kB
Buffers:            1112 kB
Cached:            18824 kB
SwapCached:            0 kB
Active:           890228 kB
Inactive:          10160 kB
Active(anon):     880496 kB
Inactive(anon):       48 kB
Active(file):       9732 kB
Inactive(file):    10112 kB
Unevictable:           0 kB
Mlocked:               0 kB
SwapTotal:             0 kB
SwapFree:              0 kB
Dirty:              3312 kB
Writeback:             0 kB
AnonPages:        880484 kB
Mapped:            11224 kB
Shmem:                60 kB
Slab:              24556 kB
SReclaimable:      12684 kB
SUnreclaim:        11872 kB
KernelStack:        4224 kB
PageTables:         5880 kB
NFS_Unstable:          0 kB
Bounce:                0 kB
WritebackTmp:          0 kB
CommitLimit:      506120 kB
Committed_AS:     975784 kB
VmallocTotal:   34359738367 kB
VmallocUsed:           0 kB
VmallocChunk:          0 kB
AnonHugePages:         0 kB
ShmemHugePages:        0 kB
ShmemPmdMapped:        0 kB
HugePages_Total:       0
HugePages_Free:        0
HugePages_Rsvd:        0
HugePages_Surp:        0
Hugepagesize:       2048 kB
DirectMap4k:       12288 kB
DirectMap2M:     1036288 kB


CPU:total 1 (initial active 1) (1 cores per cpu, 1 threads per core) family 6 model 63 stepping 2, cmov, cx8, fxsr, mmx, sse, sse2, sse3, ssse3, sse4.1, sse4.2, popcnt, avx, avx2, aes, clmul, erms, lzcnt, tsc, bmi1, bmi2

/proc/cpuinfo:
processor	: 0
vendor_id	: GenuineIntel
cpu family	: 6
model		: 63
model name	: Intel(R) Xeon(R) CPU E5-2676 v3 @ 2.40GHz
stepping	: 2
microcode	: 0x3b
cpu MHz		: 2394.625
cache size	: 30720 KB
physical id	: 0
siblings	: 1
core id		: 0
cpu cores	: 1
apicid		: 0
initial apicid	: 0
fpu		: yes
fpu_exception	: yes
cpuid level	: 13
wp		: yes
flags		: fpu vme de pse tsc msr pae mce cx8 apic sep mtrr pge mca cmov pat pse36 clflush mmx fxsr sse sse2 ht syscall nx rdtscp lm constant_tsc rep_good nopl xtopology eagerfpu pni pclmulqdq ssse3 fma cx16 pcid sse4_1 sse4_2 x2apic movbe popcnt tsc_deadline_timer aes xsave avx f16c rdrand hypervisor lahf_lm abm invpcid_single fsgsbase bmi1 avx2 smep bmi2 erms invpcid xsaveopt
bugs		:
bogomips	: 4789.03
clflush size	: 64
cache_alignment	: 64
address sizes	: 46 bits physical, 48 bits virtual
power management:



Memory: 4k page, physical 1012240k(66952k free), swap 0k(0k free)

vm_info: OpenJDK 64-Bit Server VM (25.151-b12) for linux-amd64 JRE (1.8.0_151-b12), built on Oct 25 2017 20:37:17 by "mockbuild" with gcc 4.8.5 20150623 (Red Hat 4.8.5-11)

time: Wed Jan 17 16:11:35 2018
elapsed time: 9 seconds (0d 0h 0m 9s)

