#
# There is insufficient memory for the Java Runtime Environment to continue.
# Native memory allocation (mmap) failed to map 47091712 bytes for committing reserved memory.
# Possible reasons:
#   The system is out of physical RAM or swap space
#   In 32 bit mode, the process size limit was hit
# Possible solutions:
#   Reduce memory load on the system
#   Increase physical memory or swap space
#   Check if swap backing store is full
#   Use 64 bit Java on a 64 bit OS
#   Decrease Java heap size (-Xmx/-Xms)
#   Decrease number of Java threads
#   Decrease Java thread stack sizes (-Xss)
#   Set larger code cache with -XX:ReservedCodeCacheSize=
# This output file may be truncated or incomplete.
#
#  Out of Memory Error (os_linux.cpp:2651), pid=1965, tid=0x00007f5b5c8f1700
#
# JRE version: OpenJDK Runtime Environment (8.0_151-b12) (build 1.8.0_151-b12)
# Java VM: OpenJDK 64-Bit Server VM (25.151-b12 mixed mode linux-amd64 compressed oops)
# Failed to write core dump. Core dumps have been disabled. To enable core dumping, try "ulimit -c unlimited" before starting Java again
#

---------------  T H R E A D  ---------------

Current thread (0x00007f5b5807a880):  VMThread [stack: 0x00007f5b5c7f1000,0x00007f5b5c8f2000] [id=1986]

Stack: [0x00007f5b5c7f1000,0x00007f5b5c8f2000],  sp=0x00007f5b5c8f0510,  free space=1021k
Native frames: (J=compiled Java code, j=interpreted, Vv=VM code, C=native code)
V  [libjvm.so+0xaafa5d]
V  [libjvm.so+0x4eb16a]
V  [libjvm.so+0x8ad2f8]
V  [libjvm.so+0x8a782e]
V  [libjvm.so+0xaac854]
V  [libjvm.so+0x5d8fdd]
V  [libjvm.so+0x5d935d]
V  [libjvm.so+0x5c9c40]
V  [libjvm.so+0x47b892]
V  [libjvm.so+0xab0a01]
V  [libjvm.so+0xab5c77]
V  [libjvm.so+0xab4668]
V  [libjvm.so+0xab4b39]
V  [libjvm.so+0xab4f91]
V  [libjvm.so+0x8aa652]

VM_Operation (0x00007f5b34e19290): GenCollectForAllocation, mode: safepoint, requested by thread 0x00007f5b58fcbfc0


---------------  P R O C E S S  ---------------

Java Threads: ( => current thread )
  0x00007f5b58fcbfc0 JavaThread "pool-1-thread-1" [_thread_blocked, id=1998, stack(0x00007f5b34d1a000,0x00007f5b34e1b000)]
  0x00007f5b580c38e0 JavaThread "Service Thread" daemon [_thread_blocked, id=1992, stack(0x00007f5b5c1eb000,0x00007f5b5c2ec000)]
  0x00007f5b580b4790 JavaThread "C1 CompilerThread1" daemon [_thread_blocked, id=1991, stack(0x00007f5b5c2ec000,0x00007f5b5c3ed000)]
  0x00007f5b580b2bf0 JavaThread "C2 CompilerThread0" daemon [_thread_blocked, id=1990, stack(0x00007f5b5c3ed000,0x00007f5b5c4ee000)]
  0x00007f5b580b12f0 JavaThread "Signal Dispatcher" daemon [_thread_blocked, id=1989, stack(0x00007f5b5c4ee000,0x00007f5b5c5ef000)]
  0x00007f5b58088010 JavaThread "Finalizer" daemon [_thread_blocked, id=1988, stack(0x00007f5b5c5ef000,0x00007f5b5c6f0000)]
  0x00007f5b58083de0 JavaThread "Reference Handler" daemon [_thread_blocked, id=1987, stack(0x00007f5b5c6f0000,0x00007f5b5c7f1000)]
  0x00007f5b58008eb0 JavaThread "main" [_thread_blocked, id=1985, stack(0x00007f5b607a7000,0x00007f5b608a8000)]

Other Threads:
=>0x00007f5b5807a880 VMThread [stack: 0x00007f5b5c7f1000,0x00007f5b5c8f2000] [id=1986]
  0x00007f5b5801ade0 WatcherThread [stack: 0x00007f5b5c0ea000,0x00007f5b5c1eb000] [id=1993]

VM state:at safepoint (normal execution)

VM Mutex/Monitor currently owned by a thread:  ([mutex/lock_event])
[0x00007f5b58006930] Threads_lock - owner thread: 0x00007f5b5807a880
[0x00007f5b58006e30] Heap_lock - owner thread: 0x00007f5b58fcbfc0

Heap:
 def new generation   total 27456K, used 0K [0x00000000f0800000, 0x00000000f25c0000, 0x00000000f5aa0000)
  eden space 24448K,   0% used [0x00000000f0800000, 0x00000000f0800000, 0x00000000f1fe0000)
  from space 3008K,   0% used [0x00000000f1fe0000, 0x00000000f1fe0000, 0x00000000f22d0000)
  to   space 3008K,   0% used [0x00000000f22d0000, 0x00000000f22d0000, 0x00000000f25c0000)
 tenured generation   total 80332K, used 75790K [0x00000000f5aa0000, 0x00000000fa913000, 0x0000000100000000)
   the space 80332K,  94% used [0x00000000f5aa0000, 0x00000000fa4a3928, 0x00000000fa4a3a00, 0x00000000fa913000)
 Metaspace       used 27474K, capacity 28020K, committed 28160K, reserved 1075200K
  class space    used 3094K, capacity 3277K, committed 3328K, reserved 1048576K

Card table byte_map: [0x00007f5b60722000,0x00007f5b6079f000] byte_map_base: 0x00007f5b5ff9e000

Polling page: 0x00007f5b608b1000

CodeCache: size=245760Kb used=11359Kb max_used=12273Kb free=234400Kb
 bounds [0x00007f5b49000000, 0x00007f5b49c10000, 0x00007f5b58000000]
 total_blobs=4392 nmethods=3984 adapters=321
 compilation: enabled

Compilation events (10 events):
Event: 8.158 Thread 0x00007f5b580b4790 4423   !   3       org.codehaus.plexus.archiver.zip.ByteArrayOutputStream::write (151 bytes)
Event: 8.159 Thread 0x00007f5b580b4790 nmethod 4423 0x00007f5b496dfc50 code [0x00007f5b496dfe20, 0x00007f5b496e05a0]
Event: 8.176 Thread 0x00007f5b580b4790 4424       3       org.apache.commons.io.output.ThresholdingOutputStream::checkThreshold (33 bytes)
Event: 8.177 Thread 0x00007f5b580b4790 nmethod 4424 0x00007f5b49489fd0 code [0x00007f5b4948a140, 0x00007f5b4948a3c0]
Event: 8.178 Thread 0x00007f5b580b4790 4425       3       java.util.zip.CRC32::update (51 bytes)
Event: 8.178 Thread 0x00007f5b580b4790 nmethod 4425 0x00007f5b4939fa10 code [0x00007f5b4939fba0, 0x00007f5b4939ff70]
Event: 8.178 Thread 0x00007f5b580b4790 4426       3       org.apache.commons.compress.archivers.zip.StreamCompressor::writeDeflated (119 bytes)
Event: 8.179 Thread 0x00007f5b580b4790 nmethod 4426 0x00007f5b4982ef90 code [0x00007f5b4982f200, 0x00007f5b49830188]
Event: 8.186 Thread 0x00007f5b580b2bf0 4427       4       java.io.InputStream::<init> (5 bytes)
Event: 8.187 Thread 0x00007f5b580b2bf0 nmethod 4427 0x00007f5b491f1510 code [0x00007f5b491f1660, 0x00007f5b491f16f8]

GC Heap History (10 events):
Event: 7.019 GC heap after
Heap after GC invocations=50 (full 3):
 def new generation   total 15360K, used 1664K [0x00000000f0800000, 0x00000000f18a0000, 0x00000000f5aa0000)
  eden space 13696K,   0% used [0x00000000f0800000, 0x00000000f0800000, 0x00000000f1560000)
  from space 1664K, 100% used [0x00000000f1700000, 0x00000000f18a0000, 0x00000000f18a0000)
  to   space 1664K,   0% used [0x00000000f1560000, 0x00000000f1560000, 0x00000000f1700000)
 tenured generation   total 33940K, used 27686K [0x00000000f5aa0000, 0x00000000f7bc5000, 0x0000000100000000)
   the space 33940K,  81% used [0x00000000f5aa0000, 0x00000000f75a98f0, 0x00000000f75a9a00, 0x00000000f7bc5000)
 Metaspace       used 24180K, capacity 24772K, committed 24960K, reserved 1071104K
  class space    used 2654K, capacity 2817K, committed 2944K, reserved 1048576K
}
Event: 7.362 GC heap before
{Heap before GC invocations=50 (full 3):
 def new generation   total 15360K, used 15360K [0x00000000f0800000, 0x00000000f18a0000, 0x00000000f5aa0000)
  eden space 13696K, 100% used [0x00000000f0800000, 0x00000000f1560000, 0x00000000f1560000)
  from space 1664K, 100% used [0x00000000f1700000, 0x00000000f18a0000, 0x00000000f18a0000)
  to   space 1664K,   0% used [0x00000000f1560000, 0x00000000f1560000, 0x00000000f1700000)
 tenured generation   total 33940K, used 27686K [0x00000000f5aa0000, 0x00000000f7bc5000, 0x0000000100000000)
   the space 33940K,  81% used [0x00000000f5aa0000, 0x00000000f75a98f0, 0x00000000f75a9a00, 0x00000000f7bc5000)
 Metaspace       used 26111K, capacity 26684K, committed 27008K, reserved 1073152K
  class space    used 2943K, capacity 3113K, committed 3200K, reserved 1048576K
Event: 7.369 GC heap after
Heap after GC invocations=51 (full 3):
 def new generation   total 15360K, used 1664K [0x00000000f0800000, 0x00000000f18a0000, 0x00000000f5aa0000)
  eden space 13696K,   0% used [0x00000000f0800000, 0x00000000f0800000, 0x00000000f1560000)
  from space 1664K, 100% used [0x00000000f1560000, 0x00000000f1700000, 0x00000000f1700000)
  to   space 1664K,   0% used [0x00000000f1700000, 0x00000000f1700000, 0x00000000f18a0000)
 tenured generation   total 33940K, used 29422K [0x00000000f5aa0000, 0x00000000f7bc5000, 0x0000000100000000)
   the space 33940K,  86% used [0x00000000f5aa0000, 0x00000000f775bb88, 0x00000000f775bc00, 0x00000000f7bc5000)
 Metaspace       used 26111K, capacity 26684K, committed 27008K, reserved 1073152K
  class space    used 2943K, capacity 3113K, committed 3200K, reserved 1048576K
}
Event: 7.905 GC heap before
{Heap before GC invocations=51 (full 3):
 def new generation   total 15360K, used 9912K [0x00000000f0800000, 0x00000000f18a0000, 0x00000000f5aa0000)
  eden space 13696K,  60% used [0x00000000f0800000, 0x00000000f100e068, 0x00000000f1560000)
  from space 1664K, 100% used [0x00000000f1560000, 0x00000000f1700000, 0x00000000f1700000)
  to   space 1664K,   0% used [0x00000000f1700000, 0x00000000f1700000, 0x00000000f18a0000)
 tenured generation   total 33940K, used 29422K [0x00000000f5aa0000, 0x00000000f7bc5000, 0x0000000100000000)
   the space 33940K,  86% used [0x00000000f5aa0000, 0x00000000f775bb88, 0x00000000f775bc00, 0x00000000f7bc5000)
 Metaspace       used 27241K, capacity 27828K, committed 28160K, reserved 1075200K
  class space    used 3066K, capacity 3213K, committed 3328K, reserved 1048576K
Event: 7.914 GC heap after
Heap after GC invocations=52 (full 3):
 def new generation   total 15360K, used 1384K [0x00000000f0800000, 0x00000000f18a0000, 0x00000000f5aa0000)
  eden space 13696K,   0% used [0x00000000f0800000, 0x00000000f0800000, 0x00000000f1560000)
  from space 1664K,  83% used [0x00000000f1700000, 0x00000000f185a238, 0x00000000f18a0000)
  to   space 1664K,   0% used [0x00000000f1560000, 0x00000000f1560000, 0x00000000f1700000)
 tenured generation   total 33940K, used 30232K [0x00000000f5aa0000, 0x00000000f7bc5000, 0x0000000100000000)
   the space 33940K,  89% used [0x00000000f5aa0000, 0x00000000f7826030, 0x00000000f7826200, 0x00000000f7bc5000)
 Metaspace       used 27241K, capacity 27828K, committed 28160K, reserved 1075200K
  class space    used 3066K, capacity 3213K, committed 3328K, reserved 1048576K
}
Event: 7.919 GC heap before
{Heap before GC invocations=52 (full 3):
 def new generation   total 15360K, used 11420K [0x00000000f0800000, 0x00000000f18a0000, 0x00000000f5aa0000)
  eden space 13696K,  73% used [0x00000000f0800000, 0x00000000f11ccdd0, 0x00000000f1560000)
  from space 1664K,  83% used [0x00000000f1700000, 0x00000000f185a238, 0x00000000f18a0000)
  to   space 1664K,   0% used [0x00000000f1560000, 0x00000000f1560000, 0x00000000f1700000)
 tenured generation   total 33940K, used 30232K [0x00000000f5aa0000, 0x00000000f7bc5000, 0x0000000100000000)
   the space 33940K,  89% used [0x00000000f5aa0000, 0x00000000f7826030, 0x00000000f7826200, 0x00000000f7bc5000)
 Metaspace       used 27248K, capacity 27828K, committed 28160K, reserved 1075200K
  class space    used 3067K, capacity 3213K, committed 3328K, reserved 1048576K
Event: 8.040 GC heap after
Heap after GC invocations=53 (full 4):
 def new generation   total 27456K, used 0K [0x00000000f0800000, 0x00000000f25c0000, 0x00000000f5aa0000)
  eden space 24448K,   0% used [0x00000000f0800000, 0x00000000f0800000, 0x00000000f1fe0000)
  from space 3008K,   0% used [0x00000000f1fe0000, 0x00000000f1fe0000, 0x00000000f22d0000)
  to   space 3008K,   0% used [0x00000000f22d0000, 0x00000000f22d0000, 0x00000000f25c0000)
 tenured generation   total 60796K, used 36477K [0x00000000f5aa0000, 0x00000000f95ff000, 0x0000000100000000)
   the space 60796K,  59% used [0x00000000f5aa0000, 0x00000000f7e3f450, 0x00000000f7e3f600, 0x00000000f95ff000)
 Metaspace       used 27248K, capacity 27828K, committed 28160K, reserved 1075200K
  class space    used 3067K, capacity 3213K, committed 3328K, reserved 1048576K
}
Event: 8.045 GC heap before
{Heap before GC invocations=53 (full 4):
 def new generation   total 27456K, used 20012K [0x00000000f0800000, 0x00000000f25c0000, 0x00000000f5aa0000)
  eden space 24448K,  81% used [0x00000000f0800000, 0x00000000f1b8b3d8, 0x00000000f1fe0000)
  from space 3008K,   0% used [0x00000000f1fe0000, 0x00000000f1fe0000, 0x00000000f22d0000)
  to   space 3008K,   0% used [0x00000000f22d0000, 0x00000000f22d0000, 0x00000000f25c0000)
 tenured generation   total 60796K, used 36477K [0x00000000f5aa0000, 0x00000000f95ff000, 0x0000000100000000)
   the space 60796K,  59% used [0x00000000f5aa0000, 0x00000000f7e3f450, 0x00000000f7e3f600, 0x00000000f95ff000)
 Metaspace       used 27248K, capacity 27828K, committed 28160K, reserved 1075200K
  class space    used 3067K, capacity 3213K, committed 3328K, reserved 1048576K
Event: 8.058 GC heap after
Heap after GC invocations=54 (full 4):
 def new generation   total 27456K, used 16K [0x00000000f0800000, 0x00000000f25c0000, 0x00000000f5aa0000)
  eden space 24448K,   0% used [0x00000000f0800000, 0x00000000f0800000, 0x00000000f1fe0000)
  from space 3008K,   0% used [0x00000000f22d0000, 0x00000000f22d43f0, 0x00000000f25c0000)
  to   space 3008K,   0% used [0x00000000f1fe0000, 0x00000000f1fe0000, 0x00000000f22d0000)
 tenured generation   total 60796K, used 56008K [0x00000000f5aa0000, 0x00000000f95ff000, 0x0000000100000000)
   the space 60796K,  92% used [0x00000000f5aa0000, 0x00000000f9152170, 0x00000000f9152200, 0x00000000f95ff000)
 Metaspace       used 27248K, capacity 27828K, committed 28160K, reserved 1075200K
  class space    used 3067K, capacity 3213K, committed 3328K, reserved 1048576K
}
Event: 8.550 GC heap before
{Heap before GC invocations=54 (full 4):
 def new generation   total 27456K, used 21962K [0x00000000f0800000, 0x00000000f25c0000, 0x00000000f5aa0000)
  eden space 24448K,  89% used [0x00000000f0800000, 0x00000000f1d6e580, 0x00000000f1fe0000)
  from space 3008K,   0% used [0x00000000f22d0000, 0x00000000f22d43f0, 0x00000000f25c0000)
  to   space 3008K,   0% used [0x00000000f1fe0000, 0x00000000f1fe0000, 0x00000000f22d0000)
 tenured generation   total 60796K, used 56008K [0x00000000f5aa0000, 0x00000000f95ff000, 0x0000000100000000)
   the space 60796K,  92% used [0x00000000f5aa0000, 0x00000000f9152170, 0x00000000f9152200, 0x00000000f95ff000)
 Metaspace       used 27474K, capacity 28020K, committed 28160K, reserved 1075200K
  class space    used 3094K, capacity 3277K, committed 3328K, reserved 1048576K

Deoptimization events (10 events):
Event: 5.190 Thread 0x00007f5b58008eb0 Uncommon trap: reason=class_check action=maybe_recompile pc=0x00007f5b491e6080 method=sun.misc.URLClassPath.getLoader(I)Lsun/misc/URLClassPath$Loader; @ 94
Event: 5.200 Thread 0x00007f5b58008eb0 Uncommon trap: reason=unstable_if action=reinterpret pc=0x00007f5b4921327c method=sun.misc.URLClassPath$JarLoader.getResource(Ljava/lang/String;Z)Lsun/misc/Resource; @ 62
Event: 5.200 Thread 0x00007f5b58008eb0 Uncommon trap: reason=unstable_if action=reinterpret pc=0x00007f5b491e63c8 method=java.util.HashMap.putVal(ILjava/lang/Object;Ljava/lang/Object;ZZ)Ljava/lang/Object; @ 193
Event: 5.213 Thread 0x00007f5b58008eb0 Uncommon trap: reason=unstable_if action=reinterpret pc=0x00007f5b49788bf0 method=java.nio.charset.CharsetDecoder.decode(Ljava/nio/ByteBuffer;Ljava/nio/CharBuffer;Z)Ljava/nio/charset/CoderResult; @ 1
Event: 5.310 Thread 0x00007f5b58008eb0 Uncommon trap: reason=unstable_if action=reinterpret pc=0x00007f5b492effe0 method=java.lang.CharacterDataLatin1.isWhitespace(I)Z @ 14
Event: 7.248 Thread 0x00007f5b58008eb0 Uncommon trap: reason=unstable_if action=reinterpret pc=0x00007f5b498ed914 method=java.util.StringTokenizer.setMaxDelimCodePoint()V @ 71
Event: 7.275 Thread 0x00007f5b58008eb0 Uncommon trap: reason=unstable_if action=reinterpret pc=0x00007f5b494131e8 method=java.util.HashMap.hash(Ljava/lang/Object;)I @ 1
Event: 7.376 Thread 0x00007f5b58008eb0 Uncommon trap: reason=unstable_if action=reinterpret pc=0x00007f5b49144810 method=org.codehaus.plexus.classworlds.realm.Entry.matches(Ljava/lang/String;)Z @ 20
Event: 8.073 Thread 0x00007f5b58008eb0 Uncommon trap: reason=unstable_if action=reinterpret pc=0x00007f5b49bfe3c4 method=java.lang.StringCoding$StringEncoder.encode([CII)[B @ 20
Event: 8.076 Thread 0x00007f5b58008eb0 Uncommon trap: reason=unstable_if action=reinterpret pc=0x00007f5b49bfd63c method=java.lang.StringCoding$StringEncoder.encode([CII)[B @ 20

Internal exceptions (10 events):
Event: 2.102 Thread 0x00007f5b58008eb0 Implicit null exception at 0x00007f5b4924bb75 to 0x00007f5b4924bf29
Event: 2.102 Thread 0x00007f5b58008eb0 Implicit null exception at 0x00007f5b492247b6 to 0x00007f5b49224b6d
Event: 2.941 Thread 0x00007f5b58008eb0 Implicit null exception at 0x00007f5b492f66b5 to 0x00007f5b492f6899
Event: 2.941 Thread 0x00007f5b58008eb0 Implicit null exception at 0x00007f5b493399ef to 0x00007f5b49339a59
Event: 3.449 Thread 0x00007f5b58008eb0 Implicit null exception at 0x00007f5b4972f6c9 to 0x00007f5b497301cd
Event: 4.678 Thread 0x00007f5b58008eb0 Exception <a 'java/lang/ClassNotFoundException': com/sun/tools/javac/api/JavacTool> (0x00000000f0acc9e8) thrown at [/builddir/build/BUILD/java-1.8.0-openjdk-1.8.0.151-1.b12.35.amzn1.x86_64/openjdk/hotspot/src/share/vm/classfile/systemDictionary.cpp, line 
Event: 5.435 Thread 0x00007f5b58008eb0 Exception <a 'java/io/FileNotFoundException'> (0x00000000f0ecaad8) thrown at [/builddir/build/BUILD/java-1.8.0-openjdk-1.8.0.151-1.b12.35.amzn1.x86_64/openjdk/hotspot/src/share/vm/prims/jni.cpp, line 710]
Event: 5.441 Thread 0x00007f5b58008eb0 Exception <a 'java/io/FileNotFoundException'> (0x00000000f0f1a2a0) thrown at [/builddir/build/BUILD/java-1.8.0-openjdk-1.8.0.151-1.b12.35.amzn1.x86_64/openjdk/hotspot/src/share/vm/prims/jni.cpp, line 710]
Event: 5.441 Thread 0x00007f5b58008eb0 Exception <a 'java/io/FileNotFoundException'> (0x00000000f0f1b0f8) thrown at [/builddir/build/BUILD/java-1.8.0-openjdk-1.8.0.151-1.b12.35.amzn1.x86_64/openjdk/hotspot/src/share/vm/prims/jni.cpp, line 710]
Event: 7.275 Thread 0x00007f5b58008eb0 Implicit null exception at 0x00007f5b49412bfb to 0x00007f5b494131cd

Events (10 events):
Event: 8.124 loading class org/apache/commons/compress/archivers/zip/ZipUtil done
Event: 8.124 loading class org/apache/commons/compress/archivers/zip/UnsupportedZipFeatureException
Event: 8.124 loading class org/apache/commons/compress/archivers/zip/UnsupportedZipFeatureException done
Event: 8.124 loading class org/apache/commons/compress/archivers/zip/UnsupportedZipFeatureException
Event: 8.124 loading class org/apache/commons/compress/archivers/zip/UnsupportedZipFeatureException done
Event: 8.125 loading class org/apache/commons/compress/archivers/zip/ZipMethod
Event: 8.125 loading class org/apache/commons/compress/archivers/zip/ZipMethod done
Event: 8.125 loading class org/apache/commons/compress/archivers/zip/ZipMethod
Event: 8.125 loading class org/apache/commons/compress/archivers/zip/ZipMethod done
Event: 8.550 Executing VM operation: GenCollectForAllocation


Dynamic libraries:
00400000-00401000 r-xp 00000000 ca:01 271640                             /usr/lib/jvm/java-1.8.0-openjdk-1.8.0.151-1.b12.35.amzn1.x86_64/jre/bin/java
00600000-00601000 rw-p 00000000 ca:01 271640                             /usr/lib/jvm/java-1.8.0-openjdk-1.8.0.151-1.b12.35.amzn1.x86_64/jre/bin/java
01f98000-01fb9000 rw-p 00000000 00:00 0                                  [heap]
f0800000-f25c0000 rw-p 00000000 00:00 0 
f25c0000-f5aa0000 ---p 00000000 00:00 0 
f5aa0000-fa913000 rw-p 00000000 00:00 0 
fd5fc000-100000000 ---p 00000000 00:00 0 
100000000-100340000 rw-p 00000000 00:00 0 
100340000-140000000 ---p 00000000 00:00 0 
7f5b20000000-7f5b20043000 rw-p 00000000 00:00 0 
7f5b20043000-7f5b24000000 ---p 00000000 00:00 0 
7f5b28000000-7f5b294c3000 rw-p 00000000 00:00 0 
7f5b294c3000-7f5b2c000000 ---p 00000000 00:00 0 
7f5b2c000000-7f5b2cbe0000 rw-p 00000000 00:00 0 
7f5b2cbe0000-7f5b30000000 ---p 00000000 00:00 0 
7f5b30000000-7f5b30021000 rw-p 00000000 00:00 0 
7f5b30021000-7f5b34000000 ---p 00000000 00:00 0 
7f5b34d1a000-7f5b34d1d000 ---p 00000000 00:00 0 
7f5b34d1d000-7f5b34e5b000 rw-p 00000000 00:00 0 
7f5b34e5b000-7f5b3501b000 ---p 00000000 00:00 0 
7f5b3501b000-7f5b3521b000 rw-p 00000000 00:00 0 
7f5b3521b000-7f5b3541b000 rw-p 00000000 00:00 0 
7f5b354d7000-7f5b356d7000 rw-p 00000000 00:00 0 
7f5b356d7000-7f5b358d7000 rw-p 00000000 00:00 0 
7f5b358d7000-7f5b35ad7000 rw-p 00000000 00:00 0 
7f5b35ad7000-7f5b3c000000 r--p 00000000 ca:01 2733                       /usr/lib/locale/locale-archive
7f5b3c000000-7f5b3c021000 rw-p 00000000 00:00 0 
7f5b3c021000-7f5b40000000 ---p 00000000 00:00 0 
7f5b40000000-7f5b40021000 rw-p 00000000 00:00 0 
7f5b40021000-7f5b44000000 ---p 00000000 00:00 0 
7f5b44000000-7f5b44062000 rw-p 00000000 00:00 0 
7f5b44062000-7f5b48000000 ---p 00000000 00:00 0 
7f5b480bb000-7f5b480bc000 rw-p 00000000 00:00 0 
7f5b480bc000-7f5b480bd000 r--s 00002000 ca:01 289553                     /home/ec2-user/.m2/repository/org/apache/maven/shared/maven-mapping/3.0.0/maven-mapping-3.0.0.jar
7f5b480bd000-7f5b480bf000 r--s 00001000 ca:01 289551                     /home/ec2-user/.m2/repository/org/sonatype/plexus/plexus-build-api/0.0.7/plexus-build-api-0.0.7.jar
7f5b480bf000-7f5b480c1000 r--s 0000b000 ca:01 289549                     /home/ec2-user/.m2/repository/org/apache/maven/shared/maven-filtering/3.1.1/maven-filtering-3.1.1.jar
7f5b480c1000-7f5b480c5000 r--s 00039000 ca:01 397041                     /home/ec2-user/.m2/repository/org/codehaus/plexus/plexus-utils/3.0.24/plexus-utils-3.0.24.jar
7f5b480c5000-7f5b480c7000 r--s 00005000 ca:01 396341                     /home/ec2-user/.m2/repository/xpp3/xpp3_min/1.1.4c/xpp3_min-1.1.4c.jar
7f5b480c7000-7f5b480c8000 r--s 00001000 ca:01 289543                     /home/ec2-user/.m2/repository/xmlpull/xmlpull/1.1.3.1/xmlpull-1.1.3.1.jar
7f5b480c8000-7f5b480d6000 r--s 00079000 ca:01 289518                     /home/ec2-user/.m2/repository/com/thoughtworks/xstream/xstream/1.4.9/xstream-1.4.9.jar
7f5b480d6000-7f5b480d9000 r--s 00010000 ca:01 406568                     /home/ec2-user/.m2/repository/org/codehaus/plexus/plexus-interpolation/1.22/plexus-interpolation-1.22.jar
7f5b480d9000-7f5b480dd000 r--s 00015000 ca:01 397205                     /home/ec2-user/.m2/repository/org/tukaani/xz/1.5/xz-1.5.jar
7f5b480dd000-7f5b480df000 r--s 0000d000 ca:01 396459                     /home/ec2-user/.m2/repository/org/iq80/snappy/snappy/0.4/snappy-0.4.jar
7f5b480df000-7f5b480e7000 r--s 00060000 ca:01 397642                     /home/ec2-user/.m2/repository/org/apache/commons/commons-compress/1.11/commons-compress-1.11.jar
7f5b480e7000-7f5b480ea000 r--s 00012000 ca:01 396857                     /home/ec2-user/.m2/repository/org/codehaus/plexus/plexus-io/2.7.1/plexus-io-2.7.1.jar
7f5b480ea000-7f5b480ef000 r--s 00029000 ca:01 396644                     /home/ec2-user/.m2/repository/org/codehaus/plexus/plexus-archiver/3.4/plexus-archiver-3.4.jar
7f5b480ef000-7f5b480f3000 r--s 0002f000 ca:01 141584                     /home/ec2-user/.m2/repository/commons-io/commons-io/2.5/commons-io-2.5.jar
7f5b480f3000-7f5b480f6000 r--s 00023000 ca:01 398897                     /home/ec2-user/.m2/repository/org/apache/maven/shared/maven-shared-utils/3.0.1/maven-shared-utils-3.0.1.jar
7f5b480f6000-7f5b480f7000 r--s 00005000 ca:01 397863                     /home/ec2-user/.m2/repository/org/apache/maven/maven-archiver/3.1.1/maven-archiver-3.1.1.jar
7f5b480f7000-7f5b480f9000 r--s 00000000 ca:01 396824                     /home/ec2-user/.m2/repository/org/codehaus/plexus/plexus-component-annotations/1.6/plexus-component-annotations-1.6.jar
7f5b480f9000-7f5b480fd000 r--s 00017000 ca:01 397324                     /home/ec2-user/.m2/repository/org/sonatype/aether/aether-util/1.7/aether-util-1.7.jar
7f5b480fd000-7f5b48108000 r--s 00069000 ca:01 397254                     /home/ec2-user/.m2/repository/org/sonatype/sisu/sisu-guice/2.1.7/sisu-guice-2.1.7-noaop.jar
7f5b48108000-7f5b4810d000 r--s 00021000 ca:01 397268                     /home/ec2-user/.m2/repository/org/sonatype/sisu/sisu-inject-bean/1.4.2/sisu-inject-bean-1.4.2.jar
7f5b4810d000-7f5b4810f000 r--s 00014000 ca:01 406614                     /home/ec2-user/.m2/repository/org/apache/maven/plugins/maven-war-plugin/3.0.0/maven-war-plugin-3.0.0.jar
7f5b4810f000-7f5b48111000 r--s 00002000 ca:01 429613                     /home/ec2-user/.m2/repository/org/apache/maven/plugin-tools/maven-plugin-annotations/3.3/maven-plugin-annotations-3.3.jar
7f5b48111000-7f5b48116000 r--s 00020000 ca:01 429602                     /home/ec2-user/.m2/repository/org/apache/maven/surefire/surefire-api/2.18.1/surefire-api-2.18.1.jar
7f5b48116000-7f5b4811c000 r--s 00048000 ca:01 397655                     /home/ec2-user/.m2/repository/org/apache/commons/commons-lang3/3.1/commons-lang3-3.1.jar
7f5b4811c000-7f5b4811d000 r--s 00002000 ca:01 398226                     /home/ec2-user/.m2/repository/org/apache/maven/reporting/maven-reporting-api/3.0/maven-reporting-api-3.0.jar
7f5b4811d000-7f5b4811f000 r--s 00008000 ca:01 429595                     /home/ec2-user/.m2/repository/org/apache/maven/surefire/surefire-booter/2.18.1/surefire-booter-2.18.1.jar
7f5b4811f000-7f5b48125000 r--s 0003e000 ca:01 429581                     /home/ec2-user/.m2/repository/org/apache/maven/surefire/maven-surefire-common/2.18.1/maven-surefire-common-2.18.1.jar
7f5b48125000-7f5b48127000 r--s 00008000 ca:01 424567                     /home/ec2-user/.m2/repository/org/apache/maven/plugins/maven-surefire-plugin/2.18.1/maven-surefire-plugin-2.18.1.jar
7f5b48127000-7f5b481a1000 r--s 012bd000 ca:01 271835                     /usr/lib/jvm/java-1.8.0-openjdk-1.8.0.151-1.b12.35.amzn1.x86_64/lib/tools.jar
7f5b481a1000-7f5b481a4000 r--s 0001b000 ca:01 396313                     /home/ec2-user/.m2/repository/junit/junit/3.8.2/junit-3.8.2.jar
7f5b481a4000-7f5b481b2000 r--s 0008f000 ca:01 399497                     /home/ec2-user/.m2/repository/com/google/collections/google-collections/1.0/google-collections-1.0.jar
7f5b481b2000-7f5b481b3000 r--s 0000a000 ca:01 399189                     /home/ec2-user/.m2/repository/commons-logging/commons-logging-api/1.1/commons-logging-api-1.1.jar
7f5b481b3000-7f5b481ba000 r--s 00051000 ca:01 399451                     /home/ec2-user/.m2/repository/log4j/log4j/1.2.12/log4j-1.2.12.jar
7f5b481ba000-7f5b481be000 r--s 0001d000 ca:01 397670                     /home/ec2-user/.m2/repository/org/apache/xbean/xbean-reflect/3.4/xbean-reflect-3.4.jar
7f5b481be000-7f5b481bf000 r--s 00004000 ca:01 396634                     /home/ec2-user/.m2/repository/org/codehaus/plexus/plexus-compiler-javac/2.5/plexus-compiler-javac-2.5.jar
7f5b481bf000-7f5b481c1000 r--s 00000000 ca:01 396608                     /home/ec2-user/.m2/repository/org/codehaus/plexus/plexus-compiler-manager/2.5/plexus-compiler-manager-2.5.jar
7f5b481c1000-7f5b481c3000 r--s 00005000 ca:01 396560                     /home/ec2-user/.m2/repository/org/codehaus/plexus/plexus-compiler-api/2.5/plexus-compiler-api-2.5.jar
7f5b481c3000-7f5b481c5000 r--s 00000000 ca:01 396832                     /home/ec2-user/.m2/repository/org/codehaus/plexus/plexus-component-annotations/1.5.5/plexus-component-annotations-1.5.5.jar
7f5b481c5000-7f5b481c7000 r--s 00002000 ca:01 398943                     /home/ec2-user/.m2/repository/org/apache/maven/shared/maven-shared-incremental/1.1/maven-shared-incremental-1.1.jar
7f5b481c7000-7f5b481c9000 r--s 00006000 ca:01 399514                     /home/ec2-user/.m2/repository/com/google/code/findbugs/jsr305/2.0.1/jsr305-2.0.1.jar
7f5b481c9000-7f5b481cd000 r--s 00026000 ca:01 398931                     /home/ec2-user/.m2/repository/org/apache/maven/shared/maven-shared-utils/0.7/maven-shared-utils-0.7.jar
7f5b481cd000-7f5b481cf000 r--s 00002000 ca:01 397344                     /home/ec2-user/.m2/repository/org/sonatype/plexus/plexus-cipher/1.4/plexus-cipher-1.4.jar
7f5b481cf000-7f5b481d0000 r--s 00006000 ca:01 397331                     /home/ec2-user/.m2/repository/org/sonatype/plexus/plexus-sec-dispatcher/1.3/plexus-sec-dispatcher-1.3.jar
7f5b481d0000-7f5b481e2000 r-xp 00000000 ca:01 271677                     /usr/lib/jvm/java-1.8.0-openjdk-1.8.0.151-1.b12.35.amzn1.x86_64/jre/lib/amd64/libnio.so
7f5b481e2000-7f5b483e1000 ---p 00012000 ca:01 271677                     /usr/lib/jvm/java-1.8.0-openjdk-1.8.0.151-1.b12.35.amzn1.x86_64/jre/lib/amd64/libnio.so
7f5b483e1000-7f5b483e2000 rw-p 00011000 ca:01 271677                     /usr/lib/jvm/java-1.8.0-openjdk-1.8.0.151-1.b12.35.amzn1.x86_64/jre/lib/amd64/libnio.so
7f5b483e2000-7f5b483f9000 r-xp 00000000 ca:01 271676                     /usr/lib/jvm/java-1.8.0-openjdk-1.8.0.151-1.b12.35.amzn1.x86_64/jre/lib/amd64/libnet.so
7f5b483f9000-7f5b485f9000 ---p 00017000 ca:01 271676                     /usr/lib/jvm/java-1.8.0-openjdk-1.8.0.151-1.b12.35.amzn1.x86_64/jre/lib/amd64/libnet.so
7f5b485f9000-7f5b485fa000 rw-p 00017000 ca:01 271676                     /usr/lib/jvm/java-1.8.0-openjdk-1.8.0.151-1.b12.35.amzn1.x86_64/jre/lib/amd64/libnet.so
7f5b485fa000-7f5b487fa000 rw-p 00000000 00:00 0 
7f5b487fa000-7f5b489fa000 rw-p 00000000 00:00 0 
7f5b489fa000-7f5b48bfa000 rw-p 00000000 00:00 0 
7f5b48bfa000-7f5b48bfc000 r-xp 00000000 ca:01 2725                       /lib64/libutil-2.17.so
7f5b48bfc000-7f5b48dfb000 ---p 00002000 ca:01 2725                       /lib64/libutil-2.17.so
7f5b48dfb000-7f5b48dfc000 r--p 00001000 ca:01 2725                       /lib64/libutil-2.17.so
7f5b48dfc000-7f5b48dfd000 rw-p 00002000 ca:01 2725                       /lib64/libutil-2.17.so
7f5b48dfd000-7f5b48e00000 r-xp 00000000 ca:01 15192                      /home/ec2-user/apache-maven-3.5.2/lib/jansi-native/linux64/libjansi.so
7f5b48e00000-7f5b48fff000 ---p 00003000 ca:01 15192                      /home/ec2-user/apache-maven-3.5.2/lib/jansi-native/linux64/libjansi.so
7f5b48fff000-7f5b49000000 rw-p 00002000 ca:01 15192                      /home/ec2-user/apache-maven-3.5.2/lib/jansi-native/linux64/libjansi.so
7f5b49000000-7f5b49c10000 rwxp 00000000 00:00 0 
7f5b49c10000-7f5b58000000 ---p 00000000 00:00 0 
7f5b58000000-7f5b59115000 rw-p 00000000 00:00 0 
7f5b59115000-7f5b5c000000 ---p 00000000 00:00 0 
7f5b5c000000-7f5b5c008000 r--s 00049000 ca:01 399693                     /home/ec2-user/.m2/repository/backport-util-concurrent/backport-util-concurrent/3.1/backport-util-concurrent-3.1.jar
7f5b5c008000-7f5b5c00a000 r--s 00003000 ca:01 397193                     /home/ec2-user/.m2/repository/org/slf4j/jcl-over-slf4j/1.5.6/jcl-over-slf4j-1.5.6.jar
7f5b5c00a000-7f5b5c00c000 r--s 00001000 ca:01 397164                     /home/ec2-user/.m2/repository/org/slf4j/slf4j-jdk14/1.5.6/slf4j-jdk14-1.5.6.jar
7f5b5c00c000-7f5b5c00e000 r--s 0000b000 ca:01 396993                     /home/ec2-user/.m2/repository/org/codehaus/plexus/plexus-interpolation/1.11/plexus-interpolation-1.11.jar
7f5b5c00e000-7f5b5c012000 r--s 00034000 ca:01 397003                     /home/ec2-user/.m2/repository/org/codehaus/plexus/plexus-utils/1.5.15/plexus-utils-1.5.15.jar
7f5b5c012000-7f5b5c014000 r--s 0000a000 ca:01 398070                     /home/ec2-user/.m2/repository/org/apache/maven/plugins/maven-compiler-plugin/3.3/maven-compiler-plugin-3.3.jar
7f5b5c014000-7f5b5c016000 r--s 0000d000 ca:01 397000                     /home/ec2-user/.m2/repository/org/codehaus/plexus/plexus-interpolation/1.13/plexus-interpolation-1.13.jar
7f5b5c016000-7f5b5c017000 r--s 00001000 ca:01 397340                     /home/ec2-user/.m2/repository/org/sonatype/plexus/plexus-build-api/0.0.4/plexus-build-api-0.0.4.jar
7f5b5c017000-7f5b5c019000 r--s 00009000 ca:01 398859                     /home/ec2-user/.m2/repository/org/apache/maven/shared/maven-filtering/1.1/maven-filtering-1.1.jar
7f5b5c019000-7f5b5c01d000 r--s 00033000 ca:01 397053                     /home/ec2-user/.m2/repository/org/codehaus/plexus/plexus-utils/2.0.5/plexus-utils-2.0.5.jar
7f5b5c01d000-7f5b5c020000 r--s 0001b000 ca:01 396333                     /home/ec2-user/.m2/repository/junit/junit/3.8.1/junit-3.8.1.jar
7f5b5c020000-7f5b5c022000 r--s 00002000 ca:01 396670                     /home/ec2-user/.m2/repository/org/codehaus/plexus/plexus-interactivity-api/1.0-alpha-4/plexus-interactivity-api-1.0-alpha-4.jar
7f5b5c022000-7f5b5c024000 r--s 00006000 ca:01 399685                     /home/ec2-user/.m2/repository/commons-cli/commons-cli/1.0/commons-cli-1.0.jar
7f5b5c024000-7f5b5c025000 r--s 00001000 ca:01 398486                     /home/ec2-user/.m2/repository/org/apache/maven/doxia/doxia-sink-api/1.0-alpha-7/doxia-sink-api-1.0-alpha-7.jar
7f5b5c025000-7f5b5c026000 r--s 00002000 ca:01 398233                     /home/ec2-user/.m2/repository/org/apache/maven/reporting/maven-reporting-api/2.0.6/maven-reporting-api-2.0.6.jar
7f5b5c026000-7f5b5c028000 r--s 00006000 ca:01 398058                     /home/ec2-user/.m2/repository/org/apache/maven/plugins/maven-resources-plugin/2.6/maven-resources-plugin-2.6.jar
7f5b5c028000-7f5b5c02d000 r--s 000b3000 ca:01 271726                     /usr/lib/jvm/java-1.8.0-openjdk-1.8.0.151-1.b12.35.amzn1.x86_64/jre/lib/jsse.jar
7f5b5c02d000-7f5b5c031000 r--s 0003c000 ca:01 15215                      /home/ec2-user/apache-maven-3.5.2/lib/plexus-utils-3.1.0.jar
7f5b5c031000-7f5b5c034000 r--s 00011000 ca:01 15219                      /home/ec2-user/apache-maven-3.5.2/lib/plexus-interpolation-1.24.jar
7f5b5c034000-7f5b5c035000 r--s 00006000 ca:01 15225                      /home/ec2-user/apache-maven-3.5.2/lib/maven-repository-metadata-3.5.2.jar
7f5b5c035000-7f5b5c039000 r--s 00023000 ca:01 15238                      /home/ec2-user/apache-maven-3.5.2/lib/maven-resolver-util-1.1.0.jar
7f5b5c039000-7f5b5c03a000 r--s 00003000 ca:01 15217                      /home/ec2-user/apache-maven-3.5.2/lib/maven-builder-support-3.5.2.jar
7f5b5c03a000-7f5b5c03d000 r--s 00008000 ca:01 15229                      /home/ec2-user/apache-maven-3.5.2/lib/cdi-api-1.0.jar
7f5b5c03d000-7f5b5c03f000 r--s 0000f000 ca:01 15235                      /home/ec2-user/apache-maven-3.5.2/lib/maven-resolver-provider-3.5.2.jar
7f5b5c03f000-7f5b5c040000 r--s 00006000 ca:01 15221                      /home/ec2-user/apache-maven-3.5.2/lib/plexus-sec-dispatcher-1.4.jar
7f5b5c040000-7f5b5c044000 r--s 0002f000 ca:01 15241                      /home/ec2-user/apache-maven-3.5.2/lib/commons-io-2.5.jar
7f5b5c044000-7f5b5c045000 r--s 00001000 ca:01 15230                      /home/ec2-user/apache-maven-3.5.2/lib/jsr250-api-1.0.jar
7f5b5c045000-7f5b5c049000 r--s 00020000 ca:01 15236                      /home/ec2-user/apache-maven-3.5.2/lib/maven-resolver-api-1.1.0.jar
7f5b5c049000-7f5b5c050000 r--s 00056000 ca:01 15232                      /home/ec2-user/apache-maven-3.5.2/lib/org.eclipse.sisu.inject-0.3.3.jar
7f5b5c050000-7f5b5c052000 r--s 00002000 ca:01 15222                      /home/ec2-user/apache-maven-3.5.2/lib/plexus-cipher-1.7.jar
7f5b5c052000-7f5b5c055000 r--s 0003c000 ca:01 15254                      /home/ec2-user/apache-maven-3.5.2/lib/jansi-1.16.jar
7f5b5c055000-7f5b5c059000 r--s 0002a000 ca:01 15239                      /home/ec2-user/apache-maven-3.5.2/lib/maven-resolver-impl-1.1.0.jar
7f5b5c059000-7f5b5c05b000 r--s 0000c000 ca:01 15245                      /home/ec2-user/apache-maven-3.5.2/lib/commons-cli-1.4.jar
7f5b5c05b000-7f5b5c05d000 r--s 0000a000 ca:01 15227                      /home/ec2-user/apache-maven-3.5.2/lib/maven-plugin-api-3.5.2.jar
7f5b5c05d000-7f5b5c060000 r--s 00026000 ca:01 15224                      /home/ec2-user/apache-maven-3.5.2/lib/maven-model-3.5.2.jar
7f5b5c060000-7f5b5c063000 r--s 00025000 ca:01 15240                      /home/ec2-user/apache-maven-3.5.2/lib/maven-shared-utils-3.1.0.jar
7f5b5c063000-7f5b5c065000 r--s 00009000 ca:01 15251                      /home/ec2-user/apache-maven-3.5.2/lib/maven-resolver-connector-basic-1.1.0.jar
7f5b5c065000-7f5b5c072000 r--s 0008d000 ca:01 15223                      /home/ec2-user/apache-maven-3.5.2/lib/maven-core-3.5.2.jar
7f5b5c072000-7f5b5c075000 r--s 00015000 ca:01 15213                      /home/ec2-user/apache-maven-3.5.2/lib/maven-embedder-3.5.2.jar
7f5b5c075000-7f5b5c077000 r--s 00009000 ca:01 15216                      /home/ec2-user/apache-maven-3.5.2/lib/maven-settings-builder-3.5.2.jar
7f5b5c077000-7f5b5c07b000 r--s 00028000 ca:01 15233                      /home/ec2-user/apache-maven-3.5.2/lib/maven-model-builder-3.5.2.jar
7f5b5c07b000-7f5b5c081000 r--s 0002d000 ca:01 15228                      /home/ec2-user/apache-maven-3.5.2/lib/org.eclipse.sisu.plexus-0.3.3.jar
7f5b5c081000-7f5b5c082000 r--s 00005000 ca:01 15253                      /home/ec2-user/apache-maven-3.5.2/lib/maven-slf4j-provider-3.5.2.jar
7f5b5c082000-7f5b5c083000 r--s 00002000 ca:01 15250                      /home/ec2-user/apache-maven-3.5.2/lib/wagon-file-2.12.jar
7f5b5c083000-7f5b5c085000 r--s 0000c000 ca:01 15247                      /home/ec2-user/apache-maven-3.5.2/lib/wagon-provider-api-2.12.jar
7f5b5c085000-7f5b5c087000 r--s 00007000 ca:01 15237                      /home/ec2-user/apache-maven-3.5.2/lib/maven-resolver-spi-1.1.0.jar
7f5b5c087000-7f5b5c08f000 r--s 0006e000 ca:01 15218                      /home/ec2-user/apache-maven-3.5.2/lib/commons-lang3-3.5.jar
7f5b5c08f000-7f5b5c0bb000 r--s 001e6000 ca:01 15248                      /home/ec2-user/apache-maven-3.5.2/lib/wagon-http-2.12-shaded.jar
7f5b5c0bb000-7f5b5c0ea000 r--s 00226000 ca:01 15234                      /home/ec2-user/apache-maven-3.5.2/lib/guava-20.0.jar
7f5b5c0ea000-7f5b5c0eb000 ---p 00000000 00:00 0 
7f5b5c0eb000-7f5b5c1eb000 rw-p 00000000 00:00 0 
7f5b5c1eb000-7f5b5c1ee000 ---p 00000000 00:00 0 
7f5b5c1ee000-7f5b5c2ec000 rw-p 00000000 00:00 0 
7f5b5c2ec000-7f5b5c2ef000 ---p 00000000 00:00 0 
7f5b5c2ef000-7f5b5c3ed000 rw-p 00000000 00:00 0 
7f5b5c3ed000-7f5b5c3f0000 ---p 00000000 00:00 0 
7f5b5c3f0000-7f5b5c4ee000 rw-p 00000000 00:00 0 
7f5b5c4ee000-7f5b5c4f1000 ---p 00000000 00:00 0 
7f5b5c4f1000-7f5b5c5ef000 rw-p 00000000 00:00 0 
7f5b5c5ef000-7f5b5c5f2000 ---p 00000000 00:00 0 
7f5b5c5f2000-7f5b5c6f0000 rw-p 00000000 00:00 0 
7f5b5c6f0000-7f5b5c6f3000 ---p 00000000 00:00 0 
7f5b5c6f3000-7f5b5c7f1000 rw-p 00000000 00:00 0 
7f5b5c7f1000-7f5b5c7f2000 ---p 00000000 00:00 0 
7f5b5c7f2000-7f5b5c940000 rw-p 00000000 00:00 0 
7f5b5c940000-7f5b5cb0f000 r--s 043ff000 ca:01 271740                     /usr/lib/jvm/java-1.8.0-openjdk-1.8.0.151-1.b12.35.amzn1.x86_64/jre/lib/rt.jar
7f5b5cb0f000-7f5b5d408000 rw-p 00000000 00:00 0 
7f5b5d408000-7f5b5d439000 rw-p 00000000 00:00 0 
7f5b5d439000-7f5b5d7c8000 ---p 00000000 00:00 0 
7f5b5d7c8000-7f5b5d7d0000 r-xp 00000000 ca:01 271684                     /usr/lib/jvm/java-1.8.0-openjdk-1.8.0.151-1.b12.35.amzn1.x86_64/jre/lib/amd64/libzip.so
7f5b5d7d0000-7f5b5d9d0000 ---p 00008000 ca:01 271684                     /usr/lib/jvm/java-1.8.0-openjdk-1.8.0.151-1.b12.35.amzn1.x86_64/jre/lib/amd64/libzip.so
7f5b5d9d0000-7f5b5d9d1000 rw-p 00008000 ca:01 271684                     /usr/lib/jvm/java-1.8.0-openjdk-1.8.0.151-1.b12.35.amzn1.x86_64/jre/lib/amd64/libzip.so
7f5b5d9d1000-7f5b5d9dd000 r-xp 00000000 ca:01 2709                       /lib64/libnss_files-2.17.so
7f5b5d9dd000-7f5b5dbdc000 ---p 0000c000 ca:01 2709                       /lib64/libnss_files-2.17.so
7f5b5dbdc000-7f5b5dbdd000 r--p 0000b000 ca:01 2709                       /lib64/libnss_files-2.17.so
7f5b5dbdd000-7f5b5dbde000 rw-p 0000c000 ca:01 2709                       /lib64/libnss_files-2.17.so
7f5b5dbde000-7f5b5dbe4000 rw-p 00000000 00:00 0 
7f5b5dbe4000-7f5b5dc11000 r-xp 00000000 ca:01 271666                     /usr/lib/jvm/java-1.8.0-openjdk-1.8.0.151-1.b12.35.amzn1.x86_64/jre/lib/amd64/libjava.so
7f5b5dc11000-7f5b5de11000 ---p 0002d000 ca:01 271666                     /usr/lib/jvm/java-1.8.0-openjdk-1.8.0.151-1.b12.35.amzn1.x86_64/jre/lib/amd64/libjava.so
7f5b5de11000-7f5b5de13000 rw-p 0002d000 ca:01 271666                     /usr/lib/jvm/java-1.8.0-openjdk-1.8.0.151-1.b12.35.amzn1.x86_64/jre/lib/amd64/libjava.so
7f5b5de13000-7f5b5de20000 r-xp 00000000 ca:01 271683                     /usr/lib/jvm/java-1.8.0-openjdk-1.8.0.151-1.b12.35.amzn1.x86_64/jre/lib/amd64/libverify.so
7f5b5de20000-7f5b5e01f000 ---p 0000d000 ca:01 271683                     /usr/lib/jvm/java-1.8.0-openjdk-1.8.0.151-1.b12.35.amzn1.x86_64/jre/lib/amd64/libverify.so
7f5b5e01f000-7f5b5e021000 rw-p 0000c000 ca:01 271683                     /usr/lib/jvm/java-1.8.0-openjdk-1.8.0.151-1.b12.35.amzn1.x86_64/jre/lib/amd64/libverify.so
7f5b5e021000-7f5b5e028000 r-xp 00000000 ca:01 2721                       /lib64/librt-2.17.so
7f5b5e028000-7f5b5e227000 ---p 00007000 ca:01 2721                       /lib64/librt-2.17.so
7f5b5e227000-7f5b5e228000 r--p 00006000 ca:01 2721                       /lib64/librt-2.17.so
7f5b5e228000-7f5b5e229000 rw-p 00007000 ca:01 2721                       /lib64/librt-2.17.so
7f5b5e229000-7f5b5e23f000 r-xp 00000000 ca:01 2617                       /lib64/libgcc_s-6.4.1-20170727.so.1
7f5b5e23f000-7f5b5e43e000 ---p 00016000 ca:01 2617                       /lib64/libgcc_s-6.4.1-20170727.so.1
7f5b5e43e000-7f5b5e43f000 rw-p 00015000 ca:01 2617                       /lib64/libgcc_s-6.4.1-20170727.so.1
7f5b5e43f000-7f5b5e540000 r-xp 00000000 ca:01 2699                       /lib64/libm-2.17.so
7f5b5e540000-7f5b5e73f000 ---p 00101000 ca:01 2699                       /lib64/libm-2.17.so
7f5b5e73f000-7f5b5e740000 r--p 00100000 ca:01 2699                       /lib64/libm-2.17.so
7f5b5e740000-7f5b5e741000 rw-p 00101000 ca:01 2699                       /lib64/libm-2.17.so
7f5b5e741000-7f5b5e8b4000 r-xp 00000000 ca:01 2936                       /usr/lib64/libstdc++.so.6.0.22
7f5b5e8b4000-7f5b5eab4000 ---p 00173000 ca:01 2936                       /usr/lib64/libstdc++.so.6.0.22
7f5b5eab4000-7f5b5eabe000 r--p 00173000 ca:01 2936                       /usr/lib64/libstdc++.so.6.0.22
7f5b5eabe000-7f5b5eac0000 rw-p 0017d000 ca:01 2936                       /usr/lib64/libstdc++.so.6.0.22
7f5b5eac0000-7f5b5eac4000 rw-p 00000000 00:00 0 
7f5b5eac4000-7f5b5f784000 r-xp 00000000 ca:01 271688                     /usr/lib/jvm/java-1.8.0-openjdk-1.8.0.151-1.b12.35.amzn1.x86_64/jre/lib/amd64/server/libjvm.so
7f5b5f784000-7f5b5f984000 ---p 00cc0000 ca:01 271688                     /usr/lib/jvm/java-1.8.0-openjdk-1.8.0.151-1.b12.35.amzn1.x86_64/jre/lib/amd64/server/libjvm.so
7f5b5f984000-7f5b5fa58000 rw-p 00cc0000 ca:01 271688                     /usr/lib/jvm/java-1.8.0-openjdk-1.8.0.151-1.b12.35.amzn1.x86_64/jre/lib/amd64/server/libjvm.so
7f5b5fa58000-7f5b5fa8a000 rw-p 00000000 00:00 0 
7f5b5fa8a000-7f5b5fc44000 r-xp 00000000 ca:01 2691                       /lib64/libc-2.17.so
7f5b5fc44000-7f5b5fe43000 ---p 001ba000 ca:01 2691                       /lib64/libc-2.17.so
7f5b5fe43000-7f5b5fe47000 r--p 001b9000 ca:01 2691                       /lib64/libc-2.17.so
7f5b5fe47000-7f5b5fe49000 rw-p 001bd000 ca:01 2691                       /lib64/libc-2.17.so
7f5b5fe49000-7f5b5fe4e000 rw-p 00000000 00:00 0 
7f5b5fe4e000-7f5b5fe50000 r-xp 00000000 ca:01 2697                       /lib64/libdl-2.17.so
7f5b5fe50000-7f5b60050000 ---p 00002000 ca:01 2697                       /lib64/libdl-2.17.so
7f5b60050000-7f5b60051000 r--p 00002000 ca:01 2697                       /lib64/libdl-2.17.so
7f5b60051000-7f5b60052000 rw-p 00003000 ca:01 2697                       /lib64/libdl-2.17.so
7f5b60052000-7f5b60060000 r-xp 00000000 ca:01 271653                     /usr/lib/jvm/java-1.8.0-openjdk-1.8.0.151-1.b12.35.amzn1.x86_64/jre/lib/amd64/jli/libjli.so
7f5b60060000-7f5b6025f000 ---p 0000e000 ca:01 271653                     /usr/lib/jvm/java-1.8.0-openjdk-1.8.0.151-1.b12.35.amzn1.x86_64/jre/lib/amd64/jli/libjli.so
7f5b6025f000-7f5b60260000 rw-p 0000d000 ca:01 271653                     /usr/lib/jvm/java-1.8.0-openjdk-1.8.0.151-1.b12.35.amzn1.x86_64/jre/lib/amd64/jli/libjli.so
7f5b60260000-7f5b60275000 r-xp 00000000 ca:01 2837                       /lib64/libz.so.1.2.8
7f5b60275000-7f5b60474000 ---p 00015000 ca:01 2837                       /lib64/libz.so.1.2.8
7f5b60474000-7f5b60475000 r--p 00014000 ca:01 2837                       /lib64/libz.so.1.2.8
7f5b60475000-7f5b60476000 rw-p 00015000 ca:01 2837                       /lib64/libz.so.1.2.8
7f5b60476000-7f5b6048d000 r-xp 00000000 ca:01 2717                       /lib64/libpthread-2.17.so
7f5b6048d000-7f5b6068c000 ---p 00017000 ca:01 2717                       /lib64/libpthread-2.17.so
7f5b6068c000-7f5b6068d000 r--p 00016000 ca:01 2717                       /lib64/libpthread-2.17.so
7f5b6068d000-7f5b6068e000 rw-p 00017000 ca:01 2717                       /lib64/libpthread-2.17.so
7f5b6068e000-7f5b60692000 rw-p 00000000 00:00 0 
7f5b60692000-7f5b606b3000 r-xp 00000000 ca:01 2684                       /lib64/ld-2.17.so
7f5b606b3000-7f5b606b5000 r--s 00006000 ca:01 15252                      /home/ec2-user/apache-maven-3.5.2/lib/maven-resolver-transport-wagon-1.1.0.jar
7f5b606b5000-7f5b606b6000 r--s 00000000 ca:01 15231                      /home/ec2-user/apache-maven-3.5.2/lib/javax.inject-1.jar
7f5b606b6000-7f5b606b8000 r--s 00000000 ca:01 15220                      /home/ec2-user/apache-maven-3.5.2/lib/plexus-component-annotations-1.7.1.jar
7f5b606b8000-7f5b606ba000 r--s 00000000 ca:01 15243                      /home/ec2-user/apache-maven-3.5.2/lib/aopalliance-1.0.jar
7f5b606ba000-7f5b606bc000 r--s 0000c000 ca:01 15226                      /home/ec2-user/apache-maven-3.5.2/lib/maven-artifact-3.5.2.jar
7f5b606bc000-7f5b606c2000 r--s 00041000 ca:01 15246                      /home/ec2-user/apache-maven-3.5.2/lib/maven-compat-3.5.2.jar
7f5b606c2000-7f5b606c4000 r--s 00009000 ca:01 15244                      /home/ec2-user/apache-maven-3.5.2/lib/slf4j-api-1.7.25.jar
7f5b606c4000-7f5b606cd000 r--s 0005f000 ca:01 15242                      /home/ec2-user/apache-maven-3.5.2/lib/guice-4.0-no_aop.jar
7f5b606cd000-7f5b606cf000 r--s 00003000 ca:01 15249                      /home/ec2-user/apache-maven-3.5.2/lib/jcl-over-slf4j-1.7.25.jar
7f5b606cf000-7f5b606f7000 rw-p 00000000 00:00 0 
7f5b606f7000-7f5b60722000 ---p 00000000 00:00 0 
7f5b60722000-7f5b60731000 rw-p 00000000 00:00 0 
7f5b60731000-7f5b6074b000 ---p 00000000 00:00 0 
7f5b6074b000-7f5b60773000 rw-p 00000000 00:00 0 
7f5b60773000-7f5b6079e000 ---p 00000000 00:00 0 
7f5b6079e000-7f5b6079f000 rw-p 00000000 00:00 0 
7f5b6079f000-7f5b607a7000 rw-s 00000000 ca:01 326261                     /tmp/hsperfdata_ec2-user/1965
7f5b607a7000-7f5b607aa000 ---p 00000000 00:00 0 
7f5b607aa000-7f5b608ad000 rw-p 00000000 00:00 0 
7f5b608ad000-7f5b608ae000 r--s 0000a000 ca:01 15214                      /home/ec2-user/apache-maven-3.5.2/lib/maven-settings-3.5.2.jar
7f5b608ae000-7f5b608b0000 r--s 0000b000 ca:01 15212                      /home/ec2-user/apache-maven-3.5.2/boot/plexus-classworlds-2.5.2.jar
7f5b608b0000-7f5b608b1000 rw-p 00000000 00:00 0 
7f5b608b1000-7f5b608b2000 ---p 00000000 00:00 0 
7f5b608b2000-7f5b608b3000 rw-p 00000000 00:00 0 
7f5b608b3000-7f5b608b4000 r--p 00021000 ca:01 2684                       /lib64/ld-2.17.so
7f5b608b4000-7f5b608b5000 rw-p 00022000 ca:01 2684                       /lib64/ld-2.17.so
7f5b608b5000-7f5b608b6000 rw-p 00000000 00:00 0 
7ffcaf94c000-7ffcaf96e000 rw-p 00000000 00:00 0                          [stack]
7ffcaf9c9000-7ffcaf9cb000 r--p 00000000 00:00 0                          [vvar]
7ffcaf9cb000-7ffcaf9cd000 r-xp 00000000 00:00 0                          [vdso]
ffffffffff600000-ffffffffff601000 r-xp 00000000 00:00 0                  [vsyscall]

VM Arguments:
jvm_args: -Dclassworlds.conf=/home/ec2-user/apache-maven-3.5.2/bin/m2.conf -Dmaven.home=/home/ec2-user/apache-maven-3.5.2 -Dlibrary.jansi.path=/home/ec2-user/apache-maven-3.5.2/lib/jansi-native -Dmaven.multiModuleProjectDirectory=/home/ec2-user/.jenkins/workspace/HoneyBadgersProject2 
java_command: org.codehaus.plexus.classworlds.launcher.Launcher install
java_class_path (initial): /home/ec2-user/apache-maven-3.5.2/boot/plexus-classworlds-2.5.2.jar
Launcher Type: SUN_STANDARD

Environment Variables:
PATH=/home/ec2-user/apache-maven-3.5.2/bin:/usr/local/bin:/bin:/usr/bin:/usr/local/sbin:/usr/sbin:/sbin:/home/ec2-user/.local/bin:/home/ec2-user/bin
SHELL=/bin/bash

Signal Handlers:
SIGSEGV: [libjvm.so+0xab0570], sa_mask[0]=11111111011111111101111111111110, sa_flags=SA_RESTART|SA_SIGINFO
SIGBUS: [libjvm.so+0xab0570], sa_mask[0]=11111111011111111101111111111110, sa_flags=SA_RESTART|SA_SIGINFO
SIGFPE: [libjvm.so+0x8a8ae0], sa_mask[0]=11111111011111111101111111111110, sa_flags=SA_RESTART|SA_SIGINFO
SIGPIPE: [libjvm.so+0x8a8ae0], sa_mask[0]=11111111011111111101111111111110, sa_flags=SA_RESTART|SA_SIGINFO
SIGXFSZ: [libjvm.so+0x8a8ae0], sa_mask[0]=11111111011111111101111111111110, sa_flags=SA_RESTART|SA_SIGINFO
SIGILL: [libjvm.so+0x8a8ae0], sa_mask[0]=11111111011111111101111111111110, sa_flags=SA_RESTART|SA_SIGINFO
SIGUSR1: SIG_DFL, sa_mask[0]=00000000000000000000000000000000, sa_flags=none
SIGUSR2: [libjvm.so+0x8a8990], sa_mask[0]=00100000000000000000000000000000, sa_flags=SA_RESTART|SA_SIGINFO
SIGHUP: SIG_IGN, sa_mask[0]=00000000000000000000000000000000, sa_flags=none
SIGINT: [libjvm.so+0x8a8ba0], sa_mask[0]=11111111011111111101111111111110, sa_flags=SA_RESTART|SA_SIGINFO
SIGTERM: [libjvm.so+0x8a8ba0], sa_mask[0]=11111111011111111101111111111110, sa_flags=SA_RESTART|SA_SIGINFO
SIGQUIT: [libjvm.so+0x8a8ba0], sa_mask[0]=11111111011111111101111111111110, sa_flags=SA_RESTART|SA_SIGINFO


---------------  S Y S T E M  ---------------

OS:Amazon Linux AMI release 2017.09

uname:Linux 4.9.70-25.242.amzn1.x86_64 #1 SMP Wed Jan 3 05:36:22 UTC 2018 x86_64
libc:glibc 2.17 NPTL 2.17 
rlimit: STACK 8192k, CORE 0k, NPROC 3876, NOFILE 4096, AS infinity
load average:0.85 0.48 0.23

/proc/meminfo:
MemTotal:        1012240 kB
MemFree:           69152 kB
MemAvailable:      17404 kB
Buffers:            3548 kB
Cached:            22296 kB
SwapCached:            0 kB
Active:           885256 kB
Inactive:          13160 kB
Active(anon):     872592 kB
Inactive(anon):       48 kB
Active(file):      12664 kB
Inactive(file):    13112 kB
Unevictable:           0 kB
Mlocked:               0 kB
SwapTotal:             0 kB
SwapFree:              0 kB
Dirty:               104 kB
Writeback:             0 kB
AnonPages:        872580 kB
Mapped:             9044 kB
Shmem:                60 kB
Slab:              25232 kB
SReclaimable:      13492 kB
SUnreclaim:        11740 kB
KernelStack:        4192 kB
PageTables:         5156 kB
NFS_Unstable:          0 kB
Bounce:                0 kB
WritebackTmp:          0 kB
CommitLimit:      506120 kB
Committed_AS:     967708 kB
VmallocTotal:   34359738367 kB
VmallocUsed:           0 kB
VmallocChunk:          0 kB
AnonHugePages:         0 kB
ShmemHugePages:        0 kB
ShmemPmdMapped:        0 kB
HugePages_Total:       0
HugePages_Free:        0
HugePages_Rsvd:        0
HugePages_Surp:        0
Hugepagesize:       2048 kB
DirectMap4k:       12288 kB
DirectMap2M:     1036288 kB


CPU:total 1 (initial active 1) (1 cores per cpu, 1 threads per core) family 6 model 63 stepping 2, cmov, cx8, fxsr, mmx, sse, sse2, sse3, ssse3, sse4.1, sse4.2, popcnt, avx, avx2, aes, clmul, erms, lzcnt, tsc, bmi1, bmi2

/proc/cpuinfo:
processor	: 0
vendor_id	: GenuineIntel
cpu family	: 6
model		: 63
model name	: Intel(R) Xeon(R) CPU E5-2676 v3 @ 2.40GHz
stepping	: 2
microcode	: 0x3b
cpu MHz		: 2394.625
cache size	: 30720 KB
physical id	: 0
siblings	: 1
core id		: 0
cpu cores	: 1
apicid		: 0
initial apicid	: 0
fpu		: yes
fpu_exception	: yes
cpuid level	: 13
wp		: yes
flags		: fpu vme de pse tsc msr pae mce cx8 apic sep mtrr pge mca cmov pat pse36 clflush mmx fxsr sse sse2 ht syscall nx rdtscp lm constant_tsc rep_good nopl xtopology eagerfpu pni pclmulqdq ssse3 fma cx16 pcid sse4_1 sse4_2 x2apic movbe popcnt tsc_deadline_timer aes xsave avx f16c rdrand hypervisor lahf_lm abm invpcid_single fsgsbase bmi1 avx2 smep bmi2 erms invpcid xsaveopt
bugs		:
bogomips	: 4789.03
clflush size	: 64
cache_alignment	: 64
address sizes	: 46 bits physical, 48 bits virtual
power management:



Memory: 4k page, physical 1012240k(69152k free), swap 0k(0k free)

vm_info: OpenJDK 64-Bit Server VM (25.151-b12) for linux-amd64 JRE (1.8.0_151-b12), built on Oct 25 2017 20:37:17 by "mockbuild" with gcc 4.8.5 20150623 (Red Hat 4.8.5-11)

time: Wed Jan 17 16:09:08 2018
elapsed time: 8 seconds (0d 0h 0m 8s)

