#
# There is insufficient memory for the Java Runtime Environment to continue.
# Native memory allocation (mmap) failed to map 47091712 bytes for committing reserved memory.
# Possible reasons:
#   The system is out of physical RAM or swap space
#   In 32 bit mode, the process size limit was hit
# Possible solutions:
#   Reduce memory load on the system
#   Increase physical memory or swap space
#   Check if swap backing store is full
#   Use 64 bit Java on a 64 bit OS
#   Decrease Java heap size (-Xmx/-Xms)
#   Decrease number of Java threads
#   Decrease Java thread stack sizes (-Xss)
#   Set larger code cache with -XX:ReservedCodeCacheSize=
# This output file may be truncated or incomplete.
#
#  Out of Memory Error (os_linux.cpp:2651), pid=1739, tid=0x00007f7ea1364700
#
# JRE version: OpenJDK Runtime Environment (8.0_151-b12) (build 1.8.0_151-b12)
# Java VM: OpenJDK 64-Bit Server VM (25.151-b12 mixed mode linux-amd64 compressed oops)
# Failed to write core dump. Core dumps have been disabled. To enable core dumping, try "ulimit -c unlimited" before starting Java again
#

---------------  T H R E A D  ---------------

Current thread (0x00007f7e9c07a880):  VMThread [stack: 0x00007f7ea1264000,0x00007f7ea1365000] [id=1761]

Stack: [0x00007f7ea1264000,0x00007f7ea1365000],  sp=0x00007f7ea1363510,  free space=1021k
Native frames: (J=compiled Java code, j=interpreted, Vv=VM code, C=native code)
V  [libjvm.so+0xaafa5d]
V  [libjvm.so+0x4eb16a]
V  [libjvm.so+0x8ad2f8]
V  [libjvm.so+0x8a782e]
V  [libjvm.so+0xaac854]
V  [libjvm.so+0x5d8fdd]
V  [libjvm.so+0x5d935d]
V  [libjvm.so+0x5c9c40]
V  [libjvm.so+0x47b892]
V  [libjvm.so+0xab0a01]
V  [libjvm.so+0xab5c77]
V  [libjvm.so+0xab4668]
V  [libjvm.so+0xab4b39]
V  [libjvm.so+0xab4f91]
V  [libjvm.so+0x8aa652]

VM_Operation (0x00007f7e8c12d290): GenCollectForAllocation, mode: safepoint, requested by thread 0x00007f7e9d00a030


---------------  P R O C E S S  ---------------

Java Threads: ( => current thread )
  0x00007f7e9d00a030 JavaThread "pool-1-thread-1" [_thread_blocked, id=1787, stack(0x00007f7e8c02e000,0x00007f7e8c12f000)]
  0x00007f7e9c0c38e0 JavaThread "Service Thread" daemon [_thread_blocked, id=1767, stack(0x00007f7ea0c5e000,0x00007f7ea0d5f000)]
  0x00007f7e9c0b4790 JavaThread "C1 CompilerThread1" daemon [_thread_blocked, id=1766, stack(0x00007f7ea0d5f000,0x00007f7ea0e60000)]
  0x00007f7e9c0b2bf0 JavaThread "C2 CompilerThread0" daemon [_thread_blocked, id=1765, stack(0x00007f7ea0e60000,0x00007f7ea0f61000)]
  0x00007f7e9c0b12f0 JavaThread "Signal Dispatcher" daemon [_thread_blocked, id=1764, stack(0x00007f7ea0f61000,0x00007f7ea1062000)]
  0x00007f7e9c088010 JavaThread "Finalizer" daemon [_thread_blocked, id=1763, stack(0x00007f7ea1062000,0x00007f7ea1163000)]
  0x00007f7e9c083de0 JavaThread "Reference Handler" daemon [_thread_blocked, id=1762, stack(0x00007f7ea1163000,0x00007f7ea1264000)]
  0x00007f7e9c008eb0 JavaThread "main" [_thread_blocked, id=1760, stack(0x00007f7ea521a000,0x00007f7ea531b000)]

Other Threads:
=>0x00007f7e9c07a880 VMThread [stack: 0x00007f7ea1264000,0x00007f7ea1365000] [id=1761]
  0x00007f7e9c01ade0 WatcherThread [stack: 0x00007f7ea0b5d000,0x00007f7ea0c5e000] [id=1768]

VM state:at safepoint (normal execution)

VM Mutex/Monitor currently owned by a thread:  ([mutex/lock_event])
[0x00007f7e9c006930] Threads_lock - owner thread: 0x00007f7e9c07a880
[0x00007f7e9c006e30] Heap_lock - owner thread: 0x00007f7e9d00a030

Heap:
 def new generation   total 27008K, used 0K [0x00000000f0800000, 0x00000000f2540000, 0x00000000f5aa0000)
  eden space 24064K,   0% used [0x00000000f0800000, 0x00000000f0800000, 0x00000000f1f80000)
  from space 2944K,   0% used [0x00000000f1f80000, 0x00000000f1f80000, 0x00000000f2260000)
  to   space 2944K,   0% used [0x00000000f2260000, 0x00000000f2260000, 0x00000000f2540000)
 tenured generation   total 79348K, used 75200K [0x00000000f5aa0000, 0x00000000fa81d000, 0x0000000100000000)
   the space 79348K,  94% used [0x00000000f5aa0000, 0x00000000fa410088, 0x00000000fa410200, 0x00000000fa81d000)
 Metaspace       used 27489K, capacity 28084K, committed 28416K, reserved 1075200K
  class space    used 3095K, capacity 3277K, committed 3328K, reserved 1048576K

Card table byte_map: [0x00007f7ea5195000,0x00007f7ea5212000] byte_map_base: 0x00007f7ea4a11000

Polling page: 0x00007f7ea5324000

CodeCache: size=245760Kb used=11549Kb max_used=12351Kb free=234211Kb
 bounds [0x00007f7e8d000000, 0x00007f7e8dc40000, 0x00007f7e9c000000]
 total_blobs=4404 nmethods=3996 adapters=321
 compilation: enabled

Compilation events (10 events):
Event: 9.533 Thread 0x00007f7e9c0b4790 4443   !   3       org.codehaus.plexus.archiver.zip.ByteArrayOutputStream::write (151 bytes)
Event: 9.533 Thread 0x00007f7e9c0b4790 nmethod 4443 0x00007f7e8d693c50 code [0x00007f7e8d693e20, 0x00007f7e8d6945a0]
Event: 9.551 Thread 0x00007f7e9c0b4790 4444       3       org.apache.commons.io.output.ThresholdingOutputStream::checkThreshold (33 bytes)
Event: 9.551 Thread 0x00007f7e9c0b4790 nmethod 4444 0x00007f7e8d510350 code [0x00007f7e8d5104c0, 0x00007f7e8d510740]
Event: 9.552 Thread 0x00007f7e9c0b4790 4445       3       java.util.zip.CRC32::update (51 bytes)
Event: 9.552 Thread 0x00007f7e9c0b4790 nmethod 4445 0x00007f7e8d61aad0 code [0x00007f7e8d61ac60, 0x00007f7e8d61b030]
Event: 9.552 Thread 0x00007f7e9c0b4790 4446       3       org.apache.commons.compress.archivers.zip.StreamCompressor::writeDeflated (119 bytes)
Event: 9.553 Thread 0x00007f7e9c0b4790 nmethod 4446 0x00007f7e8d2af450 code [0x00007f7e8d2af6c0, 0x00007f7e8d2b0648]
Event: 9.561 Thread 0x00007f7e9c0b2bf0 4447       4       java.io.InputStream::<init> (5 bytes)
Event: 9.562 Thread 0x00007f7e9c0b2bf0 nmethod 4447 0x00007f7e8d1e09d0 code [0x00007f7e8d1e0b20, 0x00007f7e8d1e0bb8]

GC Heap History (10 events):
Event: 8.245 GC heap after
Heap after GC invocations=50 (full 3):
 def new generation   total 15552K, used 1728K [0x00000000f0800000, 0x00000000f18e0000, 0x00000000f5aa0000)
  eden space 13824K,   0% used [0x00000000f0800000, 0x00000000f0800000, 0x00000000f1580000)
  from space 1728K, 100% used [0x00000000f1730000, 0x00000000f18e0000, 0x00000000f18e0000)
  to   space 1728K,   0% used [0x00000000f1580000, 0x00000000f1580000, 0x00000000f1730000)
 tenured generation   total 34476K, used 27642K [0x00000000f5aa0000, 0x00000000f7c4b000, 0x0000000100000000)
   the space 34476K,  80% used [0x00000000f5aa0000, 0x00000000f759e960, 0x00000000f759ea00, 0x00000000f7c4b000)
 Metaspace       used 24234K, capacity 24708K, committed 24960K, reserved 1071104K
  class space    used 2659K, capacity 2817K, committed 2944K, reserved 1048576K
}
Event: 8.684 GC heap before
{Heap before GC invocations=50 (full 3):
 def new generation   total 15552K, used 15552K [0x00000000f0800000, 0x00000000f18e0000, 0x00000000f5aa0000)
  eden space 13824K, 100% used [0x00000000f0800000, 0x00000000f1580000, 0x00000000f1580000)
  from space 1728K, 100% used [0x00000000f1730000, 0x00000000f18e0000, 0x00000000f18e0000)
  to   space 1728K,   0% used [0x00000000f1580000, 0x00000000f1580000, 0x00000000f1730000)
 tenured generation   total 34476K, used 27642K [0x00000000f5aa0000, 0x00000000f7c4b000, 0x0000000100000000)
   the space 34476K,  80% used [0x00000000f5aa0000, 0x00000000f759e960, 0x00000000f759ea00, 0x00000000f7c4b000)
 Metaspace       used 26263K, capacity 26748K, committed 27008K, reserved 1073152K
  class space    used 2966K, capacity 3113K, committed 3200K, reserved 1048576K
Event: 8.691 GC heap after
Heap after GC invocations=51 (full 3):
 def new generation   total 15552K, used 1728K [0x00000000f0800000, 0x00000000f18e0000, 0x00000000f5aa0000)
  eden space 13824K,   0% used [0x00000000f0800000, 0x00000000f0800000, 0x00000000f1580000)
  from space 1728K, 100% used [0x00000000f1580000, 0x00000000f1730000, 0x00000000f1730000)
  to   space 1728K,   0% used [0x00000000f1730000, 0x00000000f1730000, 0x00000000f18e0000)
 tenured generation   total 34476K, used 29351K [0x00000000f5aa0000, 0x00000000f7c4b000, 0x0000000100000000)
   the space 34476K,  85% used [0x00000000f5aa0000, 0x00000000f7749ca0, 0x00000000f7749e00, 0x00000000f7c4b000)
 Metaspace       used 26263K, capacity 26748K, committed 27008K, reserved 1073152K
  class space    used 2966K, capacity 3113K, committed 3200K, reserved 1048576K
}
Event: 9.263 GC heap before
{Heap before GC invocations=51 (full 3):
 def new generation   total 15552K, used 8656K [0x00000000f0800000, 0x00000000f18e0000, 0x00000000f5aa0000)
  eden space 13824K,  50% used [0x00000000f0800000, 0x00000000f0ec40a8, 0x00000000f1580000)
  from space 1728K, 100% used [0x00000000f1580000, 0x00000000f1730000, 0x00000000f1730000)
  to   space 1728K,   0% used [0x00000000f1730000, 0x00000000f1730000, 0x00000000f18e0000)
 tenured generation   total 34476K, used 29351K [0x00000000f5aa0000, 0x00000000f7c4b000, 0x0000000100000000)
   the space 34476K,  85% used [0x00000000f5aa0000, 0x00000000f7749ca0, 0x00000000f7749e00, 0x00000000f7c4b000)
 Metaspace       used 27248K, capacity 27828K, committed 28160K, reserved 1075200K
  class space    used 3067K, capacity 3213K, committed 3328K, reserved 1048576K
Event: 9.280 GC heap after
Heap after GC invocations=52 (full 3):
 def new generation   total 15552K, used 1222K [0x00000000f0800000, 0x00000000f18e0000, 0x00000000f5aa0000)
  eden space 13824K,   0% used [0x00000000f0800000, 0x00000000f0800000, 0x00000000f1580000)
  from space 1728K,  70% used [0x00000000f1730000, 0x00000000f18619e0, 0x00000000f18e0000)
  to   space 1728K,   0% used [0x00000000f1580000, 0x00000000f1580000, 0x00000000f1730000)
 tenured generation   total 34476K, used 30183K [0x00000000f5aa0000, 0x00000000f7c4b000, 0x0000000100000000)
   the space 34476K,  87% used [0x00000000f5aa0000, 0x00000000f7819cd0, 0x00000000f7819e00, 0x00000000f7c4b000)
 Metaspace       used 27248K, capacity 27828K, committed 28160K, reserved 1075200K
  class space    used 3067K, capacity 3213K, committed 3328K, reserved 1048576K
}
Event: 9.284 GC heap before
{Heap before GC invocations=52 (full 3):
 def new generation   total 15552K, used 11260K [0x00000000f0800000, 0x00000000f18e0000, 0x00000000f5aa0000)
  eden space 13824K,  72% used [0x00000000f0800000, 0x00000000f11cd7c0, 0x00000000f1580000)
  from space 1728K,  70% used [0x00000000f1730000, 0x00000000f18619e0, 0x00000000f18e0000)
  to   space 1728K,   0% used [0x00000000f1580000, 0x00000000f1580000, 0x00000000f1730000)
 tenured generation   total 34476K, used 30183K [0x00000000f5aa0000, 0x00000000f7c4b000, 0x0000000100000000)
   the space 34476K,  87% used [0x00000000f5aa0000, 0x00000000f7819cd0, 0x00000000f7819e00, 0x00000000f7c4b000)
 Metaspace       used 27255K, capacity 27828K, committed 28160K, reserved 1075200K
  class space    used 3068K, capacity 3213K, committed 3328K, reserved 1048576K
Event: 9.424 GC heap after
Heap after GC invocations=53 (full 4):
 def new generation   total 27008K, used 0K [0x00000000f0800000, 0x00000000f2540000, 0x00000000f5aa0000)
  eden space 24064K,   0% used [0x00000000f0800000, 0x00000000f0800000, 0x00000000f1f80000)
  from space 2944K,   0% used [0x00000000f1f80000, 0x00000000f1f80000, 0x00000000f2260000)
  to   space 2944K,   0% used [0x00000000f2260000, 0x00000000f2260000, 0x00000000f2540000)
 tenured generation   total 59812K, used 35886K [0x00000000f5aa0000, 0x00000000f9509000, 0x0000000100000000)
   the space 59812K,  59% used [0x00000000f5aa0000, 0x00000000f7dabb50, 0x00000000f7dabc00, 0x00000000f9509000)
 Metaspace       used 27255K, capacity 27828K, committed 28160K, reserved 1075200K
  class space    used 3068K, capacity 3213K, committed 3328K, reserved 1048576K
}
Event: 9.432 GC heap before
{Heap before GC invocations=53 (full 4):
 def new generation   total 27008K, used 20004K [0x00000000f0800000, 0x00000000f2540000, 0x00000000f5aa0000)
  eden space 24064K,  83% used [0x00000000f0800000, 0x00000000f1b89020, 0x00000000f1f80000)
  from space 2944K,   0% used [0x00000000f1f80000, 0x00000000f1f80000, 0x00000000f2260000)
  to   space 2944K,   0% used [0x00000000f2260000, 0x00000000f2260000, 0x00000000f2540000)
 tenured generation   total 59812K, used 35886K [0x00000000f5aa0000, 0x00000000f9509000, 0x0000000100000000)
   the space 59812K,  59% used [0x00000000f5aa0000, 0x00000000f7dabb50, 0x00000000f7dabc00, 0x00000000f9509000)
 Metaspace       used 27255K, capacity 27828K, committed 28160K, reserved 1075200K
  class space    used 3068K, capacity 3213K, committed 3328K, reserved 1048576K
Event: 9.441 GC heap after
Heap after GC invocations=54 (full 4):
 def new generation   total 27008K, used 16K [0x00000000f0800000, 0x00000000f2540000, 0x00000000f5aa0000)
  eden space 24064K,   0% used [0x00000000f0800000, 0x00000000f0800000, 0x00000000f1f80000)
  from space 2944K,   0% used [0x00000000f2260000, 0x00000000f22643f0, 0x00000000f2540000)
  to   space 2944K,   0% used [0x00000000f1f80000, 0x00000000f1f80000, 0x00000000f2260000)
 tenured generation   total 59812K, used 55418K [0x00000000f5aa0000, 0x00000000f9509000, 0x0000000100000000)
   the space 59812K,  92% used [0x00000000f5aa0000, 0x00000000f90be870, 0x00000000f90bea00, 0x00000000f9509000)
 Metaspace       used 27255K, capacity 27828K, committed 28160K, reserved 1075200K
  class space    used 3068K, capacity 3213K, committed 3328K, reserved 1048576K
}
Event: 9.910 GC heap before
{Heap before GC invocations=54 (full 4):
 def new generation   total 27008K, used 21921K [0x00000000f0800000, 0x00000000f2540000, 0x00000000f5aa0000)
  eden space 24064K,  91% used [0x00000000f0800000, 0x00000000f1d64038, 0x00000000f1f80000)
  from space 2944K,   0% used [0x00000000f2260000, 0x00000000f22643f0, 0x00000000f2540000)
  to   space 2944K,   0% used [0x00000000f1f80000, 0x00000000f1f80000, 0x00000000f2260000)
 tenured generation   total 59812K, used 55418K [0x00000000f5aa0000, 0x00000000f9509000, 0x0000000100000000)
   the space 59812K,  92% used [0x00000000f5aa0000, 0x00000000f90be870, 0x00000000f90bea00, 0x00000000f9509000)
 Metaspace       used 27489K, capacity 28084K, committed 28416K, reserved 1075200K
  class space    used 3095K, capacity 3277K, committed 3328K, reserved 1048576K

Deoptimization events (10 events):
Event: 6.434 Thread 0x00007f7e9c008eb0 Uncommon trap: reason=unstable_if action=reinterpret pc=0x00007f7e8d3118e0 method=java.lang.CharacterDataLatin1.isWhitespace(I)Z @ 14
Event: 7.049 Thread 0x00007f7e9c008eb0 Uncommon trap: reason=bimorphic action=maybe_recompile pc=0x00007f7e8d708310 method=java.util.regex.Pattern$CharProperty.match(Ljava/util/regex/Matcher;ILjava/lang/CharSequence;)Z @ 37
Event: 7.910 Thread 0x00007f7e9c008eb0 Uncommon trap: reason=class_check action=maybe_recompile pc=0x00007f7e8d89ab30 method=java.util.regex.Pattern$7.isSatisfiedBy(I)Z @ 16
Event: 7.910 Thread 0x00007f7e9c008eb0 Uncommon trap: reason=class_check action=maybe_recompile pc=0x00007f7e8d89ab30 method=java.util.regex.Pattern$7.isSatisfiedBy(I)Z @ 16
Event: 7.910 Thread 0x00007f7e9c008eb0 Uncommon trap: reason=unstable_if action=reinterpret pc=0x00007f7e8d89ab60 method=java.util.regex.Pattern$7.isSatisfiedBy(I)Z @ 19
Event: 8.094 Thread 0x00007f7e9c008eb0 Uncommon trap: reason=bimorphic action=maybe_recompile pc=0x00007f7e8d606358 method=java.util.regex.Pattern$Curly.match0(Ljava/util/regex/Matcher;IILjava/lang/CharSequence;)Z @ 170
Event: 8.112 Thread 0x00007f7e9c008eb0 Uncommon trap: reason=unstable_if action=reinterpret pc=0x00007f7e8db41ef8 method=org.codehaus.plexus.classworlds.realm.Entry.matches(Ljava/lang/String;)Z @ 165
Event: 8.524 Thread 0x00007f7e9c008eb0 Uncommon trap: reason=unstable_if action=reinterpret pc=0x00007f7e8d4162e8 method=java.util.HashMap.hash(Ljava/lang/Object;)I @ 1
Event: 8.646 Thread 0x00007f7e9c008eb0 Uncommon trap: reason=unstable_if action=reinterpret pc=0x00007f7e8d23f970 method=org.codehaus.plexus.classworlds.realm.Entry.matches(Ljava/lang/String;)Z @ 20
Event: 9.450 Thread 0x00007f7e9c008eb0 Uncommon trap: reason=unstable_if action=reinterpret pc=0x00007f7e8d193484 method=java.lang.StringCoding$StringEncoder.encode([CII)[B @ 20

Internal exceptions (10 events):
Event: 2.163 Thread 0x00007f7e9c008eb0 Implicit null exception at 0x00007f7e8d248f75 to 0x00007f7e8d249329
Event: 2.163 Thread 0x00007f7e9c008eb0 Implicit null exception at 0x00007f7e8d226576 to 0x00007f7e8d22692d
Event: 3.015 Thread 0x00007f7e9c008eb0 Implicit null exception at 0x00007f7e8d2e98f5 to 0x00007f7e8d2e9ad9
Event: 3.015 Thread 0x00007f7e9c008eb0 Implicit null exception at 0x00007f7e8d3288ef to 0x00007f7e8d328959
Event: 3.346 Thread 0x00007f7e9c008eb0 Implicit null exception at 0x00007f7e8d6e36c9 to 0x00007f7e8d6e41cd
Event: 5.611 Thread 0x00007f7e9c008eb0 Exception <a 'java/lang/ClassNotFoundException': com/sun/tools/javac/api/JavacTool> (0x00000000f0a60750) thrown at [/builddir/build/BUILD/java-1.8.0-openjdk-1.8.0.151-1.b12.35.amzn1.x86_64/openjdk/hotspot/src/share/vm/classfile/systemDictionary.cpp, line 
Event: 6.575 Thread 0x00007f7e9c008eb0 Exception <a 'java/io/FileNotFoundException'> (0x00000000f0e47ad8) thrown at [/builddir/build/BUILD/java-1.8.0-openjdk-1.8.0.151-1.b12.35.amzn1.x86_64/openjdk/hotspot/src/share/vm/prims/jni.cpp, line 710]
Event: 6.583 Thread 0x00007f7e9c008eb0 Exception <a 'java/io/FileNotFoundException'> (0x00000000f0e6d720) thrown at [/builddir/build/BUILD/java-1.8.0-openjdk-1.8.0.151-1.b12.35.amzn1.x86_64/openjdk/hotspot/src/share/vm/prims/jni.cpp, line 710]
Event: 6.583 Thread 0x00007f7e9c008eb0 Exception <a 'java/io/FileNotFoundException'> (0x00000000f0e6e578) thrown at [/builddir/build/BUILD/java-1.8.0-openjdk-1.8.0.151-1.b12.35.amzn1.x86_64/openjdk/hotspot/src/share/vm/prims/jni.cpp, line 710]
Event: 8.524 Thread 0x00007f7e9c008eb0 Implicit null exception at 0x00007f7e8d415cfb to 0x00007f7e8d4162cd

Events (10 events):
Event: 9.494 loading class org/apache/commons/compress/archivers/zip/ZipUtil done
Event: 9.495 loading class org/apache/commons/compress/archivers/zip/UnsupportedZipFeatureException
Event: 9.495 loading class org/apache/commons/compress/archivers/zip/UnsupportedZipFeatureException done
Event: 9.495 loading class org/apache/commons/compress/archivers/zip/UnsupportedZipFeatureException
Event: 9.495 loading class org/apache/commons/compress/archivers/zip/UnsupportedZipFeatureException done
Event: 9.500 loading class org/apache/commons/compress/archivers/zip/ZipMethod
Event: 9.500 loading class org/apache/commons/compress/archivers/zip/ZipMethod done
Event: 9.501 loading class org/apache/commons/compress/archivers/zip/ZipMethod
Event: 9.501 loading class org/apache/commons/compress/archivers/zip/ZipMethod done
Event: 9.910 Executing VM operation: GenCollectForAllocation


Dynamic libraries:
00400000-00401000 r-xp 00000000 ca:01 271640                             /usr/lib/jvm/java-1.8.0-openjdk-1.8.0.151-1.b12.35.amzn1.x86_64/jre/bin/java
00600000-00601000 rw-p 00000000 ca:01 271640                             /usr/lib/jvm/java-1.8.0-openjdk-1.8.0.151-1.b12.35.amzn1.x86_64/jre/bin/java
00d85000-00da6000 rw-p 00000000 00:00 0                                  [heap]
f0800000-f2540000 rw-p 00000000 00:00 0 
f2540000-f5aa0000 ---p 00000000 00:00 0 
f5aa0000-fa81d000 rw-p 00000000 00:00 0 
fd506000-100000000 ---p 00000000 00:00 0 
100000000-100340000 rw-p 00000000 00:00 0 
100340000-140000000 ---p 00000000 00:00 0 
7f7e64000000-7f7e64043000 rw-p 00000000 00:00 0 
7f7e64043000-7f7e68000000 ---p 00000000 00:00 0 
7f7e6c000000-7f7e6d3fd000 rw-p 00000000 00:00 0 
7f7e6d3fd000-7f7e70000000 ---p 00000000 00:00 0 
7f7e70000000-7f7e70cbb000 rw-p 00000000 00:00 0 
7f7e70cbb000-7f7e74000000 ---p 00000000 00:00 0 
7f7e74000000-7f7e74021000 rw-p 00000000 00:00 0 
7f7e74021000-7f7e78000000 ---p 00000000 00:00 0 
7f7e798d7000-7f7e79957000 rw-p 00000000 00:00 0 
7f7e79957000-7f7e79ad7000 ---p 00000000 00:00 0 
7f7e79ad7000-7f7e80000000 r--p 00000000 ca:01 2733                       /usr/lib/locale/locale-archive
7f7e80000000-7f7e80021000 rw-p 00000000 00:00 0 
7f7e80021000-7f7e84000000 ---p 00000000 00:00 0 
7f7e84000000-7f7e84021000 rw-p 00000000 00:00 0 
7f7e84021000-7f7e88000000 ---p 00000000 00:00 0 
7f7e88000000-7f7e88071000 rw-p 00000000 00:00 0 
7f7e88071000-7f7e8c000000 ---p 00000000 00:00 0 
7f7e8c02d000-7f7e8c02e000 rw-p 00000000 00:00 0 
7f7e8c02e000-7f7e8c031000 ---p 00000000 00:00 0 
7f7e8c031000-7f7e8c32f000 rw-p 00000000 00:00 0 
7f7e8c32f000-7f7e8c330000 r--s 00002000 ca:01 289553                     /home/ec2-user/.m2/repository/org/apache/maven/shared/maven-mapping/3.0.0/maven-mapping-3.0.0.jar
7f7e8c330000-7f7e8c332000 r--s 00001000 ca:01 289551                     /home/ec2-user/.m2/repository/org/sonatype/plexus/plexus-build-api/0.0.7/plexus-build-api-0.0.7.jar
7f7e8c332000-7f7e8c334000 r--s 0000b000 ca:01 289549                     /home/ec2-user/.m2/repository/org/apache/maven/shared/maven-filtering/3.1.1/maven-filtering-3.1.1.jar
7f7e8c334000-7f7e8c338000 r--s 00039000 ca:01 397041                     /home/ec2-user/.m2/repository/org/codehaus/plexus/plexus-utils/3.0.24/plexus-utils-3.0.24.jar
7f7e8c338000-7f7e8c33a000 r--s 00005000 ca:01 396341                     /home/ec2-user/.m2/repository/xpp3/xpp3_min/1.1.4c/xpp3_min-1.1.4c.jar
7f7e8c33a000-7f7e8c348000 r--s 00079000 ca:01 289518                     /home/ec2-user/.m2/repository/com/thoughtworks/xstream/xstream/1.4.9/xstream-1.4.9.jar
7f7e8c348000-7f7e8c34b000 r--s 00010000 ca:01 406568                     /home/ec2-user/.m2/repository/org/codehaus/plexus/plexus-interpolation/1.22/plexus-interpolation-1.22.jar
7f7e8c34b000-7f7e8c34f000 r--s 00015000 ca:01 397205                     /home/ec2-user/.m2/repository/org/tukaani/xz/1.5/xz-1.5.jar
7f7e8c34f000-7f7e8c351000 r--s 0000d000 ca:01 396459                     /home/ec2-user/.m2/repository/org/iq80/snappy/snappy/0.4/snappy-0.4.jar
7f7e8c351000-7f7e8c359000 r--s 00060000 ca:01 397642                     /home/ec2-user/.m2/repository/org/apache/commons/commons-compress/1.11/commons-compress-1.11.jar
7f7e8c359000-7f7e8c35c000 r--s 00012000 ca:01 396857                     /home/ec2-user/.m2/repository/org/codehaus/plexus/plexus-io/2.7.1/plexus-io-2.7.1.jar
7f7e8c35c000-7f7e8c55c000 rw-p 00000000 00:00 0 
7f7e8c55c000-7f7e8c75c000 rw-p 00000000 00:00 0 
7f7e8c75c000-7f7e8c95c000 rw-p 00000000 00:00 0 
7f7e8c95c000-7f7e8c9d6000 r--s 012bd000 ca:01 271835                     /usr/lib/jvm/java-1.8.0-openjdk-1.8.0.151-1.b12.35.amzn1.x86_64/lib/tools.jar
7f7e8c9d6000-7f7e8cbd6000 rw-p 00000000 00:00 0 
7f7e8cbd6000-7f7e8cbe8000 r-xp 00000000 ca:01 271677                     /usr/lib/jvm/java-1.8.0-openjdk-1.8.0.151-1.b12.35.amzn1.x86_64/jre/lib/amd64/libnio.so
7f7e8cbe8000-7f7e8cde7000 ---p 00012000 ca:01 271677                     /usr/lib/jvm/java-1.8.0-openjdk-1.8.0.151-1.b12.35.amzn1.x86_64/jre/lib/amd64/libnio.so
7f7e8cde7000-7f7e8cde8000 rw-p 00011000 ca:01 271677                     /usr/lib/jvm/java-1.8.0-openjdk-1.8.0.151-1.b12.35.amzn1.x86_64/jre/lib/amd64/libnio.so
7f7e8cde8000-7f7e8cdff000 r-xp 00000000 ca:01 271676                     /usr/lib/jvm/java-1.8.0-openjdk-1.8.0.151-1.b12.35.amzn1.x86_64/jre/lib/amd64/libnet.so
7f7e8cdff000-7f7e8cfff000 ---p 00017000 ca:01 271676                     /usr/lib/jvm/java-1.8.0-openjdk-1.8.0.151-1.b12.35.amzn1.x86_64/jre/lib/amd64/libnet.so
7f7e8cfff000-7f7e8d000000 rw-p 00017000 ca:01 271676                     /usr/lib/jvm/java-1.8.0-openjdk-1.8.0.151-1.b12.35.amzn1.x86_64/jre/lib/amd64/libnet.so
7f7e8d000000-7f7e8dc40000 rwxp 00000000 00:00 0 
7f7e8dc40000-7f7e9c000000 ---p 00000000 00:00 0 
7f7e9c000000-7f7e9d195000 rw-p 00000000 00:00 0 
7f7e9d195000-7f7ea0000000 ---p 00000000 00:00 0 
7f7ea0000000-7f7ea0001000 r--s 00001000 ca:01 289543                     /home/ec2-user/.m2/repository/xmlpull/xmlpull/1.1.3.1/xmlpull-1.1.3.1.jar
7f7ea0001000-7f7ea0006000 r--s 00029000 ca:01 396644                     /home/ec2-user/.m2/repository/org/codehaus/plexus/plexus-archiver/3.4/plexus-archiver-3.4.jar
7f7ea0006000-7f7ea000a000 r--s 0002f000 ca:01 141584                     /home/ec2-user/.m2/repository/commons-io/commons-io/2.5/commons-io-2.5.jar
7f7ea000a000-7f7ea000d000 r--s 00023000 ca:01 398897                     /home/ec2-user/.m2/repository/org/apache/maven/shared/maven-shared-utils/3.0.1/maven-shared-utils-3.0.1.jar
7f7ea000d000-7f7ea000e000 r--s 00005000 ca:01 397863                     /home/ec2-user/.m2/repository/org/apache/maven/maven-archiver/3.1.1/maven-archiver-3.1.1.jar
7f7ea000e000-7f7ea0010000 r--s 00000000 ca:01 396824                     /home/ec2-user/.m2/repository/org/codehaus/plexus/plexus-component-annotations/1.6/plexus-component-annotations-1.6.jar
7f7ea0010000-7f7ea0014000 r--s 00017000 ca:01 397324                     /home/ec2-user/.m2/repository/org/sonatype/aether/aether-util/1.7/aether-util-1.7.jar
7f7ea0014000-7f7ea001f000 r--s 00069000 ca:01 397254                     /home/ec2-user/.m2/repository/org/sonatype/sisu/sisu-guice/2.1.7/sisu-guice-2.1.7-noaop.jar
7f7ea001f000-7f7ea0024000 r--s 00021000 ca:01 397268                     /home/ec2-user/.m2/repository/org/sonatype/sisu/sisu-inject-bean/1.4.2/sisu-inject-bean-1.4.2.jar
7f7ea0024000-7f7ea0026000 r--s 00014000 ca:01 406614                     /home/ec2-user/.m2/repository/org/apache/maven/plugins/maven-war-plugin/3.0.0/maven-war-plugin-3.0.0.jar
7f7ea0026000-7f7ea0028000 r--s 00002000 ca:01 429613                     /home/ec2-user/.m2/repository/org/apache/maven/plugin-tools/maven-plugin-annotations/3.3/maven-plugin-annotations-3.3.jar
7f7ea0028000-7f7ea002d000 r--s 00020000 ca:01 429602                     /home/ec2-user/.m2/repository/org/apache/maven/surefire/surefire-api/2.18.1/surefire-api-2.18.1.jar
7f7ea002d000-7f7ea0033000 r--s 00048000 ca:01 397655                     /home/ec2-user/.m2/repository/org/apache/commons/commons-lang3/3.1/commons-lang3-3.1.jar
7f7ea0033000-7f7ea0034000 r--s 00002000 ca:01 398226                     /home/ec2-user/.m2/repository/org/apache/maven/reporting/maven-reporting-api/3.0/maven-reporting-api-3.0.jar
7f7ea0034000-7f7ea0036000 r--s 00008000 ca:01 429595                     /home/ec2-user/.m2/repository/org/apache/maven/surefire/surefire-booter/2.18.1/surefire-booter-2.18.1.jar
7f7ea0036000-7f7ea003c000 r--s 0003e000 ca:01 429581                     /home/ec2-user/.m2/repository/org/apache/maven/surefire/maven-surefire-common/2.18.1/maven-surefire-common-2.18.1.jar
7f7ea003c000-7f7ea003e000 r--s 00008000 ca:01 424567                     /home/ec2-user/.m2/repository/org/apache/maven/plugins/maven-surefire-plugin/2.18.1/maven-surefire-plugin-2.18.1.jar
7f7ea003e000-7f7ea0041000 r--s 0001b000 ca:01 396313                     /home/ec2-user/.m2/repository/junit/junit/3.8.2/junit-3.8.2.jar
7f7ea0041000-7f7ea004f000 r--s 0008f000 ca:01 399497                     /home/ec2-user/.m2/repository/com/google/collections/google-collections/1.0/google-collections-1.0.jar
7f7ea004f000-7f7ea0050000 r--s 0000a000 ca:01 399189                     /home/ec2-user/.m2/repository/commons-logging/commons-logging-api/1.1/commons-logging-api-1.1.jar
7f7ea0050000-7f7ea0057000 r--s 00051000 ca:01 399451                     /home/ec2-user/.m2/repository/log4j/log4j/1.2.12/log4j-1.2.12.jar
7f7ea0057000-7f7ea005b000 r--s 0001d000 ca:01 397670                     /home/ec2-user/.m2/repository/org/apache/xbean/xbean-reflect/3.4/xbean-reflect-3.4.jar
7f7ea005b000-7f7ea005c000 r--s 00004000 ca:01 396634                     /home/ec2-user/.m2/repository/org/codehaus/plexus/plexus-compiler-javac/2.5/plexus-compiler-javac-2.5.jar
7f7ea005c000-7f7ea005e000 r--s 00000000 ca:01 396608                     /home/ec2-user/.m2/repository/org/codehaus/plexus/plexus-compiler-manager/2.5/plexus-compiler-manager-2.5.jar
7f7ea005e000-7f7ea0060000 r--s 00005000 ca:01 396560                     /home/ec2-user/.m2/repository/org/codehaus/plexus/plexus-compiler-api/2.5/plexus-compiler-api-2.5.jar
7f7ea0060000-7f7ea0062000 r--s 00000000 ca:01 396832                     /home/ec2-user/.m2/repository/org/codehaus/plexus/plexus-component-annotations/1.5.5/plexus-component-annotations-1.5.5.jar
7f7ea0062000-7f7ea0064000 r--s 00002000 ca:01 398943                     /home/ec2-user/.m2/repository/org/apache/maven/shared/maven-shared-incremental/1.1/maven-shared-incremental-1.1.jar
7f7ea0064000-7f7ea0066000 r--s 00006000 ca:01 399514                     /home/ec2-user/.m2/repository/com/google/code/findbugs/jsr305/2.0.1/jsr305-2.0.1.jar
7f7ea0066000-7f7ea006a000 r--s 00026000 ca:01 398931                     /home/ec2-user/.m2/repository/org/apache/maven/shared/maven-shared-utils/0.7/maven-shared-utils-0.7.jar
7f7ea006a000-7f7ea006c000 r--s 00002000 ca:01 397344                     /home/ec2-user/.m2/repository/org/sonatype/plexus/plexus-cipher/1.4/plexus-cipher-1.4.jar
7f7ea006c000-7f7ea006d000 r--s 00006000 ca:01 397331                     /home/ec2-user/.m2/repository/org/sonatype/plexus/plexus-sec-dispatcher/1.3/plexus-sec-dispatcher-1.3.jar
7f7ea006d000-7f7ea0075000 r--s 00049000 ca:01 399693                     /home/ec2-user/.m2/repository/backport-util-concurrent/backport-util-concurrent/3.1/backport-util-concurrent-3.1.jar
7f7ea0075000-7f7ea0077000 r--s 00003000 ca:01 397193                     /home/ec2-user/.m2/repository/org/slf4j/jcl-over-slf4j/1.5.6/jcl-over-slf4j-1.5.6.jar
7f7ea0077000-7f7ea0079000 r--s 00001000 ca:01 397164                     /home/ec2-user/.m2/repository/org/slf4j/slf4j-jdk14/1.5.6/slf4j-jdk14-1.5.6.jar
7f7ea0079000-7f7ea007b000 r--s 0000b000 ca:01 396993                     /home/ec2-user/.m2/repository/org/codehaus/plexus/plexus-interpolation/1.11/plexus-interpolation-1.11.jar
7f7ea007b000-7f7ea007f000 r--s 00034000 ca:01 397003                     /home/ec2-user/.m2/repository/org/codehaus/plexus/plexus-utils/1.5.15/plexus-utils-1.5.15.jar
7f7ea007f000-7f7ea0081000 r--s 0000a000 ca:01 398070                     /home/ec2-user/.m2/repository/org/apache/maven/plugins/maven-compiler-plugin/3.3/maven-compiler-plugin-3.3.jar
7f7ea0081000-7f7ea0083000 r--s 0000d000 ca:01 397000                     /home/ec2-user/.m2/repository/org/codehaus/plexus/plexus-interpolation/1.13/plexus-interpolation-1.13.jar
7f7ea0083000-7f7ea0084000 r--s 00001000 ca:01 397340                     /home/ec2-user/.m2/repository/org/sonatype/plexus/plexus-build-api/0.0.4/plexus-build-api-0.0.4.jar
7f7ea0084000-7f7ea0086000 r--s 00009000 ca:01 398859                     /home/ec2-user/.m2/repository/org/apache/maven/shared/maven-filtering/1.1/maven-filtering-1.1.jar
7f7ea0086000-7f7ea008a000 r--s 00033000 ca:01 397053                     /home/ec2-user/.m2/repository/org/codehaus/plexus/plexus-utils/2.0.5/plexus-utils-2.0.5.jar
7f7ea008a000-7f7ea008d000 r--s 0001b000 ca:01 396333                     /home/ec2-user/.m2/repository/junit/junit/3.8.1/junit-3.8.1.jar
7f7ea008d000-7f7ea008f000 r--s 00002000 ca:01 396670                     /home/ec2-user/.m2/repository/org/codehaus/plexus/plexus-interactivity-api/1.0-alpha-4/plexus-interactivity-api-1.0-alpha-4.jar
7f7ea008f000-7f7ea0091000 r--s 00006000 ca:01 399685                     /home/ec2-user/.m2/repository/commons-cli/commons-cli/1.0/commons-cli-1.0.jar
7f7ea0091000-7f7ea0092000 r--s 00001000 ca:01 398486                     /home/ec2-user/.m2/repository/org/apache/maven/doxia/doxia-sink-api/1.0-alpha-7/doxia-sink-api-1.0-alpha-7.jar
7f7ea0092000-7f7ea0093000 r--s 00002000 ca:01 398233                     /home/ec2-user/.m2/repository/org/apache/maven/reporting/maven-reporting-api/2.0.6/maven-reporting-api-2.0.6.jar
7f7ea0093000-7f7ea0095000 r--s 00006000 ca:01 398058                     /home/ec2-user/.m2/repository/org/apache/maven/plugins/maven-resources-plugin/2.6/maven-resources-plugin-2.6.jar
7f7ea0095000-7f7ea0295000 rw-p 00000000 00:00 0 
7f7ea0295000-7f7ea029a000 r--s 000b3000 ca:01 271726                     /usr/lib/jvm/java-1.8.0-openjdk-1.8.0.151-1.b12.35.amzn1.x86_64/jre/lib/jsse.jar
7f7ea029a000-7f7ea049a000 rw-p 00000000 00:00 0 
7f7ea049a000-7f7ea069a000 rw-p 00000000 00:00 0 
7f7ea069a000-7f7ea069e000 r--s 0003c000 ca:01 15215                      /home/ec2-user/apache-maven-3.5.2/lib/plexus-utils-3.1.0.jar
7f7ea069e000-7f7ea06a1000 r--s 00011000 ca:01 15219                      /home/ec2-user/apache-maven-3.5.2/lib/plexus-interpolation-1.24.jar
7f7ea06a1000-7f7ea06a3000 r-xp 00000000 ca:01 2725                       /lib64/libutil-2.17.so
7f7ea06a3000-7f7ea08a2000 ---p 00002000 ca:01 2725                       /lib64/libutil-2.17.so
7f7ea08a2000-7f7ea08a3000 r--p 00001000 ca:01 2725                       /lib64/libutil-2.17.so
7f7ea08a3000-7f7ea08a4000 rw-p 00002000 ca:01 2725                       /lib64/libutil-2.17.so
7f7ea08a4000-7f7ea08a5000 r--s 00006000 ca:01 15225                      /home/ec2-user/apache-maven-3.5.2/lib/maven-repository-metadata-3.5.2.jar
7f7ea08a5000-7f7ea08a9000 r--s 00023000 ca:01 15238                      /home/ec2-user/apache-maven-3.5.2/lib/maven-resolver-util-1.1.0.jar
7f7ea08a9000-7f7ea08ac000 r-xp 00000000 ca:01 15192                      /home/ec2-user/apache-maven-3.5.2/lib/jansi-native/linux64/libjansi.so
7f7ea08ac000-7f7ea0aab000 ---p 00003000 ca:01 15192                      /home/ec2-user/apache-maven-3.5.2/lib/jansi-native/linux64/libjansi.so
7f7ea0aab000-7f7ea0aac000 rw-p 00002000 ca:01 15192                      /home/ec2-user/apache-maven-3.5.2/lib/jansi-native/linux64/libjansi.so
7f7ea0aac000-7f7ea0aad000 r--s 00003000 ca:01 15217                      /home/ec2-user/apache-maven-3.5.2/lib/maven-builder-support-3.5.2.jar
7f7ea0aad000-7f7ea0ab0000 r--s 00008000 ca:01 15229                      /home/ec2-user/apache-maven-3.5.2/lib/cdi-api-1.0.jar
7f7ea0ab0000-7f7ea0ab2000 r--s 0000f000 ca:01 15235                      /home/ec2-user/apache-maven-3.5.2/lib/maven-resolver-provider-3.5.2.jar
7f7ea0ab2000-7f7ea0ab3000 r--s 00006000 ca:01 15221                      /home/ec2-user/apache-maven-3.5.2/lib/plexus-sec-dispatcher-1.4.jar
7f7ea0ab3000-7f7ea0ab7000 r--s 0002f000 ca:01 15241                      /home/ec2-user/apache-maven-3.5.2/lib/commons-io-2.5.jar
7f7ea0ab7000-7f7ea0ab8000 r--s 00001000 ca:01 15230                      /home/ec2-user/apache-maven-3.5.2/lib/jsr250-api-1.0.jar
7f7ea0ab8000-7f7ea0abc000 r--s 00020000 ca:01 15236                      /home/ec2-user/apache-maven-3.5.2/lib/maven-resolver-api-1.1.0.jar
7f7ea0abc000-7f7ea0ac3000 r--s 00056000 ca:01 15232                      /home/ec2-user/apache-maven-3.5.2/lib/org.eclipse.sisu.inject-0.3.3.jar
7f7ea0ac3000-7f7ea0ac5000 r--s 00002000 ca:01 15222                      /home/ec2-user/apache-maven-3.5.2/lib/plexus-cipher-1.7.jar
7f7ea0ac5000-7f7ea0ac8000 r--s 0003c000 ca:01 15254                      /home/ec2-user/apache-maven-3.5.2/lib/jansi-1.16.jar
7f7ea0ac8000-7f7ea0acc000 r--s 0002a000 ca:01 15239                      /home/ec2-user/apache-maven-3.5.2/lib/maven-resolver-impl-1.1.0.jar
7f7ea0acc000-7f7ea0ace000 r--s 0000c000 ca:01 15245                      /home/ec2-user/apache-maven-3.5.2/lib/commons-cli-1.4.jar
7f7ea0ace000-7f7ea0ad0000 r--s 0000a000 ca:01 15227                      /home/ec2-user/apache-maven-3.5.2/lib/maven-plugin-api-3.5.2.jar
7f7ea0ad0000-7f7ea0ad3000 r--s 00026000 ca:01 15224                      /home/ec2-user/apache-maven-3.5.2/lib/maven-model-3.5.2.jar
7f7ea0ad3000-7f7ea0ad6000 r--s 00025000 ca:01 15240                      /home/ec2-user/apache-maven-3.5.2/lib/maven-shared-utils-3.1.0.jar
7f7ea0ad6000-7f7ea0ad8000 r--s 00009000 ca:01 15251                      /home/ec2-user/apache-maven-3.5.2/lib/maven-resolver-connector-basic-1.1.0.jar
7f7ea0ad8000-7f7ea0ae5000 r--s 0008d000 ca:01 15223                      /home/ec2-user/apache-maven-3.5.2/lib/maven-core-3.5.2.jar
7f7ea0ae5000-7f7ea0ae8000 r--s 00015000 ca:01 15213                      /home/ec2-user/apache-maven-3.5.2/lib/maven-embedder-3.5.2.jar
7f7ea0ae8000-7f7ea0aea000 r--s 00009000 ca:01 15216                      /home/ec2-user/apache-maven-3.5.2/lib/maven-settings-builder-3.5.2.jar
7f7ea0aea000-7f7ea0aee000 r--s 00028000 ca:01 15233                      /home/ec2-user/apache-maven-3.5.2/lib/maven-model-builder-3.5.2.jar
7f7ea0aee000-7f7ea0af4000 r--s 0002d000 ca:01 15228                      /home/ec2-user/apache-maven-3.5.2/lib/org.eclipse.sisu.plexus-0.3.3.jar
7f7ea0af4000-7f7ea0af5000 r--s 00005000 ca:01 15253                      /home/ec2-user/apache-maven-3.5.2/lib/maven-slf4j-provider-3.5.2.jar
7f7ea0af5000-7f7ea0af6000 r--s 00002000 ca:01 15250                      /home/ec2-user/apache-maven-3.5.2/lib/wagon-file-2.12.jar
7f7ea0af6000-7f7ea0af8000 r--s 0000c000 ca:01 15247                      /home/ec2-user/apache-maven-3.5.2/lib/wagon-provider-api-2.12.jar
7f7ea0af8000-7f7ea0afa000 r--s 00007000 ca:01 15237                      /home/ec2-user/apache-maven-3.5.2/lib/maven-resolver-spi-1.1.0.jar
7f7ea0afa000-7f7ea0b02000 r--s 0006e000 ca:01 15218                      /home/ec2-user/apache-maven-3.5.2/lib/commons-lang3-3.5.jar
7f7ea0b02000-7f7ea0b2e000 r--s 001e6000 ca:01 15248                      /home/ec2-user/apache-maven-3.5.2/lib/wagon-http-2.12-shaded.jar
7f7ea0b2e000-7f7ea0b5d000 r--s 00226000 ca:01 15234                      /home/ec2-user/apache-maven-3.5.2/lib/guava-20.0.jar
7f7ea0b5d000-7f7ea0b5e000 ---p 00000000 00:00 0 
7f7ea0b5e000-7f7ea0c5e000 rw-p 00000000 00:00 0 
7f7ea0c5e000-7f7ea0c61000 ---p 00000000 00:00 0 
7f7ea0c61000-7f7ea0d5f000 rw-p 00000000 00:00 0 
7f7ea0d5f000-7f7ea0d62000 ---p 00000000 00:00 0 
7f7ea0d62000-7f7ea0e60000 rw-p 00000000 00:00 0 
7f7ea0e60000-7f7ea0e63000 ---p 00000000 00:00 0 
7f7ea0e63000-7f7ea0f61000 rw-p 00000000 00:00 0 
7f7ea0f61000-7f7ea0f64000 ---p 00000000 00:00 0 
7f7ea0f64000-7f7ea1062000 rw-p 00000000 00:00 0 
7f7ea1062000-7f7ea1065000 ---p 00000000 00:00 0 
7f7ea1065000-7f7ea1163000 rw-p 00000000 00:00 0 
7f7ea1163000-7f7ea1166000 ---p 00000000 00:00 0 
7f7ea1166000-7f7ea1264000 rw-p 00000000 00:00 0 
7f7ea1264000-7f7ea1265000 ---p 00000000 00:00 0 
7f7ea1265000-7f7ea13b3000 rw-p 00000000 00:00 0 
7f7ea13b3000-7f7ea1582000 r--s 043ff000 ca:01 271740                     /usr/lib/jvm/java-1.8.0-openjdk-1.8.0.151-1.b12.35.amzn1.x86_64/jre/lib/rt.jar
7f7ea1582000-7f7ea1e7b000 rw-p 00000000 00:00 0 
7f7ea1e7b000-7f7ea1eac000 rw-p 00000000 00:00 0 
7f7ea1eac000-7f7ea223b000 ---p 00000000 00:00 0 
7f7ea223b000-7f7ea2243000 r-xp 00000000 ca:01 271684                     /usr/lib/jvm/java-1.8.0-openjdk-1.8.0.151-1.b12.35.amzn1.x86_64/jre/lib/amd64/libzip.so
7f7ea2243000-7f7ea2443000 ---p 00008000 ca:01 271684                     /usr/lib/jvm/java-1.8.0-openjdk-1.8.0.151-1.b12.35.amzn1.x86_64/jre/lib/amd64/libzip.so
7f7ea2443000-7f7ea2444000 rw-p 00008000 ca:01 271684                     /usr/lib/jvm/java-1.8.0-openjdk-1.8.0.151-1.b12.35.amzn1.x86_64/jre/lib/amd64/libzip.so
7f7ea2444000-7f7ea2450000 r-xp 00000000 ca:01 2709                       /lib64/libnss_files-2.17.so
7f7ea2450000-7f7ea264f000 ---p 0000c000 ca:01 2709                       /lib64/libnss_files-2.17.so
7f7ea264f000-7f7ea2650000 r--p 0000b000 ca:01 2709                       /lib64/libnss_files-2.17.so
7f7ea2650000-7f7ea2651000 rw-p 0000c000 ca:01 2709                       /lib64/libnss_files-2.17.so
7f7ea2651000-7f7ea2657000 rw-p 00000000 00:00 0 
7f7ea2657000-7f7ea2684000 r-xp 00000000 ca:01 271666                     /usr/lib/jvm/java-1.8.0-openjdk-1.8.0.151-1.b12.35.amzn1.x86_64/jre/lib/amd64/libjava.so
7f7ea2684000-7f7ea2884000 ---p 0002d000 ca:01 271666                     /usr/lib/jvm/java-1.8.0-openjdk-1.8.0.151-1.b12.35.amzn1.x86_64/jre/lib/amd64/libjava.so
7f7ea2884000-7f7ea2886000 rw-p 0002d000 ca:01 271666                     /usr/lib/jvm/java-1.8.0-openjdk-1.8.0.151-1.b12.35.amzn1.x86_64/jre/lib/amd64/libjava.so
7f7ea2886000-7f7ea2893000 r-xp 00000000 ca:01 271683                     /usr/lib/jvm/java-1.8.0-openjdk-1.8.0.151-1.b12.35.amzn1.x86_64/jre/lib/amd64/libverify.so
7f7ea2893000-7f7ea2a92000 ---p 0000d000 ca:01 271683                     /usr/lib/jvm/java-1.8.0-openjdk-1.8.0.151-1.b12.35.amzn1.x86_64/jre/lib/amd64/libverify.so
7f7ea2a92000-7f7ea2a94000 rw-p 0000c000 ca:01 271683                     /usr/lib/jvm/java-1.8.0-openjdk-1.8.0.151-1.b12.35.amzn1.x86_64/jre/lib/amd64/libverify.so
7f7ea2a94000-7f7ea2a9b000 r-xp 00000000 ca:01 2721                       /lib64/librt-2.17.so
7f7ea2a9b000-7f7ea2c9a000 ---p 00007000 ca:01 2721                       /lib64/librt-2.17.so
7f7ea2c9a000-7f7ea2c9b000 r--p 00006000 ca:01 2721                       /lib64/librt-2.17.so
7f7ea2c9b000-7f7ea2c9c000 rw-p 00007000 ca:01 2721                       /lib64/librt-2.17.so
7f7ea2c9c000-7f7ea2cb2000 r-xp 00000000 ca:01 2617                       /lib64/libgcc_s-6.4.1-20170727.so.1
7f7ea2cb2000-7f7ea2eb1000 ---p 00016000 ca:01 2617                       /lib64/libgcc_s-6.4.1-20170727.so.1
7f7ea2eb1000-7f7ea2eb2000 rw-p 00015000 ca:01 2617                       /lib64/libgcc_s-6.4.1-20170727.so.1
7f7ea2eb2000-7f7ea2fb3000 r-xp 00000000 ca:01 2699                       /lib64/libm-2.17.so
7f7ea2fb3000-7f7ea31b2000 ---p 00101000 ca:01 2699                       /lib64/libm-2.17.so
7f7ea31b2000-7f7ea31b3000 r--p 00100000 ca:01 2699                       /lib64/libm-2.17.so
7f7ea31b3000-7f7ea31b4000 rw-p 00101000 ca:01 2699                       /lib64/libm-2.17.so
7f7ea31b4000-7f7ea3327000 r-xp 00000000 ca:01 2936                       /usr/lib64/libstdc++.so.6.0.22
7f7ea3327000-7f7ea3527000 ---p 00173000 ca:01 2936                       /usr/lib64/libstdc++.so.6.0.22
7f7ea3527000-7f7ea3531000 r--p 00173000 ca:01 2936                       /usr/lib64/libstdc++.so.6.0.22
7f7ea3531000-7f7ea3533000 rw-p 0017d000 ca:01 2936                       /usr/lib64/libstdc++.so.6.0.22
7f7ea3533000-7f7ea3537000 rw-p 00000000 00:00 0 
7f7ea3537000-7f7ea41f7000 r-xp 00000000 ca:01 271688                     /usr/lib/jvm/java-1.8.0-openjdk-1.8.0.151-1.b12.35.amzn1.x86_64/jre/lib/amd64/server/libjvm.so
7f7ea41f7000-7f7ea43f7000 ---p 00cc0000 ca:01 271688                     /usr/lib/jvm/java-1.8.0-openjdk-1.8.0.151-1.b12.35.amzn1.x86_64/jre/lib/amd64/server/libjvm.so
7f7ea43f7000-7f7ea44cb000 rw-p 00cc0000 ca:01 271688                     /usr/lib/jvm/java-1.8.0-openjdk-1.8.0.151-1.b12.35.amzn1.x86_64/jre/lib/amd64/server/libjvm.so
7f7ea44cb000-7f7ea44fd000 rw-p 00000000 00:00 0 
7f7ea44fd000-7f7ea46b7000 r-xp 00000000 ca:01 2691                       /lib64/libc-2.17.so
7f7ea46b7000-7f7ea48b6000 ---p 001ba000 ca:01 2691                       /lib64/libc-2.17.so
7f7ea48b6000-7f7ea48ba000 r--p 001b9000 ca:01 2691                       /lib64/libc-2.17.so
7f7ea48ba000-7f7ea48bc000 rw-p 001bd000 ca:01 2691                       /lib64/libc-2.17.so
7f7ea48bc000-7f7ea48c1000 rw-p 00000000 00:00 0 
7f7ea48c1000-7f7ea48c3000 r-xp 00000000 ca:01 2697                       /lib64/libdl-2.17.so
7f7ea48c3000-7f7ea4ac3000 ---p 00002000 ca:01 2697                       /lib64/libdl-2.17.so
7f7ea4ac3000-7f7ea4ac4000 r--p 00002000 ca:01 2697                       /lib64/libdl-2.17.so
7f7ea4ac4000-7f7ea4ac5000 rw-p 00003000 ca:01 2697                       /lib64/libdl-2.17.so
7f7ea4ac5000-7f7ea4ad3000 r-xp 00000000 ca:01 271653                     /usr/lib/jvm/java-1.8.0-openjdk-1.8.0.151-1.b12.35.amzn1.x86_64/jre/lib/amd64/jli/libjli.so
7f7ea4ad3000-7f7ea4cd2000 ---p 0000e000 ca:01 271653                     /usr/lib/jvm/java-1.8.0-openjdk-1.8.0.151-1.b12.35.amzn1.x86_64/jre/lib/amd64/jli/libjli.so
7f7ea4cd2000-7f7ea4cd3000 rw-p 0000d000 ca:01 271653                     /usr/lib/jvm/java-1.8.0-openjdk-1.8.0.151-1.b12.35.amzn1.x86_64/jre/lib/amd64/jli/libjli.so
7f7ea4cd3000-7f7ea4ce8000 r-xp 00000000 ca:01 2837                       /lib64/libz.so.1.2.8
7f7ea4ce8000-7f7ea4ee7000 ---p 00015000 ca:01 2837                       /lib64/libz.so.1.2.8
7f7ea4ee7000-7f7ea4ee8000 r--p 00014000 ca:01 2837                       /lib64/libz.so.1.2.8
7f7ea4ee8000-7f7ea4ee9000 rw-p 00015000 ca:01 2837                       /lib64/libz.so.1.2.8
7f7ea4ee9000-7f7ea4f00000 r-xp 00000000 ca:01 2717                       /lib64/libpthread-2.17.so
7f7ea4f00000-7f7ea50ff000 ---p 00017000 ca:01 2717                       /lib64/libpthread-2.17.so
7f7ea50ff000-7f7ea5100000 r--p 00016000 ca:01 2717                       /lib64/libpthread-2.17.so
7f7ea5100000-7f7ea5101000 rw-p 00017000 ca:01 2717                       /lib64/libpthread-2.17.so
7f7ea5101000-7f7ea5105000 rw-p 00000000 00:00 0 
7f7ea5105000-7f7ea5126000 r-xp 00000000 ca:01 2684                       /lib64/ld-2.17.so
7f7ea5126000-7f7ea5128000 r--s 00006000 ca:01 15252                      /home/ec2-user/apache-maven-3.5.2/lib/maven-resolver-transport-wagon-1.1.0.jar
7f7ea5128000-7f7ea5129000 r--s 00000000 ca:01 15231                      /home/ec2-user/apache-maven-3.5.2/lib/javax.inject-1.jar
7f7ea5129000-7f7ea512b000 r--s 00000000 ca:01 15220                      /home/ec2-user/apache-maven-3.5.2/lib/plexus-component-annotations-1.7.1.jar
7f7ea512b000-7f7ea512d000 r--s 00000000 ca:01 15243                      /home/ec2-user/apache-maven-3.5.2/lib/aopalliance-1.0.jar
7f7ea512d000-7f7ea512f000 r--s 0000c000 ca:01 15226                      /home/ec2-user/apache-maven-3.5.2/lib/maven-artifact-3.5.2.jar
7f7ea512f000-7f7ea5135000 r--s 00041000 ca:01 15246                      /home/ec2-user/apache-maven-3.5.2/lib/maven-compat-3.5.2.jar
7f7ea5135000-7f7ea5137000 r--s 00009000 ca:01 15244                      /home/ec2-user/apache-maven-3.5.2/lib/slf4j-api-1.7.25.jar
7f7ea5137000-7f7ea5140000 r--s 0005f000 ca:01 15242                      /home/ec2-user/apache-maven-3.5.2/lib/guice-4.0-no_aop.jar
7f7ea5140000-7f7ea5142000 r--s 00003000 ca:01 15249                      /home/ec2-user/apache-maven-3.5.2/lib/jcl-over-slf4j-1.7.25.jar
7f7ea5142000-7f7ea5169000 rw-p 00000000 00:00 0 
7f7ea5169000-7f7ea5195000 ---p 00000000 00:00 0 
7f7ea5195000-7f7ea51a4000 rw-p 00000000 00:00 0 
7f7ea51a4000-7f7ea51be000 ---p 00000000 00:00 0 
7f7ea51be000-7f7ea51e6000 rw-p 00000000 00:00 0 
7f7ea51e6000-7f7ea5211000 ---p 00000000 00:00 0 
7f7ea5211000-7f7ea5212000 rw-p 00000000 00:00 0 
7f7ea5212000-7f7ea521a000 rw-s 00000000 ca:01 323066                     /tmp/hsperfdata_ec2-user/1739
7f7ea521a000-7f7ea521d000 ---p 00000000 00:00 0 
7f7ea521d000-7f7ea5320000 rw-p 00000000 00:00 0 
7f7ea5320000-7f7ea5321000 r--s 0000a000 ca:01 15214                      /home/ec2-user/apache-maven-3.5.2/lib/maven-settings-3.5.2.jar
7f7ea5321000-7f7ea5323000 r--s 0000b000 ca:01 15212                      /home/ec2-user/apache-maven-3.5.2/boot/plexus-classworlds-2.5.2.jar
7f7ea5323000-7f7ea5324000 rw-p 00000000 00:00 0 
7f7ea5324000-7f7ea5325000 ---p 00000000 00:00 0 
7f7ea5325000-7f7ea5326000 rw-p 00000000 00:00 0 
7f7ea5326000-7f7ea5327000 r--p 00021000 ca:01 2684                       /lib64/ld-2.17.so
7f7ea5327000-7f7ea5328000 rw-p 00022000 ca:01 2684                       /lib64/ld-2.17.so
7f7ea5328000-7f7ea5329000 rw-p 00000000 00:00 0 
7fff92a0b000-7fff92a2d000 rw-p 00000000 00:00 0                          [stack]
7fff92a5b000-7fff92a5d000 r--p 00000000 00:00 0                          [vvar]
7fff92a5d000-7fff92a5f000 r-xp 00000000 00:00 0                          [vdso]
ffffffffff600000-ffffffffff601000 r-xp 00000000 00:00 0                  [vsyscall]

VM Arguments:
jvm_args: -Dclassworlds.conf=/home/ec2-user/apache-maven-3.5.2/bin/m2.conf -Dmaven.home=/home/ec2-user/apache-maven-3.5.2 -Dlibrary.jansi.path=/home/ec2-user/apache-maven-3.5.2/lib/jansi-native -Dmaven.multiModuleProjectDirectory=/home/ec2-user/.jenkins/workspace/HoneyBadgersProject2 
java_command: org.codehaus.plexus.classworlds.launcher.Launcher install
java_class_path (initial): /home/ec2-user/apache-maven-3.5.2/boot/plexus-classworlds-2.5.2.jar
Launcher Type: SUN_STANDARD

Environment Variables:
PATH=/home/ec2-user/apache-maven-3.5.2/bin:/usr/local/bin:/bin:/usr/bin:/usr/local/sbin:/usr/sbin:/sbin:/home/ec2-user/.local/bin:/home/ec2-user/bin
SHELL=/bin/bash

Signal Handlers:
SIGSEGV: [libjvm.so+0xab0570], sa_mask[0]=11111111011111111101111111111110, sa_flags=SA_RESTART|SA_SIGINFO
SIGBUS: [libjvm.so+0xab0570], sa_mask[0]=11111111011111111101111111111110, sa_flags=SA_RESTART|SA_SIGINFO
SIGFPE: [libjvm.so+0x8a8ae0], sa_mask[0]=11111111011111111101111111111110, sa_flags=SA_RESTART|SA_SIGINFO
SIGPIPE: [libjvm.so+0x8a8ae0], sa_mask[0]=11111111011111111101111111111110, sa_flags=SA_RESTART|SA_SIGINFO
SIGXFSZ: [libjvm.so+0x8a8ae0], sa_mask[0]=11111111011111111101111111111110, sa_flags=SA_RESTART|SA_SIGINFO
SIGILL: [libjvm.so+0x8a8ae0], sa_mask[0]=11111111011111111101111111111110, sa_flags=SA_RESTART|SA_SIGINFO
SIGUSR1: SIG_DFL, sa_mask[0]=00000000000000000000000000000000, sa_flags=none
SIGUSR2: [libjvm.so+0x8a8990], sa_mask[0]=00100000000000000000000000000000, sa_flags=SA_RESTART|SA_SIGINFO
SIGHUP: SIG_IGN, sa_mask[0]=00000000000000000000000000000000, sa_flags=none
SIGINT: [libjvm.so+0x8a8ba0], sa_mask[0]=11111111011111111101111111111110, sa_flags=SA_RESTART|SA_SIGINFO
SIGTERM: [libjvm.so+0x8a8ba0], sa_mask[0]=11111111011111111101111111111110, sa_flags=SA_RESTART|SA_SIGINFO
SIGQUIT: [libjvm.so+0x8a8ba0], sa_mask[0]=11111111011111111101111111111110, sa_flags=SA_RESTART|SA_SIGINFO


---------------  S Y S T E M  ---------------

OS:Amazon Linux AMI release 2017.09

uname:Linux 4.9.70-25.242.amzn1.x86_64 #1 SMP Wed Jan 3 05:36:22 UTC 2018 x86_64
libc:glibc 2.17 NPTL 2.17 
rlimit: STACK 8192k, CORE 0k, NPROC 3876, NOFILE 4096, AS infinity
load average:0.78 0.44 0.21

/proc/meminfo:
MemTotal:        1012240 kB
MemFree:           63232 kB
MemAvailable:      18116 kB
Buffers:             928 kB
Cached:            37296 kB
SwapCached:            0 kB
Active:           885268 kB
Inactive:          18132 kB
Active(anon):     865260 kB
Inactive(anon):       48 kB
Active(file):      20008 kB
Inactive(file):    18084 kB
Unevictable:           0 kB
Mlocked:               0 kB
SwapTotal:             0 kB
SwapFree:              0 kB
Dirty:              5404 kB
Writeback:             0 kB
AnonPages:        865248 kB
Mapped:            13008 kB
Shmem:                60 kB
Slab:              26148 kB
SReclaimable:      14440 kB
SUnreclaim:        11708 kB
KernelStack:        4156 kB
PageTables:         5136 kB
NFS_Unstable:          0 kB
Bounce:                0 kB
WritebackTmp:          0 kB
CommitLimit:      506120 kB
Committed_AS:     956692 kB
VmallocTotal:   34359738367 kB
VmallocUsed:           0 kB
VmallocChunk:          0 kB
AnonHugePages:         0 kB
ShmemHugePages:        0 kB
ShmemPmdMapped:        0 kB
HugePages_Total:       0
HugePages_Free:        0
HugePages_Rsvd:        0
HugePages_Surp:        0
Hugepagesize:       2048 kB
DirectMap4k:       12288 kB
DirectMap2M:     1036288 kB


CPU:total 1 (initial active 1) (1 cores per cpu, 1 threads per core) family 6 model 63 stepping 2, cmov, cx8, fxsr, mmx, sse, sse2, sse3, ssse3, sse4.1, sse4.2, popcnt, avx, avx2, aes, clmul, erms, lzcnt, tsc, bmi1, bmi2

/proc/cpuinfo:
processor	: 0
vendor_id	: GenuineIntel
cpu family	: 6
model		: 63
model name	: Intel(R) Xeon(R) CPU E5-2676 v3 @ 2.40GHz
stepping	: 2
microcode	: 0x3b
cpu MHz		: 2394.625
cache size	: 30720 KB
physical id	: 0
siblings	: 1
core id		: 0
cpu cores	: 1
apicid		: 0
initial apicid	: 0
fpu		: yes
fpu_exception	: yes
cpuid level	: 13
wp		: yes
flags		: fpu vme de pse tsc msr pae mce cx8 apic sep mtrr pge mca cmov pat pse36 clflush mmx fxsr sse sse2 ht syscall nx rdtscp lm constant_tsc rep_good nopl xtopology eagerfpu pni pclmulqdq ssse3 fma cx16 pcid sse4_1 sse4_2 x2apic movbe popcnt tsc_deadline_timer aes xsave avx f16c rdrand hypervisor lahf_lm abm invpcid_single fsgsbase bmi1 avx2 smep bmi2 erms invpcid xsaveopt
bugs		:
bogomips	: 4789.03
clflush size	: 64
cache_alignment	: 64
address sizes	: 46 bits physical, 48 bits virtual
power management:



Memory: 4k page, physical 1012240k(63232k free), swap 0k(0k free)

vm_info: OpenJDK 64-Bit Server VM (25.151-b12) for linux-amd64 JRE (1.8.0_151-b12), built on Oct 25 2017 20:37:17 by "mockbuild" with gcc 4.8.5 20150623 (Red Hat 4.8.5-11)

time: Wed Jan 17 16:08:37 2018
elapsed time: 10 seconds (0d 0h 0m 10s)

