#
# There is insufficient memory for the Java Runtime Environment to continue.
# Native memory allocation (mmap) failed to map 47091712 bytes for committing reserved memory.
# Possible reasons:
#   The system is out of physical RAM or swap space
#   In 32 bit mode, the process size limit was hit
# Possible solutions:
#   Reduce memory load on the system
#   Increase physical memory or swap space
#   Check if swap backing store is full
#   Use 64 bit Java on a 64 bit OS
#   Decrease Java heap size (-Xmx/-Xms)
#   Decrease number of Java threads
#   Decrease Java thread stack sizes (-Xss)
#   Set larger code cache with -XX:ReservedCodeCacheSize=
# This output file may be truncated or incomplete.
#
#  Out of Memory Error (os_linux.cpp:2651), pid=2446, tid=0x00007fde68ef9700
#
# JRE version: OpenJDK Runtime Environment (8.0_151-b12) (build 1.8.0_151-b12)
# Java VM: OpenJDK 64-Bit Server VM (25.151-b12 mixed mode linux-amd64 compressed oops)
# Failed to write core dump. Core dumps have been disabled. To enable core dumping, try "ulimit -c unlimited" before starting Java again
#

---------------  T H R E A D  ---------------

Current thread (0x00007fde6407a880):  VMThread [stack: 0x00007fde68df9000,0x00007fde68efa000] [id=2466]

Stack: [0x00007fde68df9000,0x00007fde68efa000],  sp=0x00007fde68ef8510,  free space=1021k
Native frames: (J=compiled Java code, j=interpreted, Vv=VM code, C=native code)
V  [libjvm.so+0xaafa5d]
V  [libjvm.so+0x4eb16a]
V  [libjvm.so+0x8ad2f8]
V  [libjvm.so+0x8a782e]
V  [libjvm.so+0xaac854]
V  [libjvm.so+0x5d8fdd]
V  [libjvm.so+0x5d935d]
V  [libjvm.so+0x5c9c40]
V  [libjvm.so+0x47b892]
V  [libjvm.so+0xab0a01]
V  [libjvm.so+0xab5c77]
V  [libjvm.so+0xab4668]
V  [libjvm.so+0xab4b39]
V  [libjvm.so+0xab4f91]
V  [libjvm.so+0x8aa652]

VM_Operation (0x00007fde41421290): GenCollectForAllocation, mode: safepoint, requested by thread 0x00007fde65081930


---------------  P R O C E S S  ---------------

Java Threads: ( => current thread )
  0x00007fde65081930 JavaThread "pool-1-thread-1" [_thread_blocked, id=2474, stack(0x00007fde41322000,0x00007fde41423000)]
  0x00007fde640c39d0 JavaThread "Service Thread" daemon [_thread_blocked, id=2472, stack(0x00007fde687f3000,0x00007fde688f4000)]
  0x00007fde640b4a50 JavaThread "C1 CompilerThread1" daemon [_thread_blocked, id=2471, stack(0x00007fde688f4000,0x00007fde689f5000)]
  0x00007fde640b2ee0 JavaThread "C2 CompilerThread0" daemon [_thread_blocked, id=2470, stack(0x00007fde689f5000,0x00007fde68af6000)]
  0x00007fde640b13d0 JavaThread "Signal Dispatcher" daemon [_thread_blocked, id=2469, stack(0x00007fde68af6000,0x00007fde68bf7000)]
  0x00007fde64088010 JavaThread "Finalizer" daemon [_thread_blocked, id=2468, stack(0x00007fde68bf7000,0x00007fde68cf8000)]
  0x00007fde64083de0 JavaThread "Reference Handler" daemon [_thread_blocked, id=2467, stack(0x00007fde68cf8000,0x00007fde68df9000)]
  0x00007fde64008eb0 JavaThread "main" [_thread_blocked, id=2465, stack(0x00007fde6cdaf000,0x00007fde6ceb0000)]

Other Threads:
=>0x00007fde6407a880 VMThread [stack: 0x00007fde68df9000,0x00007fde68efa000] [id=2466]
  0x00007fde6401ade0 WatcherThread [stack: 0x00007fde686f2000,0x00007fde687f3000] [id=2473]

VM state:at safepoint (normal execution)

VM Mutex/Monitor currently owned by a thread:  ([mutex/lock_event])
[0x00007fde64006930] Threads_lock - owner thread: 0x00007fde6407a880
[0x00007fde64006e30] Heap_lock - owner thread: 0x00007fde65081930

Heap:
 def new generation   total 27200K, used 0K [0x00000000f0800000, 0x00000000f2580000, 0x00000000f5aa0000)
  eden space 24192K,   0% used [0x00000000f0800000, 0x00000000f0800000, 0x00000000f1fa0000)
  from space 3008K,   0% used [0x00000000f1fa0000, 0x00000000f1fa0000, 0x00000000f2290000)
  to   space 3008K,   0% used [0x00000000f2290000, 0x00000000f2290000, 0x00000000f2580000)
 tenured generation   total 79876K, used 75516K [0x00000000f5aa0000, 0x00000000fa8a1000, 0x0000000100000000)
   the space 79876K,  94% used [0x00000000f5aa0000, 0x00000000fa45f070, 0x00000000fa45f200, 0x00000000fa8a1000)
 Metaspace       used 27436K, capacity 27920K, committed 28160K, reserved 1075200K
  class space    used 3089K, capacity 3245K, committed 3328K, reserved 1048576K

Card table byte_map: [0x00007fde6cd2a000,0x00007fde6cda7000] byte_map_base: 0x00007fde6c5a6000

Polling page: 0x00007fde6ceb9000

CodeCache: size=245760Kb used=11965Kb max_used=12537Kb free=233794Kb
 bounds [0x00007fde55000000, 0x00007fde55c50000, 0x00007fde64000000]
 total_blobs=4475 nmethods=4067 adapters=321
 compilation: enabled

Compilation events (10 events):
Event: 9.456 Thread 0x00007fde640b4a50 4486   !   3       org.codehaus.plexus.archiver.zip.ByteArrayOutputStream::write (151 bytes)
Event: 9.456 Thread 0x00007fde640b4a50 nmethod 4486 0x00007fde555b9710 code [0x00007fde555b98e0, 0x00007fde555ba060]
Event: 9.473 Thread 0x00007fde640b2ee0 4487       4       java.io.InputStream::<init> (5 bytes)
Event: 9.474 Thread 0x00007fde640b2ee0 nmethod 4487 0x00007fde5520afd0 code [0x00007fde5520b120, 0x00007fde5520b1b8]
Event: 9.474 Thread 0x00007fde640b4a50 4488       3       org.apache.commons.io.output.ThresholdingOutputStream::checkThreshold (33 bytes)
Event: 9.475 Thread 0x00007fde640b4a50 nmethod 4488 0x00007fde55158d90 code [0x00007fde55158f00, 0x00007fde55159180]
Event: 9.476 Thread 0x00007fde640b4a50 4489       3       java.util.zip.CRC32::update (51 bytes)
Event: 9.476 Thread 0x00007fde640b4a50 nmethod 4489 0x00007fde5580ccd0 code [0x00007fde5580ce60, 0x00007fde5580d230]
Event: 9.476 Thread 0x00007fde640b4a50 4490       3       org.apache.commons.compress.archivers.zip.StreamCompressor::writeDeflated (119 bytes)
Event: 9.477 Thread 0x00007fde640b4a50 nmethod 4490 0x00007fde55538b90 code [0x00007fde55538e00, 0x00007fde55539d88]

GC Heap History (10 events):
Event: 8.148 GC heap after
Heap after GC invocations=50 (full 3):
 def new generation   total 15680K, used 1728K [0x00000000f0800000, 0x00000000f1900000, 0x00000000f5aa0000)
  eden space 13952K,   0% used [0x00000000f0800000, 0x00000000f0800000, 0x00000000f15a0000)
  from space 1728K, 100% used [0x00000000f1750000, 0x00000000f1900000, 0x00000000f1900000)
  to   space 1728K,   0% used [0x00000000f15a0000, 0x00000000f15a0000, 0x00000000f1750000)
 tenured generation   total 34696K, used 27911K [0x00000000f5aa0000, 0x00000000f7c82000, 0x0000000100000000)
   the space 34696K,  80% used [0x00000000f5aa0000, 0x00000000f75e1dd0, 0x00000000f75e1e00, 0x00000000f7c82000)
 Metaspace       used 24373K, capacity 24896K, committed 25216K, reserved 1071104K
  class space    used 2681K, capacity 2817K, committed 2944K, reserved 1048576K
}
Event: 8.576 GC heap before
{Heap before GC invocations=50 (full 3):
 def new generation   total 15680K, used 15680K [0x00000000f0800000, 0x00000000f1900000, 0x00000000f5aa0000)
  eden space 13952K, 100% used [0x00000000f0800000, 0x00000000f15a0000, 0x00000000f15a0000)
  from space 1728K, 100% used [0x00000000f1750000, 0x00000000f1900000, 0x00000000f1900000)
  to   space 1728K,   0% used [0x00000000f15a0000, 0x00000000f15a0000, 0x00000000f1750000)
 tenured generation   total 34696K, used 27911K [0x00000000f5aa0000, 0x00000000f7c82000, 0x0000000100000000)
   the space 34696K,  80% used [0x00000000f5aa0000, 0x00000000f75e1dd0, 0x00000000f75e1e00, 0x00000000f7c82000)
 Metaspace       used 26400K, capacity 26872K, committed 27008K, reserved 1073152K
  class space    used 2975K, capacity 3113K, committed 3200K, reserved 1048576K
Event: 8.584 GC heap after
Heap after GC invocations=51 (full 3):
 def new generation   total 15680K, used 1728K [0x00000000f0800000, 0x00000000f1900000, 0x00000000f5aa0000)
  eden space 13952K,   0% used [0x00000000f0800000, 0x00000000f0800000, 0x00000000f15a0000)
  from space 1728K, 100% used [0x00000000f15a0000, 0x00000000f1750000, 0x00000000f1750000)
  to   space 1728K,   0% used [0x00000000f1750000, 0x00000000f1750000, 0x00000000f1900000)
 tenured generation   total 34696K, used 29669K [0x00000000f5aa0000, 0x00000000f7c82000, 0x0000000100000000)
   the space 34696K,  85% used [0x00000000f5aa0000, 0x00000000f77995a8, 0x00000000f7799600, 0x00000000f7c82000)
 Metaspace       used 26400K, capacity 26872K, committed 27008K, reserved 1073152K
  class space    used 2975K, capacity 3113K, committed 3200K, reserved 1048576K
}
Event: 9.232 GC heap before
{Heap before GC invocations=51 (full 3):
 def new generation   total 15680K, used 7351K [0x00000000f0800000, 0x00000000f1900000, 0x00000000f5aa0000)
  eden space 13952K,  40% used [0x00000000f0800000, 0x00000000f0d7dc28, 0x00000000f15a0000)
  from space 1728K, 100% used [0x00000000f15a0000, 0x00000000f1750000, 0x00000000f1750000)
  to   space 1728K,   0% used [0x00000000f1750000, 0x00000000f1750000, 0x00000000f1900000)
 tenured generation   total 34696K, used 29669K [0x00000000f5aa0000, 0x00000000f7c82000, 0x0000000100000000)
   the space 34696K,  85% used [0x00000000f5aa0000, 0x00000000f77995a8, 0x00000000f7799600, 0x00000000f7c82000)
 Metaspace       used 27204K, capacity 27728K, committed 28032K, reserved 1075200K
  class space    used 3061K, capacity 3181K, committed 3200K, reserved 1048576K
Event: 9.237 GC heap after
Heap after GC invocations=52 (full 3):
 def new generation   total 15680K, used 1055K [0x00000000f0800000, 0x00000000f1900000, 0x00000000f5aa0000)
  eden space 13952K,   0% used [0x00000000f0800000, 0x00000000f0800000, 0x00000000f15a0000)
  from space 1728K,  61% used [0x00000000f1750000, 0x00000000f1857fc8, 0x00000000f1900000)
  to   space 1728K,   0% used [0x00000000f15a0000, 0x00000000f15a0000, 0x00000000f1750000)
 tenured generation   total 34696K, used 30449K [0x00000000f5aa0000, 0x00000000f7c82000, 0x0000000100000000)
   the space 34696K,  87% used [0x00000000f5aa0000, 0x00000000f785c578, 0x00000000f785c600, 0x00000000f7c82000)
 Metaspace       used 27204K, capacity 27728K, committed 28032K, reserved 1075200K
  class space    used 3061K, capacity 3181K, committed 3200K, reserved 1048576K
}
Event: 9.244 GC heap before
{Heap before GC invocations=52 (full 3):
 def new generation   total 15680K, used 11099K [0x00000000f0800000, 0x00000000f1900000, 0x00000000f5aa0000)
  eden space 13952K,  71% used [0x00000000f0800000, 0x00000000f11cedf0, 0x00000000f15a0000)
  from space 1728K,  61% used [0x00000000f1750000, 0x00000000f1857fc8, 0x00000000f1900000)
  to   space 1728K,   0% used [0x00000000f15a0000, 0x00000000f15a0000, 0x00000000f1750000)
 tenured generation   total 34696K, used 30449K [0x00000000f5aa0000, 0x00000000f7c82000, 0x0000000100000000)
   the space 34696K,  87% used [0x00000000f5aa0000, 0x00000000f785c578, 0x00000000f785c600, 0x00000000f7c82000)
 Metaspace       used 27211K, capacity 27728K, committed 28032K, reserved 1075200K
  class space    used 3062K, capacity 3181K, committed 3200K, reserved 1048576K
Event: 9.346 GC heap after
Heap after GC invocations=53 (full 4):
 def new generation   total 27200K, used 0K [0x00000000f0800000, 0x00000000f2580000, 0x00000000f5aa0000)
  eden space 24192K,   0% used [0x00000000f0800000, 0x00000000f0800000, 0x00000000f1fa0000)
  from space 3008K,   0% used [0x00000000f1fa0000, 0x00000000f1fa0000, 0x00000000f2290000)
  to   space 3008K,   0% used [0x00000000f2290000, 0x00000000f2290000, 0x00000000f2580000)
 tenured generation   total 60340K, used 36202K [0x00000000f5aa0000, 0x00000000f958d000, 0x0000000100000000)
   the space 60340K,  59% used [0x00000000f5aa0000, 0x00000000f7dfab98, 0x00000000f7dfac00, 0x00000000f958d000)
 Metaspace       used 27211K, capacity 27728K, committed 28032K, reserved 1075200K
  class space    used 3062K, capacity 3181K, committed 3200K, reserved 1048576K
}
Event: 9.354 GC heap before
{Heap before GC invocations=53 (full 4):
 def new generation   total 27200K, used 20010K [0x00000000f0800000, 0x00000000f2580000, 0x00000000f5aa0000)
  eden space 24192K,  82% used [0x00000000f0800000, 0x00000000f1b8aa88, 0x00000000f1fa0000)
  from space 3008K,   0% used [0x00000000f1fa0000, 0x00000000f1fa0000, 0x00000000f2290000)
  to   space 3008K,   0% used [0x00000000f2290000, 0x00000000f2290000, 0x00000000f2580000)
 tenured generation   total 60340K, used 36202K [0x00000000f5aa0000, 0x00000000f958d000, 0x0000000100000000)
   the space 60340K,  59% used [0x00000000f5aa0000, 0x00000000f7dfab98, 0x00000000f7dfac00, 0x00000000f958d000)
 Metaspace       used 27211K, capacity 27728K, committed 28032K, reserved 1075200K
  class space    used 3062K, capacity 3181K, committed 3200K, reserved 1048576K
Event: 9.369 GC heap after
Heap after GC invocations=54 (full 4):
 def new generation   total 27200K, used 16K [0x00000000f0800000, 0x00000000f2580000, 0x00000000f5aa0000)
  eden space 24192K,   0% used [0x00000000f0800000, 0x00000000f0800000, 0x00000000f1fa0000)
  from space 3008K,   0% used [0x00000000f2290000, 0x00000000f22943f0, 0x00000000f2580000)
  to   space 3008K,   0% used [0x00000000f1fa0000, 0x00000000f1fa0000, 0x00000000f2290000)
 tenured generation   total 60340K, used 55734K [0x00000000f5aa0000, 0x00000000f958d000, 0x0000000100000000)
   the space 60340K,  92% used [0x00000000f5aa0000, 0x00000000f910d8b8, 0x00000000f910da00, 0x00000000f958d000)
 Metaspace       used 27211K, capacity 27728K, committed 28032K, reserved 1075200K
  class space    used 3062K, capacity 3181K, committed 3200K, reserved 1048576K
}
Event: 9.850 GC heap before
{Heap before GC invocations=54 (full 4):
 def new generation   total 27200K, used 21944K [0x00000000f0800000, 0x00000000f2580000, 0x00000000f5aa0000)
  eden space 24192K,  90% used [0x00000000f0800000, 0x00000000f1d69c68, 0x00000000f1fa0000)
  from space 3008K,   0% used [0x00000000f2290000, 0x00000000f22943f0, 0x00000000f2580000)
  to   space 3008K,   0% used [0x00000000f1fa0000, 0x00000000f1fa0000, 0x00000000f2290000)
 tenured generation   total 60340K, used 55734K [0x00000000f5aa0000, 0x00000000f958d000, 0x0000000100000000)
   the space 60340K,  92% used [0x00000000f5aa0000, 0x00000000f910d8b8, 0x00000000f910da00, 0x00000000f958d000)
 Metaspace       used 27436K, capacity 27920K, committed 28160K, reserved 1075200K
  class space    used 3089K, capacity 3245K, committed 3328K, reserved 1048576K

Deoptimization events (10 events):
Event: 6.222 Thread 0x00007fde64008eb0 Uncommon trap: reason=unstable_if action=reinterpret pc=0x00007fde551d9388 method=java.util.HashMap.putVal(ILjava/lang/Object;Ljava/lang/Object;ZZ)Ljava/lang/Object; @ 193
Event: 6.230 Thread 0x00007fde64008eb0 Uncommon trap: reason=unstable_if action=reinterpret pc=0x00007fde556ef270 method=java.nio.charset.CharsetDecoder.decode(Ljava/nio/ByteBuffer;Ljava/nio/CharBuffer;Z)Ljava/nio/charset/CoderResult; @ 1
Event: 6.324 Thread 0x00007fde64008eb0 Uncommon trap: reason=unstable_if action=reinterpret pc=0x00007fde553100e0 method=java.lang.CharacterDataLatin1.isWhitespace(I)Z @ 14
Event: 7.408 Thread 0x00007fde64008eb0 Uncommon trap: reason=unstable_if action=reinterpret pc=0x00007fde55a7be5c method=java.lang.CharacterDataLatin1.isJavaIdentifierPart(I)Z @ 11
Event: 7.836 Thread 0x00007fde64008eb0 Uncommon trap: reason=class_check action=maybe_recompile pc=0x00007fde55b00730 method=java.util.regex.Pattern$7.isSatisfiedBy(I)Z @ 16
Event: 7.836 Thread 0x00007fde64008eb0 Uncommon trap: reason=class_check action=maybe_recompile pc=0x00007fde55b00730 method=java.util.regex.Pattern$7.isSatisfiedBy(I)Z @ 16
Event: 7.836 Thread 0x00007fde64008eb0 Uncommon trap: reason=unstable_if action=reinterpret pc=0x00007fde55b00760 method=java.util.regex.Pattern$7.isSatisfiedBy(I)Z @ 19
Event: 8.388 Thread 0x00007fde64008eb0 Uncommon trap: reason=unstable_if action=reinterpret pc=0x00007fde553d1ca8 method=java.util.HashMap.hash(Ljava/lang/Object;)I @ 1
Event: 8.505 Thread 0x00007fde64008eb0 Uncommon trap: reason=unstable_if action=reinterpret pc=0x00007fde5515bb30 method=org.codehaus.plexus.classworlds.realm.Entry.matches(Ljava/lang/String;)Z @ 20
Event: 9.380 Thread 0x00007fde64008eb0 Uncommon trap: reason=unstable_if action=reinterpret pc=0x00007fde552ef6c4 method=java.lang.StringCoding$StringEncoder.encode([CII)[B @ 20

Internal exceptions (10 events):
Event: 2.530 Thread 0x00007fde64008eb0 Implicit null exception at 0x00007fde5524abb5 to 0x00007fde5524af69
Event: 2.530 Thread 0x00007fde64008eb0 Implicit null exception at 0x00007fde5520c376 to 0x00007fde5520c72d
Event: 3.423 Thread 0x00007fde64008eb0 Implicit null exception at 0x00007fde552e8d35 to 0x00007fde552e8f19
Event: 3.423 Thread 0x00007fde64008eb0 Implicit null exception at 0x00007fde55322c6f to 0x00007fde55322cd9
Event: 3.754 Thread 0x00007fde64008eb0 Implicit null exception at 0x00007fde556d9c89 to 0x00007fde556da78d
Event: 5.491 Thread 0x00007fde64008eb0 Exception <a 'java/lang/ClassNotFoundException': com/sun/tools/javac/api/JavacTool> (0x00000000f09948f0) thrown at [/builddir/build/BUILD/java-1.8.0-openjdk-1.8.0.151-1.b12.35.amzn1.x86_64/openjdk/hotspot/src/share/vm/classfile/systemDictionary.cpp, line 
Event: 6.463 Thread 0x00007fde64008eb0 Exception <a 'java/io/FileNotFoundException'> (0x00000000f0de25a8) thrown at [/builddir/build/BUILD/java-1.8.0-openjdk-1.8.0.151-1.b12.35.amzn1.x86_64/openjdk/hotspot/src/share/vm/prims/jni.cpp, line 710]
Event: 6.473 Thread 0x00007fde64008eb0 Exception <a 'java/io/FileNotFoundException'> (0x00000000f0e31798) thrown at [/builddir/build/BUILD/java-1.8.0-openjdk-1.8.0.151-1.b12.35.amzn1.x86_64/openjdk/hotspot/src/share/vm/prims/jni.cpp, line 710]
Event: 6.473 Thread 0x00007fde64008eb0 Exception <a 'java/io/FileNotFoundException'> (0x00000000f0e325f0) thrown at [/builddir/build/BUILD/java-1.8.0-openjdk-1.8.0.151-1.b12.35.amzn1.x86_64/openjdk/hotspot/src/share/vm/prims/jni.cpp, line 710]
Event: 8.388 Thread 0x00007fde64008eb0 Implicit null exception at 0x00007fde553d16bb to 0x00007fde553d1c8d

Events (10 events):
Event: 9.418 loading class org/apache/commons/compress/archivers/zip/ZipUtil done
Event: 9.419 loading class org/apache/commons/compress/archivers/zip/UnsupportedZipFeatureException
Event: 9.419 loading class org/apache/commons/compress/archivers/zip/UnsupportedZipFeatureException done
Event: 9.419 loading class org/apache/commons/compress/archivers/zip/UnsupportedZipFeatureException
Event: 9.419 loading class org/apache/commons/compress/archivers/zip/UnsupportedZipFeatureException done
Event: 9.420 loading class org/apache/commons/compress/archivers/zip/ZipMethod
Event: 9.420 loading class org/apache/commons/compress/archivers/zip/ZipMethod done
Event: 9.420 loading class org/apache/commons/compress/archivers/zip/ZipMethod
Event: 9.420 loading class org/apache/commons/compress/archivers/zip/ZipMethod done
Event: 9.850 Executing VM operation: GenCollectForAllocation


Dynamic libraries:
00400000-00401000 r-xp 00000000 ca:01 271640                             /usr/lib/jvm/java-1.8.0-openjdk-1.8.0.151-1.b12.35.amzn1.x86_64/jre/bin/java
00600000-00601000 rw-p 00000000 ca:01 271640                             /usr/lib/jvm/java-1.8.0-openjdk-1.8.0.151-1.b12.35.amzn1.x86_64/jre/bin/java
010f3000-01114000 rw-p 00000000 00:00 0                                  [heap]
f0800000-f2580000 rw-p 00000000 00:00 0 
f2580000-f5aa0000 ---p 00000000 00:00 0 
f5aa0000-fa8a1000 rw-p 00000000 00:00 0 
fd58a000-100000000 ---p 00000000 00:00 0 
100000000-100340000 rw-p 00000000 00:00 0 
100340000-140000000 ---p 00000000 00:00 0 
7fde2c000000-7fde2c043000 rw-p 00000000 00:00 0 
7fde2c043000-7fde30000000 ---p 00000000 00:00 0 
7fde34000000-7fde356ea000 rw-p 00000000 00:00 0 
7fde356ea000-7fde38000000 ---p 00000000 00:00 0 
7fde38000000-7fde38933000 rw-p 00000000 00:00 0 
7fde38933000-7fde3c000000 ---p 00000000 00:00 0 
7fde3c000000-7fde3c021000 rw-p 00000000 00:00 0 
7fde3c021000-7fde40000000 ---p 00000000 00:00 0 
7fde41322000-7fde41325000 ---p 00000000 00:00 0 
7fde41325000-7fde41463000 rw-p 00000000 00:00 0 
7fde41463000-7fde41623000 ---p 00000000 00:00 0 
7fde41623000-7fde41823000 rw-p 00000000 00:00 0 
7fde41823000-7fde41a23000 rw-p 00000000 00:00 0 
7fde41ad7000-7fde48000000 r--p 00000000 ca:01 2733                       /usr/lib/locale/locale-archive
7fde48000000-7fde48021000 rw-p 00000000 00:00 0 
7fde48021000-7fde4c000000 ---p 00000000 00:00 0 
7fde4c000000-7fde4c021000 rw-p 00000000 00:00 0 
7fde4c021000-7fde50000000 ---p 00000000 00:00 0 
7fde50000000-7fde50077000 rw-p 00000000 00:00 0 
7fde50077000-7fde54000000 ---p 00000000 00:00 0 
7fde540c3000-7fde540c4000 rw-p 00000000 00:00 0 
7fde540c4000-7fde540c5000 r--s 00002000 ca:01 289553                     /home/ec2-user/.m2/repository/org/apache/maven/shared/maven-mapping/3.0.0/maven-mapping-3.0.0.jar
7fde540c5000-7fde540c7000 r--s 00001000 ca:01 289551                     /home/ec2-user/.m2/repository/org/sonatype/plexus/plexus-build-api/0.0.7/plexus-build-api-0.0.7.jar
7fde540c7000-7fde540c9000 r--s 0000b000 ca:01 289549                     /home/ec2-user/.m2/repository/org/apache/maven/shared/maven-filtering/3.1.1/maven-filtering-3.1.1.jar
7fde540c9000-7fde540cd000 r--s 00039000 ca:01 397041                     /home/ec2-user/.m2/repository/org/codehaus/plexus/plexus-utils/3.0.24/plexus-utils-3.0.24.jar
7fde540cd000-7fde540cf000 r--s 00005000 ca:01 396341                     /home/ec2-user/.m2/repository/xpp3/xpp3_min/1.1.4c/xpp3_min-1.1.4c.jar
7fde540cf000-7fde540d0000 r--s 00001000 ca:01 289543                     /home/ec2-user/.m2/repository/xmlpull/xmlpull/1.1.3.1/xmlpull-1.1.3.1.jar
7fde540d0000-7fde540de000 r--s 00079000 ca:01 289518                     /home/ec2-user/.m2/repository/com/thoughtworks/xstream/xstream/1.4.9/xstream-1.4.9.jar
7fde540de000-7fde540e1000 r--s 00010000 ca:01 406568                     /home/ec2-user/.m2/repository/org/codehaus/plexus/plexus-interpolation/1.22/plexus-interpolation-1.22.jar
7fde540e1000-7fde540e5000 r--s 00015000 ca:01 397205                     /home/ec2-user/.m2/repository/org/tukaani/xz/1.5/xz-1.5.jar
7fde540e5000-7fde540e7000 r--s 0000d000 ca:01 396459                     /home/ec2-user/.m2/repository/org/iq80/snappy/snappy/0.4/snappy-0.4.jar
7fde540e7000-7fde540ef000 r--s 00060000 ca:01 397642                     /home/ec2-user/.m2/repository/org/apache/commons/commons-compress/1.11/commons-compress-1.11.jar
7fde540ef000-7fde540f2000 r--s 00012000 ca:01 396857                     /home/ec2-user/.m2/repository/org/codehaus/plexus/plexus-io/2.7.1/plexus-io-2.7.1.jar
7fde540f2000-7fde540f7000 r--s 00029000 ca:01 396644                     /home/ec2-user/.m2/repository/org/codehaus/plexus/plexus-archiver/3.4/plexus-archiver-3.4.jar
7fde540f7000-7fde540fb000 r--s 0002f000 ca:01 141584                     /home/ec2-user/.m2/repository/commons-io/commons-io/2.5/commons-io-2.5.jar
7fde540fb000-7fde540fe000 r--s 00023000 ca:01 398897                     /home/ec2-user/.m2/repository/org/apache/maven/shared/maven-shared-utils/3.0.1/maven-shared-utils-3.0.1.jar
7fde540fe000-7fde540ff000 r--s 00005000 ca:01 397863                     /home/ec2-user/.m2/repository/org/apache/maven/maven-archiver/3.1.1/maven-archiver-3.1.1.jar
7fde540ff000-7fde54101000 r--s 00000000 ca:01 396824                     /home/ec2-user/.m2/repository/org/codehaus/plexus/plexus-component-annotations/1.6/plexus-component-annotations-1.6.jar
7fde54101000-7fde54105000 r--s 00017000 ca:01 397324                     /home/ec2-user/.m2/repository/org/sonatype/aether/aether-util/1.7/aether-util-1.7.jar
7fde54105000-7fde54110000 r--s 00069000 ca:01 397254                     /home/ec2-user/.m2/repository/org/sonatype/sisu/sisu-guice/2.1.7/sisu-guice-2.1.7-noaop.jar
7fde54110000-7fde54115000 r--s 00021000 ca:01 397268                     /home/ec2-user/.m2/repository/org/sonatype/sisu/sisu-inject-bean/1.4.2/sisu-inject-bean-1.4.2.jar
7fde54115000-7fde54117000 r--s 00014000 ca:01 406614                     /home/ec2-user/.m2/repository/org/apache/maven/plugins/maven-war-plugin/3.0.0/maven-war-plugin-3.0.0.jar
7fde54117000-7fde54119000 r--s 00002000 ca:01 429613                     /home/ec2-user/.m2/repository/org/apache/maven/plugin-tools/maven-plugin-annotations/3.3/maven-plugin-annotations-3.3.jar
7fde54119000-7fde5411e000 r--s 00020000 ca:01 429602                     /home/ec2-user/.m2/repository/org/apache/maven/surefire/surefire-api/2.18.1/surefire-api-2.18.1.jar
7fde5411e000-7fde54124000 r--s 00048000 ca:01 397655                     /home/ec2-user/.m2/repository/org/apache/commons/commons-lang3/3.1/commons-lang3-3.1.jar
7fde54124000-7fde54125000 r--s 00002000 ca:01 398226                     /home/ec2-user/.m2/repository/org/apache/maven/reporting/maven-reporting-api/3.0/maven-reporting-api-3.0.jar
7fde54125000-7fde54127000 r--s 00008000 ca:01 429595                     /home/ec2-user/.m2/repository/org/apache/maven/surefire/surefire-booter/2.18.1/surefire-booter-2.18.1.jar
7fde54127000-7fde5412d000 r--s 0003e000 ca:01 429581                     /home/ec2-user/.m2/repository/org/apache/maven/surefire/maven-surefire-common/2.18.1/maven-surefire-common-2.18.1.jar
7fde5412d000-7fde5412f000 r--s 00008000 ca:01 424567                     /home/ec2-user/.m2/repository/org/apache/maven/plugins/maven-surefire-plugin/2.18.1/maven-surefire-plugin-2.18.1.jar
7fde5412f000-7fde5432f000 rw-p 00000000 00:00 0 
7fde5432f000-7fde5452f000 rw-p 00000000 00:00 0 
7fde5452f000-7fde545a9000 r--s 012bd000 ca:01 271835                     /usr/lib/jvm/java-1.8.0-openjdk-1.8.0.151-1.b12.35.amzn1.x86_64/lib/tools.jar
7fde545a9000-7fde545ac000 r--s 0001b000 ca:01 396313                     /home/ec2-user/.m2/repository/junit/junit/3.8.2/junit-3.8.2.jar
7fde545ac000-7fde545ba000 r--s 0008f000 ca:01 399497                     /home/ec2-user/.m2/repository/com/google/collections/google-collections/1.0/google-collections-1.0.jar
7fde545ba000-7fde545bb000 r--s 0000a000 ca:01 399189                     /home/ec2-user/.m2/repository/commons-logging/commons-logging-api/1.1/commons-logging-api-1.1.jar
7fde545bb000-7fde545c2000 r--s 00051000 ca:01 399451                     /home/ec2-user/.m2/repository/log4j/log4j/1.2.12/log4j-1.2.12.jar
7fde545c2000-7fde545c6000 r--s 0001d000 ca:01 397670                     /home/ec2-user/.m2/repository/org/apache/xbean/xbean-reflect/3.4/xbean-reflect-3.4.jar
7fde545c6000-7fde545c8000 r--s 00000000 ca:01 396608                     /home/ec2-user/.m2/repository/org/codehaus/plexus/plexus-compiler-manager/2.5/plexus-compiler-manager-2.5.jar
7fde545c8000-7fde545ca000 r--s 00005000 ca:01 396560                     /home/ec2-user/.m2/repository/org/codehaus/plexus/plexus-compiler-api/2.5/plexus-compiler-api-2.5.jar
7fde545ca000-7fde545cc000 r--s 00000000 ca:01 396832                     /home/ec2-user/.m2/repository/org/codehaus/plexus/plexus-component-annotations/1.5.5/plexus-component-annotations-1.5.5.jar
7fde545cc000-7fde545ce000 r--s 00002000 ca:01 398943                     /home/ec2-user/.m2/repository/org/apache/maven/shared/maven-shared-incremental/1.1/maven-shared-incremental-1.1.jar
7fde545ce000-7fde545d0000 r--s 00006000 ca:01 399514                     /home/ec2-user/.m2/repository/com/google/code/findbugs/jsr305/2.0.1/jsr305-2.0.1.jar
7fde545d0000-7fde545d4000 r--s 00026000 ca:01 398931                     /home/ec2-user/.m2/repository/org/apache/maven/shared/maven-shared-utils/0.7/maven-shared-utils-0.7.jar
7fde545d4000-7fde545d6000 r--s 00002000 ca:01 397344                     /home/ec2-user/.m2/repository/org/sonatype/plexus/plexus-cipher/1.4/plexus-cipher-1.4.jar
7fde545d6000-7fde547d6000 rw-p 00000000 00:00 0 
7fde547d6000-7fde547e8000 r-xp 00000000 ca:01 271677                     /usr/lib/jvm/java-1.8.0-openjdk-1.8.0.151-1.b12.35.amzn1.x86_64/jre/lib/amd64/libnio.so
7fde547e8000-7fde549e7000 ---p 00012000 ca:01 271677                     /usr/lib/jvm/java-1.8.0-openjdk-1.8.0.151-1.b12.35.amzn1.x86_64/jre/lib/amd64/libnio.so
7fde549e7000-7fde549e8000 rw-p 00011000 ca:01 271677                     /usr/lib/jvm/java-1.8.0-openjdk-1.8.0.151-1.b12.35.amzn1.x86_64/jre/lib/amd64/libnio.so
7fde549e8000-7fde549ff000 r-xp 00000000 ca:01 271676                     /usr/lib/jvm/java-1.8.0-openjdk-1.8.0.151-1.b12.35.amzn1.x86_64/jre/lib/amd64/libnet.so
7fde549ff000-7fde54bff000 ---p 00017000 ca:01 271676                     /usr/lib/jvm/java-1.8.0-openjdk-1.8.0.151-1.b12.35.amzn1.x86_64/jre/lib/amd64/libnet.so
7fde54bff000-7fde54c00000 rw-p 00017000 ca:01 271676                     /usr/lib/jvm/java-1.8.0-openjdk-1.8.0.151-1.b12.35.amzn1.x86_64/jre/lib/amd64/libnet.so
7fde54c00000-7fde54e00000 rw-p 00000000 00:00 0 
7fde54e00000-7fde55000000 rw-p 00000000 00:00 0 
7fde55000000-7fde55c50000 rwxp 00000000 00:00 0 
7fde55c50000-7fde64000000 ---p 00000000 00:00 0 
7fde64000000-7fde651f7000 rw-p 00000000 00:00 0 
7fde651f7000-7fde68000000 ---p 00000000 00:00 0 
7fde68000000-7fde68001000 r--s 00004000 ca:01 396634                     /home/ec2-user/.m2/repository/org/codehaus/plexus/plexus-compiler-javac/2.5/plexus-compiler-javac-2.5.jar
7fde68001000-7fde68002000 r--s 00006000 ca:01 397331                     /home/ec2-user/.m2/repository/org/sonatype/plexus/plexus-sec-dispatcher/1.3/plexus-sec-dispatcher-1.3.jar
7fde68002000-7fde6800a000 r--s 00049000 ca:01 399693                     /home/ec2-user/.m2/repository/backport-util-concurrent/backport-util-concurrent/3.1/backport-util-concurrent-3.1.jar
7fde6800a000-7fde6800c000 r--s 00003000 ca:01 397193                     /home/ec2-user/.m2/repository/org/slf4j/jcl-over-slf4j/1.5.6/jcl-over-slf4j-1.5.6.jar
7fde6800c000-7fde6800e000 r--s 00001000 ca:01 397164                     /home/ec2-user/.m2/repository/org/slf4j/slf4j-jdk14/1.5.6/slf4j-jdk14-1.5.6.jar
7fde6800e000-7fde68010000 r--s 0000b000 ca:01 396993                     /home/ec2-user/.m2/repository/org/codehaus/plexus/plexus-interpolation/1.11/plexus-interpolation-1.11.jar
7fde68010000-7fde68014000 r--s 00034000 ca:01 397003                     /home/ec2-user/.m2/repository/org/codehaus/plexus/plexus-utils/1.5.15/plexus-utils-1.5.15.jar
7fde68014000-7fde68016000 r--s 0000a000 ca:01 398070                     /home/ec2-user/.m2/repository/org/apache/maven/plugins/maven-compiler-plugin/3.3/maven-compiler-plugin-3.3.jar
7fde68016000-7fde68018000 r--s 0000d000 ca:01 397000                     /home/ec2-user/.m2/repository/org/codehaus/plexus/plexus-interpolation/1.13/plexus-interpolation-1.13.jar
7fde68018000-7fde68019000 r--s 00001000 ca:01 397340                     /home/ec2-user/.m2/repository/org/sonatype/plexus/plexus-build-api/0.0.4/plexus-build-api-0.0.4.jar
7fde68019000-7fde6801b000 r--s 00009000 ca:01 398859                     /home/ec2-user/.m2/repository/org/apache/maven/shared/maven-filtering/1.1/maven-filtering-1.1.jar
7fde6801b000-7fde6801f000 r--s 00033000 ca:01 397053                     /home/ec2-user/.m2/repository/org/codehaus/plexus/plexus-utils/2.0.5/plexus-utils-2.0.5.jar
7fde6801f000-7fde68022000 r--s 0001b000 ca:01 396333                     /home/ec2-user/.m2/repository/junit/junit/3.8.1/junit-3.8.1.jar
7fde68022000-7fde68024000 r--s 00002000 ca:01 396670                     /home/ec2-user/.m2/repository/org/codehaus/plexus/plexus-interactivity-api/1.0-alpha-4/plexus-interactivity-api-1.0-alpha-4.jar
7fde68024000-7fde68026000 r--s 00006000 ca:01 399685                     /home/ec2-user/.m2/repository/commons-cli/commons-cli/1.0/commons-cli-1.0.jar
7fde68026000-7fde68027000 r--s 00001000 ca:01 398486                     /home/ec2-user/.m2/repository/org/apache/maven/doxia/doxia-sink-api/1.0-alpha-7/doxia-sink-api-1.0-alpha-7.jar
7fde68027000-7fde68028000 r--s 00002000 ca:01 398233                     /home/ec2-user/.m2/repository/org/apache/maven/reporting/maven-reporting-api/2.0.6/maven-reporting-api-2.0.6.jar
7fde68028000-7fde6802a000 r--s 00006000 ca:01 398058                     /home/ec2-user/.m2/repository/org/apache/maven/plugins/maven-resources-plugin/2.6/maven-resources-plugin-2.6.jar
7fde6802a000-7fde6802f000 r--s 000b3000 ca:01 271726                     /usr/lib/jvm/java-1.8.0-openjdk-1.8.0.151-1.b12.35.amzn1.x86_64/jre/lib/jsse.jar
7fde6802f000-7fde6822f000 rw-p 00000000 00:00 0 
7fde6822f000-7fde68233000 r--s 0003c000 ca:01 15215                      /home/ec2-user/apache-maven-3.5.2/lib/plexus-utils-3.1.0.jar
7fde68233000-7fde68236000 r--s 00011000 ca:01 15219                      /home/ec2-user/apache-maven-3.5.2/lib/plexus-interpolation-1.24.jar
7fde68236000-7fde68238000 r-xp 00000000 ca:01 2725                       /lib64/libutil-2.17.so
7fde68238000-7fde68437000 ---p 00002000 ca:01 2725                       /lib64/libutil-2.17.so
7fde68437000-7fde68438000 r--p 00001000 ca:01 2725                       /lib64/libutil-2.17.so
7fde68438000-7fde68439000 rw-p 00002000 ca:01 2725                       /lib64/libutil-2.17.so
7fde68439000-7fde6843a000 r--s 00006000 ca:01 15225                      /home/ec2-user/apache-maven-3.5.2/lib/maven-repository-metadata-3.5.2.jar
7fde6843a000-7fde6843e000 r--s 00023000 ca:01 15238                      /home/ec2-user/apache-maven-3.5.2/lib/maven-resolver-util-1.1.0.jar
7fde6843e000-7fde68441000 r-xp 00000000 ca:01 15192                      /home/ec2-user/apache-maven-3.5.2/lib/jansi-native/linux64/libjansi.so
7fde68441000-7fde68640000 ---p 00003000 ca:01 15192                      /home/ec2-user/apache-maven-3.5.2/lib/jansi-native/linux64/libjansi.so
7fde68640000-7fde68641000 rw-p 00002000 ca:01 15192                      /home/ec2-user/apache-maven-3.5.2/lib/jansi-native/linux64/libjansi.so
7fde68641000-7fde68642000 r--s 00003000 ca:01 15217                      /home/ec2-user/apache-maven-3.5.2/lib/maven-builder-support-3.5.2.jar
7fde68642000-7fde68645000 r--s 00008000 ca:01 15229                      /home/ec2-user/apache-maven-3.5.2/lib/cdi-api-1.0.jar
7fde68645000-7fde68647000 r--s 0000f000 ca:01 15235                      /home/ec2-user/apache-maven-3.5.2/lib/maven-resolver-provider-3.5.2.jar
7fde68647000-7fde68648000 r--s 00006000 ca:01 15221                      /home/ec2-user/apache-maven-3.5.2/lib/plexus-sec-dispatcher-1.4.jar
7fde68648000-7fde6864c000 r--s 0002f000 ca:01 15241                      /home/ec2-user/apache-maven-3.5.2/lib/commons-io-2.5.jar
7fde6864c000-7fde6864d000 r--s 00001000 ca:01 15230                      /home/ec2-user/apache-maven-3.5.2/lib/jsr250-api-1.0.jar
7fde6864d000-7fde68651000 r--s 00020000 ca:01 15236                      /home/ec2-user/apache-maven-3.5.2/lib/maven-resolver-api-1.1.0.jar
7fde68651000-7fde68658000 r--s 00056000 ca:01 15232                      /home/ec2-user/apache-maven-3.5.2/lib/org.eclipse.sisu.inject-0.3.3.jar
7fde68658000-7fde6865a000 r--s 00002000 ca:01 15222                      /home/ec2-user/apache-maven-3.5.2/lib/plexus-cipher-1.7.jar
7fde6865a000-7fde6865d000 r--s 0003c000 ca:01 15254                      /home/ec2-user/apache-maven-3.5.2/lib/jansi-1.16.jar
7fde6865d000-7fde68661000 r--s 0002a000 ca:01 15239                      /home/ec2-user/apache-maven-3.5.2/lib/maven-resolver-impl-1.1.0.jar
7fde68661000-7fde68663000 r--s 0000c000 ca:01 15245                      /home/ec2-user/apache-maven-3.5.2/lib/commons-cli-1.4.jar
7fde68663000-7fde68665000 r--s 0000a000 ca:01 15227                      /home/ec2-user/apache-maven-3.5.2/lib/maven-plugin-api-3.5.2.jar
7fde68665000-7fde68668000 r--s 00026000 ca:01 15224                      /home/ec2-user/apache-maven-3.5.2/lib/maven-model-3.5.2.jar
7fde68668000-7fde6866b000 r--s 00025000 ca:01 15240                      /home/ec2-user/apache-maven-3.5.2/lib/maven-shared-utils-3.1.0.jar
7fde6866b000-7fde6866d000 r--s 00009000 ca:01 15251                      /home/ec2-user/apache-maven-3.5.2/lib/maven-resolver-connector-basic-1.1.0.jar
7fde6866d000-7fde6867a000 r--s 0008d000 ca:01 15223                      /home/ec2-user/apache-maven-3.5.2/lib/maven-core-3.5.2.jar
7fde6867a000-7fde6867d000 r--s 00015000 ca:01 15213                      /home/ec2-user/apache-maven-3.5.2/lib/maven-embedder-3.5.2.jar
7fde6867d000-7fde6867f000 r--s 00009000 ca:01 15216                      /home/ec2-user/apache-maven-3.5.2/lib/maven-settings-builder-3.5.2.jar
7fde6867f000-7fde68683000 r--s 00028000 ca:01 15233                      /home/ec2-user/apache-maven-3.5.2/lib/maven-model-builder-3.5.2.jar
7fde68683000-7fde68689000 r--s 0002d000 ca:01 15228                      /home/ec2-user/apache-maven-3.5.2/lib/org.eclipse.sisu.plexus-0.3.3.jar
7fde68689000-7fde6868a000 r--s 00005000 ca:01 15253                      /home/ec2-user/apache-maven-3.5.2/lib/maven-slf4j-provider-3.5.2.jar
7fde6868a000-7fde6868b000 r--s 00002000 ca:01 15250                      /home/ec2-user/apache-maven-3.5.2/lib/wagon-file-2.12.jar
7fde6868b000-7fde6868d000 r--s 0000c000 ca:01 15247                      /home/ec2-user/apache-maven-3.5.2/lib/wagon-provider-api-2.12.jar
7fde6868d000-7fde6868f000 r--s 00007000 ca:01 15237                      /home/ec2-user/apache-maven-3.5.2/lib/maven-resolver-spi-1.1.0.jar
7fde6868f000-7fde68697000 r--s 0006e000 ca:01 15218                      /home/ec2-user/apache-maven-3.5.2/lib/commons-lang3-3.5.jar
7fde68697000-7fde686c3000 r--s 001e6000 ca:01 15248                      /home/ec2-user/apache-maven-3.5.2/lib/wagon-http-2.12-shaded.jar
7fde686c3000-7fde686f2000 r--s 00226000 ca:01 15234                      /home/ec2-user/apache-maven-3.5.2/lib/guava-20.0.jar
7fde686f2000-7fde686f3000 ---p 00000000 00:00 0 
7fde686f3000-7fde687f3000 rw-p 00000000 00:00 0 
7fde687f3000-7fde687f6000 ---p 00000000 00:00 0 
7fde687f6000-7fde688f4000 rw-p 00000000 00:00 0 
7fde688f4000-7fde688f7000 ---p 00000000 00:00 0 
7fde688f7000-7fde689f5000 rw-p 00000000 00:00 0 
7fde689f5000-7fde689f8000 ---p 00000000 00:00 0 
7fde689f8000-7fde68af6000 rw-p 00000000 00:00 0 
7fde68af6000-7fde68af9000 ---p 00000000 00:00 0 
7fde68af9000-7fde68bf7000 rw-p 00000000 00:00 0 
7fde68bf7000-7fde68bfa000 ---p 00000000 00:00 0 
7fde68bfa000-7fde68cf8000 rw-p 00000000 00:00 0 
7fde68cf8000-7fde68cfb000 ---p 00000000 00:00 0 
7fde68cfb000-7fde68df9000 rw-p 00000000 00:00 0 
7fde68df9000-7fde68dfa000 ---p 00000000 00:00 0 
7fde68dfa000-7fde68f48000 rw-p 00000000 00:00 0 
7fde68f48000-7fde69117000 r--s 043ff000 ca:01 271740                     /usr/lib/jvm/java-1.8.0-openjdk-1.8.0.151-1.b12.35.amzn1.x86_64/jre/lib/rt.jar
7fde69117000-7fde69a10000 rw-p 00000000 00:00 0 
7fde69a10000-7fde69a42000 rw-p 00000000 00:00 0 
7fde69a42000-7fde69dd0000 ---p 00000000 00:00 0 
7fde69dd0000-7fde69dd8000 r-xp 00000000 ca:01 271684                     /usr/lib/jvm/java-1.8.0-openjdk-1.8.0.151-1.b12.35.amzn1.x86_64/jre/lib/amd64/libzip.so
7fde69dd8000-7fde69fd8000 ---p 00008000 ca:01 271684                     /usr/lib/jvm/java-1.8.0-openjdk-1.8.0.151-1.b12.35.amzn1.x86_64/jre/lib/amd64/libzip.so
7fde69fd8000-7fde69fd9000 rw-p 00008000 ca:01 271684                     /usr/lib/jvm/java-1.8.0-openjdk-1.8.0.151-1.b12.35.amzn1.x86_64/jre/lib/amd64/libzip.so
7fde69fd9000-7fde69fe5000 r-xp 00000000 ca:01 2709                       /lib64/libnss_files-2.17.so
7fde69fe5000-7fde6a1e4000 ---p 0000c000 ca:01 2709                       /lib64/libnss_files-2.17.so
7fde6a1e4000-7fde6a1e5000 r--p 0000b000 ca:01 2709                       /lib64/libnss_files-2.17.so
7fde6a1e5000-7fde6a1e6000 rw-p 0000c000 ca:01 2709                       /lib64/libnss_files-2.17.so
7fde6a1e6000-7fde6a1ec000 rw-p 00000000 00:00 0 
7fde6a1ec000-7fde6a219000 r-xp 00000000 ca:01 271666                     /usr/lib/jvm/java-1.8.0-openjdk-1.8.0.151-1.b12.35.amzn1.x86_64/jre/lib/amd64/libjava.so
7fde6a219000-7fde6a419000 ---p 0002d000 ca:01 271666                     /usr/lib/jvm/java-1.8.0-openjdk-1.8.0.151-1.b12.35.amzn1.x86_64/jre/lib/amd64/libjava.so
7fde6a419000-7fde6a41b000 rw-p 0002d000 ca:01 271666                     /usr/lib/jvm/java-1.8.0-openjdk-1.8.0.151-1.b12.35.amzn1.x86_64/jre/lib/amd64/libjava.so
7fde6a41b000-7fde6a428000 r-xp 00000000 ca:01 271683                     /usr/lib/jvm/java-1.8.0-openjdk-1.8.0.151-1.b12.35.amzn1.x86_64/jre/lib/amd64/libverify.so
7fde6a428000-7fde6a627000 ---p 0000d000 ca:01 271683                     /usr/lib/jvm/java-1.8.0-openjdk-1.8.0.151-1.b12.35.amzn1.x86_64/jre/lib/amd64/libverify.so
7fde6a627000-7fde6a629000 rw-p 0000c000 ca:01 271683                     /usr/lib/jvm/java-1.8.0-openjdk-1.8.0.151-1.b12.35.amzn1.x86_64/jre/lib/amd64/libverify.so
7fde6a629000-7fde6a630000 r-xp 00000000 ca:01 2721                       /lib64/librt-2.17.so
7fde6a630000-7fde6a82f000 ---p 00007000 ca:01 2721                       /lib64/librt-2.17.so
7fde6a82f000-7fde6a830000 r--p 00006000 ca:01 2721                       /lib64/librt-2.17.so
7fde6a830000-7fde6a831000 rw-p 00007000 ca:01 2721                       /lib64/librt-2.17.so
7fde6a831000-7fde6a847000 r-xp 00000000 ca:01 2617                       /lib64/libgcc_s-6.4.1-20170727.so.1
7fde6a847000-7fde6aa46000 ---p 00016000 ca:01 2617                       /lib64/libgcc_s-6.4.1-20170727.so.1
7fde6aa46000-7fde6aa47000 rw-p 00015000 ca:01 2617                       /lib64/libgcc_s-6.4.1-20170727.so.1
7fde6aa47000-7fde6ab48000 r-xp 00000000 ca:01 2699                       /lib64/libm-2.17.so
7fde6ab48000-7fde6ad47000 ---p 00101000 ca:01 2699                       /lib64/libm-2.17.so
7fde6ad47000-7fde6ad48000 r--p 00100000 ca:01 2699                       /lib64/libm-2.17.so
7fde6ad48000-7fde6ad49000 rw-p 00101000 ca:01 2699                       /lib64/libm-2.17.so
7fde6ad49000-7fde6aebc000 r-xp 00000000 ca:01 2936                       /usr/lib64/libstdc++.so.6.0.22
7fde6aebc000-7fde6b0bc000 ---p 00173000 ca:01 2936                       /usr/lib64/libstdc++.so.6.0.22
7fde6b0bc000-7fde6b0c6000 r--p 00173000 ca:01 2936                       /usr/lib64/libstdc++.so.6.0.22
7fde6b0c6000-7fde6b0c8000 rw-p 0017d000 ca:01 2936                       /usr/lib64/libstdc++.so.6.0.22
7fde6b0c8000-7fde6b0cc000 rw-p 00000000 00:00 0 
7fde6b0cc000-7fde6bd8c000 r-xp 00000000 ca:01 271688                     /usr/lib/jvm/java-1.8.0-openjdk-1.8.0.151-1.b12.35.amzn1.x86_64/jre/lib/amd64/server/libjvm.so
7fde6bd8c000-7fde6bf8c000 ---p 00cc0000 ca:01 271688                     /usr/lib/jvm/java-1.8.0-openjdk-1.8.0.151-1.b12.35.amzn1.x86_64/jre/lib/amd64/server/libjvm.so
7fde6bf8c000-7fde6c060000 rw-p 00cc0000 ca:01 271688                     /usr/lib/jvm/java-1.8.0-openjdk-1.8.0.151-1.b12.35.amzn1.x86_64/jre/lib/amd64/server/libjvm.so
7fde6c060000-7fde6c092000 rw-p 00000000 00:00 0 
7fde6c092000-7fde6c24c000 r-xp 00000000 ca:01 2691                       /lib64/libc-2.17.so
7fde6c24c000-7fde6c44b000 ---p 001ba000 ca:01 2691                       /lib64/libc-2.17.so
7fde6c44b000-7fde6c44f000 r--p 001b9000 ca:01 2691                       /lib64/libc-2.17.so
7fde6c44f000-7fde6c451000 rw-p 001bd000 ca:01 2691                       /lib64/libc-2.17.so
7fde6c451000-7fde6c456000 rw-p 00000000 00:00 0 
7fde6c456000-7fde6c458000 r-xp 00000000 ca:01 2697                       /lib64/libdl-2.17.so
7fde6c458000-7fde6c658000 ---p 00002000 ca:01 2697                       /lib64/libdl-2.17.so
7fde6c658000-7fde6c659000 r--p 00002000 ca:01 2697                       /lib64/libdl-2.17.so
7fde6c659000-7fde6c65a000 rw-p 00003000 ca:01 2697                       /lib64/libdl-2.17.so
7fde6c65a000-7fde6c668000 r-xp 00000000 ca:01 271653                     /usr/lib/jvm/java-1.8.0-openjdk-1.8.0.151-1.b12.35.amzn1.x86_64/jre/lib/amd64/jli/libjli.so
7fde6c668000-7fde6c867000 ---p 0000e000 ca:01 271653                     /usr/lib/jvm/java-1.8.0-openjdk-1.8.0.151-1.b12.35.amzn1.x86_64/jre/lib/amd64/jli/libjli.so
7fde6c867000-7fde6c868000 rw-p 0000d000 ca:01 271653                     /usr/lib/jvm/java-1.8.0-openjdk-1.8.0.151-1.b12.35.amzn1.x86_64/jre/lib/amd64/jli/libjli.so
7fde6c868000-7fde6c87d000 r-xp 00000000 ca:01 2837                       /lib64/libz.so.1.2.8
7fde6c87d000-7fde6ca7c000 ---p 00015000 ca:01 2837                       /lib64/libz.so.1.2.8
7fde6ca7c000-7fde6ca7d000 r--p 00014000 ca:01 2837                       /lib64/libz.so.1.2.8
7fde6ca7d000-7fde6ca7e000 rw-p 00015000 ca:01 2837                       /lib64/libz.so.1.2.8
7fde6ca7e000-7fde6ca95000 r-xp 00000000 ca:01 2717                       /lib64/libpthread-2.17.so
7fde6ca95000-7fde6cc94000 ---p 00017000 ca:01 2717                       /lib64/libpthread-2.17.so
7fde6cc94000-7fde6cc95000 r--p 00016000 ca:01 2717                       /lib64/libpthread-2.17.so
7fde6cc95000-7fde6cc96000 rw-p 00017000 ca:01 2717                       /lib64/libpthread-2.17.so
7fde6cc96000-7fde6cc9a000 rw-p 00000000 00:00 0 
7fde6cc9a000-7fde6ccbb000 r-xp 00000000 ca:01 2684                       /lib64/ld-2.17.so
7fde6ccbb000-7fde6ccbd000 r--s 00006000 ca:01 15252                      /home/ec2-user/apache-maven-3.5.2/lib/maven-resolver-transport-wagon-1.1.0.jar
7fde6ccbd000-7fde6ccbe000 r--s 00000000 ca:01 15231                      /home/ec2-user/apache-maven-3.5.2/lib/javax.inject-1.jar
7fde6ccbe000-7fde6ccc0000 r--s 00000000 ca:01 15220                      /home/ec2-user/apache-maven-3.5.2/lib/plexus-component-annotations-1.7.1.jar
7fde6ccc0000-7fde6ccc2000 r--s 00000000 ca:01 15243                      /home/ec2-user/apache-maven-3.5.2/lib/aopalliance-1.0.jar
7fde6ccc2000-7fde6ccc4000 r--s 0000c000 ca:01 15226                      /home/ec2-user/apache-maven-3.5.2/lib/maven-artifact-3.5.2.jar
7fde6ccc4000-7fde6ccca000 r--s 00041000 ca:01 15246                      /home/ec2-user/apache-maven-3.5.2/lib/maven-compat-3.5.2.jar
7fde6ccca000-7fde6cccc000 r--s 00009000 ca:01 15244                      /home/ec2-user/apache-maven-3.5.2/lib/slf4j-api-1.7.25.jar
7fde6cccc000-7fde6ccd5000 r--s 0005f000 ca:01 15242                      /home/ec2-user/apache-maven-3.5.2/lib/guice-4.0-no_aop.jar
7fde6ccd5000-7fde6ccd7000 r--s 00003000 ca:01 15249                      /home/ec2-user/apache-maven-3.5.2/lib/jcl-over-slf4j-1.7.25.jar
7fde6ccd7000-7fde6ccff000 rw-p 00000000 00:00 0 
7fde6ccff000-7fde6cd2a000 ---p 00000000 00:00 0 
7fde6cd2a000-7fde6cd39000 rw-p 00000000 00:00 0 
7fde6cd39000-7fde6cd53000 ---p 00000000 00:00 0 
7fde6cd53000-7fde6cd7b000 rw-p 00000000 00:00 0 
7fde6cd7b000-7fde6cda6000 ---p 00000000 00:00 0 
7fde6cda6000-7fde6cda7000 rw-p 00000000 00:00 0 
7fde6cda7000-7fde6cdaf000 rw-s 00000000 ca:01 323066                     /tmp/hsperfdata_ec2-user/2446
7fde6cdaf000-7fde6cdb2000 ---p 00000000 00:00 0 
7fde6cdb2000-7fde6ceb5000 rw-p 00000000 00:00 0 
7fde6ceb5000-7fde6ceb6000 r--s 0000a000 ca:01 15214                      /home/ec2-user/apache-maven-3.5.2/lib/maven-settings-3.5.2.jar
7fde6ceb6000-7fde6ceb8000 r--s 0000b000 ca:01 15212                      /home/ec2-user/apache-maven-3.5.2/boot/plexus-classworlds-2.5.2.jar
7fde6ceb8000-7fde6ceb9000 rw-p 00000000 00:00 0 
7fde6ceb9000-7fde6ceba000 ---p 00000000 00:00 0 
7fde6ceba000-7fde6cebb000 rw-p 00000000 00:00 0 
7fde6cebb000-7fde6cebc000 r--p 00021000 ca:01 2684                       /lib64/ld-2.17.so
7fde6cebc000-7fde6cebd000 rw-p 00022000 ca:01 2684                       /lib64/ld-2.17.so
7fde6cebd000-7fde6cebe000 rw-p 00000000 00:00 0 
7ffc8bb50000-7ffc8bb71000 rw-p 00000000 00:00 0                          [stack]
7ffc8bbd3000-7ffc8bbd5000 r--p 00000000 00:00 0                          [vvar]
7ffc8bbd5000-7ffc8bbd7000 r-xp 00000000 00:00 0                          [vdso]
ffffffffff600000-ffffffffff601000 r-xp 00000000 00:00 0                  [vsyscall]

VM Arguments:
jvm_args: -Dclassworlds.conf=/home/ec2-user/apache-maven-3.5.2/bin/m2.conf -Dmaven.home=/home/ec2-user/apache-maven-3.5.2 -Dlibrary.jansi.path=/home/ec2-user/apache-maven-3.5.2/lib/jansi-native -Dmaven.multiModuleProjectDirectory=/home/ec2-user/.jenkins/workspace/HoneyBadgersProject2 
java_command: org.codehaus.plexus.classworlds.launcher.Launcher install
java_class_path (initial): /home/ec2-user/apache-maven-3.5.2/boot/plexus-classworlds-2.5.2.jar
Launcher Type: SUN_STANDARD

Environment Variables:
PATH=/home/ec2-user/apache-maven-3.5.2/bin:/usr/local/bin:/bin:/usr/bin:/usr/local/sbin:/usr/sbin:/sbin:/home/ec2-user/.local/bin:/home/ec2-user/bin
SHELL=/bin/bash

Signal Handlers:
SIGSEGV: [libjvm.so+0xab0570], sa_mask[0]=11111111011111111101111111111110, sa_flags=SA_RESTART|SA_SIGINFO
SIGBUS: [libjvm.so+0xab0570], sa_mask[0]=11111111011111111101111111111110, sa_flags=SA_RESTART|SA_SIGINFO
SIGFPE: [libjvm.so+0x8a8ae0], sa_mask[0]=11111111011111111101111111111110, sa_flags=SA_RESTART|SA_SIGINFO
SIGPIPE: [libjvm.so+0x8a8ae0], sa_mask[0]=11111111011111111101111111111110, sa_flags=SA_RESTART|SA_SIGINFO
SIGXFSZ: [libjvm.so+0x8a8ae0], sa_mask[0]=11111111011111111101111111111110, sa_flags=SA_RESTART|SA_SIGINFO
SIGILL: [libjvm.so+0x8a8ae0], sa_mask[0]=11111111011111111101111111111110, sa_flags=SA_RESTART|SA_SIGINFO
SIGUSR1: SIG_DFL, sa_mask[0]=00000000000000000000000000000000, sa_flags=none
SIGUSR2: [libjvm.so+0x8a8990], sa_mask[0]=00000000000000000000000000000000, sa_flags=SA_RESTART|SA_SIGINFO
SIGHUP: [libjvm.so+0x8a8ba0], sa_mask[0]=11111111011111111101111111111110, sa_flags=SA_RESTART|SA_SIGINFO
SIGINT: [libjvm.so+0x8a8ba0], sa_mask[0]=11111111011111111101111111111110, sa_flags=SA_RESTART|SA_SIGINFO
SIGTERM: [libjvm.so+0x8a8ba0], sa_mask[0]=11111111011111111101111111111110, sa_flags=SA_RESTART|SA_SIGINFO
SIGQUIT: [libjvm.so+0x8a8ba0], sa_mask[0]=11111111011111111101111111111110, sa_flags=SA_RESTART|SA_SIGINFO


---------------  S Y S T E M  ---------------

OS:Amazon Linux AMI release 2017.09

uname:Linux 4.9.70-25.242.amzn1.x86_64 #1 SMP Wed Jan 3 05:36:22 UTC 2018 x86_64
libc:glibc 2.17 NPTL 2.17 
rlimit: STACK 8192k, CORE 0k, NPROC 3876, NOFILE 4096, AS infinity
load average:0.38 0.34 0.22

/proc/meminfo:
MemTotal:        1012240 kB
MemFree:           68116 kB
MemAvailable:      14784 kB
Buffers:            2032 kB
Cached:            21612 kB
SwapCached:            0 kB
Active:           889672 kB
Inactive:          11312 kB
Active(anon):     877368 kB
Inactive(anon):       48 kB
Active(file):      12304 kB
Inactive(file):    11264 kB
Unevictable:           0 kB
Mlocked:               0 kB
SwapTotal:             0 kB
SwapFree:              0 kB
Dirty:               420 kB
Writeback:             0 kB
AnonPages:        877356 kB
Mapped:            13068 kB
Shmem:                60 kB
Slab:              24156 kB
SReclaimable:      12536 kB
SUnreclaim:        11620 kB
KernelStack:        3584 kB
PageTables:         5532 kB
NFS_Unstable:          0 kB
Bounce:                0 kB
WritebackTmp:          0 kB
CommitLimit:      506120 kB
Committed_AS:     974624 kB
VmallocTotal:   34359738367 kB
VmallocUsed:           0 kB
VmallocChunk:          0 kB
AnonHugePages:         0 kB
ShmemHugePages:        0 kB
ShmemPmdMapped:        0 kB
HugePages_Total:       0
HugePages_Free:        0
HugePages_Rsvd:        0
HugePages_Surp:        0
Hugepagesize:       2048 kB
DirectMap4k:       12288 kB
DirectMap2M:     1036288 kB


CPU:total 1 (initial active 1) (1 cores per cpu, 1 threads per core) family 6 model 63 stepping 2, cmov, cx8, fxsr, mmx, sse, sse2, sse3, ssse3, sse4.1, sse4.2, popcnt, avx, avx2, aes, clmul, erms, lzcnt, tsc, bmi1, bmi2

/proc/cpuinfo:
processor	: 0
vendor_id	: GenuineIntel
cpu family	: 6
model		: 63
model name	: Intel(R) Xeon(R) CPU E5-2676 v3 @ 2.40GHz
stepping	: 2
microcode	: 0x3b
cpu MHz		: 2394.625
cache size	: 30720 KB
physical id	: 0
siblings	: 1
core id		: 0
cpu cores	: 1
apicid		: 0
initial apicid	: 0
fpu		: yes
fpu_exception	: yes
cpuid level	: 13
wp		: yes
flags		: fpu vme de pse tsc msr pae mce cx8 apic sep mtrr pge mca cmov pat pse36 clflush mmx fxsr sse sse2 ht syscall nx rdtscp lm constant_tsc rep_good nopl xtopology eagerfpu pni pclmulqdq ssse3 fma cx16 pcid sse4_1 sse4_2 x2apic movbe popcnt tsc_deadline_timer aes xsave avx f16c rdrand hypervisor lahf_lm abm invpcid_single fsgsbase bmi1 avx2 smep bmi2 erms invpcid xsaveopt
bugs		:
bogomips	: 4789.03
clflush size	: 64
cache_alignment	: 64
address sizes	: 46 bits physical, 48 bits virtual
power management:



Memory: 4k page, physical 1012240k(68116k free), swap 0k(0k free)

vm_info: OpenJDK 64-Bit Server VM (25.151-b12) for linux-amd64 JRE (1.8.0_151-b12), built on Oct 25 2017 20:37:17 by "mockbuild" with gcc 4.8.5 20150623 (Red Hat 4.8.5-11)

time: Wed Jan 17 16:13:25 2018
elapsed time: 9 seconds (0d 0h 0m 9s)

