#
# There is insufficient memory for the Java Runtime Environment to continue.
# Native memory allocation (mmap) failed to map 65536 bytes for committing reserved memory.
# Possible reasons:
#   The system is out of physical RAM or swap space
#   In 32 bit mode, the process size limit was hit
# Possible solutions:
#   Reduce memory load on the system
#   Increase physical memory or swap space
#   Check if swap backing store is full
#   Use 64 bit Java on a 64 bit OS
#   Decrease Java heap size (-Xmx/-Xms)
#   Decrease number of Java threads
#   Decrease Java thread stack sizes (-Xss)
#   Set larger code cache with -XX:ReservedCodeCacheSize=
# This output file may be truncated or incomplete.
#
#  Out of Memory Error (os_linux.cpp:2651), pid=27970, tid=0x00007f64b0329700
#
# JRE version: OpenJDK Runtime Environment (8.0_151-b12) (build 1.8.0_151-b12)
# Java VM: OpenJDK 64-Bit Server VM (25.151-b12 mixed mode linux-amd64 compressed oops)
# Failed to write core dump. Core dumps have been disabled. To enable core dumping, try "ulimit -c unlimited" before starting Java again
#

---------------  T H R E A D  ---------------

Current thread (0x00007f64ac0b4770):  JavaThread "C1 CompilerThread1" daemon [_thread_in_vm, id=27998, stack(0x00007f64b0229000,0x00007f64b032a000)]

Stack: [0x00007f64b0229000,0x00007f64b032a000],  sp=0x00007f64b0327ff0,  free space=1019k
Native frames: (J=compiled Java code, j=interpreted, Vv=VM code, C=native code)
V  [libjvm.so+0xaafa5d]
V  [libjvm.so+0x4eb16a]
V  [libjvm.so+0x8ad2f8]
V  [libjvm.so+0x8a782e]
V  [libjvm.so+0xaac854]
V  [libjvm.so+0x5f7d4c]
V  [libjvm.so+0x475a16]
V  [libjvm.so+0x87c427]
V  [libjvm.so+0x415d76]
V  [libjvm.so+0x35a71b]
V  [libjvm.so+0x35aa72]
V  [libjvm.so+0x35b7e7]
V  [libjvm.so+0x4a26c6]
V  [libjvm.so+0x4a362a]
V  [libjvm.so+0xa58f12]
V  [libjvm.so+0x8aa652]
C  [libpthread.so.0+0x7de5]  start_thread+0xc5


Current CompileTask:
C1:   1896  540       3       org.codehaus.plexus.util.xml.pull.MXParser::parseEndTag (444 bytes)


---------------  P R O C E S S  ---------------

Java Threads: ( => current thread )
  0x00007f64ac0c38c0 JavaThread "Service Thread" daemon [_thread_blocked, id=27999, stack(0x00007f64b0128000,0x00007f64b0229000)]
=>0x00007f64ac0b4770 JavaThread "C1 CompilerThread1" daemon [_thread_in_vm, id=27998, stack(0x00007f64b0229000,0x00007f64b032a000)]
  0x00007f64ac0b2bd0 JavaThread "C2 CompilerThread0" daemon [_thread_in_vm, id=27997, stack(0x00007f64b032a000,0x00007f64b042b000)]
  0x00007f64ac0b12d0 JavaThread "Signal Dispatcher" daemon [_thread_blocked, id=27996, stack(0x00007f64b042b000,0x00007f64b052c000)]
  0x00007f64ac087ff0 JavaThread "Finalizer" daemon [_thread_blocked, id=27995, stack(0x00007f64b052c000,0x00007f64b062d000)]
  0x00007f64ac083dc0 JavaThread "Reference Handler" daemon [_thread_blocked, id=27994, stack(0x00007f64b062d000,0x00007f64b072e000)]
  0x00007f64ac008e90 JavaThread "main" [_thread_blocked, id=27992, stack(0x00007f64b46e4000,0x00007f64b47e5000)]

Other Threads:
  0x00007f64ac07a860 VMThread [stack: 0x00007f64b072e000,0x00007f64b082f000] [id=27993]
  0x00007f64ac01adc0 WatcherThread [stack: 0x00007f64b0027000,0x00007f64b0128000] [id=28000]

VM state:not at safepoint (normal execution)

VM Mutex/Monitor currently owned by a thread:  ([mutex/lock_event])
[0x00007f64ac005c90] CodeCache_lock - owner thread: 0x00007f64ac0b4770
[0x00007f64ac007310] Compile_lock - owner thread: 0x00007f64ac0b4770
[0x00007f64ac007410] MethodCompileQueue_lock - owner thread: 0x00007f64ac0b4770

Heap:
 def new generation   total 4928K, used 2819K [0x00000000f0800000, 0x00000000f0d50000, 0x00000000f5aa0000)
  eden space 4416K,  52% used [0x00000000f0800000, 0x00000000f0a40ca8, 0x00000000f0c50000)
  from space 512K,  99% used [0x00000000f0c50000, 0x00000000f0ccfff8, 0x00000000f0cd0000)
  to   space 512K,   0% used [0x00000000f0cd0000, 0x00000000f0cd0000, 0x00000000f0d50000)
 tenured generation   total 10944K, used 2905K [0x00000000f5aa0000, 0x00000000f6550000, 0x0000000100000000)
   the space 10944K,  26% used [0x00000000f5aa0000, 0x00000000f5d76530, 0x00000000f5d76600, 0x00000000f6550000)
 Metaspace       used 8243K, capacity 8408K, committed 8704K, reserved 1056768K
  class space    used 911K, capacity 952K, committed 1024K, reserved 1048576K

Card table byte_map: [0x00007f64b465f000,0x00007f64b46dc000] byte_map_base: 0x00007f64b3edb000

Polling page: 0x00007f64b47ee000

CodeCache: size=245760Kb used=2609Kb max_used=2609Kb free=243150Kb
 bounds [0x00007f649d000000, 0x00007f649d290000, 0x00007f64ac000000]
 total_blobs=827 nmethods=535 adapters=206
 compilation: enabled

Compilation events (10 events):
Event: 1.807 Thread 0x00007f64ac0b4770 nmethod 531 0x00007f649d27fe90 code [0x00007f649d280020, 0x00007f649d280480]
Event: 1.807 Thread 0x00007f64ac0b4770  506       1       java.nio.Buffer::limit (5 bytes)
Event: 1.807 Thread 0x00007f64ac0b4770 nmethod 506 0x00007f649d2805d0 code [0x00007f649d280720, 0x00007f649d280830]
Event: 1.819 Thread 0x00007f64ac0b4770  536       3       org.codehaus.plexus.util.xml.pull.MXParser::isS (30 bytes)
Event: 1.820 Thread 0x00007f64ac0b4770 nmethod 536 0x00007f649d280890 code [0x00007f649d280a00, 0x00007f649d280c50]
Event: 1.820 Thread 0x00007f64ac0b4770  538       3       org.codehaus.plexus.util.xml.pull.MXParser::isNameStartChar (63 bytes)
Event: 1.820 Thread 0x00007f64ac0b4770 nmethod 538 0x00007f649d280cd0 code [0x00007f649d280e40, 0x00007f649d2811d0]
Event: 1.824 Thread 0x00007f64ac0b4770  539       3       org.codehaus.plexus.util.xml.pull.MXParser::parseStartTag (1195 bytes)
Event: 1.844 Thread 0x00007f64ac0b4770 nmethod 539 0x00007f649d2812d0 code [0x00007f649d281c80, 0x00007f649d288898]
Event: 1.844 Thread 0x00007f64ac0b4770  540       3       org.codehaus.plexus.util.xml.pull.MXParser::parseEndTag (444 bytes)

GC Heap History (8 events):
Event: 0.531 GC heap before
{Heap before GC invocations=0 (full 0):
 def new generation   total 4928K, used 4416K [0x00000000f0800000, 0x00000000f0d50000, 0x00000000f5aa0000)
  eden space 4416K, 100% used [0x00000000f0800000, 0x00000000f0c50000, 0x00000000f0c50000)
  from space 512K,   0% used [0x00000000f0c50000, 0x00000000f0c50000, 0x00000000f0cd0000)
  to   space 512K,   0% used [0x00000000f0cd0000, 0x00000000f0cd0000, 0x00000000f0d50000)
 tenured generation   total 10944K, used 0K [0x00000000f5aa0000, 0x00000000f6550000, 0x0000000100000000)
   the space 10944K,   0% used [0x00000000f5aa0000, 0x00000000f5aa0000, 0x00000000f5aa0200, 0x00000000f6550000)
 Metaspace       used 4406K, capacity 5124K, committed 5376K, reserved 1056768K
  class space    used 436K, capacity 496K, committed 512K, reserved 1048576K
Event: 0.538 GC heap after
Heap after GC invocations=1 (full 0):
 def new generation   total 4928K, used 511K [0x00000000f0800000, 0x00000000f0d50000, 0x00000000f5aa0000)
  eden space 4416K,   0% used [0x00000000f0800000, 0x00000000f0800000, 0x00000000f0c50000)
  from space 512K,  99% used [0x00000000f0cd0000, 0x00000000f0d4fff8, 0x00000000f0d50000)
  to   space 512K,   0% used [0x00000000f0c50000, 0x00000000f0c50000, 0x00000000f0cd0000)
 tenured generation   total 10944K, used 627K [0x00000000f5aa0000, 0x00000000f6550000, 0x0000000100000000)
   the space 10944K,   5% used [0x00000000f5aa0000, 0x00000000f5b3cf50, 0x00000000f5b3d000, 0x00000000f6550000)
 Metaspace       used 4406K, capacity 5124K, committed 5376K, reserved 1056768K
  class space    used 436K, capacity 496K, committed 512K, reserved 1048576K
}
Event: 0.984 GC heap before
{Heap before GC invocations=1 (full 0):
 def new generation   total 4928K, used 4927K [0x00000000f0800000, 0x00000000f0d50000, 0x00000000f5aa0000)
  eden space 4416K, 100% used [0x00000000f0800000, 0x00000000f0c50000, 0x00000000f0c50000)
  from space 512K,  99% used [0x00000000f0cd0000, 0x00000000f0d4fff8, 0x00000000f0d50000)
  to   space 512K,   0% used [0x00000000f0c50000, 0x00000000f0c50000, 0x00000000f0cd0000)
 tenured generation   total 10944K, used 627K [0x00000000f5aa0000, 0x00000000f6550000, 0x0000000100000000)
   the space 10944K,   5% used [0x00000000f5aa0000, 0x00000000f5b3cf50, 0x00000000f5b3d000, 0x00000000f6550000)
 Metaspace       used 6024K, capacity 6136K, committed 6400K, reserved 1056768K
  class space    used 603K, capacity 664K, committed 768K, reserved 1048576K
Event: 0.987 GC heap after
Heap after GC invocations=2 (full 0):
 def new generation   total 4928K, used 511K [0x00000000f0800000, 0x00000000f0d50000, 0x00000000f5aa0000)
  eden space 4416K,   0% used [0x00000000f0800000, 0x00000000f0800000, 0x00000000f0c50000)
  from space 512K,  99% used [0x00000000f0c50000, 0x00000000f0ccfff8, 0x00000000f0cd0000)
  to   space 512K,   0% used [0x00000000f0cd0000, 0x00000000f0cd0000, 0x00000000f0d50000)
 tenured generation   total 10944K, used 1677K [0x00000000f5aa0000, 0x00000000f6550000, 0x0000000100000000)
   the space 10944K,  15% used [0x00000000f5aa0000, 0x00000000f5c43680, 0x00000000f5c43800, 0x00000000f6550000)
 Metaspace       used 6024K, capacity 6136K, committed 6400K, reserved 1056768K
  class space    used 603K, capacity 664K, committed 768K, reserved 1048576K
}
Event: 1.289 GC heap before
{Heap before GC invocations=2 (full 0):
 def new generation   total 4928K, used 4927K [0x00000000f0800000, 0x00000000f0d50000, 0x00000000f5aa0000)
  eden space 4416K, 100% used [0x00000000f0800000, 0x00000000f0c50000, 0x00000000f0c50000)
  from space 512K,  99% used [0x00000000f0c50000, 0x00000000f0ccfff8, 0x00000000f0cd0000)
  to   space 512K,   0% used [0x00000000f0cd0000, 0x00000000f0cd0000, 0x00000000f0d50000)
 tenured generation   total 10944K, used 1677K [0x00000000f5aa0000, 0x00000000f6550000, 0x0000000100000000)
   the space 10944K,  15% used [0x00000000f5aa0000, 0x00000000f5c43680, 0x00000000f5c43800, 0x00000000f6550000)
 Metaspace       used 7002K, capacity 7192K, committed 7296K, reserved 1056768K
  class space    used 736K, capacity 824K, committed 896K, reserved 1048576K
Event: 1.292 GC heap after
Heap after GC invocations=3 (full 0):
 def new generation   total 4928K, used 511K [0x00000000f0800000, 0x00000000f0d50000, 0x00000000f5aa0000)
  eden space 4416K,   0% used [0x00000000f0800000, 0x00000000f0800000, 0x00000000f0c50000)
  from space 512K,  99% used [0x00000000f0cd0000, 0x00000000f0d4fff0, 0x00000000f0d50000)
  to   space 512K,   0% used [0x00000000f0c50000, 0x00000000f0c50000, 0x00000000f0cd0000)
 tenured generation   total 10944K, used 2413K [0x00000000f5aa0000, 0x00000000f6550000, 0x0000000100000000)
   the space 10944K,  22% used [0x00000000f5aa0000, 0x00000000f5cfb608, 0x00000000f5cfb800, 0x00000000f6550000)
 Metaspace       used 7002K, capacity 7192K, committed 7296K, reserved 1056768K
  class space    used 736K, capacity 824K, committed 896K, reserved 1048576K
}
Event: 1.673 GC heap before
{Heap before GC invocations=3 (full 0):
 def new generation   total 4928K, used 4927K [0x00000000f0800000, 0x00000000f0d50000, 0x00000000f5aa0000)
  eden space 4416K, 100% used [0x00000000f0800000, 0x00000000f0c50000, 0x00000000f0c50000)
  from space 512K,  99% used [0x00000000f0cd0000, 0x00000000f0d4fff0, 0x00000000f0d50000)
  to   space 512K,   0% used [0x00000000f0c50000, 0x00000000f0c50000, 0x00000000f0cd0000)
 tenured generation   total 10944K, used 2413K [0x00000000f5aa0000, 0x00000000f6550000, 0x0000000100000000)
   the space 10944K,  22% used [0x00000000f5aa0000, 0x00000000f5cfb608, 0x00000000f5cfb800, 0x00000000f6550000)
 Metaspace       used 8025K, capacity 8152K, committed 8448K, reserved 1056768K
  class space    used 886K, capacity 952K, committed 1024K, reserved 1048576K
Event: 1.683 GC heap after
Heap after GC invocations=4 (full 0):
 def new generation   total 4928K, used 511K [0x00000000f0800000, 0x00000000f0d50000, 0x00000000f5aa0000)
  eden space 4416K,   0% used [0x00000000f0800000, 0x00000000f0800000, 0x00000000f0c50000)
  from space 512K,  99% used [0x00000000f0c50000, 0x00000000f0ccfff8, 0x00000000f0cd0000)
  to   space 512K,   0% used [0x00000000f0cd0000, 0x00000000f0cd0000, 0x00000000f0d50000)
 tenured generation   total 10944K, used 2905K [0x00000000f5aa0000, 0x00000000f6550000, 0x0000000100000000)
   the space 10944K,  26% used [0x00000000f5aa0000, 0x00000000f5d76530, 0x00000000f5d76600, 0x00000000f6550000)
 Metaspace       used 8025K, capacity 8152K, committed 8448K, reserved 1056768K
  class space    used 886K, capacity 952K, committed 1024K, reserved 1048576K
}

Deoptimization events (2 events):
Event: 0.784 Thread 0x00007f64ac008e90 Uncommon trap: reason=unstable_if action=reinterpret pc=0x00007f649d1b0248 method=org.codehaus.plexus.util.xml.pull.MXParser.more()C @ 8
Event: 1.132 Thread 0x00007f64ac008e90 Uncommon trap: reason=unstable_if action=reinterpret pc=0x00007f649d1a161c method=java.lang.String.indexOf([CII[CIII)I @ 3

Internal exceptions (10 events):
Event: 1.713 Thread 0x00007f64ac008e90 Exception <a 'java/lang/ArrayIndexOutOfBoundsException'> (0x00000000f08398b0) thrown at [/builddir/build/BUILD/java-1.8.0-openjdk-1.8.0.151-1.b12.35.amzn1.x86_64/openjdk/hotspot/src/share/vm/runtime/sharedRuntime.cpp, line 619]
Event: 1.713 Thread 0x00007f64ac008e90 Exception <a 'java/lang/ArrayIndexOutOfBoundsException'> (0x00000000f083a6d8) thrown at [/builddir/build/BUILD/java-1.8.0-openjdk-1.8.0.151-1.b12.35.amzn1.x86_64/openjdk/hotspot/src/share/vm/runtime/sharedRuntime.cpp, line 619]
Event: 1.714 Thread 0x00007f64ac008e90 Exception <a 'java/lang/ArrayIndexOutOfBoundsException'> (0x00000000f083b540) thrown at [/builddir/build/BUILD/java-1.8.0-openjdk-1.8.0.151-1.b12.35.amzn1.x86_64/openjdk/hotspot/src/share/vm/runtime/sharedRuntime.cpp, line 619]
Event: 1.714 Thread 0x00007f64ac008e90 Exception <a 'java/lang/ArrayIndexOutOfBoundsException'> (0x00000000f083cd60) thrown at [/builddir/build/BUILD/java-1.8.0-openjdk-1.8.0.151-1.b12.35.amzn1.x86_64/openjdk/hotspot/src/share/vm/runtime/sharedRuntime.cpp, line 619]
Event: 1.714 Thread 0x00007f64ac008e90 Exception <a 'java/lang/ArrayIndexOutOfBoundsException'> (0x00000000f083db00) thrown at [/builddir/build/BUILD/java-1.8.0-openjdk-1.8.0.151-1.b12.35.amzn1.x86_64/openjdk/hotspot/src/share/vm/runtime/sharedRuntime.cpp, line 619]
Event: 1.714 Thread 0x00007f64ac008e90 Exception <a 'java/lang/ArrayIndexOutOfBoundsException'> (0x00000000f083f6d8) thrown at [/builddir/build/BUILD/java-1.8.0-openjdk-1.8.0.151-1.b12.35.amzn1.x86_64/openjdk/hotspot/src/share/vm/runtime/sharedRuntime.cpp, line 619]
Event: 1.714 Thread 0x00007f64ac008e90 Exception <a 'java/lang/ArrayIndexOutOfBoundsException'> (0x00000000f0840e10) thrown at [/builddir/build/BUILD/java-1.8.0-openjdk-1.8.0.151-1.b12.35.amzn1.x86_64/openjdk/hotspot/src/share/vm/runtime/sharedRuntime.cpp, line 619]
Event: 1.715 Thread 0x00007f64ac008e90 Exception <a 'java/lang/ArrayIndexOutOfBoundsException'> (0x00000000f08425f0) thrown at [/builddir/build/BUILD/java-1.8.0-openjdk-1.8.0.151-1.b12.35.amzn1.x86_64/openjdk/hotspot/src/share/vm/runtime/sharedRuntime.cpp, line 619]
Event: 1.719 Thread 0x00007f64ac008e90 Exception <a 'java/lang/ArrayIndexOutOfBoundsException'> (0x00000000f0844330) thrown at [/builddir/build/BUILD/java-1.8.0-openjdk-1.8.0.151-1.b12.35.amzn1.x86_64/openjdk/hotspot/src/share/vm/runtime/sharedRuntime.cpp, line 619]
Event: 1.719 Thread 0x00007f64ac008e90 Exception <a 'java/lang/ArrayIndexOutOfBoundsException'> (0x00000000f0845888) thrown at [/builddir/build/BUILD/java-1.8.0-openjdk-1.8.0.151-1.b12.35.amzn1.x86_64/openjdk/hotspot/src/share/vm/runtime/sharedRuntime.cpp, line 619]

Events (10 events):
Event: 1.827 loading class org/apache/maven/artifact/repository/layout/ArtifactRepositoryLayout
Event: 1.827 loading class org/apache/maven/artifact/repository/layout/ArtifactRepositoryLayout done
Event: 1.828 loading class org/apache/maven/artifact/repository/metadata/RepositoryMetadataManager
Event: 1.828 loading class org/apache/maven/artifact/repository/metadata/RepositoryMetadataManager done
Event: 1.829 loading class org/apache/maven/artifact/resolver/ArtifactCollector
Event: 1.829 loading class org/apache/maven/artifact/resolver/ArtifactCollector done
Event: 1.830 loading class org/apache/maven/repository/legacy/resolver/LegacyArtifactCollector
Event: 1.830 loading class org/apache/maven/repository/legacy/resolver/LegacyArtifactCollector done
Event: 1.831 loading class org/apache/maven/artifact/resolver/ArtifactResolver
Event: 1.831 loading class org/apache/maven/artifact/resolver/ArtifactResolver done


Dynamic libraries:
00400000-00401000 r-xp 00000000 ca:01 271640                             /usr/lib/jvm/java-1.8.0-openjdk-1.8.0.151-1.b12.35.amzn1.x86_64/jre/bin/java
00600000-00601000 rw-p 00000000 ca:01 271640                             /usr/lib/jvm/java-1.8.0-openjdk-1.8.0.151-1.b12.35.amzn1.x86_64/jre/bin/java
023d0000-023f1000 rw-p 00000000 00:00 0                                  [heap]
f0800000-f0d50000 rw-p 00000000 00:00 0 
f0d50000-f5aa0000 ---p 00000000 00:00 0 
f5aa0000-f6550000 rw-p 00000000 00:00 0 
f6550000-100000000 ---p 00000000 00:00 0 
100000000-100100000 rw-p 00000000 00:00 0 
100100000-140000000 ---p 00000000 00:00 0 
7f6474000000-7f6474021000 rw-p 00000000 00:00 0 
7f6474021000-7f6478000000 ---p 00000000 00:00 0 
7f647c000000-7f647c18f000 rw-p 00000000 00:00 0 
7f647c18f000-7f6480000000 ---p 00000000 00:00 0 
7f6480000000-7f64803e0000 rw-p 00000000 00:00 0 
7f64803e0000-7f6484000000 ---p 00000000 00:00 0 
7f6484000000-7f6484021000 rw-p 00000000 00:00 0 
7f6484021000-7f6488000000 ---p 00000000 00:00 0 
7f6489ad7000-7f6490000000 r--p 00000000 ca:01 2733                       /usr/lib/locale/locale-archive
7f6490000000-7f6490021000 rw-p 00000000 00:00 0 
7f6490021000-7f6494000000 ---p 00000000 00:00 0 
7f6494000000-7f6494021000 rw-p 00000000 00:00 0 
7f6494021000-7f6498000000 ---p 00000000 00:00 0 
7f6498000000-7f6498021000 rw-p 00000000 00:00 0 
7f6498021000-7f649c000000 ---p 00000000 00:00 0 
7f649cb64000-7f649cb68000 r--s 0003c000 ca:01 15215                      /home/ec2-user/apache-maven-3.5.2/lib/plexus-utils-3.1.0.jar
7f649cb68000-7f649cb6b000 r--s 00011000 ca:01 15219                      /home/ec2-user/apache-maven-3.5.2/lib/plexus-interpolation-1.24.jar
7f649cb6b000-7f649cb6d000 r-xp 00000000 ca:01 2725                       /lib64/libutil-2.17.so
7f649cb6d000-7f649cd6c000 ---p 00002000 ca:01 2725                       /lib64/libutil-2.17.so
7f649cd6c000-7f649cd6d000 r--p 00001000 ca:01 2725                       /lib64/libutil-2.17.so
7f649cd6d000-7f649cd6e000 rw-p 00002000 ca:01 2725                       /lib64/libutil-2.17.so
7f649cd6e000-7f649cd6f000 r--s 00006000 ca:01 15225                      /home/ec2-user/apache-maven-3.5.2/lib/maven-repository-metadata-3.5.2.jar
7f649cd6f000-7f649cd73000 r--s 00023000 ca:01 15238                      /home/ec2-user/apache-maven-3.5.2/lib/maven-resolver-util-1.1.0.jar
7f649cd73000-7f649cd76000 r-xp 00000000 ca:01 15192                      /home/ec2-user/apache-maven-3.5.2/lib/jansi-native/linux64/libjansi.so
7f649cd76000-7f649cf75000 ---p 00003000 ca:01 15192                      /home/ec2-user/apache-maven-3.5.2/lib/jansi-native/linux64/libjansi.so
7f649cf75000-7f649cf76000 rw-p 00002000 ca:01 15192                      /home/ec2-user/apache-maven-3.5.2/lib/jansi-native/linux64/libjansi.so
7f649cf76000-7f649cf77000 r--s 00003000 ca:01 15217                      /home/ec2-user/apache-maven-3.5.2/lib/maven-builder-support-3.5.2.jar
7f649cf77000-7f649cf7a000 r--s 00008000 ca:01 15229                      /home/ec2-user/apache-maven-3.5.2/lib/cdi-api-1.0.jar
7f649cf7a000-7f649cf7c000 r--s 0000f000 ca:01 15235                      /home/ec2-user/apache-maven-3.5.2/lib/maven-resolver-provider-3.5.2.jar
7f649cf7c000-7f649cf7d000 r--s 00006000 ca:01 15221                      /home/ec2-user/apache-maven-3.5.2/lib/plexus-sec-dispatcher-1.4.jar
7f649cf7d000-7f649cf81000 r--s 0002f000 ca:01 15241                      /home/ec2-user/apache-maven-3.5.2/lib/commons-io-2.5.jar
7f649cf81000-7f649cf82000 r--s 00001000 ca:01 15230                      /home/ec2-user/apache-maven-3.5.2/lib/jsr250-api-1.0.jar
7f649cf82000-7f649cf86000 r--s 00020000 ca:01 15236                      /home/ec2-user/apache-maven-3.5.2/lib/maven-resolver-api-1.1.0.jar
7f649cf86000-7f649cf8d000 r--s 00056000 ca:01 15232                      /home/ec2-user/apache-maven-3.5.2/lib/org.eclipse.sisu.inject-0.3.3.jar
7f649cf8d000-7f649cf8f000 r--s 00002000 ca:01 15222                      /home/ec2-user/apache-maven-3.5.2/lib/plexus-cipher-1.7.jar
7f649cf8f000-7f649cf92000 r--s 0003c000 ca:01 15254                      /home/ec2-user/apache-maven-3.5.2/lib/jansi-1.16.jar
7f649cf92000-7f649cf96000 r--s 0002a000 ca:01 15239                      /home/ec2-user/apache-maven-3.5.2/lib/maven-resolver-impl-1.1.0.jar
7f649cf96000-7f649cf98000 r--s 0000c000 ca:01 15245                      /home/ec2-user/apache-maven-3.5.2/lib/commons-cli-1.4.jar
7f649cf98000-7f649cfa5000 r--s 0008d000 ca:01 15223                      /home/ec2-user/apache-maven-3.5.2/lib/maven-core-3.5.2.jar
7f649cfa5000-7f649cfd1000 r--s 001e6000 ca:01 15248                      /home/ec2-user/apache-maven-3.5.2/lib/wagon-http-2.12-shaded.jar
7f649cfd1000-7f649d000000 r--s 00226000 ca:01 15234                      /home/ec2-user/apache-maven-3.5.2/lib/guava-20.0.jar
7f649d000000-7f649d290000 rwxp 00000000 00:00 0 
7f649d2a0000-7f64ac000000 ---p 00000000 00:00 0 
7f64ac000000-7f64ac47c000 rw-p 00000000 00:00 0 
7f64ac47c000-7f64b0000000 ---p 00000000 00:00 0 
7f64b0000000-7f64b0002000 r--s 0000a000 ca:01 15227                      /home/ec2-user/apache-maven-3.5.2/lib/maven-plugin-api-3.5.2.jar
7f64b0002000-7f64b0005000 r--s 00026000 ca:01 15224                      /home/ec2-user/apache-maven-3.5.2/lib/maven-model-3.5.2.jar
7f64b0005000-7f64b0008000 r--s 00025000 ca:01 15240                      /home/ec2-user/apache-maven-3.5.2/lib/maven-shared-utils-3.1.0.jar
7f64b0008000-7f64b000a000 r--s 00009000 ca:01 15251                      /home/ec2-user/apache-maven-3.5.2/lib/maven-resolver-connector-basic-1.1.0.jar
7f64b000a000-7f64b000d000 r--s 00015000 ca:01 15213                      /home/ec2-user/apache-maven-3.5.2/lib/maven-embedder-3.5.2.jar
7f64b000d000-7f64b000f000 r--s 00009000 ca:01 15216                      /home/ec2-user/apache-maven-3.5.2/lib/maven-settings-builder-3.5.2.jar
7f64b000f000-7f64b0013000 r--s 00028000 ca:01 15233                      /home/ec2-user/apache-maven-3.5.2/lib/maven-model-builder-3.5.2.jar
7f64b0013000-7f64b0019000 r--s 0002d000 ca:01 15228                      /home/ec2-user/apache-maven-3.5.2/lib/org.eclipse.sisu.plexus-0.3.3.jar
7f64b0019000-7f64b001a000 r--s 00005000 ca:01 15253                      /home/ec2-user/apache-maven-3.5.2/lib/maven-slf4j-provider-3.5.2.jar
7f64b001a000-7f64b001b000 r--s 00002000 ca:01 15250                      /home/ec2-user/apache-maven-3.5.2/lib/wagon-file-2.12.jar
7f64b001b000-7f64b001d000 r--s 0000c000 ca:01 15247                      /home/ec2-user/apache-maven-3.5.2/lib/wagon-provider-api-2.12.jar
7f64b001d000-7f64b001f000 r--s 00007000 ca:01 15237                      /home/ec2-user/apache-maven-3.5.2/lib/maven-resolver-spi-1.1.0.jar
7f64b001f000-7f64b0027000 r--s 0006e000 ca:01 15218                      /home/ec2-user/apache-maven-3.5.2/lib/commons-lang3-3.5.jar
7f64b0027000-7f64b0028000 ---p 00000000 00:00 0 
7f64b0028000-7f64b0128000 rw-p 00000000 00:00 0 
7f64b0128000-7f64b012b000 ---p 00000000 00:00 0 
7f64b012b000-7f64b0229000 rw-p 00000000 00:00 0 
7f64b0229000-7f64b022c000 ---p 00000000 00:00 0 
7f64b022c000-7f64b032a000 rw-p 00000000 00:00 0 
7f64b032a000-7f64b032d000 ---p 00000000 00:00 0 
7f64b032d000-7f64b042b000 rw-p 00000000 00:00 0 
7f64b042b000-7f64b042e000 ---p 00000000 00:00 0 
7f64b042e000-7f64b052c000 rw-p 00000000 00:00 0 
7f64b052c000-7f64b052f000 ---p 00000000 00:00 0 
7f64b052f000-7f64b062d000 rw-p 00000000 00:00 0 
7f64b062d000-7f64b0630000 ---p 00000000 00:00 0 
7f64b0630000-7f64b072e000 rw-p 00000000 00:00 0 
7f64b072e000-7f64b072f000 ---p 00000000 00:00 0 
7f64b072f000-7f64b087d000 rw-p 00000000 00:00 0 
7f64b087d000-7f64b0a4c000 r--s 043ff000 ca:01 271740                     /usr/lib/jvm/java-1.8.0-openjdk-1.8.0.151-1.b12.35.amzn1.x86_64/jre/lib/rt.jar
7f64b0a4c000-7f64b12c5000 rw-p 00000000 00:00 0 
7f64b12c5000-7f64b1345000 ---p 00000000 00:00 0 
7f64b1345000-7f64b1350000 rw-p 00000000 00:00 0 
7f64b1350000-7f64b1705000 ---p 00000000 00:00 0 
7f64b1705000-7f64b170d000 r-xp 00000000 ca:01 271684                     /usr/lib/jvm/java-1.8.0-openjdk-1.8.0.151-1.b12.35.amzn1.x86_64/jre/lib/amd64/libzip.so
7f64b170d000-7f64b190d000 ---p 00008000 ca:01 271684                     /usr/lib/jvm/java-1.8.0-openjdk-1.8.0.151-1.b12.35.amzn1.x86_64/jre/lib/amd64/libzip.so
7f64b190d000-7f64b190e000 rw-p 00008000 ca:01 271684                     /usr/lib/jvm/java-1.8.0-openjdk-1.8.0.151-1.b12.35.amzn1.x86_64/jre/lib/amd64/libzip.so
7f64b190e000-7f64b191a000 r-xp 00000000 ca:01 2709                       /lib64/libnss_files-2.17.so
7f64b191a000-7f64b1b19000 ---p 0000c000 ca:01 2709                       /lib64/libnss_files-2.17.so
7f64b1b19000-7f64b1b1a000 r--p 0000b000 ca:01 2709                       /lib64/libnss_files-2.17.so
7f64b1b1a000-7f64b1b1b000 rw-p 0000c000 ca:01 2709                       /lib64/libnss_files-2.17.so
7f64b1b1b000-7f64b1b21000 rw-p 00000000 00:00 0 
7f64b1b21000-7f64b1b4e000 r-xp 00000000 ca:01 271666                     /usr/lib/jvm/java-1.8.0-openjdk-1.8.0.151-1.b12.35.amzn1.x86_64/jre/lib/amd64/libjava.so
7f64b1b4e000-7f64b1d4e000 ---p 0002d000 ca:01 271666                     /usr/lib/jvm/java-1.8.0-openjdk-1.8.0.151-1.b12.35.amzn1.x86_64/jre/lib/amd64/libjava.so
7f64b1d4e000-7f64b1d50000 rw-p 0002d000 ca:01 271666                     /usr/lib/jvm/java-1.8.0-openjdk-1.8.0.151-1.b12.35.amzn1.x86_64/jre/lib/amd64/libjava.so
7f64b1d50000-7f64b1d5d000 r-xp 00000000 ca:01 271683                     /usr/lib/jvm/java-1.8.0-openjdk-1.8.0.151-1.b12.35.amzn1.x86_64/jre/lib/amd64/libverify.so
7f64b1d5d000-7f64b1f5c000 ---p 0000d000 ca:01 271683                     /usr/lib/jvm/java-1.8.0-openjdk-1.8.0.151-1.b12.35.amzn1.x86_64/jre/lib/amd64/libverify.so
7f64b1f5c000-7f64b1f5e000 rw-p 0000c000 ca:01 271683                     /usr/lib/jvm/java-1.8.0-openjdk-1.8.0.151-1.b12.35.amzn1.x86_64/jre/lib/amd64/libverify.so
7f64b1f5e000-7f64b1f65000 r-xp 00000000 ca:01 2721                       /lib64/librt-2.17.so
7f64b1f65000-7f64b2164000 ---p 00007000 ca:01 2721                       /lib64/librt-2.17.so
7f64b2164000-7f64b2165000 r--p 00006000 ca:01 2721                       /lib64/librt-2.17.so
7f64b2165000-7f64b2166000 rw-p 00007000 ca:01 2721                       /lib64/librt-2.17.so
7f64b2166000-7f64b217c000 r-xp 00000000 ca:01 2617                       /lib64/libgcc_s-6.4.1-20170727.so.1
7f64b217c000-7f64b237b000 ---p 00016000 ca:01 2617                       /lib64/libgcc_s-6.4.1-20170727.so.1
7f64b237b000-7f64b237c000 rw-p 00015000 ca:01 2617                       /lib64/libgcc_s-6.4.1-20170727.so.1
7f64b237c000-7f64b247d000 r-xp 00000000 ca:01 2699                       /lib64/libm-2.17.so
7f64b247d000-7f64b267c000 ---p 00101000 ca:01 2699                       /lib64/libm-2.17.so
7f64b267c000-7f64b267d000 r--p 00100000 ca:01 2699                       /lib64/libm-2.17.so
7f64b267d000-7f64b267e000 rw-p 00101000 ca:01 2699                       /lib64/libm-2.17.so
7f64b267e000-7f64b27f1000 r-xp 00000000 ca:01 2936                       /usr/lib64/libstdc++.so.6.0.22
7f64b27f1000-7f64b29f1000 ---p 00173000 ca:01 2936                       /usr/lib64/libstdc++.so.6.0.22
7f64b29f1000-7f64b29fb000 r--p 00173000 ca:01 2936                       /usr/lib64/libstdc++.so.6.0.22
7f64b29fb000-7f64b29fd000 rw-p 0017d000 ca:01 2936                       /usr/lib64/libstdc++.so.6.0.22
7f64b29fd000-7f64b2a01000 rw-p 00000000 00:00 0 
7f64b2a01000-7f64b36c1000 r-xp 00000000 ca:01 271688                     /usr/lib/jvm/java-1.8.0-openjdk-1.8.0.151-1.b12.35.amzn1.x86_64/jre/lib/amd64/server/libjvm.so
7f64b36c1000-7f64b38c1000 ---p 00cc0000 ca:01 271688                     /usr/lib/jvm/java-1.8.0-openjdk-1.8.0.151-1.b12.35.amzn1.x86_64/jre/lib/amd64/server/libjvm.so
7f64b38c1000-7f64b3995000 rw-p 00cc0000 ca:01 271688                     /usr/lib/jvm/java-1.8.0-openjdk-1.8.0.151-1.b12.35.amzn1.x86_64/jre/lib/amd64/server/libjvm.so
7f64b3995000-7f64b39c7000 rw-p 00000000 00:00 0 
7f64b39c7000-7f64b3b81000 r-xp 00000000 ca:01 2691                       /lib64/libc-2.17.so
7f64b3b81000-7f64b3d80000 ---p 001ba000 ca:01 2691                       /lib64/libc-2.17.so
7f64b3d80000-7f64b3d84000 r--p 001b9000 ca:01 2691                       /lib64/libc-2.17.so
7f64b3d84000-7f64b3d86000 rw-p 001bd000 ca:01 2691                       /lib64/libc-2.17.so
7f64b3d86000-7f64b3d8b000 rw-p 00000000 00:00 0 
7f64b3d8b000-7f64b3d8d000 r-xp 00000000 ca:01 2697                       /lib64/libdl-2.17.so
7f64b3d8d000-7f64b3f8d000 ---p 00002000 ca:01 2697                       /lib64/libdl-2.17.so
7f64b3f8d000-7f64b3f8e000 r--p 00002000 ca:01 2697                       /lib64/libdl-2.17.so
7f64b3f8e000-7f64b3f8f000 rw-p 00003000 ca:01 2697                       /lib64/libdl-2.17.so
7f64b3f8f000-7f64b3f9d000 r-xp 00000000 ca:01 271653                     /usr/lib/jvm/java-1.8.0-openjdk-1.8.0.151-1.b12.35.amzn1.x86_64/jre/lib/amd64/jli/libjli.so
7f64b3f9d000-7f64b419c000 ---p 0000e000 ca:01 271653                     /usr/lib/jvm/java-1.8.0-openjdk-1.8.0.151-1.b12.35.amzn1.x86_64/jre/lib/amd64/jli/libjli.so
7f64b419c000-7f64b419d000 rw-p 0000d000 ca:01 271653                     /usr/lib/jvm/java-1.8.0-openjdk-1.8.0.151-1.b12.35.amzn1.x86_64/jre/lib/amd64/jli/libjli.so
7f64b419d000-7f64b41b2000 r-xp 00000000 ca:01 2837                       /lib64/libz.so.1.2.8
7f64b41b2000-7f64b43b1000 ---p 00015000 ca:01 2837                       /lib64/libz.so.1.2.8
7f64b43b1000-7f64b43b2000 r--p 00014000 ca:01 2837                       /lib64/libz.so.1.2.8
7f64b43b2000-7f64b43b3000 rw-p 00015000 ca:01 2837                       /lib64/libz.so.1.2.8
7f64b43b3000-7f64b43ca000 r-xp 00000000 ca:01 2717                       /lib64/libpthread-2.17.so
7f64b43ca000-7f64b45c9000 ---p 00017000 ca:01 2717                       /lib64/libpthread-2.17.so
7f64b45c9000-7f64b45ca000 r--p 00016000 ca:01 2717                       /lib64/libpthread-2.17.so
7f64b45ca000-7f64b45cb000 rw-p 00017000 ca:01 2717                       /lib64/libpthread-2.17.so
7f64b45cb000-7f64b45cf000 rw-p 00000000 00:00 0 
7f64b45cf000-7f64b45f0000 r-xp 00000000 ca:01 2684                       /lib64/ld-2.17.so
7f64b45f0000-7f64b45f2000 r--s 00006000 ca:01 15252                      /home/ec2-user/apache-maven-3.5.2/lib/maven-resolver-transport-wagon-1.1.0.jar
7f64b45f2000-7f64b45f3000 r--s 00000000 ca:01 15231                      /home/ec2-user/apache-maven-3.5.2/lib/javax.inject-1.jar
7f64b45f3000-7f64b45f5000 r--s 00000000 ca:01 15220                      /home/ec2-user/apache-maven-3.5.2/lib/plexus-component-annotations-1.7.1.jar
7f64b45f5000-7f64b45f7000 r--s 00000000 ca:01 15243                      /home/ec2-user/apache-maven-3.5.2/lib/aopalliance-1.0.jar
7f64b45f7000-7f64b45f9000 r--s 0000c000 ca:01 15226                      /home/ec2-user/apache-maven-3.5.2/lib/maven-artifact-3.5.2.jar
7f64b45f9000-7f64b45ff000 r--s 00041000 ca:01 15246                      /home/ec2-user/apache-maven-3.5.2/lib/maven-compat-3.5.2.jar
7f64b45ff000-7f64b4601000 r--s 00009000 ca:01 15244                      /home/ec2-user/apache-maven-3.5.2/lib/slf4j-api-1.7.25.jar
7f64b4601000-7f64b460a000 r--s 0005f000 ca:01 15242                      /home/ec2-user/apache-maven-3.5.2/lib/guice-4.0-no_aop.jar
7f64b460a000-7f64b460c000 r--s 00003000 ca:01 15249                      /home/ec2-user/apache-maven-3.5.2/lib/jcl-over-slf4j-1.7.25.jar
7f64b460c000-7f64b4612000 rw-p 00000000 00:00 0 
7f64b4612000-7f64b465f000 ---p 00000000 00:00 0 
7f64b465f000-7f64b4662000 rw-p 00000000 00:00 0 
7f64b4662000-7f64b4688000 ---p 00000000 00:00 0 
7f64b4688000-7f64b468e000 rw-p 00000000 00:00 0 
7f64b468e000-7f64b46db000 ---p 00000000 00:00 0 
7f64b46db000-7f64b46dc000 rw-p 00000000 00:00 0 
7f64b46dc000-7f64b46e4000 rw-s 00000000 ca:01 326261                     /tmp/hsperfdata_ec2-user/27970
7f64b46e4000-7f64b46e7000 ---p 00000000 00:00 0 
7f64b46e7000-7f64b47ea000 rw-p 00000000 00:00 0 
7f64b47ea000-7f64b47eb000 r--s 0000a000 ca:01 15214                      /home/ec2-user/apache-maven-3.5.2/lib/maven-settings-3.5.2.jar
7f64b47eb000-7f64b47ed000 r--s 0000b000 ca:01 15212                      /home/ec2-user/apache-maven-3.5.2/boot/plexus-classworlds-2.5.2.jar
7f64b47ed000-7f64b47ee000 rw-p 00000000 00:00 0 
7f64b47ee000-7f64b47ef000 r--p 00000000 00:00 0 
7f64b47ef000-7f64b47f0000 rw-p 00000000 00:00 0 
7f64b47f0000-7f64b47f1000 r--p 00021000 ca:01 2684                       /lib64/ld-2.17.so
7f64b47f1000-7f64b47f2000 rw-p 00022000 ca:01 2684                       /lib64/ld-2.17.so
7f64b47f2000-7f64b47f3000 rw-p 00000000 00:00 0 
7ffe3d652000-7ffe3d674000 rw-p 00000000 00:00 0                          [stack]
7ffe3d6db000-7ffe3d6dd000 r--p 00000000 00:00 0                          [vvar]
7ffe3d6dd000-7ffe3d6df000 r-xp 00000000 00:00 0                          [vdso]
ffffffffff600000-ffffffffff601000 r-xp 00000000 00:00 0                  [vsyscall]

VM Arguments:
jvm_args: -Dclassworlds.conf=/home/ec2-user/apache-maven-3.5.2/bin/m2.conf -Dmaven.home=/home/ec2-user/apache-maven-3.5.2 -Dlibrary.jansi.path=/home/ec2-user/apache-maven-3.5.2/lib/jansi-native -Dmaven.multiModuleProjectDirectory=/home/ec2-user/.jenkins/workspace/HoneyBadgersProject2 
java_command: org.codehaus.plexus.classworlds.launcher.Launcher clean
java_class_path (initial): /home/ec2-user/apache-maven-3.5.2/boot/plexus-classworlds-2.5.2.jar
Launcher Type: SUN_STANDARD

Environment Variables:
PATH=/home/ec2-user/apache-maven-3.5.2/bin:/usr/local/bin:/bin:/usr/bin:/usr/local/sbin:/usr/sbin:/sbin:/home/ec2-user/.local/bin:/home/ec2-user/bin
SHELL=/bin/bash

Signal Handlers:
SIGSEGV: [libjvm.so+0xab0570], sa_mask[0]=11111111011111111101111111111110, sa_flags=SA_RESTART|SA_SIGINFO
SIGBUS: [libjvm.so+0xab0570], sa_mask[0]=11111111011111111101111111111110, sa_flags=SA_RESTART|SA_SIGINFO
SIGFPE: [libjvm.so+0x8a8ae0], sa_mask[0]=11111111011111111101111111111110, sa_flags=SA_RESTART|SA_SIGINFO
SIGPIPE: [libjvm.so+0x8a8ae0], sa_mask[0]=11111111011111111101111111111110, sa_flags=SA_RESTART|SA_SIGINFO
SIGXFSZ: [libjvm.so+0x8a8ae0], sa_mask[0]=11111111011111111101111111111110, sa_flags=SA_RESTART|SA_SIGINFO
SIGILL: [libjvm.so+0x8a8ae0], sa_mask[0]=11111111011111111101111111111110, sa_flags=SA_RESTART|SA_SIGINFO
SIGUSR1: SIG_DFL, sa_mask[0]=00000000000000000000000000000000, sa_flags=none
SIGUSR2: [libjvm.so+0x8a8990], sa_mask[0]=00100000000000000000000000000000, sa_flags=SA_RESTART|SA_SIGINFO
SIGHUP: SIG_IGN, sa_mask[0]=00000000000000000000000000000000, sa_flags=none
SIGINT: [libjvm.so+0x8a8ba0], sa_mask[0]=11111111011111111101111111111110, sa_flags=SA_RESTART|SA_SIGINFO
SIGTERM: [libjvm.so+0x8a8ba0], sa_mask[0]=11111111011111111101111111111110, sa_flags=SA_RESTART|SA_SIGINFO
SIGQUIT: [libjvm.so+0x8a8ba0], sa_mask[0]=11111111011111111101111111111110, sa_flags=SA_RESTART|SA_SIGINFO


---------------  S Y S T E M  ---------------

OS:Amazon Linux AMI release 2017.09

uname:Linux 4.9.70-25.242.amzn1.x86_64 #1 SMP Wed Jan 3 05:36:22 UTC 2018 x86_64
libc:glibc 2.17 NPTL 2.17 
rlimit: STACK 8192k, CORE 0k, NPROC 3876, NOFILE 4096, AS infinity
load average:1.66 0.54 0.24

/proc/meminfo:
MemTotal:        1012240 kB
MemFree:           61176 kB
MemAvailable:          0 kB
Buffers:             232 kB
Cached:             6000 kB
SwapCached:            0 kB
Active:           904972 kB
Inactive:           3168 kB
Active(anon):     901956 kB
Inactive(anon):       48 kB
Active(file):       3016 kB
Inactive(file):     3120 kB
Unevictable:           0 kB
Mlocked:               0 kB
SwapTotal:             0 kB
SwapFree:              0 kB
Dirty:               188 kB
Writeback:             0 kB
AnonPages:        901944 kB
Mapped:             4816 kB
Shmem:                60 kB
Slab:              23764 kB
SReclaimable:      12012 kB
SUnreclaim:        11752 kB
KernelStack:        3984 kB
PageTables:         5404 kB
NFS_Unstable:          0 kB
Bounce:                0 kB
WritebackTmp:          0 kB
CommitLimit:      506120 kB
Committed_AS:    1026240 kB
VmallocTotal:   34359738367 kB
VmallocUsed:           0 kB
VmallocChunk:          0 kB
AnonHugePages:         0 kB
ShmemHugePages:        0 kB
ShmemPmdMapped:        0 kB
HugePages_Total:       0
HugePages_Free:        0
HugePages_Rsvd:        0
HugePages_Surp:        0
Hugepagesize:       2048 kB
DirectMap4k:       12288 kB
DirectMap2M:     1036288 kB


CPU:total 1 (initial active 1) (1 cores per cpu, 1 threads per core) family 6 model 63 stepping 2, cmov, cx8, fxsr, mmx, sse, sse2, sse3, ssse3, sse4.1, sse4.2, popcnt, avx, avx2, aes, clmul, erms, lzcnt, tsc, bmi1, bmi2

/proc/cpuinfo:
processor	: 0
vendor_id	: GenuineIntel
cpu family	: 6
model		: 63
model name	: Intel(R) Xeon(R) CPU E5-2676 v3 @ 2.40GHz
stepping	: 2
microcode	: 0x3b
cpu MHz		: 2394.625
cache size	: 30720 KB
physical id	: 0
siblings	: 1
core id		: 0
cpu cores	: 1
apicid		: 0
initial apicid	: 0
fpu		: yes
fpu_exception	: yes
cpuid level	: 13
wp		: yes
flags		: fpu vme de pse tsc msr pae mce cx8 apic sep mtrr pge mca cmov pat pse36 clflush mmx fxsr sse sse2 ht syscall nx rdtscp lm constant_tsc rep_good nopl xtopology eagerfpu pni pclmulqdq ssse3 fma cx16 pcid sse4_1 sse4_2 x2apic movbe popcnt tsc_deadline_timer aes xsave avx f16c rdrand hypervisor lahf_lm abm invpcid_single fsgsbase bmi1 avx2 smep bmi2 erms invpcid xsaveopt
bugs		:
bogomips	: 4789.03
clflush size	: 64
cache_alignment	: 64
address sizes	: 46 bits physical, 48 bits virtual
power management:



Memory: 4k page, physical 1012240k(61176k free), swap 0k(0k free)

vm_info: OpenJDK 64-Bit Server VM (25.151-b12) for linux-amd64 JRE (1.8.0_151-b12), built on Oct 25 2017 20:37:17 by "mockbuild" with gcc 4.8.5 20150623 (Red Hat 4.8.5-11)

time: Tue Jan 16 20:27:06 2018
elapsed time: 1 seconds (0d 0h 0m 1s)

