#
# There is insufficient memory for the Java Runtime Environment to continue.
# Native memory allocation (mmap) failed to map 47087616 bytes for committing reserved memory.
# Possible reasons:
#   The system is out of physical RAM or swap space
#   In 32 bit mode, the process size limit was hit
# Possible solutions:
#   Reduce memory load on the system
#   Increase physical memory or swap space
#   Check if swap backing store is full
#   Use 64 bit Java on a 64 bit OS
#   Decrease Java heap size (-Xmx/-Xms)
#   Decrease number of Java threads
#   Decrease Java thread stack sizes (-Xss)
#   Set larger code cache with -XX:ReservedCodeCacheSize=
# This output file may be truncated or incomplete.
#
#  Out of Memory Error (os_linux.cpp:2651), pid=20850, tid=0x00007f6298270700
#
# JRE version: OpenJDK Runtime Environment (8.0_151-b12) (build 1.8.0_151-b12)
# Java VM: OpenJDK 64-Bit Server VM (25.151-b12 mixed mode linux-amd64 compressed oops)
# Failed to write core dump. Core dumps have been disabled. To enable core dumping, try "ulimit -c unlimited" before starting Java again
#

---------------  T H R E A D  ---------------

Current thread (0x00007f62a807a880):  VMThread [stack: 0x00007f6298170000,0x00007f6298271000] [id=20871]

Stack: [0x00007f6298170000,0x00007f6298271000],  sp=0x00007f629826f510,  free space=1021k
Native frames: (J=compiled Java code, j=interpreted, Vv=VM code, C=native code)
V  [libjvm.so+0xaafa5d]
V  [libjvm.so+0x4eb16a]
V  [libjvm.so+0x8ad2f8]
V  [libjvm.so+0x8a782e]
V  [libjvm.so+0xaac854]
V  [libjvm.so+0x5d8fdd]
V  [libjvm.so+0x5d935d]
V  [libjvm.so+0x5c9c40]
V  [libjvm.so+0x47b892]
V  [libjvm.so+0xab0a01]
V  [libjvm.so+0xab5c77]
V  [libjvm.so+0xab4668]
V  [libjvm.so+0xab4b39]
V  [libjvm.so+0xab4f91]
V  [libjvm.so+0x8aa652]

VM_Operation (0x00007f629248e290): GenCollectForAllocation, mode: safepoint, requested by thread 0x00007f62a8f4cfe0


---------------  P R O C E S S  ---------------

Java Threads: ( => current thread )
  0x00007f62a8f4cfe0 JavaThread "pool-1-thread-1" [_thread_blocked, id=21045, stack(0x00007f629238f000,0x00007f6292490000)]
  0x00007f62a80cb8d0 JavaThread "Service Thread" daemon [_thread_blocked, id=20877, stack(0x00007f6293afb000,0x00007f6293bfc000)]
  0x00007f62a80b4790 JavaThread "C1 CompilerThread1" daemon [_thread_blocked, id=20876, stack(0x00007f6293bfc000,0x00007f6293cfd000)]
  0x00007f62a80b2bf0 JavaThread "C2 CompilerThread0" daemon [_thread_blocked, id=20875, stack(0x00007f6293cfd000,0x00007f6293dfe000)]
  0x00007f62a80b12f0 JavaThread "Signal Dispatcher" daemon [_thread_blocked, id=20874, stack(0x00007f6293dfe000,0x00007f6293eff000)]
  0x00007f62a8088010 JavaThread "Finalizer" daemon [_thread_blocked, id=20873, stack(0x00007f6293eff000,0x00007f6294000000)]
  0x00007f62a8083de0 JavaThread "Reference Handler" daemon [_thread_blocked, id=20872, stack(0x00007f629806f000,0x00007f6298170000)]
  0x00007f62a8008eb0 JavaThread "main" [_thread_blocked, id=20870, stack(0x00007f62af17b000,0x00007f62af27c000)]

Other Threads:
=>0x00007f62a807a880 VMThread [stack: 0x00007f6298170000,0x00007f6298271000] [id=20871]
  0x00007f62a801ade0 WatcherThread [stack: 0x00007f62939fa000,0x00007f6293afb000] [id=20878]

VM state:at safepoint (normal execution)

VM Mutex/Monitor currently owned by a thread:  ([mutex/lock_event])
[0x00007f62a8006930] Threads_lock - owner thread: 0x00007f62a807a880
[0x00007f62a8006e30] Heap_lock - owner thread: 0x00007f62a8f4cfe0

Heap:
 def new generation   total 26880K, used 0K [0x00000000f0800000, 0x00000000f2520000, 0x00000000f5aa0000)
  eden space 23936K,   0% used [0x00000000f0800000, 0x00000000f0800000, 0x00000000f1f60000)
  from space 2944K,   0% used [0x00000000f1f60000, 0x00000000f1f60000, 0x00000000f2240000)
  to   space 2944K,   0% used [0x00000000f2240000, 0x00000000f2240000, 0x00000000f2520000)
 tenured generation   total 79160K, used 75084K [0x00000000f5aa0000, 0x00000000fa7ee000, 0x0000000100000000)
   the space 79160K,  94% used [0x00000000f5aa0000, 0x00000000fa3f3028, 0x00000000fa3f3200, 0x00000000fa7ee000)
 Metaspace       used 27529K, capacity 28084K, committed 28416K, reserved 1075200K
  class space    used 3092K, capacity 3277K, committed 3328K, reserved 1048576K

Card table byte_map: [0x00007f62af0f6000,0x00007f62af173000] byte_map_base: 0x00007f62ae972000

Polling page: 0x00007f62af285000

CodeCache: size=245760Kb used=11515Kb max_used=11515Kb free=234244Kb
 bounds [0x00007f6299000000, 0x00007f6299b50000, 0x00007f62a8000000]
 total_blobs=4510 nmethods=4102 adapters=321
 compilation: enabled

Compilation events (10 events):
Event: 11.069 Thread 0x00007f62a80b4790 4344       3       org.apache.commons.compress.archivers.zip.StreamCompressor$ScatterGatherBackingStoreCompressor::writeOut (13 bytes)
Event: 11.069 Thread 0x00007f62a80b4790 nmethod 4344 0x00007f6299b44290 code [0x00007f6299b44420, 0x00007f6299b448f0]
Event: 11.073 Thread 0x00007f62a80b4790 4345   !   3       org.codehaus.plexus.archiver.zip.ByteArrayOutputStream::write (151 bytes)
Event: 11.074 Thread 0x00007f62a80b4790 nmethod 4345 0x00007f6299b44b50 code [0x00007f6299b44d20, 0x00007f6299b454a0]
Event: 11.123 Thread 0x00007f62a80b4790 4346       3       org.apache.commons.io.output.ThresholdingOutputStream::checkThreshold (33 bytes)
Event: 11.123 Thread 0x00007f62a80b4790 nmethod 4346 0x00007f6299b45810 code [0x00007f6299b45980, 0x00007f6299b45c00]
Event: 11.126 Thread 0x00007f62a80b4790 4347       3       java.util.zip.CRC32::update (51 bytes)
Event: 11.126 Thread 0x00007f62a80b4790 nmethod 4347 0x00007f6299b45c90 code [0x00007f6299b45e20, 0x00007f6299b461f0]
Event: 11.127 Thread 0x00007f62a80b4790 4348       3       org.apache.commons.compress.archivers.zip.StreamCompressor::writeDeflated (119 bytes)
Event: 11.127 Thread 0x00007f62a80b4790 nmethod 4348 0x00007f6299b46350 code [0x00007f6299b465c0, 0x00007f6299b47548]

GC Heap History (10 events):
Event: 9.072 GC heap after
Heap after GC invocations=50 (full 3):
 def new generation   total 15360K, used 1664K [0x00000000f0800000, 0x00000000f18a0000, 0x00000000f5aa0000)
  eden space 13696K,   0% used [0x00000000f0800000, 0x00000000f0800000, 0x00000000f1560000)
  from space 1664K, 100% used [0x00000000f1700000, 0x00000000f18a0000, 0x00000000f18a0000)
  to   space 1664K,   0% used [0x00000000f1560000, 0x00000000f1560000, 0x00000000f1700000)
 tenured generation   total 33920K, used 29087K [0x00000000f5aa0000, 0x00000000f7bc0000, 0x0000000100000000)
   the space 33920K,  85% used [0x00000000f5aa0000, 0x00000000f7707d48, 0x00000000f7707e00, 0x00000000f7bc0000)
 Metaspace       used 24215K, capacity 24708K, committed 24960K, reserved 1071104K
  class space    used 2654K, capacity 2817K, committed 2944K, reserved 1048576K
}
Event: 9.834 GC heap before
{Heap before GC invocations=50 (full 3):
 def new generation   total 15360K, used 15360K [0x00000000f0800000, 0x00000000f18a0000, 0x00000000f5aa0000)
  eden space 13696K, 100% used [0x00000000f0800000, 0x00000000f1560000, 0x00000000f1560000)
  from space 1664K, 100% used [0x00000000f1700000, 0x00000000f18a0000, 0x00000000f18a0000)
  to   space 1664K,   0% used [0x00000000f1560000, 0x00000000f1560000, 0x00000000f1700000)
 tenured generation   total 33920K, used 29087K [0x00000000f5aa0000, 0x00000000f7bc0000, 0x0000000100000000)
   the space 33920K,  85% used [0x00000000f5aa0000, 0x00000000f7707d48, 0x00000000f7707e00, 0x00000000f7bc0000)
 Metaspace       used 26133K, capacity 26652K, committed 27008K, reserved 1073152K
  class space    used 2938K, capacity 3081K, committed 3200K, reserved 1048576K
Event: 9.841 GC heap after
Heap after GC invocations=51 (full 3):
 def new generation   total 15360K, used 1663K [0x00000000f0800000, 0x00000000f18a0000, 0x00000000f5aa0000)
  eden space 13696K,   0% used [0x00000000f0800000, 0x00000000f0800000, 0x00000000f1560000)
  from space 1664K,  99% used [0x00000000f1560000, 0x00000000f16ffff8, 0x00000000f1700000)
  to   space 1664K,   0% used [0x00000000f1700000, 0x00000000f1700000, 0x00000000f18a0000)
 tenured generation   total 33920K, used 30849K [0x00000000f5aa0000, 0x00000000f7bc0000, 0x0000000100000000)
   the space 33920K,  90% used [0x00000000f5aa0000, 0x00000000f78c0490, 0x00000000f78c0600, 0x00000000f7bc0000)
 Metaspace       used 26133K, capacity 26652K, committed 27008K, reserved 1073152K
  class space    used 2938K, capacity 3081K, committed 3200K, reserved 1048576K
}
Event: 10.528 GC heap before
{Heap before GC invocations=51 (full 3):
 def new generation   total 15360K, used 9913K [0x00000000f0800000, 0x00000000f18a0000, 0x00000000f5aa0000)
  eden space 13696K,  60% used [0x00000000f0800000, 0x00000000f100e7d0, 0x00000000f1560000)
  from space 1664K,  99% used [0x00000000f1560000, 0x00000000f16ffff8, 0x00000000f1700000)
  to   space 1664K,   0% used [0x00000000f1700000, 0x00000000f1700000, 0x00000000f18a0000)
 tenured generation   total 33920K, used 30849K [0x00000000f5aa0000, 0x00000000f7bc0000, 0x0000000100000000)
   the space 33920K,  90% used [0x00000000f5aa0000, 0x00000000f78c0490, 0x00000000f78c0600, 0x00000000f7bc0000)
 Metaspace       used 27288K, capacity 27828K, committed 28160K, reserved 1075200K
  class space    used 3064K, capacity 3213K, committed 3328K, reserved 1048576K
Event: 10.538 GC heap after
Heap after GC invocations=52 (full 3):
 def new generation   total 15360K, used 1396K [0x00000000f0800000, 0x00000000f18a0000, 0x00000000f5aa0000)
  eden space 13696K,   0% used [0x00000000f0800000, 0x00000000f0800000, 0x00000000f1560000)
  from space 1664K,  83% used [0x00000000f1700000, 0x00000000f185d358, 0x00000000f18a0000)
  to   space 1664K,   0% used [0x00000000f1560000, 0x00000000f1560000, 0x00000000f1700000)
 tenured generation   total 33920K, used 31665K [0x00000000f5aa0000, 0x00000000f7bc0000, 0x0000000100000000)
   the space 33920K,  93% used [0x00000000f5aa0000, 0x00000000f798c5e0, 0x00000000f798c600, 0x00000000f7bc0000)
 Metaspace       used 27288K, capacity 27828K, committed 28160K, reserved 1075200K
  class space    used 3064K, capacity 3213K, committed 3328K, reserved 1048576K
}
Event: 10.545 GC heap before
{Heap before GC invocations=52 (full 3):
 def new generation   total 15360K, used 11432K [0x00000000f0800000, 0x00000000f18a0000, 0x00000000f5aa0000)
  eden space 13696K,  73% used [0x00000000f0800000, 0x00000000f11ccd78, 0x00000000f1560000)
  from space 1664K,  83% used [0x00000000f1700000, 0x00000000f185d358, 0x00000000f18a0000)
  to   space 1664K,   0% used [0x00000000f1560000, 0x00000000f1560000, 0x00000000f1700000)
 tenured generation   total 33920K, used 31665K [0x00000000f5aa0000, 0x00000000f7bc0000, 0x0000000100000000)
   the space 33920K,  93% used [0x00000000f5aa0000, 0x00000000f798c5e0, 0x00000000f798c600, 0x00000000f7bc0000)
 Metaspace       used 27294K, capacity 27828K, committed 28160K, reserved 1075200K
  class space    used 3066K, capacity 3213K, committed 3328K, reserved 1048576K
Event: 10.841 GC heap after
Heap after GC invocations=53 (full 4):
 def new generation   total 26880K, used 0K [0x00000000f0800000, 0x00000000f2520000, 0x00000000f5aa0000)
  eden space 23936K,   0% used [0x00000000f0800000, 0x00000000f0800000, 0x00000000f1f60000)
  from space 2944K,   0% used [0x00000000f1f60000, 0x00000000f1f60000, 0x00000000f2240000)
  to   space 2944K,   0% used [0x00000000f2240000, 0x00000000f2240000, 0x00000000f2520000)
 tenured generation   total 59624K, used 35772K [0x00000000f5aa0000, 0x00000000f94da000, 0x0000000100000000)
   the space 59624K,  59% used [0x00000000f5aa0000, 0x00000000f7d8f120, 0x00000000f7d8f200, 0x00000000f94da000)
 Metaspace       used 27294K, capacity 27828K, committed 28160K, reserved 1075200K
  class space    used 3066K, capacity 3213K, committed 3328K, reserved 1048576K
}
Event: 10.852 GC heap before
{Heap before GC invocations=53 (full 4):
 def new generation   total 26880K, used 20003K [0x00000000f0800000, 0x00000000f2520000, 0x00000000f5aa0000)
  eden space 23936K,  83% used [0x00000000f0800000, 0x00000000f1b88e30, 0x00000000f1f60000)
  from space 2944K,   0% used [0x00000000f1f60000, 0x00000000f1f60000, 0x00000000f2240000)
  to   space 2944K,   0% used [0x00000000f2240000, 0x00000000f2240000, 0x00000000f2520000)
 tenured generation   total 59624K, used 35772K [0x00000000f5aa0000, 0x00000000f94da000, 0x0000000100000000)
   the space 59624K,  59% used [0x00000000f5aa0000, 0x00000000f7d8f120, 0x00000000f7d8f200, 0x00000000f94da000)
 Metaspace       used 27294K, capacity 27828K, committed 28160K, reserved 1075200K
  class space    used 3066K, capacity 3213K, committed 3328K, reserved 1048576K
Event: 10.872 GC heap after
Heap after GC invocations=54 (full 4):
 def new generation   total 26880K, used 16K [0x00000000f0800000, 0x00000000f2520000, 0x00000000f5aa0000)
  eden space 23936K,   0% used [0x00000000f0800000, 0x00000000f0800000, 0x00000000f1f60000)
  from space 2944K,   0% used [0x00000000f2240000, 0x00000000f22443f0, 0x00000000f2520000)
  to   space 2944K,   0% used [0x00000000f1f60000, 0x00000000f1f60000, 0x00000000f2240000)
 tenured generation   total 59624K, used 55303K [0x00000000f5aa0000, 0x00000000f94da000, 0x0000000100000000)
   the space 59624K,  92% used [0x00000000f5aa0000, 0x00000000f90a1e40, 0x00000000f90a2000, 0x00000000f94da000)
 Metaspace       used 27294K, capacity 27828K, committed 28160K, reserved 1075200K
  class space    used 3066K, capacity 3213K, committed 3328K, reserved 1048576K
}
Event: 12.367 GC heap before
{Heap before GC invocations=54 (full 4):
 def new generation   total 26880K, used 21913K [0x00000000f0800000, 0x00000000f2520000, 0x00000000f5aa0000)
  eden space 23936K,  91% used [0x00000000f0800000, 0x00000000f1d62230, 0x00000000f1f60000)
  from space 2944K,   0% used [0x00000000f2240000, 0x00000000f22443f0, 0x00000000f2520000)
  to   space 2944K,   0% used [0x00000000f1f60000, 0x00000000f1f60000, 0x00000000f2240000)
 tenured generation   total 59624K, used 55303K [0x00000000f5aa0000, 0x00000000f94da000, 0x0000000100000000)
   the space 59624K,  92% used [0x00000000f5aa0000, 0x00000000f90a1e40, 0x00000000f90a2000, 0x00000000f94da000)
 Metaspace       used 27529K, capacity 28084K, committed 28416K, reserved 1075200K
  class space    used 3092K, capacity 3277K, committed 3328K, reserved 1048576K

Deoptimization events (10 events):
Event: 6.283 Thread 0x00007f62a8008eb0 Uncommon trap: reason=class_check action=maybe_recompile pc=0x00007f62991d9300 method=sun.misc.URLClassPath.getLoader(I)Lsun/misc/URLClassPath$Loader; @ 94
Event: 6.319 Thread 0x00007f62a8008eb0 Uncommon trap: reason=unstable_if action=reinterpret pc=0x00007f6299209490 method=sun.misc.URLClassPath$JarLoader.getResource(Ljava/lang/String;Z)Lsun/misc/Resource; @ 62
Event: 6.321 Thread 0x00007f62a8008eb0 Uncommon trap: reason=unstable_if action=reinterpret pc=0x00007f62991d9648 method=java.util.HashMap.putVal(ILjava/lang/Object;Ljava/lang/Object;ZZ)Ljava/lang/Object; @ 193
Event: 6.332 Thread 0x00007f62a8008eb0 Uncommon trap: reason=unstable_if action=reinterpret pc=0x00007f62996c9970 method=java.nio.charset.CharsetDecoder.decode(Ljava/nio/ByteBuffer;Ljava/nio/CharBuffer;Z)Ljava/nio/charset/CoderResult; @ 1
Event: 6.473 Thread 0x00007f62a8008eb0 Uncommon trap: reason=unstable_if action=reinterpret pc=0x00007f62992fc520 method=java.lang.CharacterDataLatin1.isWhitespace(I)Z @ 14
Event: 7.283 Thread 0x00007f62a8008eb0 Uncommon trap: reason=bimorphic action=maybe_recompile pc=0x00007f62995ea830 method=java.util.regex.Pattern$CharProperty.match(Ljava/util/regex/Matcher;ILjava/lang/CharSequence;)Z @ 37
Event: 7.594 Thread 0x00007f62a8008eb0 Uncommon trap: reason=unstable_if action=reinterpret pc=0x00007f629990275c method=com.sun.tools.javac.util.IntHashTable.lookup(Ljava/lang/Object;I)I @ 67
Event: 7.594 Thread 0x00007f62a8008eb0 Uncommon trap: reason=unstable_if action=reinterpret pc=0x00007f629990bd14 method=com.sun.tools.javac.util.IntHashTable.putAtIndex(Ljava/lang/Object;II)I @ 18
Event: 9.659 Thread 0x00007f62a8008eb0 Uncommon trap: reason=unstable_if action=reinterpret pc=0x00007f6299304b30 method=java.util.HashMap.hash(Ljava/lang/Object;)I @ 1
Event: 10.883 Thread 0x00007f62a8008eb0 Uncommon trap: reason=unstable_if action=reinterpret pc=0x00007f629928ac84 method=java.lang.StringCoding$StringEncoder.encode([CII)[B @ 20

Internal exceptions (10 events):
Event: 2.240 Thread 0x00007f62a8008eb0 Exception <a 'java/lang/NullPointerException'> (0x00000000f0b43650) thrown at [/builddir/build/BUILD/java-1.8.0-openjdk-1.8.0.151-1.b12.35.amzn1.x86_64/openjdk/hotspot/src/share/vm/interpreter/linkResolver.cpp, line 1183]
Event: 2.292 Thread 0x00007f62a8008eb0 Implicit null exception at 0x00007f629924e275 to 0x00007f629924e629
Event: 2.292 Thread 0x00007f62a8008eb0 Implicit null exception at 0x00007f62992046b6 to 0x00007f6299204a6d
Event: 3.139 Thread 0x00007f62a8008eb0 Implicit null exception at 0x00007f62992f19b5 to 0x00007f62992f1b99
Event: 3.402 Thread 0x00007f62a8008eb0 Implicit null exception at 0x00007f62996d8c49 to 0x00007f62996d9749
Event: 5.399 Thread 0x00007f62a8008eb0 Exception <a 'java/lang/ClassNotFoundException': com/sun/tools/javac/api/JavacTool> (0x00000000f0bbb8e0) thrown at [/builddir/build/BUILD/java-1.8.0-openjdk-1.8.0.151-1.b12.35.amzn1.x86_64/openjdk/hotspot/src/share/vm/classfile/systemDictionary.cpp, line 
Event: 6.746 Thread 0x00007f62a8008eb0 Exception <a 'java/io/FileNotFoundException'> (0x00000000f094e728) thrown at [/builddir/build/BUILD/java-1.8.0-openjdk-1.8.0.151-1.b12.35.amzn1.x86_64/openjdk/hotspot/src/share/vm/prims/jni.cpp, line 710]
Event: 6.751 Thread 0x00007f62a8008eb0 Exception <a 'java/io/FileNotFoundException'> (0x00000000f09897e0) thrown at [/builddir/build/BUILD/java-1.8.0-openjdk-1.8.0.151-1.b12.35.amzn1.x86_64/openjdk/hotspot/src/share/vm/prims/jni.cpp, line 710]
Event: 6.751 Thread 0x00007f62a8008eb0 Exception <a 'java/io/FileNotFoundException'> (0x00000000f098a638) thrown at [/builddir/build/BUILD/java-1.8.0-openjdk-1.8.0.151-1.b12.35.amzn1.x86_64/openjdk/hotspot/src/share/vm/prims/jni.cpp, line 710]
Event: 9.659 Thread 0x00007f62a8008eb0 Implicit null exception at 0x00007f629930453b to 0x00007f6299304b15

Events (10 events):
Event: 10.970 loading class org/apache/commons/compress/archivers/zip/ZipUtil done
Event: 10.970 loading class org/apache/commons/compress/archivers/zip/UnsupportedZipFeatureException
Event: 10.970 loading class org/apache/commons/compress/archivers/zip/UnsupportedZipFeatureException done
Event: 10.970 loading class org/apache/commons/compress/archivers/zip/UnsupportedZipFeatureException
Event: 10.970 loading class org/apache/commons/compress/archivers/zip/UnsupportedZipFeatureException done
Event: 10.971 loading class org/apache/commons/compress/archivers/zip/ZipMethod
Event: 10.971 loading class org/apache/commons/compress/archivers/zip/ZipMethod done
Event: 10.971 loading class org/apache/commons/compress/archivers/zip/ZipMethod
Event: 10.971 loading class org/apache/commons/compress/archivers/zip/ZipMethod done
Event: 12.367 Executing VM operation: GenCollectForAllocation


Dynamic libraries:
00400000-00401000 r-xp 00000000 ca:01 271640                             /usr/lib/jvm/java-1.8.0-openjdk-1.8.0.151-1.b12.35.amzn1.x86_64/jre/bin/java
00600000-00601000 rw-p 00000000 ca:01 271640                             /usr/lib/jvm/java-1.8.0-openjdk-1.8.0.151-1.b12.35.amzn1.x86_64/jre/bin/java
01201000-01222000 rw-p 00000000 00:00 0                                  [heap]
f0800000-f2520000 rw-p 00000000 00:00 0 
f2520000-f5aa0000 ---p 00000000 00:00 0 
f5aa0000-fa7ee000 rw-p 00000000 00:00 0 
fd4d6000-100000000 ---p 00000000 00:00 0 
100000000-100340000 rw-p 00000000 00:00 0 
100340000-140000000 ---p 00000000 00:00 0 
7f6270000000-7f6270ef4000 rw-p 00000000 00:00 0 
7f6270ef4000-7f6274000000 ---p 00000000 00:00 0 
7f6274000000-7f6274043000 rw-p 00000000 00:00 0 
7f6274043000-7f6278000000 ---p 00000000 00:00 0 
7f6278000000-7f6278021000 rw-p 00000000 00:00 0 
7f6278021000-7f627c000000 ---p 00000000 00:00 0 
7f627c000000-7f627d029000 rw-p 00000000 00:00 0 
7f627d029000-7f6280000000 ---p 00000000 00:00 0 
7f6280000000-7f6280021000 rw-p 00000000 00:00 0 
7f6280021000-7f6284000000 ---p 00000000 00:00 0 
7f6285ad7000-7f628c000000 r--p 00000000 ca:01 2733                       /usr/lib/locale/locale-archive
7f628c000000-7f628c021000 rw-p 00000000 00:00 0 
7f628c021000-7f6290000000 ---p 00000000 00:00 0 
7f6291cdb000-7f6291edb000 rw-p 00000000 00:00 0 
7f6291f18000-7f6291f98000 rw-p 00000000 00:00 0 
7f6291f98000-7f6292118000 ---p 00000000 00:00 0 
7f6292118000-7f6292318000 rw-p 00000000 00:00 0 
7f629238e000-7f629238f000 rw-p 00000000 00:00 0 
7f629238f000-7f6292392000 ---p 00000000 00:00 0 
7f6292392000-7f6292490000 rw-p 00000000 00:00 0 
7f6292490000-7f6292491000 r--s 00002000 ca:01 289553                     /home/ec2-user/.m2/repository/org/apache/maven/shared/maven-mapping/3.0.0/maven-mapping-3.0.0.jar
7f6292491000-7f6292493000 r--s 00001000 ca:01 289551                     /home/ec2-user/.m2/repository/org/sonatype/plexus/plexus-build-api/0.0.7/plexus-build-api-0.0.7.jar
7f6292493000-7f6292495000 r--s 0000b000 ca:01 289549                     /home/ec2-user/.m2/repository/org/apache/maven/shared/maven-filtering/3.1.1/maven-filtering-3.1.1.jar
7f6292495000-7f6292499000 r--s 00039000 ca:01 397041                     /home/ec2-user/.m2/repository/org/codehaus/plexus/plexus-utils/3.0.24/plexus-utils-3.0.24.jar
7f6292499000-7f629249b000 r--s 00005000 ca:01 396341                     /home/ec2-user/.m2/repository/xpp3/xpp3_min/1.1.4c/xpp3_min-1.1.4c.jar
7f629249b000-7f629249c000 r--s 00001000 ca:01 289543                     /home/ec2-user/.m2/repository/xmlpull/xmlpull/1.1.3.1/xmlpull-1.1.3.1.jar
7f629249c000-7f62924aa000 r--s 00079000 ca:01 289518                     /home/ec2-user/.m2/repository/com/thoughtworks/xstream/xstream/1.4.9/xstream-1.4.9.jar
7f62924aa000-7f62924ad000 r--s 00010000 ca:01 406568                     /home/ec2-user/.m2/repository/org/codehaus/plexus/plexus-interpolation/1.22/plexus-interpolation-1.22.jar
7f62924ad000-7f62924b1000 r--s 00015000 ca:01 397205                     /home/ec2-user/.m2/repository/org/tukaani/xz/1.5/xz-1.5.jar
7f62924b1000-7f62924b3000 r--s 0000d000 ca:01 396459                     /home/ec2-user/.m2/repository/org/iq80/snappy/snappy/0.4/snappy-0.4.jar
7f62924b3000-7f62924bb000 r--s 00060000 ca:01 397642                     /home/ec2-user/.m2/repository/org/apache/commons/commons-compress/1.11/commons-compress-1.11.jar
7f62924bb000-7f62924be000 r--s 00012000 ca:01 396857                     /home/ec2-user/.m2/repository/org/codehaus/plexus/plexus-io/2.7.1/plexus-io-2.7.1.jar
7f62924be000-7f62924c3000 r--s 00029000 ca:01 396644                     /home/ec2-user/.m2/repository/org/codehaus/plexus/plexus-archiver/3.4/plexus-archiver-3.4.jar
7f62924c3000-7f62924c7000 r--s 0002f000 ca:01 141584                     /home/ec2-user/.m2/repository/commons-io/commons-io/2.5/commons-io-2.5.jar
7f62924c7000-7f62924ca000 r--s 00023000 ca:01 398897                     /home/ec2-user/.m2/repository/org/apache/maven/shared/maven-shared-utils/3.0.1/maven-shared-utils-3.0.1.jar
7f62924ca000-7f62924cb000 r--s 00005000 ca:01 397863                     /home/ec2-user/.m2/repository/org/apache/maven/maven-archiver/3.1.1/maven-archiver-3.1.1.jar
7f62924cb000-7f62924cd000 r--s 00000000 ca:01 396824                     /home/ec2-user/.m2/repository/org/codehaus/plexus/plexus-component-annotations/1.6/plexus-component-annotations-1.6.jar
7f62924cd000-7f62924d1000 r--s 00017000 ca:01 397324                     /home/ec2-user/.m2/repository/org/sonatype/aether/aether-util/1.7/aether-util-1.7.jar
7f62924d1000-7f62924dc000 r--s 00069000 ca:01 397254                     /home/ec2-user/.m2/repository/org/sonatype/sisu/sisu-guice/2.1.7/sisu-guice-2.1.7-noaop.jar
7f62924dc000-7f62924e1000 r--s 00021000 ca:01 397268                     /home/ec2-user/.m2/repository/org/sonatype/sisu/sisu-inject-bean/1.4.2/sisu-inject-bean-1.4.2.jar
7f62924e1000-7f62924e3000 r--s 00014000 ca:01 406614                     /home/ec2-user/.m2/repository/org/apache/maven/plugins/maven-war-plugin/3.0.0/maven-war-plugin-3.0.0.jar
7f62924e3000-7f62924e5000 r--s 00002000 ca:01 429613                     /home/ec2-user/.m2/repository/org/apache/maven/plugin-tools/maven-plugin-annotations/3.3/maven-plugin-annotations-3.3.jar
7f62924e5000-7f62924ea000 r--s 00020000 ca:01 429602                     /home/ec2-user/.m2/repository/org/apache/maven/surefire/surefire-api/2.18.1/surefire-api-2.18.1.jar
7f62924ea000-7f62924f0000 r--s 00048000 ca:01 397655                     /home/ec2-user/.m2/repository/org/apache/commons/commons-lang3/3.1/commons-lang3-3.1.jar
7f62924f0000-7f62924f1000 r--s 00002000 ca:01 398226                     /home/ec2-user/.m2/repository/org/apache/maven/reporting/maven-reporting-api/3.0/maven-reporting-api-3.0.jar
7f62924f1000-7f62924f3000 r--s 00008000 ca:01 429595                     /home/ec2-user/.m2/repository/org/apache/maven/surefire/surefire-booter/2.18.1/surefire-booter-2.18.1.jar
7f62924f3000-7f62924f9000 r--s 0003e000 ca:01 429581                     /home/ec2-user/.m2/repository/org/apache/maven/surefire/maven-surefire-common/2.18.1/maven-surefire-common-2.18.1.jar
7f62924f9000-7f62924fb000 r--s 00008000 ca:01 424567                     /home/ec2-user/.m2/repository/org/apache/maven/plugins/maven-surefire-plugin/2.18.1/maven-surefire-plugin-2.18.1.jar
7f62924fb000-7f62926fb000 rw-p 00000000 00:00 0 
7f62926fb000-7f62928fb000 rw-p 00000000 00:00 0 
7f62928fb000-7f6292975000 r--s 012bd000 ca:01 271835                     /usr/lib/jvm/java-1.8.0-openjdk-1.8.0.151-1.b12.35.amzn1.x86_64/lib/tools.jar
7f6292975000-7f6292978000 r--s 0001b000 ca:01 396313                     /home/ec2-user/.m2/repository/junit/junit/3.8.2/junit-3.8.2.jar
7f6292978000-7f6292986000 r--s 0008f000 ca:01 399497                     /home/ec2-user/.m2/repository/com/google/collections/google-collections/1.0/google-collections-1.0.jar
7f6292986000-7f6292987000 r--s 0000a000 ca:01 399189                     /home/ec2-user/.m2/repository/commons-logging/commons-logging-api/1.1/commons-logging-api-1.1.jar
7f6292987000-7f629298e000 r--s 00051000 ca:01 399451                     /home/ec2-user/.m2/repository/log4j/log4j/1.2.12/log4j-1.2.12.jar
7f629298e000-7f6292992000 r--s 0001d000 ca:01 397670                     /home/ec2-user/.m2/repository/org/apache/xbean/xbean-reflect/3.4/xbean-reflect-3.4.jar
7f6292992000-7f6292993000 r--s 00004000 ca:01 396634                     /home/ec2-user/.m2/repository/org/codehaus/plexus/plexus-compiler-javac/2.5/plexus-compiler-javac-2.5.jar
7f6292993000-7f6292995000 r--s 00000000 ca:01 396608                     /home/ec2-user/.m2/repository/org/codehaus/plexus/plexus-compiler-manager/2.5/plexus-compiler-manager-2.5.jar
7f6292995000-7f6292997000 r--s 00005000 ca:01 396560                     /home/ec2-user/.m2/repository/org/codehaus/plexus/plexus-compiler-api/2.5/plexus-compiler-api-2.5.jar
7f6292997000-7f6292999000 r--s 00000000 ca:01 396832                     /home/ec2-user/.m2/repository/org/codehaus/plexus/plexus-component-annotations/1.5.5/plexus-component-annotations-1.5.5.jar
7f6292999000-7f629299b000 r--s 00002000 ca:01 398943                     /home/ec2-user/.m2/repository/org/apache/maven/shared/maven-shared-incremental/1.1/maven-shared-incremental-1.1.jar
7f629299b000-7f629299d000 r--s 00006000 ca:01 399514                     /home/ec2-user/.m2/repository/com/google/code/findbugs/jsr305/2.0.1/jsr305-2.0.1.jar
7f629299d000-7f62929a1000 r--s 00026000 ca:01 398931                     /home/ec2-user/.m2/repository/org/apache/maven/shared/maven-shared-utils/0.7/maven-shared-utils-0.7.jar
7f62929a1000-7f62929a3000 r--s 00002000 ca:01 397344                     /home/ec2-user/.m2/repository/org/sonatype/plexus/plexus-cipher/1.4/plexus-cipher-1.4.jar
7f62929a3000-7f62929a4000 r--s 00006000 ca:01 397331                     /home/ec2-user/.m2/repository/org/sonatype/plexus/plexus-sec-dispatcher/1.3/plexus-sec-dispatcher-1.3.jar
7f62929a4000-7f62929ac000 r--s 00049000 ca:01 399693                     /home/ec2-user/.m2/repository/backport-util-concurrent/backport-util-concurrent/3.1/backport-util-concurrent-3.1.jar
7f62929ac000-7f62929ae000 r--s 00003000 ca:01 397193                     /home/ec2-user/.m2/repository/org/slf4j/jcl-over-slf4j/1.5.6/jcl-over-slf4j-1.5.6.jar
7f62929ae000-7f62929b0000 r--s 00001000 ca:01 397164                     /home/ec2-user/.m2/repository/org/slf4j/slf4j-jdk14/1.5.6/slf4j-jdk14-1.5.6.jar
7f62929b0000-7f62929b2000 r--s 0000b000 ca:01 396993                     /home/ec2-user/.m2/repository/org/codehaus/plexus/plexus-interpolation/1.11/plexus-interpolation-1.11.jar
7f62929b2000-7f62929b6000 r--s 00034000 ca:01 397003                     /home/ec2-user/.m2/repository/org/codehaus/plexus/plexus-utils/1.5.15/plexus-utils-1.5.15.jar
7f62929b6000-7f62929b8000 r--s 0000a000 ca:01 398070                     /home/ec2-user/.m2/repository/org/apache/maven/plugins/maven-compiler-plugin/3.3/maven-compiler-plugin-3.3.jar
7f62929b8000-7f62929ba000 r--s 0000d000 ca:01 397000                     /home/ec2-user/.m2/repository/org/codehaus/plexus/plexus-interpolation/1.13/plexus-interpolation-1.13.jar
7f62929ba000-7f62929bb000 r--s 00001000 ca:01 397340                     /home/ec2-user/.m2/repository/org/sonatype/plexus/plexus-build-api/0.0.4/plexus-build-api-0.0.4.jar
7f62929bb000-7f62929bd000 r--s 00009000 ca:01 398859                     /home/ec2-user/.m2/repository/org/apache/maven/shared/maven-filtering/1.1/maven-filtering-1.1.jar
7f62929bd000-7f62929c1000 r--s 00033000 ca:01 397053                     /home/ec2-user/.m2/repository/org/codehaus/plexus/plexus-utils/2.0.5/plexus-utils-2.0.5.jar
7f62929c1000-7f62929c4000 r--s 0001b000 ca:01 396333                     /home/ec2-user/.m2/repository/junit/junit/3.8.1/junit-3.8.1.jar
7f62929c4000-7f62929c6000 r--s 00002000 ca:01 396670                     /home/ec2-user/.m2/repository/org/codehaus/plexus/plexus-interactivity-api/1.0-alpha-4/plexus-interactivity-api-1.0-alpha-4.jar
7f62929c6000-7f62929c8000 r--s 00006000 ca:01 399685                     /home/ec2-user/.m2/repository/commons-cli/commons-cli/1.0/commons-cli-1.0.jar
7f62929c8000-7f62929c9000 r--s 00001000 ca:01 398486                     /home/ec2-user/.m2/repository/org/apache/maven/doxia/doxia-sink-api/1.0-alpha-7/doxia-sink-api-1.0-alpha-7.jar
7f62929c9000-7f62929ca000 r--s 00002000 ca:01 398233                     /home/ec2-user/.m2/repository/org/apache/maven/reporting/maven-reporting-api/2.0.6/maven-reporting-api-2.0.6.jar
7f62929ca000-7f6292bca000 rw-p 00000000 00:00 0 
7f6292bca000-7f6292bdc000 r-xp 00000000 ca:01 271677                     /usr/lib/jvm/java-1.8.0-openjdk-1.8.0.151-1.b12.35.amzn1.x86_64/jre/lib/amd64/libnio.so
7f6292bdc000-7f6292ddb000 ---p 00012000 ca:01 271677                     /usr/lib/jvm/java-1.8.0-openjdk-1.8.0.151-1.b12.35.amzn1.x86_64/jre/lib/amd64/libnio.so
7f6292ddb000-7f6292ddc000 rw-p 00011000 ca:01 271677                     /usr/lib/jvm/java-1.8.0-openjdk-1.8.0.151-1.b12.35.amzn1.x86_64/jre/lib/amd64/libnio.so
7f6292ddc000-7f6292df3000 r-xp 00000000 ca:01 271676                     /usr/lib/jvm/java-1.8.0-openjdk-1.8.0.151-1.b12.35.amzn1.x86_64/jre/lib/amd64/libnet.so
7f6292df3000-7f6292ff3000 ---p 00017000 ca:01 271676                     /usr/lib/jvm/java-1.8.0-openjdk-1.8.0.151-1.b12.35.amzn1.x86_64/jre/lib/amd64/libnet.so
7f6292ff3000-7f6292ff4000 rw-p 00017000 ca:01 271676                     /usr/lib/jvm/java-1.8.0-openjdk-1.8.0.151-1.b12.35.amzn1.x86_64/jre/lib/amd64/libnet.so
7f6292ff4000-7f62931f4000 rw-p 00000000 00:00 0 
7f62931f4000-7f62933f4000 rw-p 00000000 00:00 0 
7f62933f4000-7f62935f4000 rw-p 00000000 00:00 0 
7f62935f4000-7f62935f6000 r-xp 00000000 ca:01 2725                       /lib64/libutil-2.17.so
7f62935f6000-7f62937f5000 ---p 00002000 ca:01 2725                       /lib64/libutil-2.17.so
7f62937f5000-7f62937f6000 r--p 00001000 ca:01 2725                       /lib64/libutil-2.17.so
7f62937f6000-7f62937f7000 rw-p 00002000 ca:01 2725                       /lib64/libutil-2.17.so
7f62937f7000-7f62937fa000 r-xp 00000000 ca:01 15192                      /home/ec2-user/apache-maven-3.5.2/lib/jansi-native/linux64/libjansi.so
7f62937fa000-7f62939f9000 ---p 00003000 ca:01 15192                      /home/ec2-user/apache-maven-3.5.2/lib/jansi-native/linux64/libjansi.so
7f62939f9000-7f62939fa000 rw-p 00002000 ca:01 15192                      /home/ec2-user/apache-maven-3.5.2/lib/jansi-native/linux64/libjansi.so
7f62939fa000-7f62939fb000 ---p 00000000 00:00 0 
7f62939fb000-7f6293afb000 rw-p 00000000 00:00 0 
7f6293afb000-7f6293afe000 ---p 00000000 00:00 0 
7f6293afe000-7f6293bfc000 rw-p 00000000 00:00 0 
7f6293bfc000-7f6293bff000 ---p 00000000 00:00 0 
7f6293bff000-7f6293cfd000 rw-p 00000000 00:00 0 
7f6293cfd000-7f6293d00000 ---p 00000000 00:00 0 
7f6293d00000-7f6293dfe000 rw-p 00000000 00:00 0 
7f6293dfe000-7f6293e01000 ---p 00000000 00:00 0 
7f6293e01000-7f6293eff000 rw-p 00000000 00:00 0 
7f6293eff000-7f6293f02000 ---p 00000000 00:00 0 
7f6293f02000-7f6294000000 rw-p 00000000 00:00 0 
7f6294000000-7f6294071000 rw-p 00000000 00:00 0 
7f6294071000-7f6298000000 ---p 00000000 00:00 0 
7f6298000000-7f6298002000 r--s 00006000 ca:01 398058                     /home/ec2-user/.m2/repository/org/apache/maven/plugins/maven-resources-plugin/2.6/maven-resources-plugin-2.6.jar
7f6298002000-7f6298007000 r--s 000b3000 ca:01 271726                     /usr/lib/jvm/java-1.8.0-openjdk-1.8.0.151-1.b12.35.amzn1.x86_64/jre/lib/jsse.jar
7f6298007000-7f629800b000 r--s 0003c000 ca:01 15215                      /home/ec2-user/apache-maven-3.5.2/lib/plexus-utils-3.1.0.jar
7f629800b000-7f629800e000 r--s 00011000 ca:01 15219                      /home/ec2-user/apache-maven-3.5.2/lib/plexus-interpolation-1.24.jar
7f629800e000-7f629800f000 r--s 00006000 ca:01 15225                      /home/ec2-user/apache-maven-3.5.2/lib/maven-repository-metadata-3.5.2.jar
7f629800f000-7f6298013000 r--s 00023000 ca:01 15238                      /home/ec2-user/apache-maven-3.5.2/lib/maven-resolver-util-1.1.0.jar
7f6298013000-7f6298014000 r--s 00003000 ca:01 15217                      /home/ec2-user/apache-maven-3.5.2/lib/maven-builder-support-3.5.2.jar
7f6298014000-7f6298017000 r--s 00008000 ca:01 15229                      /home/ec2-user/apache-maven-3.5.2/lib/cdi-api-1.0.jar
7f6298017000-7f6298019000 r--s 0000f000 ca:01 15235                      /home/ec2-user/apache-maven-3.5.2/lib/maven-resolver-provider-3.5.2.jar
7f6298019000-7f629801a000 r--s 00006000 ca:01 15221                      /home/ec2-user/apache-maven-3.5.2/lib/plexus-sec-dispatcher-1.4.jar
7f629801a000-7f629801e000 r--s 0002f000 ca:01 15241                      /home/ec2-user/apache-maven-3.5.2/lib/commons-io-2.5.jar
7f629801e000-7f6298022000 r--s 00020000 ca:01 15236                      /home/ec2-user/apache-maven-3.5.2/lib/maven-resolver-api-1.1.0.jar
7f6298022000-7f6298029000 r--s 00056000 ca:01 15232                      /home/ec2-user/apache-maven-3.5.2/lib/org.eclipse.sisu.inject-0.3.3.jar
7f6298029000-7f629802b000 r--s 00002000 ca:01 15222                      /home/ec2-user/apache-maven-3.5.2/lib/plexus-cipher-1.7.jar
7f629802b000-7f629802e000 r--s 0003c000 ca:01 15254                      /home/ec2-user/apache-maven-3.5.2/lib/jansi-1.16.jar
7f629802e000-7f6298032000 r--s 0002a000 ca:01 15239                      /home/ec2-user/apache-maven-3.5.2/lib/maven-resolver-impl-1.1.0.jar
7f6298032000-7f6298034000 r--s 0000c000 ca:01 15245                      /home/ec2-user/apache-maven-3.5.2/lib/commons-cli-1.4.jar
7f6298034000-7f6298036000 r--s 0000a000 ca:01 15227                      /home/ec2-user/apache-maven-3.5.2/lib/maven-plugin-api-3.5.2.jar
7f6298036000-7f6298043000 r--s 0008d000 ca:01 15223                      /home/ec2-user/apache-maven-3.5.2/lib/maven-core-3.5.2.jar
7f6298043000-7f629806f000 r--s 001e6000 ca:01 15248                      /home/ec2-user/apache-maven-3.5.2/lib/wagon-http-2.12-shaded.jar
7f629806f000-7f6298072000 ---p 00000000 00:00 0 
7f6298072000-7f6298170000 rw-p 00000000 00:00 0 
7f6298170000-7f6298171000 ---p 00000000 00:00 0 
7f6298171000-7f6298271000 rw-p 00000000 00:00 0 
7f6298271000-7f6298440000 r--s 043ff000 ca:01 271740                     /usr/lib/jvm/java-1.8.0-openjdk-1.8.0.151-1.b12.35.amzn1.x86_64/jre/lib/rt.jar
7f6298440000-7f6298c40000 rw-p 00000000 00:00 0 
7f6298c40000-7f6298c6e000 rw-p 00000000 00:00 0 
7f6298c6e000-7f6299000000 ---p 00000000 00:00 0 
7f6299000000-7f6299b50000 rwxp 00000000 00:00 0 
7f6299b50000-7f62a8000000 ---p 00000000 00:00 0 
7f62a8000000-7f62a8f92000 rw-p 00000000 00:00 0 
7f62a8f92000-7f62ac000000 ---p 00000000 00:00 0 
7f62ac000000-7f62ac001000 r--s 00001000 ca:01 15230                      /home/ec2-user/apache-maven-3.5.2/lib/jsr250-api-1.0.jar
7f62ac001000-7f62ac004000 r--s 00026000 ca:01 15224                      /home/ec2-user/apache-maven-3.5.2/lib/maven-model-3.5.2.jar
7f62ac004000-7f62ac007000 r--s 00025000 ca:01 15240                      /home/ec2-user/apache-maven-3.5.2/lib/maven-shared-utils-3.1.0.jar
7f62ac007000-7f62ac009000 r--s 00009000 ca:01 15251                      /home/ec2-user/apache-maven-3.5.2/lib/maven-resolver-connector-basic-1.1.0.jar
7f62ac009000-7f62ac00c000 r--s 00015000 ca:01 15213                      /home/ec2-user/apache-maven-3.5.2/lib/maven-embedder-3.5.2.jar
7f62ac00c000-7f62ac00e000 r--s 00009000 ca:01 15216                      /home/ec2-user/apache-maven-3.5.2/lib/maven-settings-builder-3.5.2.jar
7f62ac00e000-7f62ac012000 r--s 00028000 ca:01 15233                      /home/ec2-user/apache-maven-3.5.2/lib/maven-model-builder-3.5.2.jar
7f62ac012000-7f62ac018000 r--s 0002d000 ca:01 15228                      /home/ec2-user/apache-maven-3.5.2/lib/org.eclipse.sisu.plexus-0.3.3.jar
7f62ac018000-7f62ac019000 r--s 00005000 ca:01 15253                      /home/ec2-user/apache-maven-3.5.2/lib/maven-slf4j-provider-3.5.2.jar
7f62ac019000-7f62ac01a000 r--s 00002000 ca:01 15250                      /home/ec2-user/apache-maven-3.5.2/lib/wagon-file-2.12.jar
7f62ac01a000-7f62ac01c000 r--s 0000c000 ca:01 15247                      /home/ec2-user/apache-maven-3.5.2/lib/wagon-provider-api-2.12.jar
7f62ac01c000-7f62ac01e000 r--s 00007000 ca:01 15237                      /home/ec2-user/apache-maven-3.5.2/lib/maven-resolver-spi-1.1.0.jar
7f62ac01e000-7f62ac026000 r--s 0006e000 ca:01 15218                      /home/ec2-user/apache-maven-3.5.2/lib/commons-lang3-3.5.jar
7f62ac026000-7f62ac055000 r--s 00226000 ca:01 15234                      /home/ec2-user/apache-maven-3.5.2/lib/guava-20.0.jar
7f62ac055000-7f62ac19c000 rw-p 00000000 00:00 0 
7f62ac19c000-7f62ac1a4000 r-xp 00000000 ca:01 271684                     /usr/lib/jvm/java-1.8.0-openjdk-1.8.0.151-1.b12.35.amzn1.x86_64/jre/lib/amd64/libzip.so
7f62ac1a4000-7f62ac3a4000 ---p 00008000 ca:01 271684                     /usr/lib/jvm/java-1.8.0-openjdk-1.8.0.151-1.b12.35.amzn1.x86_64/jre/lib/amd64/libzip.so
7f62ac3a4000-7f62ac3a5000 rw-p 00008000 ca:01 271684                     /usr/lib/jvm/java-1.8.0-openjdk-1.8.0.151-1.b12.35.amzn1.x86_64/jre/lib/amd64/libzip.so
7f62ac3a5000-7f62ac3b1000 r-xp 00000000 ca:01 2709                       /lib64/libnss_files-2.17.so
7f62ac3b1000-7f62ac5b0000 ---p 0000c000 ca:01 2709                       /lib64/libnss_files-2.17.so
7f62ac5b0000-7f62ac5b1000 r--p 0000b000 ca:01 2709                       /lib64/libnss_files-2.17.so
7f62ac5b1000-7f62ac5b2000 rw-p 0000c000 ca:01 2709                       /lib64/libnss_files-2.17.so
7f62ac5b2000-7f62ac5b8000 rw-p 00000000 00:00 0 
7f62ac5b8000-7f62ac5e5000 r-xp 00000000 ca:01 271666                     /usr/lib/jvm/java-1.8.0-openjdk-1.8.0.151-1.b12.35.amzn1.x86_64/jre/lib/amd64/libjava.so
7f62ac5e5000-7f62ac7e5000 ---p 0002d000 ca:01 271666                     /usr/lib/jvm/java-1.8.0-openjdk-1.8.0.151-1.b12.35.amzn1.x86_64/jre/lib/amd64/libjava.so
7f62ac7e5000-7f62ac7e7000 rw-p 0002d000 ca:01 271666                     /usr/lib/jvm/java-1.8.0-openjdk-1.8.0.151-1.b12.35.amzn1.x86_64/jre/lib/amd64/libjava.so
7f62ac7e7000-7f62ac7f4000 r-xp 00000000 ca:01 271683                     /usr/lib/jvm/java-1.8.0-openjdk-1.8.0.151-1.b12.35.amzn1.x86_64/jre/lib/amd64/libverify.so
7f62ac7f4000-7f62ac9f3000 ---p 0000d000 ca:01 271683                     /usr/lib/jvm/java-1.8.0-openjdk-1.8.0.151-1.b12.35.amzn1.x86_64/jre/lib/amd64/libverify.so
7f62ac9f3000-7f62ac9f5000 rw-p 0000c000 ca:01 271683                     /usr/lib/jvm/java-1.8.0-openjdk-1.8.0.151-1.b12.35.amzn1.x86_64/jre/lib/amd64/libverify.so
7f62ac9f5000-7f62ac9fc000 r-xp 00000000 ca:01 2721                       /lib64/librt-2.17.so
7f62ac9fc000-7f62acbfb000 ---p 00007000 ca:01 2721                       /lib64/librt-2.17.so
7f62acbfb000-7f62acbfc000 r--p 00006000 ca:01 2721                       /lib64/librt-2.17.so
7f62acbfc000-7f62acbfd000 rw-p 00007000 ca:01 2721                       /lib64/librt-2.17.so
7f62acbfd000-7f62acc13000 r-xp 00000000 ca:01 2617                       /lib64/libgcc_s-6.4.1-20170727.so.1
7f62acc13000-7f62ace12000 ---p 00016000 ca:01 2617                       /lib64/libgcc_s-6.4.1-20170727.so.1
7f62ace12000-7f62ace13000 rw-p 00015000 ca:01 2617                       /lib64/libgcc_s-6.4.1-20170727.so.1
7f62ace13000-7f62acf14000 r-xp 00000000 ca:01 2699                       /lib64/libm-2.17.so
7f62acf14000-7f62ad113000 ---p 00101000 ca:01 2699                       /lib64/libm-2.17.so
7f62ad113000-7f62ad114000 r--p 00100000 ca:01 2699                       /lib64/libm-2.17.so
7f62ad114000-7f62ad115000 rw-p 00101000 ca:01 2699                       /lib64/libm-2.17.so
7f62ad115000-7f62ad288000 r-xp 00000000 ca:01 2936                       /usr/lib64/libstdc++.so.6.0.22
7f62ad288000-7f62ad488000 ---p 00173000 ca:01 2936                       /usr/lib64/libstdc++.so.6.0.22
7f62ad488000-7f62ad492000 r--p 00173000 ca:01 2936                       /usr/lib64/libstdc++.so.6.0.22
7f62ad492000-7f62ad494000 rw-p 0017d000 ca:01 2936                       /usr/lib64/libstdc++.so.6.0.22
7f62ad494000-7f62ad498000 rw-p 00000000 00:00 0 
7f62ad498000-7f62ae158000 r-xp 00000000 ca:01 271688                     /usr/lib/jvm/java-1.8.0-openjdk-1.8.0.151-1.b12.35.amzn1.x86_64/jre/lib/amd64/server/libjvm.so
7f62ae158000-7f62ae358000 ---p 00cc0000 ca:01 271688                     /usr/lib/jvm/java-1.8.0-openjdk-1.8.0.151-1.b12.35.amzn1.x86_64/jre/lib/amd64/server/libjvm.so
7f62ae358000-7f62ae42c000 rw-p 00cc0000 ca:01 271688                     /usr/lib/jvm/java-1.8.0-openjdk-1.8.0.151-1.b12.35.amzn1.x86_64/jre/lib/amd64/server/libjvm.so
7f62ae42c000-7f62ae45e000 rw-p 00000000 00:00 0 
7f62ae45e000-7f62ae618000 r-xp 00000000 ca:01 2691                       /lib64/libc-2.17.so
7f62ae618000-7f62ae817000 ---p 001ba000 ca:01 2691                       /lib64/libc-2.17.so
7f62ae817000-7f62ae81b000 r--p 001b9000 ca:01 2691                       /lib64/libc-2.17.so
7f62ae81b000-7f62ae81d000 rw-p 001bd000 ca:01 2691                       /lib64/libc-2.17.so
7f62ae81d000-7f62ae822000 rw-p 00000000 00:00 0 
7f62ae822000-7f62ae824000 r-xp 00000000 ca:01 2697                       /lib64/libdl-2.17.so
7f62ae824000-7f62aea24000 ---p 00002000 ca:01 2697                       /lib64/libdl-2.17.so
7f62aea24000-7f62aea25000 r--p 00002000 ca:01 2697                       /lib64/libdl-2.17.so
7f62aea25000-7f62aea26000 rw-p 00003000 ca:01 2697                       /lib64/libdl-2.17.so
7f62aea26000-7f62aea34000 r-xp 00000000 ca:01 271653                     /usr/lib/jvm/java-1.8.0-openjdk-1.8.0.151-1.b12.35.amzn1.x86_64/jre/lib/amd64/jli/libjli.so
7f62aea34000-7f62aec33000 ---p 0000e000 ca:01 271653                     /usr/lib/jvm/java-1.8.0-openjdk-1.8.0.151-1.b12.35.amzn1.x86_64/jre/lib/amd64/jli/libjli.so
7f62aec33000-7f62aec34000 rw-p 0000d000 ca:01 271653                     /usr/lib/jvm/java-1.8.0-openjdk-1.8.0.151-1.b12.35.amzn1.x86_64/jre/lib/amd64/jli/libjli.so
7f62aec34000-7f62aec49000 r-xp 00000000 ca:01 2837                       /lib64/libz.so.1.2.8
7f62aec49000-7f62aee48000 ---p 00015000 ca:01 2837                       /lib64/libz.so.1.2.8
7f62aee48000-7f62aee49000 r--p 00014000 ca:01 2837                       /lib64/libz.so.1.2.8
7f62aee49000-7f62aee4a000 rw-p 00015000 ca:01 2837                       /lib64/libz.so.1.2.8
7f62aee4a000-7f62aee61000 r-xp 00000000 ca:01 2717                       /lib64/libpthread-2.17.so
7f62aee61000-7f62af060000 ---p 00017000 ca:01 2717                       /lib64/libpthread-2.17.so
7f62af060000-7f62af061000 r--p 00016000 ca:01 2717                       /lib64/libpthread-2.17.so
7f62af061000-7f62af062000 rw-p 00017000 ca:01 2717                       /lib64/libpthread-2.17.so
7f62af062000-7f62af066000 rw-p 00000000 00:00 0 
7f62af066000-7f62af087000 r-xp 00000000 ca:01 2684                       /lib64/ld-2.17.so
7f62af087000-7f62af089000 r--s 00006000 ca:01 15252                      /home/ec2-user/apache-maven-3.5.2/lib/maven-resolver-transport-wagon-1.1.0.jar
7f62af089000-7f62af08a000 r--s 00000000 ca:01 15231                      /home/ec2-user/apache-maven-3.5.2/lib/javax.inject-1.jar
7f62af08a000-7f62af08c000 r--s 00000000 ca:01 15220                      /home/ec2-user/apache-maven-3.5.2/lib/plexus-component-annotations-1.7.1.jar
7f62af08c000-7f62af08e000 r--s 00000000 ca:01 15243                      /home/ec2-user/apache-maven-3.5.2/lib/aopalliance-1.0.jar
7f62af08e000-7f62af090000 r--s 0000c000 ca:01 15226                      /home/ec2-user/apache-maven-3.5.2/lib/maven-artifact-3.5.2.jar
7f62af090000-7f62af096000 r--s 00041000 ca:01 15246                      /home/ec2-user/apache-maven-3.5.2/lib/maven-compat-3.5.2.jar
7f62af096000-7f62af098000 r--s 00009000 ca:01 15244                      /home/ec2-user/apache-maven-3.5.2/lib/slf4j-api-1.7.25.jar
7f62af098000-7f62af0a1000 r--s 0005f000 ca:01 15242                      /home/ec2-user/apache-maven-3.5.2/lib/guice-4.0-no_aop.jar
7f62af0a1000-7f62af0a3000 r--s 00003000 ca:01 15249                      /home/ec2-user/apache-maven-3.5.2/lib/jcl-over-slf4j-1.7.25.jar
7f62af0a3000-7f62af0ca000 rw-p 00000000 00:00 0 
7f62af0ca000-7f62af0f6000 ---p 00000000 00:00 0 
7f62af0f6000-7f62af105000 rw-p 00000000 00:00 0 
7f62af105000-7f62af11f000 ---p 00000000 00:00 0 
7f62af11f000-7f62af146000 rw-p 00000000 00:00 0 
7f62af146000-7f62af172000 ---p 00000000 00:00 0 
7f62af172000-7f62af173000 rw-p 00000000 00:00 0 
7f62af173000-7f62af17b000 rw-s 00000000 ca:01 324028                     /tmp/hsperfdata_ec2-user/20850
7f62af17b000-7f62af17e000 ---p 00000000 00:00 0 
7f62af17e000-7f62af281000 rw-p 00000000 00:00 0 
7f62af281000-7f62af282000 r--s 0000a000 ca:01 15214                      /home/ec2-user/apache-maven-3.5.2/lib/maven-settings-3.5.2.jar
7f62af282000-7f62af284000 r--s 0000b000 ca:01 15212                      /home/ec2-user/apache-maven-3.5.2/boot/plexus-classworlds-2.5.2.jar
7f62af284000-7f62af285000 rw-p 00000000 00:00 0 
7f62af285000-7f62af286000 ---p 00000000 00:00 0 
7f62af286000-7f62af287000 rw-p 00000000 00:00 0 
7f62af287000-7f62af288000 r--p 00021000 ca:01 2684                       /lib64/ld-2.17.so
7f62af288000-7f62af289000 rw-p 00022000 ca:01 2684                       /lib64/ld-2.17.so
7f62af289000-7f62af28a000 rw-p 00000000 00:00 0 
7ffe433c5000-7ffe433e7000 rw-p 00000000 00:00 0                          [stack]
7ffe433f7000-7ffe433f9000 r--p 00000000 00:00 0                          [vvar]
7ffe433f9000-7ffe433fb000 r-xp 00000000 00:00 0                          [vdso]
ffffffffff600000-ffffffffff601000 r-xp 00000000 00:00 0                  [vsyscall]

VM Arguments:
jvm_args: -Dclassworlds.conf=/home/ec2-user/apache-maven-3.5.2/bin/m2.conf -Dmaven.home=/home/ec2-user/apache-maven-3.5.2 -Dlibrary.jansi.path=/home/ec2-user/apache-maven-3.5.2/lib/jansi-native -Dmaven.multiModuleProjectDirectory=/home/ec2-user/.jenkins/workspace/HoneyBadgersProject2 
java_command: org.codehaus.plexus.classworlds.launcher.Launcher package
java_class_path (initial): /home/ec2-user/apache-maven-3.5.2/boot/plexus-classworlds-2.5.2.jar
Launcher Type: SUN_STANDARD

Environment Variables:
PATH=/home/ec2-user/apache-maven-3.5.2/bin:/usr/local/bin:/bin:/usr/bin:/usr/local/sbin:/usr/sbin:/sbin:/home/ec2-user/.local/bin:/home/ec2-user/bin
SHELL=/bin/bash

Signal Handlers:
SIGSEGV: [libjvm.so+0xab0570], sa_mask[0]=11111111011111111101111111111110, sa_flags=SA_RESTART|SA_SIGINFO
SIGBUS: [libjvm.so+0xab0570], sa_mask[0]=11111111011111111101111111111110, sa_flags=SA_RESTART|SA_SIGINFO
SIGFPE: [libjvm.so+0x8a8ae0], sa_mask[0]=11111111011111111101111111111110, sa_flags=SA_RESTART|SA_SIGINFO
SIGPIPE: [libjvm.so+0x8a8ae0], sa_mask[0]=11111111011111111101111111111110, sa_flags=SA_RESTART|SA_SIGINFO
SIGXFSZ: [libjvm.so+0x8a8ae0], sa_mask[0]=11111111011111111101111111111110, sa_flags=SA_RESTART|SA_SIGINFO
SIGILL: [libjvm.so+0x8a8ae0], sa_mask[0]=11111111011111111101111111111110, sa_flags=SA_RESTART|SA_SIGINFO
SIGUSR1: SIG_DFL, sa_mask[0]=00000000000000000000000000000000, sa_flags=none
SIGUSR2: [libjvm.so+0x8a8990], sa_mask[0]=00100000000000000000000000000000, sa_flags=SA_RESTART|SA_SIGINFO
SIGHUP: SIG_IGN, sa_mask[0]=00000000000000000000000000000000, sa_flags=none
SIGINT: [libjvm.so+0x8a8ba0], sa_mask[0]=11111111011111111101111111111110, sa_flags=SA_RESTART|SA_SIGINFO
SIGTERM: [libjvm.so+0x8a8ba0], sa_mask[0]=11111111011111111101111111111110, sa_flags=SA_RESTART|SA_SIGINFO
SIGQUIT: [libjvm.so+0x8a8ba0], sa_mask[0]=11111111011111111101111111111110, sa_flags=SA_RESTART|SA_SIGINFO


---------------  S Y S T E M  ---------------

OS:Amazon Linux AMI release 2017.09

uname:Linux 4.9.70-25.242.amzn1.x86_64 #1 SMP Wed Jan 3 05:36:22 UTC 2018 x86_64
libc:glibc 2.17 NPTL 2.17 
rlimit: STACK 8192k, CORE 0k, NPROC 3876, NOFILE 4096, AS infinity
load average:1.22 0.33 0.21

/proc/meminfo:
MemTotal:        1012240 kB
MemFree:           61616 kB
MemAvailable:      20104 kB
Buffers:            3776 kB
Cached:            42680 kB
SwapCached:            0 kB
Active:           883212 kB
Inactive:          23136 kB
Active(anon):     859996 kB
Inactive(anon):       48 kB
Active(file):      23216 kB
Inactive(file):    23088 kB
Unevictable:           0 kB
Mlocked:               0 kB
SwapTotal:             0 kB
SwapFree:              0 kB
Dirty:               664 kB
Writeback:             0 kB
AnonPages:        859992 kB
Mapped:            23932 kB
Shmem:                60 kB
Slab:              25136 kB
SReclaimable:      13440 kB
SUnreclaim:        11696 kB
KernelStack:        3968 kB
PageTables:         5300 kB
NFS_Unstable:          0 kB
Bounce:                0 kB
WritebackTmp:          0 kB
CommitLimit:      506120 kB
Committed_AS:     956484 kB
VmallocTotal:   34359738367 kB
VmallocUsed:           0 kB
VmallocChunk:          0 kB
AnonHugePages:         0 kB
ShmemHugePages:        0 kB
ShmemPmdMapped:        0 kB
HugePages_Total:       0
HugePages_Free:        0
HugePages_Rsvd:        0
HugePages_Surp:        0
Hugepagesize:       2048 kB
DirectMap4k:       12288 kB
DirectMap2M:     1036288 kB


CPU:total 1 (initial active 1) (1 cores per cpu, 1 threads per core) family 6 model 63 stepping 2, cmov, cx8, fxsr, mmx, sse, sse2, sse3, ssse3, sse4.1, sse4.2, popcnt, avx, avx2, aes, clmul, erms, lzcnt, tsc, bmi1, bmi2

/proc/cpuinfo:
processor	: 0
vendor_id	: GenuineIntel
cpu family	: 6
model		: 63
model name	: Intel(R) Xeon(R) CPU E5-2676 v3 @ 2.40GHz
stepping	: 2
microcode	: 0x3b
cpu MHz		: 2394.625
cache size	: 30720 KB
physical id	: 0
siblings	: 1
core id		: 0
cpu cores	: 1
apicid		: 0
initial apicid	: 0
fpu		: yes
fpu_exception	: yes
cpuid level	: 13
wp		: yes
flags		: fpu vme de pse tsc msr pae mce cx8 apic sep mtrr pge mca cmov pat pse36 clflush mmx fxsr sse sse2 ht syscall nx rdtscp lm constant_tsc rep_good nopl xtopology eagerfpu pni pclmulqdq ssse3 fma cx16 pcid sse4_1 sse4_2 x2apic movbe popcnt tsc_deadline_timer aes xsave avx f16c rdrand hypervisor lahf_lm abm invpcid_single fsgsbase bmi1 avx2 smep bmi2 erms invpcid xsaveopt
bugs		:
bogomips	: 4789.03
clflush size	: 64
cache_alignment	: 64
address sizes	: 46 bits physical, 48 bits virtual
power management:



Memory: 4k page, physical 1012240k(61616k free), swap 0k(0k free)

vm_info: OpenJDK 64-Bit Server VM (25.151-b12) for linux-amd64 JRE (1.8.0_151-b12), built on Oct 25 2017 20:37:17 by "mockbuild" with gcc 4.8.5 20150623 (Red Hat 4.8.5-11)

time: Tue Jan 16 15:40:38 2018
elapsed time: 12 seconds (0d 0h 0m 12s)

