#
# There is insufficient memory for the Java Runtime Environment to continue.
# Native memory allocation (mmap) failed to map 47087616 bytes for committing reserved memory.
# Possible reasons:
#   The system is out of physical RAM or swap space
#   In 32 bit mode, the process size limit was hit
# Possible solutions:
#   Reduce memory load on the system
#   Increase physical memory or swap space
#   Check if swap backing store is full
#   Use 64 bit Java on a 64 bit OS
#   Decrease Java heap size (-Xmx/-Xms)
#   Decrease number of Java threads
#   Decrease Java thread stack sizes (-Xss)
#   Set larger code cache with -XX:ReservedCodeCacheSize=
# This output file may be truncated or incomplete.
#
#  Out of Memory Error (os_linux.cpp:2651), pid=27499, tid=0x00007f63401ac700
#
# JRE version: OpenJDK Runtime Environment (8.0_151-b12) (build 1.8.0_151-b12)
# Java VM: OpenJDK 64-Bit Server VM (25.151-b12 mixed mode linux-amd64 compressed oops)
# Failed to write core dump. Core dumps have been disabled. To enable core dumping, try "ulimit -c unlimited" before starting Java again
#

---------------  T H R E A D  ---------------

Current thread (0x00007f635007a8c0):  VMThread [stack: 0x00007f63400ac000,0x00007f63401ad000] [id=27534]

Stack: [0x00007f63400ac000,0x00007f63401ad000],  sp=0x00007f63401ab510,  free space=1021k
Native frames: (J=compiled Java code, j=interpreted, Vv=VM code, C=native code)
V  [libjvm.so+0xaafa5d]
V  [libjvm.so+0x4eb16a]
V  [libjvm.so+0x8ad2f8]
V  [libjvm.so+0x8a782e]
V  [libjvm.so+0xaac854]
V  [libjvm.so+0x5d8fdd]
V  [libjvm.so+0x5d935d]
V  [libjvm.so+0x5c9c40]
V  [libjvm.so+0x47b892]
V  [libjvm.so+0xab0a01]
V  [libjvm.so+0xab5c77]
V  [libjvm.so+0xab4668]
V  [libjvm.so+0xab4b39]
V  [libjvm.so+0xab4f91]
V  [libjvm.so+0x8aa652]

VM_Operation (0x00007f6339c2a290): GenCollectForAllocation, mode: safepoint, requested by thread 0x00007f6350df1670


---------------  P R O C E S S  ---------------

Java Threads: ( => current thread )
  0x00007f6350df1670 JavaThread "pool-1-thread-1" [_thread_blocked, id=27713, stack(0x00007f6339b2b000,0x00007f6339c2c000)]
  0x00007f63500c38f0 JavaThread "Service Thread" daemon [_thread_blocked, id=27546, stack(0x00007f633b9fa000,0x00007f633bafb000)]
  0x00007f63500b4720 JavaThread "C1 CompilerThread1" daemon [_thread_blocked, id=27545, stack(0x00007f633bafb000,0x00007f633bbfc000)]
  0x00007f63500b2b80 JavaThread "C2 CompilerThread0" daemon [_thread_blocked, id=27544, stack(0x00007f633bbfc000,0x00007f633bcfd000)]
  0x00007f63500b1270 JavaThread "Signal Dispatcher" daemon [_thread_blocked, id=27543, stack(0x00007f633bcfd000,0x00007f633bdfe000)]
  0x00007f6350088050 JavaThread "Finalizer" daemon [_thread_blocked, id=27540, stack(0x00007f633bdfe000,0x00007f633beff000)]
  0x00007f6350083e20 JavaThread "Reference Handler" daemon [_thread_blocked, id=27539, stack(0x00007f633beff000,0x00007f633c000000)]
  0x00007f6350008ef0 JavaThread "main" [_thread_blocked, id=27521, stack(0x00007f635708f000,0x00007f6357190000)]

Other Threads:
=>0x00007f635007a8c0 VMThread [stack: 0x00007f63400ac000,0x00007f63401ad000] [id=27534]
  0x00007f635001ae20 WatcherThread [stack: 0x00007f633b8f9000,0x00007f633b9fa000] [id=27547]

VM state:at safepoint (normal execution)

VM Mutex/Monitor currently owned by a thread:  ([mutex/lock_event])
[0x00007f6350006970] Threads_lock - owner thread: 0x00007f635007a8c0
[0x00007f6350006e70] Heap_lock - owner thread: 0x00007f6350df1670

Heap:
 def new generation   total 27904K, used 0K [0x00000000f0800000, 0x00000000f2640000, 0x00000000f5aa0000)
  eden space 24832K,   0% used [0x00000000f0800000, 0x00000000f0800000, 0x00000000f2040000)
  from space 3072K,   0% used [0x00000000f2040000, 0x00000000f2040000, 0x00000000f2340000)
  to   space 3072K,   0% used [0x00000000f2340000, 0x00000000f2340000, 0x00000000f2640000)
 tenured generation   total 81444K, used 76454K [0x00000000f5aa0000, 0x00000000faa29000, 0x0000000100000000)
   the space 81444K,  93% used [0x00000000f5aa0000, 0x00000000fa5499f8, 0x00000000fa549a00, 0x00000000faa29000)
 Metaspace       used 27468K, capacity 28144K, committed 28416K, reserved 1075200K
  class space    used 3096K, capacity 3277K, committed 3328K, reserved 1048576K

Card table byte_map: [0x00007f635700a000,0x00007f6357087000] byte_map_base: 0x00007f6356886000

Polling page: 0x00007f6357199000

CodeCache: size=245760Kb used=12171Kb max_used=12390Kb free=233588Kb
 bounds [0x00007f6341000000, 0x00007f6341c30000, 0x00007f6350000000]
 total_blobs=4534 nmethods=4126 adapters=321
 compilation: enabled

Compilation events (10 events):
Event: 14.943 Thread 0x00007f63500b4720 4461       3       org.apache.commons.compress.archivers.zip.StreamCompressor$ScatterGatherBackingStoreCompressor::writeOut (13 bytes)
Event: 14.944 Thread 0x00007f63500b4720 nmethod 4461 0x00007f63412f8290 code [0x00007f63412f8420, 0x00007f63412f88f0]
Event: 14.944 Thread 0x00007f63500b4720 4462   !   3       org.codehaus.plexus.archiver.zip.ByteArrayOutputStream::write (151 bytes)
Event: 14.944 Thread 0x00007f63500b4720 nmethod 4462 0x00007f6341396cd0 code [0x00007f6341396ea0, 0x00007f6341397620]
Event: 15.006 Thread 0x00007f63500b4720 4463       3       org.apache.commons.io.output.ThresholdingOutputStream::checkThreshold (33 bytes)
Event: 15.006 Thread 0x00007f63500b4720 nmethod 4463 0x00007f6341616e50 code [0x00007f6341616fc0, 0x00007f6341617240]
Event: 15.009 Thread 0x00007f63500b4720 4464       3       java.util.zip.CRC32::update (51 bytes)
Event: 15.009 Thread 0x00007f63500b4720 nmethod 4464 0x00007f6341396610 code [0x00007f63413967a0, 0x00007f6341396b70]
Event: 15.009 Thread 0x00007f63500b4720 4465       3       org.apache.commons.compress.archivers.zip.StreamCompressor::writeDeflated (119 bytes)
Event: 15.010 Thread 0x00007f63500b4720 nmethod 4465 0x00007f6341561f10 code [0x00007f6341562180, 0x00007f6341563108]

GC Heap History (10 events):
Event: 12.538 GC heap after
Heap after GC invocations=50 (full 3):
 def new generation   total 15936K, used 717K [0x00000000f0800000, 0x00000000f1940000, 0x00000000f5aa0000)
  eden space 14208K,   0% used [0x00000000f0800000, 0x00000000f0800000, 0x00000000f15e0000)
  from space 1728K,  41% used [0x00000000f15e0000, 0x00000000f1693410, 0x00000000f1790000)
  to   space 1728K,   0% used [0x00000000f1790000, 0x00000000f1790000, 0x00000000f1940000)
 tenured generation   total 35240K, used 28585K [0x00000000f5aa0000, 0x00000000f7d0a000, 0x0000000100000000)
   the space 35240K,  81% used [0x00000000f5aa0000, 0x00000000f768a598, 0x00000000f768a600, 0x00000000f7d0a000)
 Metaspace       used 24074K, capacity 24660K, committed 24832K, reserved 1071104K
  class space    used 2643K, capacity 2777K, committed 2816K, reserved 1048576K
}
Event: 12.932 GC heap before
{Heap before GC invocations=50 (full 3):
 def new generation   total 15936K, used 14925K [0x00000000f0800000, 0x00000000f1940000, 0x00000000f5aa0000)
  eden space 14208K, 100% used [0x00000000f0800000, 0x00000000f15e0000, 0x00000000f15e0000)
  from space 1728K,  41% used [0x00000000f15e0000, 0x00000000f1693410, 0x00000000f1790000)
  to   space 1728K,   0% used [0x00000000f1790000, 0x00000000f1790000, 0x00000000f1940000)
 tenured generation   total 35240K, used 28585K [0x00000000f5aa0000, 0x00000000f7d0a000, 0x0000000100000000)
   the space 35240K,  81% used [0x00000000f5aa0000, 0x00000000f768a598, 0x00000000f768a600, 0x00000000f7d0a000)
 Metaspace       used 24604K, capacity 25192K, committed 25472K, reserved 1071104K
  class space    used 2712K, capacity 2853K, committed 2944K, reserved 1048576K
Event: 12.938 GC heap after
Heap after GC invocations=51 (full 3):
 def new generation   total 15936K, used 1727K [0x00000000f0800000, 0x00000000f1940000, 0x00000000f5aa0000)
  eden space 14208K,   0% used [0x00000000f0800000, 0x00000000f0800000, 0x00000000f15e0000)
  from space 1728K,  99% used [0x00000000f1790000, 0x00000000f193fff8, 0x00000000f1940000)
  to   space 1728K,   0% used [0x00000000f15e0000, 0x00000000f15e0000, 0x00000000f1790000)
 tenured generation   total 35240K, used 29037K [0x00000000f5aa0000, 0x00000000f7d0a000, 0x0000000100000000)
   the space 35240K,  82% used [0x00000000f5aa0000, 0x00000000f76fb688, 0x00000000f76fb800, 0x00000000f7d0a000)
 Metaspace       used 24604K, capacity 25192K, committed 25472K, reserved 1071104K
  class space    used 2712K, capacity 2853K, committed 2944K, reserved 1048576K
}
Event: 13.894 GC heap before
{Heap before GC invocations=51 (full 3):
 def new generation   total 15936K, used 15935K [0x00000000f0800000, 0x00000000f1940000, 0x00000000f5aa0000)
  eden space 14208K, 100% used [0x00000000f0800000, 0x00000000f15e0000, 0x00000000f15e0000)
  from space 1728K,  99% used [0x00000000f1790000, 0x00000000f193fff8, 0x00000000f1940000)
  to   space 1728K,   0% used [0x00000000f15e0000, 0x00000000f15e0000, 0x00000000f1790000)
 tenured generation   total 35240K, used 29037K [0x00000000f5aa0000, 0x00000000f7d0a000, 0x0000000100000000)
   the space 35240K,  82% used [0x00000000f5aa0000, 0x00000000f76fb688, 0x00000000f76fb800, 0x00000000f7d0a000)
 Metaspace       used 26597K, capacity 27184K, committed 27520K, reserved 1073152K
  class space    used 2999K, capacity 3149K, committed 3200K, reserved 1048576K
Event: 13.909 GC heap after
Heap after GC invocations=52 (full 3):
 def new generation   total 15936K, used 1727K [0x00000000f0800000, 0x00000000f1940000, 0x00000000f5aa0000)
  eden space 14208K,   0% used [0x00000000f0800000, 0x00000000f0800000, 0x00000000f15e0000)
  from space 1728K,  99% used [0x00000000f15e0000, 0x00000000f178fff8, 0x00000000f1790000)
  to   space 1728K,   0% used [0x00000000f1790000, 0x00000000f1790000, 0x00000000f1940000)
 tenured generation   total 35240K, used 30786K [0x00000000f5aa0000, 0x00000000f7d0a000, 0x0000000100000000)
   the space 35240K,  87% used [0x00000000f5aa0000, 0x00000000f78b09d8, 0x00000000f78b0a00, 0x00000000f7d0a000)
 Metaspace       used 26597K, capacity 27184K, committed 27520K, reserved 1073152K
  class space    used 2999K, capacity 3149K, committed 3200K, reserved 1048576K
}
Event: 14.302 GC heap before
{Heap before GC invocations=52 (full 3):
 def new generation   total 15936K, used 15245K [0x00000000f0800000, 0x00000000f1940000, 0x00000000f5aa0000)
  eden space 14208K,  95% used [0x00000000f0800000, 0x00000000f1533520, 0x00000000f15e0000)
  from space 1728K,  99% used [0x00000000f15e0000, 0x00000000f178fff8, 0x00000000f1790000)
  to   space 1728K,   0% used [0x00000000f1790000, 0x00000000f1790000, 0x00000000f1940000)
 tenured generation   total 35240K, used 30786K [0x00000000f5aa0000, 0x00000000f7d0a000, 0x0000000100000000)
   the space 35240K,  87% used [0x00000000f5aa0000, 0x00000000f78b09d8, 0x00000000f78b0a00, 0x00000000f7d0a000)
 Metaspace       used 27234K, capacity 27888K, committed 28160K, reserved 1075200K
  class space    used 3069K, capacity 3213K, committed 3328K, reserved 1048576K
Event: 14.691 GC heap after
Heap after GC invocations=53 (full 4):
 def new generation   total 27904K, used 0K [0x00000000f0800000, 0x00000000f2640000, 0x00000000f5aa0000)
  eden space 24832K,   0% used [0x00000000f0800000, 0x00000000f0800000, 0x00000000f2040000)
  from space 3072K,   0% used [0x00000000f2040000, 0x00000000f2040000, 0x00000000f2340000)
  to   space 3072K,   0% used [0x00000000f2340000, 0x00000000f2340000, 0x00000000f2640000)
 tenured generation   total 61908K, used 37143K [0x00000000f5aa0000, 0x00000000f9715000, 0x0000000100000000)
   the space 61908K,  59% used [0x00000000f5aa0000, 0x00000000f7ee5e20, 0x00000000f7ee6000, 0x00000000f9715000)
 Metaspace       used 27234K, capacity 27888K, committed 28160K, reserved 1075200K
  class space    used 3069K, capacity 3213K, committed 3328K, reserved 1048576K
}
Event: 14.697 GC heap before
{Heap before GC invocations=53 (full 4):
 def new generation   total 27904K, used 20023K [0x00000000f0800000, 0x00000000f2640000, 0x00000000f5aa0000)
  eden space 24832K,  80% used [0x00000000f0800000, 0x00000000f1b8ddc0, 0x00000000f2040000)
  from space 3072K,   0% used [0x00000000f2040000, 0x00000000f2040000, 0x00000000f2340000)
  to   space 3072K,   0% used [0x00000000f2340000, 0x00000000f2340000, 0x00000000f2640000)
 tenured generation   total 61908K, used 37143K [0x00000000f5aa0000, 0x00000000f9715000, 0x0000000100000000)
   the space 61908K,  59% used [0x00000000f5aa0000, 0x00000000f7ee5e20, 0x00000000f7ee6000, 0x00000000f9715000)
 Metaspace       used 27234K, capacity 27888K, committed 28160K, reserved 1075200K
  class space    used 3069K, capacity 3213K, committed 3328K, reserved 1048576K
Event: 14.732 GC heap after
Heap after GC invocations=54 (full 4):
 def new generation   total 27904K, used 16K [0x00000000f0800000, 0x00000000f2640000, 0x00000000f5aa0000)
  eden space 24832K,   0% used [0x00000000f0800000, 0x00000000f0800000, 0x00000000f2040000)
  from space 3072K,   0% used [0x00000000f2340000, 0x00000000f23443f0, 0x00000000f2640000)
  to   space 3072K,   0% used [0x00000000f2040000, 0x00000000f2040000, 0x00000000f2340000)
 tenured generation   total 61908K, used 56674K [0x00000000f5aa0000, 0x00000000f9715000, 0x0000000100000000)
   the space 61908K,  91% used [0x00000000f5aa0000, 0x00000000f91f8b40, 0x00000000f91f8c00, 0x00000000f9715000)
 Metaspace       used 27234K, capacity 27888K, committed 28160K, reserved 1075200K
  class space    used 3069K, capacity 3213K, committed 3328K, reserved 1048576K
}
Event: 16.237 GC heap before
{Heap before GC invocations=54 (full 4):
 def new generation   total 27904K, used 21764K [0x00000000f0800000, 0x00000000f2640000, 0x00000000f5aa0000)
  eden space 24832K,  87% used [0x00000000f0800000, 0x00000000f1d3cc78, 0x00000000f2040000)
  from space 3072K,   0% used [0x00000000f2340000, 0x00000000f23443f0, 0x00000000f2640000)
  to   space 3072K,   0% used [0x00000000f2040000, 0x00000000f2040000, 0x00000000f2340000)
 tenured generation   total 61908K, used 56674K [0x00000000f5aa0000, 0x00000000f9715000, 0x0000000100000000)
   the space 61908K,  91% used [0x00000000f5aa0000, 0x00000000f91f8b40, 0x00000000f91f8c00, 0x00000000f9715000)
 Metaspace       used 27468K, capacity 28144K, committed 28416K, reserved 1075200K
  class space    used 3096K, capacity 3277K, committed 3328K, reserved 1048576K

Deoptimization events (10 events):
Event: 9.656 Thread 0x00007f6350008ef0 Uncommon trap: reason=unstable_if action=reinterpret pc=0x00007f634120e7b8 method=sun.misc.URLClassPath$JarLoader.getResource(Ljava/lang/String;Z)Lsun/misc/Resource; @ 62
Event: 9.656 Thread 0x00007f6350008ef0 Uncommon trap: reason=unstable_if action=reinterpret pc=0x00007f63411d9288 method=java.util.HashMap.putVal(ILjava/lang/Object;Ljava/lang/Object;ZZ)Ljava/lang/Object; @ 193
Event: 9.677 Thread 0x00007f6350008ef0 Uncommon trap: reason=unstable_if action=reinterpret pc=0x00007f63416755f0 method=java.nio.charset.CharsetDecoder.decode(Ljava/nio/ByteBuffer;Ljava/nio/CharBuffer;Z)Ljava/nio/charset/CoderResult; @ 1
Event: 9.789 Thread 0x00007f6350008ef0 Uncommon trap: reason=unstable_if action=reinterpret pc=0x00007f63412e4a60 method=java.lang.CharacterDataLatin1.isWhitespace(I)Z @ 14
Event: 13.102 Thread 0x00007f6350008ef0 Uncommon trap: reason=bimorphic action=maybe_recompile pc=0x00007f6341b9ffd0 method=java.util.regex.Pattern$CharProperty.match(Ljava/util/regex/Matcher;ILjava/lang/CharSequence;)Z @ 37
Event: 13.473 Thread 0x00007f6350008ef0 Uncommon trap: reason=unstable_if action=reinterpret pc=0x00007f6341c16770 method=org.codehaus.plexus.classworlds.realm.Entry.matches(Ljava/lang/String;)Z @ 20
Event: 14.737 Thread 0x00007f6350008ef0 Uncommon trap: reason=class_check action=maybe_recompile pc=0x00007f6341b62ac4 method=java.util.Properties$LineReader.readLine()I @ 62
Event: 14.737 Thread 0x00007f6350008ef0 Uncommon trap: reason=class_check action=maybe_recompile pc=0x00007f6341b62bc0 method=java.util.Properties$LineReader.readLine()I @ 410
Event: 14.737 Thread 0x00007f6350008ef0 Uncommon trap: reason=class_check action=maybe_recompile pc=0x00007f6341b62ac4 method=java.util.Properties$LineReader.readLine()I @ 62
Event: 14.748 Thread 0x00007f6350008ef0 Uncommon trap: reason=unstable_if action=reinterpret pc=0x00007f63415a92c4 method=java.lang.StringCoding$StringEncoder.encode([CII)[B @ 20

Internal exceptions (10 events):
Event: 4.035 Thread 0x00007f6350008ef0 Implicit null exception at 0x00007f634124c4f5 to 0x00007f634124c8a9
Event: 4.035 Thread 0x00007f6350008ef0 Implicit null exception at 0x00007f634120c076 to 0x00007f634120c42d
Event: 5.767 Thread 0x00007f6350008ef0 Implicit null exception at 0x00007f63412dbab5 to 0x00007f63412dbc99
Event: 5.767 Thread 0x00007f6350008ef0 Implicit null exception at 0x00007f6341305e2f to 0x00007f6341305e99
Event: 5.961 Thread 0x00007f6350008ef0 Implicit null exception at 0x00007f634133bd7b to 0x00007f634133c34d
Event: 6.469 Thread 0x00007f6350008ef0 Implicit null exception at 0x00007f634171ae09 to 0x00007f634171b909
Event: 8.747 Thread 0x00007f6350008ef0 Exception <a 'java/lang/ClassNotFoundException': com/sun/tools/javac/api/JavacTool> (0x00000000f0a0d668) thrown at [/builddir/build/BUILD/java-1.8.0-openjdk-1.8.0.151-1.b12.35.amzn1.x86_64/openjdk/hotspot/src/share/vm/classfile/systemDictionary.cpp, line 
Event: 9.981 Thread 0x00007f6350008ef0 Exception <a 'java/io/FileNotFoundException'> (0x00000000f0ec3c38) thrown at [/builddir/build/BUILD/java-1.8.0-openjdk-1.8.0.151-1.b12.35.amzn1.x86_64/openjdk/hotspot/src/share/vm/prims/jni.cpp, line 710]
Event: 10.002 Thread 0x00007f6350008ef0 Exception <a 'java/io/FileNotFoundException'> (0x00000000f0ee9878) thrown at [/builddir/build/BUILD/java-1.8.0-openjdk-1.8.0.151-1.b12.35.amzn1.x86_64/openjdk/hotspot/src/share/vm/prims/jni.cpp, line 710]
Event: 10.002 Thread 0x00007f6350008ef0 Exception <a 'java/io/FileNotFoundException'> (0x00000000f0eea6d0) thrown at [/builddir/build/BUILD/java-1.8.0-openjdk-1.8.0.151-1.b12.35.amzn1.x86_64/openjdk/hotspot/src/share/vm/prims/jni.cpp, line 710]

Events (10 events):
Event: 14.835 loading class org/apache/commons/compress/archivers/zip/ZipUtil done
Event: 14.836 loading class org/apache/commons/compress/archivers/zip/UnsupportedZipFeatureException
Event: 14.836 loading class org/apache/commons/compress/archivers/zip/UnsupportedZipFeatureException done
Event: 14.836 loading class org/apache/commons/compress/archivers/zip/UnsupportedZipFeatureException
Event: 14.836 loading class org/apache/commons/compress/archivers/zip/UnsupportedZipFeatureException done
Event: 14.836 loading class org/apache/commons/compress/archivers/zip/ZipMethod
Event: 14.836 loading class org/apache/commons/compress/archivers/zip/ZipMethod done
Event: 14.836 loading class org/apache/commons/compress/archivers/zip/ZipMethod
Event: 14.836 loading class org/apache/commons/compress/archivers/zip/ZipMethod done
Event: 16.237 Executing VM operation: GenCollectForAllocation


Dynamic libraries:
00400000-00401000 r-xp 00000000 ca:01 271640                             /usr/lib/jvm/java-1.8.0-openjdk-1.8.0.151-1.b12.35.amzn1.x86_64/jre/bin/java
00600000-00601000 rw-p 00000000 ca:01 271640                             /usr/lib/jvm/java-1.8.0-openjdk-1.8.0.151-1.b12.35.amzn1.x86_64/jre/bin/java
0207d000-0209e000 rw-p 00000000 00:00 0                                  [heap]
f0800000-f2640000 rw-p 00000000 00:00 0 
f2640000-f5aa0000 ---p 00000000 00:00 0 
f5aa0000-faa29000 rw-p 00000000 00:00 0 
fd711000-100000000 ---p 00000000 00:00 0 
100000000-100340000 rw-p 00000000 00:00 0 
100340000-140000000 ---p 00000000 00:00 0 
7f6318000000-7f6318ae9000 rw-p 00000000 00:00 0 
7f6318ae9000-7f631c000000 ---p 00000000 00:00 0 
7f631c000000-7f631c043000 rw-p 00000000 00:00 0 
7f631c043000-7f6320000000 ---p 00000000 00:00 0 
7f6320000000-7f6320021000 rw-p 00000000 00:00 0 
7f6320021000-7f6324000000 ---p 00000000 00:00 0 
7f6324000000-7f63248a2000 rw-p 00000000 00:00 0 
7f63248a2000-7f6328000000 ---p 00000000 00:00 0 
7f6328000000-7f6328021000 rw-p 00000000 00:00 0 
7f6328021000-7f632c000000 ---p 00000000 00:00 0 
7f632dad7000-7f6334000000 r--p 00000000 ca:01 2733                       /usr/lib/locale/locale-archive
7f6334000000-7f6334021000 rw-p 00000000 00:00 0 
7f6334021000-7f6338000000 ---p 00000000 00:00 0 
7f6339b2b000-7f6339b2e000 ---p 00000000 00:00 0 
7f6339b2e000-7f6339cac000 rw-p 00000000 00:00 0 
7f6339cac000-7f6339e2c000 ---p 00000000 00:00 0 
7f6339e2c000-7f633a02c000 rw-p 00000000 00:00 0 
7f633a02c000-7f633a22c000 rw-p 00000000 00:00 0 
7f633a2e3000-7f633a4e3000 rw-p 00000000 00:00 0 
7f633a4e3000-7f633a6e3000 rw-p 00000000 00:00 0 
7f633a7a3000-7f633a7a4000 rw-p 00000000 00:00 0 
7f633a7a4000-7f633a7a5000 r--s 00002000 ca:01 289553                     /home/ec2-user/.m2/repository/org/apache/maven/shared/maven-mapping/3.0.0/maven-mapping-3.0.0.jar
7f633a7a5000-7f633a7a7000 r--s 00001000 ca:01 289551                     /home/ec2-user/.m2/repository/org/sonatype/plexus/plexus-build-api/0.0.7/plexus-build-api-0.0.7.jar
7f633a7a7000-7f633a7a9000 r--s 0000b000 ca:01 289549                     /home/ec2-user/.m2/repository/org/apache/maven/shared/maven-filtering/3.1.1/maven-filtering-3.1.1.jar
7f633a7a9000-7f633a7ad000 r--s 00039000 ca:01 397041                     /home/ec2-user/.m2/repository/org/codehaus/plexus/plexus-utils/3.0.24/plexus-utils-3.0.24.jar
7f633a7ad000-7f633a7af000 r--s 00005000 ca:01 396341                     /home/ec2-user/.m2/repository/xpp3/xpp3_min/1.1.4c/xpp3_min-1.1.4c.jar
7f633a7af000-7f633a7b0000 r--s 00001000 ca:01 289543                     /home/ec2-user/.m2/repository/xmlpull/xmlpull/1.1.3.1/xmlpull-1.1.3.1.jar
7f633a7b0000-7f633a7be000 r--s 00079000 ca:01 289518                     /home/ec2-user/.m2/repository/com/thoughtworks/xstream/xstream/1.4.9/xstream-1.4.9.jar
7f633a7be000-7f633a7c1000 r--s 00010000 ca:01 406568                     /home/ec2-user/.m2/repository/org/codehaus/plexus/plexus-interpolation/1.22/plexus-interpolation-1.22.jar
7f633a7c1000-7f633a7c5000 r--s 00015000 ca:01 397205                     /home/ec2-user/.m2/repository/org/tukaani/xz/1.5/xz-1.5.jar
7f633a7c5000-7f633a7c7000 r--s 0000d000 ca:01 396459                     /home/ec2-user/.m2/repository/org/iq80/snappy/snappy/0.4/snappy-0.4.jar
7f633a7c7000-7f633a7cf000 r--s 00060000 ca:01 397642                     /home/ec2-user/.m2/repository/org/apache/commons/commons-compress/1.11/commons-compress-1.11.jar
7f633a7cf000-7f633a7d2000 r--s 00012000 ca:01 396857                     /home/ec2-user/.m2/repository/org/codehaus/plexus/plexus-io/2.7.1/plexus-io-2.7.1.jar
7f633a7d2000-7f633a7d7000 r--s 00029000 ca:01 396644                     /home/ec2-user/.m2/repository/org/codehaus/plexus/plexus-archiver/3.4/plexus-archiver-3.4.jar
7f633a7d7000-7f633a7db000 r--s 0002f000 ca:01 141584                     /home/ec2-user/.m2/repository/commons-io/commons-io/2.5/commons-io-2.5.jar
7f633a7db000-7f633a7de000 r--s 00023000 ca:01 398897                     /home/ec2-user/.m2/repository/org/apache/maven/shared/maven-shared-utils/3.0.1/maven-shared-utils-3.0.1.jar
7f633a7de000-7f633a7df000 r--s 00005000 ca:01 397863                     /home/ec2-user/.m2/repository/org/apache/maven/maven-archiver/3.1.1/maven-archiver-3.1.1.jar
7f633a7df000-7f633a7e1000 r--s 00000000 ca:01 396824                     /home/ec2-user/.m2/repository/org/codehaus/plexus/plexus-component-annotations/1.6/plexus-component-annotations-1.6.jar
7f633a7e1000-7f633a7e5000 r--s 00017000 ca:01 397324                     /home/ec2-user/.m2/repository/org/sonatype/aether/aether-util/1.7/aether-util-1.7.jar
7f633a7e5000-7f633a7f0000 r--s 00069000 ca:01 397254                     /home/ec2-user/.m2/repository/org/sonatype/sisu/sisu-guice/2.1.7/sisu-guice-2.1.7-noaop.jar
7f633a7f0000-7f633a7f5000 r--s 00021000 ca:01 397268                     /home/ec2-user/.m2/repository/org/sonatype/sisu/sisu-inject-bean/1.4.2/sisu-inject-bean-1.4.2.jar
7f633a7f5000-7f633a7f7000 r--s 00014000 ca:01 406614                     /home/ec2-user/.m2/repository/org/apache/maven/plugins/maven-war-plugin/3.0.0/maven-war-plugin-3.0.0.jar
7f633a7f7000-7f633a7f9000 r--s 00002000 ca:01 429613                     /home/ec2-user/.m2/repository/org/apache/maven/plugin-tools/maven-plugin-annotations/3.3/maven-plugin-annotations-3.3.jar
7f633a7f9000-7f633a7fe000 r--s 00020000 ca:01 429602                     /home/ec2-user/.m2/repository/org/apache/maven/surefire/surefire-api/2.18.1/surefire-api-2.18.1.jar
7f633a7fe000-7f633a804000 r--s 00048000 ca:01 397655                     /home/ec2-user/.m2/repository/org/apache/commons/commons-lang3/3.1/commons-lang3-3.1.jar
7f633a804000-7f633a805000 r--s 00002000 ca:01 398226                     /home/ec2-user/.m2/repository/org/apache/maven/reporting/maven-reporting-api/3.0/maven-reporting-api-3.0.jar
7f633a805000-7f633a807000 r--s 00008000 ca:01 429595                     /home/ec2-user/.m2/repository/org/apache/maven/surefire/surefire-booter/2.18.1/surefire-booter-2.18.1.jar
7f633a807000-7f633a80d000 r--s 0003e000 ca:01 429581                     /home/ec2-user/.m2/repository/org/apache/maven/surefire/maven-surefire-common/2.18.1/maven-surefire-common-2.18.1.jar
7f633a80d000-7f633a80f000 r--s 00008000 ca:01 424567                     /home/ec2-user/.m2/repository/org/apache/maven/plugins/maven-surefire-plugin/2.18.1/maven-surefire-plugin-2.18.1.jar
7f633a80f000-7f633a889000 r--s 012bd000 ca:01 271835                     /usr/lib/jvm/java-1.8.0-openjdk-1.8.0.151-1.b12.35.amzn1.x86_64/lib/tools.jar
7f633a889000-7f633a88c000 r--s 0001b000 ca:01 396313                     /home/ec2-user/.m2/repository/junit/junit/3.8.2/junit-3.8.2.jar
7f633a88c000-7f633a89a000 r--s 0008f000 ca:01 399497                     /home/ec2-user/.m2/repository/com/google/collections/google-collections/1.0/google-collections-1.0.jar
7f633a89a000-7f633a89b000 r--s 0000a000 ca:01 399189                     /home/ec2-user/.m2/repository/commons-logging/commons-logging-api/1.1/commons-logging-api-1.1.jar
7f633a89b000-7f633a8a2000 r--s 00051000 ca:01 399451                     /home/ec2-user/.m2/repository/log4j/log4j/1.2.12/log4j-1.2.12.jar
7f633a8a2000-7f633a8a6000 r--s 0001d000 ca:01 397670                     /home/ec2-user/.m2/repository/org/apache/xbean/xbean-reflect/3.4/xbean-reflect-3.4.jar
7f633a8a6000-7f633a8a7000 r--s 00004000 ca:01 396634                     /home/ec2-user/.m2/repository/org/codehaus/plexus/plexus-compiler-javac/2.5/plexus-compiler-javac-2.5.jar
7f633a8a7000-7f633a8a9000 r--s 00000000 ca:01 396608                     /home/ec2-user/.m2/repository/org/codehaus/plexus/plexus-compiler-manager/2.5/plexus-compiler-manager-2.5.jar
7f633a8a9000-7f633a8ab000 r--s 00005000 ca:01 396560                     /home/ec2-user/.m2/repository/org/codehaus/plexus/plexus-compiler-api/2.5/plexus-compiler-api-2.5.jar
7f633a8ab000-7f633a8ad000 r--s 00000000 ca:01 396832                     /home/ec2-user/.m2/repository/org/codehaus/plexus/plexus-component-annotations/1.5.5/plexus-component-annotations-1.5.5.jar
7f633a8ad000-7f633a8af000 r--s 00002000 ca:01 398943                     /home/ec2-user/.m2/repository/org/apache/maven/shared/maven-shared-incremental/1.1/maven-shared-incremental-1.1.jar
7f633a8af000-7f633a8b1000 r--s 00006000 ca:01 399514                     /home/ec2-user/.m2/repository/com/google/code/findbugs/jsr305/2.0.1/jsr305-2.0.1.jar
7f633a8b1000-7f633a8b5000 r--s 00026000 ca:01 398931                     /home/ec2-user/.m2/repository/org/apache/maven/shared/maven-shared-utils/0.7/maven-shared-utils-0.7.jar
7f633a8b5000-7f633a8b7000 r--s 00002000 ca:01 397344                     /home/ec2-user/.m2/repository/org/sonatype/plexus/plexus-cipher/1.4/plexus-cipher-1.4.jar
7f633a8b7000-7f633a8bf000 r--s 00049000 ca:01 399693                     /home/ec2-user/.m2/repository/backport-util-concurrent/backport-util-concurrent/3.1/backport-util-concurrent-3.1.jar
7f633a8bf000-7f633a8c1000 r--s 00003000 ca:01 397193                     /home/ec2-user/.m2/repository/org/slf4j/jcl-over-slf4j/1.5.6/jcl-over-slf4j-1.5.6.jar
7f633a8c1000-7f633a8c3000 r--s 00001000 ca:01 397164                     /home/ec2-user/.m2/repository/org/slf4j/slf4j-jdk14/1.5.6/slf4j-jdk14-1.5.6.jar
7f633a8c3000-7f633a8c5000 r--s 0000b000 ca:01 396993                     /home/ec2-user/.m2/repository/org/codehaus/plexus/plexus-interpolation/1.11/plexus-interpolation-1.11.jar
7f633a8c5000-7f633a8c9000 r--s 00034000 ca:01 397003                     /home/ec2-user/.m2/repository/org/codehaus/plexus/plexus-utils/1.5.15/plexus-utils-1.5.15.jar
7f633a8c9000-7f633aac9000 rw-p 00000000 00:00 0 
7f633aac9000-7f633aadb000 r-xp 00000000 ca:01 271677                     /usr/lib/jvm/java-1.8.0-openjdk-1.8.0.151-1.b12.35.amzn1.x86_64/jre/lib/amd64/libnio.so
7f633aadb000-7f633acda000 ---p 00012000 ca:01 271677                     /usr/lib/jvm/java-1.8.0-openjdk-1.8.0.151-1.b12.35.amzn1.x86_64/jre/lib/amd64/libnio.so
7f633acda000-7f633acdb000 rw-p 00011000 ca:01 271677                     /usr/lib/jvm/java-1.8.0-openjdk-1.8.0.151-1.b12.35.amzn1.x86_64/jre/lib/amd64/libnio.so
7f633acdb000-7f633acf2000 r-xp 00000000 ca:01 271676                     /usr/lib/jvm/java-1.8.0-openjdk-1.8.0.151-1.b12.35.amzn1.x86_64/jre/lib/amd64/libnet.so
7f633acf2000-7f633aef2000 ---p 00017000 ca:01 271676                     /usr/lib/jvm/java-1.8.0-openjdk-1.8.0.151-1.b12.35.amzn1.x86_64/jre/lib/amd64/libnet.so
7f633aef2000-7f633aef3000 rw-p 00017000 ca:01 271676                     /usr/lib/jvm/java-1.8.0-openjdk-1.8.0.151-1.b12.35.amzn1.x86_64/jre/lib/amd64/libnet.so
7f633aef3000-7f633b0f3000 rw-p 00000000 00:00 0 
7f633b0f3000-7f633b2f3000 rw-p 00000000 00:00 0 
7f633b2f3000-7f633b4f3000 rw-p 00000000 00:00 0 
7f633b4f3000-7f633b4f5000 r-xp 00000000 ca:01 2725                       /lib64/libutil-2.17.so
7f633b4f5000-7f633b6f4000 ---p 00002000 ca:01 2725                       /lib64/libutil-2.17.so
7f633b6f4000-7f633b6f5000 r--p 00001000 ca:01 2725                       /lib64/libutil-2.17.so
7f633b6f5000-7f633b6f6000 rw-p 00002000 ca:01 2725                       /lib64/libutil-2.17.so
7f633b6f6000-7f633b6f9000 r-xp 00000000 ca:01 15192                      /home/ec2-user/apache-maven-3.5.2/lib/jansi-native/linux64/libjansi.so
7f633b6f9000-7f633b8f8000 ---p 00003000 ca:01 15192                      /home/ec2-user/apache-maven-3.5.2/lib/jansi-native/linux64/libjansi.so
7f633b8f8000-7f633b8f9000 rw-p 00002000 ca:01 15192                      /home/ec2-user/apache-maven-3.5.2/lib/jansi-native/linux64/libjansi.so
7f633b8f9000-7f633b8fa000 ---p 00000000 00:00 0 
7f633b8fa000-7f633b9fa000 rw-p 00000000 00:00 0 
7f633b9fa000-7f633b9fd000 ---p 00000000 00:00 0 
7f633b9fd000-7f633bafb000 rw-p 00000000 00:00 0 
7f633bafb000-7f633bafe000 ---p 00000000 00:00 0 
7f633bafe000-7f633bbfc000 rw-p 00000000 00:00 0 
7f633bbfc000-7f633bbff000 ---p 00000000 00:00 0 
7f633bbff000-7f633bcfd000 rw-p 00000000 00:00 0 
7f633bcfd000-7f633bd00000 ---p 00000000 00:00 0 
7f633bd00000-7f633bdfe000 rw-p 00000000 00:00 0 
7f633bdfe000-7f633be01000 ---p 00000000 00:00 0 
7f633be01000-7f633beff000 rw-p 00000000 00:00 0 
7f633beff000-7f633bf02000 ---p 00000000 00:00 0 
7f633bf02000-7f633c000000 rw-p 00000000 00:00 0 
7f633c000000-7f633c0eb000 rw-p 00000000 00:00 0 
7f633c0eb000-7f6340000000 ---p 00000000 00:00 0 
7f6340000000-7f6340001000 r--s 00006000 ca:01 397331                     /home/ec2-user/.m2/repository/org/sonatype/plexus/plexus-sec-dispatcher/1.3/plexus-sec-dispatcher-1.3.jar
7f6340001000-7f6340003000 r--s 0000a000 ca:01 398070                     /home/ec2-user/.m2/repository/org/apache/maven/plugins/maven-compiler-plugin/3.3/maven-compiler-plugin-3.3.jar
7f6340003000-7f6340005000 r--s 0000d000 ca:01 397000                     /home/ec2-user/.m2/repository/org/codehaus/plexus/plexus-interpolation/1.13/plexus-interpolation-1.13.jar
7f6340005000-7f6340006000 r--s 00001000 ca:01 397340                     /home/ec2-user/.m2/repository/org/sonatype/plexus/plexus-build-api/0.0.4/plexus-build-api-0.0.4.jar
7f6340006000-7f6340008000 r--s 00009000 ca:01 398859                     /home/ec2-user/.m2/repository/org/apache/maven/shared/maven-filtering/1.1/maven-filtering-1.1.jar
7f6340008000-7f634000c000 r--s 00033000 ca:01 397053                     /home/ec2-user/.m2/repository/org/codehaus/plexus/plexus-utils/2.0.5/plexus-utils-2.0.5.jar
7f634000c000-7f634000f000 r--s 0001b000 ca:01 396333                     /home/ec2-user/.m2/repository/junit/junit/3.8.1/junit-3.8.1.jar
7f634000f000-7f6340011000 r--s 00002000 ca:01 396670                     /home/ec2-user/.m2/repository/org/codehaus/plexus/plexus-interactivity-api/1.0-alpha-4/plexus-interactivity-api-1.0-alpha-4.jar
7f6340011000-7f6340013000 r--s 00006000 ca:01 399685                     /home/ec2-user/.m2/repository/commons-cli/commons-cli/1.0/commons-cli-1.0.jar
7f6340013000-7f6340014000 r--s 00001000 ca:01 398486                     /home/ec2-user/.m2/repository/org/apache/maven/doxia/doxia-sink-api/1.0-alpha-7/doxia-sink-api-1.0-alpha-7.jar
7f6340014000-7f6340015000 r--s 00002000 ca:01 398233                     /home/ec2-user/.m2/repository/org/apache/maven/reporting/maven-reporting-api/2.0.6/maven-reporting-api-2.0.6.jar
7f6340015000-7f6340017000 r--s 00006000 ca:01 398058                     /home/ec2-user/.m2/repository/org/apache/maven/plugins/maven-resources-plugin/2.6/maven-resources-plugin-2.6.jar
7f6340017000-7f634001c000 r--s 000b3000 ca:01 271726                     /usr/lib/jvm/java-1.8.0-openjdk-1.8.0.151-1.b12.35.amzn1.x86_64/jre/lib/jsse.jar
7f634001c000-7f6340020000 r--s 0003c000 ca:01 15215                      /home/ec2-user/apache-maven-3.5.2/lib/plexus-utils-3.1.0.jar
7f6340020000-7f6340023000 r--s 00011000 ca:01 15219                      /home/ec2-user/apache-maven-3.5.2/lib/plexus-interpolation-1.24.jar
7f6340023000-7f6340024000 r--s 00006000 ca:01 15225                      /home/ec2-user/apache-maven-3.5.2/lib/maven-repository-metadata-3.5.2.jar
7f6340024000-7f6340028000 r--s 00023000 ca:01 15238                      /home/ec2-user/apache-maven-3.5.2/lib/maven-resolver-util-1.1.0.jar
7f6340028000-7f6340029000 r--s 00003000 ca:01 15217                      /home/ec2-user/apache-maven-3.5.2/lib/maven-builder-support-3.5.2.jar
7f6340029000-7f634002c000 r--s 00008000 ca:01 15229                      /home/ec2-user/apache-maven-3.5.2/lib/cdi-api-1.0.jar
7f634002c000-7f634002e000 r--s 0000f000 ca:01 15235                      /home/ec2-user/apache-maven-3.5.2/lib/maven-resolver-provider-3.5.2.jar
7f634002e000-7f634002f000 r--s 00006000 ca:01 15221                      /home/ec2-user/apache-maven-3.5.2/lib/plexus-sec-dispatcher-1.4.jar
7f634002f000-7f6340033000 r--s 0002f000 ca:01 15241                      /home/ec2-user/apache-maven-3.5.2/lib/commons-io-2.5.jar
7f6340033000-7f6340034000 r--s 00001000 ca:01 15230                      /home/ec2-user/apache-maven-3.5.2/lib/jsr250-api-1.0.jar
7f6340034000-7f6340038000 r--s 00020000 ca:01 15236                      /home/ec2-user/apache-maven-3.5.2/lib/maven-resolver-api-1.1.0.jar
7f6340038000-7f634003f000 r--s 00056000 ca:01 15232                      /home/ec2-user/apache-maven-3.5.2/lib/org.eclipse.sisu.inject-0.3.3.jar
7f634003f000-7f6340041000 r--s 00002000 ca:01 15222                      /home/ec2-user/apache-maven-3.5.2/lib/plexus-cipher-1.7.jar
7f6340041000-7f6340044000 r--s 0003c000 ca:01 15254                      /home/ec2-user/apache-maven-3.5.2/lib/jansi-1.16.jar
7f6340044000-7f6340048000 r--s 0002a000 ca:01 15239                      /home/ec2-user/apache-maven-3.5.2/lib/maven-resolver-impl-1.1.0.jar
7f6340048000-7f634004a000 r--s 0000c000 ca:01 15245                      /home/ec2-user/apache-maven-3.5.2/lib/commons-cli-1.4.jar
7f634004a000-7f634004c000 r--s 0000a000 ca:01 15227                      /home/ec2-user/apache-maven-3.5.2/lib/maven-plugin-api-3.5.2.jar
7f634004c000-7f634004f000 r--s 00026000 ca:01 15224                      /home/ec2-user/apache-maven-3.5.2/lib/maven-model-3.5.2.jar
7f634004f000-7f6340052000 r--s 00025000 ca:01 15240                      /home/ec2-user/apache-maven-3.5.2/lib/maven-shared-utils-3.1.0.jar
7f6340052000-7f6340054000 r--s 00009000 ca:01 15251                      /home/ec2-user/apache-maven-3.5.2/lib/maven-resolver-connector-basic-1.1.0.jar
7f6340054000-7f6340061000 r--s 0008d000 ca:01 15223                      /home/ec2-user/apache-maven-3.5.2/lib/maven-core-3.5.2.jar
7f6340061000-7f6340064000 r--s 00015000 ca:01 15213                      /home/ec2-user/apache-maven-3.5.2/lib/maven-embedder-3.5.2.jar
7f6340064000-7f6340066000 r--s 00009000 ca:01 15216                      /home/ec2-user/apache-maven-3.5.2/lib/maven-settings-builder-3.5.2.jar
7f6340066000-7f634006a000 r--s 00028000 ca:01 15233                      /home/ec2-user/apache-maven-3.5.2/lib/maven-model-builder-3.5.2.jar
7f634006a000-7f6340070000 r--s 0002d000 ca:01 15228                      /home/ec2-user/apache-maven-3.5.2/lib/org.eclipse.sisu.plexus-0.3.3.jar
7f6340070000-7f6340071000 r--s 00005000 ca:01 15253                      /home/ec2-user/apache-maven-3.5.2/lib/maven-slf4j-provider-3.5.2.jar
7f6340071000-7f6340073000 r--s 0000c000 ca:01 15247                      /home/ec2-user/apache-maven-3.5.2/lib/wagon-provider-api-2.12.jar
7f6340073000-7f6340075000 r--s 00007000 ca:01 15237                      /home/ec2-user/apache-maven-3.5.2/lib/maven-resolver-spi-1.1.0.jar
7f6340075000-7f634007d000 r--s 0006e000 ca:01 15218                      /home/ec2-user/apache-maven-3.5.2/lib/commons-lang3-3.5.jar
7f634007d000-7f63400ac000 r--s 00226000 ca:01 15234                      /home/ec2-user/apache-maven-3.5.2/lib/guava-20.0.jar
7f63400ac000-7f63400ad000 ---p 00000000 00:00 0 
7f63400ad000-7f63401fb000 rw-p 00000000 00:00 0 
7f63401fb000-7f63403ca000 r--s 043ff000 ca:01 271740                     /usr/lib/jvm/java-1.8.0-openjdk-1.8.0.151-1.b12.35.amzn1.x86_64/jre/lib/rt.jar
7f63403ca000-7f6340c40000 rw-p 00000000 00:00 0 
7f6340c40000-7f6340c71000 rw-p 00000000 00:00 0 
7f6340c71000-7f6341000000 ---p 00000000 00:00 0 
7f6341000000-7f6341c30000 rwxp 00000000 00:00 0 
7f6341c30000-7f6350000000 ---p 00000000 00:00 0 
7f6350000000-7f6350f4c000 rw-p 00000000 00:00 0 
7f6350f4c000-7f6354000000 ---p 00000000 00:00 0 
7f6354000000-7f6354001000 r--s 00002000 ca:01 15250                      /home/ec2-user/apache-maven-3.5.2/lib/wagon-file-2.12.jar
7f6354001000-7f635402d000 r--s 001e6000 ca:01 15248                      /home/ec2-user/apache-maven-3.5.2/lib/wagon-http-2.12-shaded.jar
7f635402d000-7f63540b0000 rw-p 00000000 00:00 0 
7f63540b0000-7f63540b8000 r-xp 00000000 ca:01 271684                     /usr/lib/jvm/java-1.8.0-openjdk-1.8.0.151-1.b12.35.amzn1.x86_64/jre/lib/amd64/libzip.so
7f63540b8000-7f63542b8000 ---p 00008000 ca:01 271684                     /usr/lib/jvm/java-1.8.0-openjdk-1.8.0.151-1.b12.35.amzn1.x86_64/jre/lib/amd64/libzip.so
7f63542b8000-7f63542b9000 rw-p 00008000 ca:01 271684                     /usr/lib/jvm/java-1.8.0-openjdk-1.8.0.151-1.b12.35.amzn1.x86_64/jre/lib/amd64/libzip.so
7f63542b9000-7f63542c5000 r-xp 00000000 ca:01 2709                       /lib64/libnss_files-2.17.so
7f63542c5000-7f63544c4000 ---p 0000c000 ca:01 2709                       /lib64/libnss_files-2.17.so
7f63544c4000-7f63544c5000 r--p 0000b000 ca:01 2709                       /lib64/libnss_files-2.17.so
7f63544c5000-7f63544c6000 rw-p 0000c000 ca:01 2709                       /lib64/libnss_files-2.17.so
7f63544c6000-7f63544cc000 rw-p 00000000 00:00 0 
7f63544cc000-7f63544f9000 r-xp 00000000 ca:01 271666                     /usr/lib/jvm/java-1.8.0-openjdk-1.8.0.151-1.b12.35.amzn1.x86_64/jre/lib/amd64/libjava.so
7f63544f9000-7f63546f9000 ---p 0002d000 ca:01 271666                     /usr/lib/jvm/java-1.8.0-openjdk-1.8.0.151-1.b12.35.amzn1.x86_64/jre/lib/amd64/libjava.so
7f63546f9000-7f63546fb000 rw-p 0002d000 ca:01 271666                     /usr/lib/jvm/java-1.8.0-openjdk-1.8.0.151-1.b12.35.amzn1.x86_64/jre/lib/amd64/libjava.so
7f63546fb000-7f6354708000 r-xp 00000000 ca:01 271683                     /usr/lib/jvm/java-1.8.0-openjdk-1.8.0.151-1.b12.35.amzn1.x86_64/jre/lib/amd64/libverify.so
7f6354708000-7f6354907000 ---p 0000d000 ca:01 271683                     /usr/lib/jvm/java-1.8.0-openjdk-1.8.0.151-1.b12.35.amzn1.x86_64/jre/lib/amd64/libverify.so
7f6354907000-7f6354909000 rw-p 0000c000 ca:01 271683                     /usr/lib/jvm/java-1.8.0-openjdk-1.8.0.151-1.b12.35.amzn1.x86_64/jre/lib/amd64/libverify.so
7f6354909000-7f6354910000 r-xp 00000000 ca:01 2721                       /lib64/librt-2.17.so
7f6354910000-7f6354b0f000 ---p 00007000 ca:01 2721                       /lib64/librt-2.17.so
7f6354b0f000-7f6354b10000 r--p 00006000 ca:01 2721                       /lib64/librt-2.17.so
7f6354b10000-7f6354b11000 rw-p 00007000 ca:01 2721                       /lib64/librt-2.17.so
7f6354b11000-7f6354b27000 r-xp 00000000 ca:01 2617                       /lib64/libgcc_s-6.4.1-20170727.so.1
7f6354b27000-7f6354d26000 ---p 00016000 ca:01 2617                       /lib64/libgcc_s-6.4.1-20170727.so.1
7f6354d26000-7f6354d27000 rw-p 00015000 ca:01 2617                       /lib64/libgcc_s-6.4.1-20170727.so.1
7f6354d27000-7f6354e28000 r-xp 00000000 ca:01 2699                       /lib64/libm-2.17.so
7f6354e28000-7f6355027000 ---p 00101000 ca:01 2699                       /lib64/libm-2.17.so
7f6355027000-7f6355028000 r--p 00100000 ca:01 2699                       /lib64/libm-2.17.so
7f6355028000-7f6355029000 rw-p 00101000 ca:01 2699                       /lib64/libm-2.17.so
7f6355029000-7f635519c000 r-xp 00000000 ca:01 2936                       /usr/lib64/libstdc++.so.6.0.22
7f635519c000-7f635539c000 ---p 00173000 ca:01 2936                       /usr/lib64/libstdc++.so.6.0.22
7f635539c000-7f63553a6000 r--p 00173000 ca:01 2936                       /usr/lib64/libstdc++.so.6.0.22
7f63553a6000-7f63553a8000 rw-p 0017d000 ca:01 2936                       /usr/lib64/libstdc++.so.6.0.22
7f63553a8000-7f63553ac000 rw-p 00000000 00:00 0 
7f63553ac000-7f635606c000 r-xp 00000000 ca:01 271688                     /usr/lib/jvm/java-1.8.0-openjdk-1.8.0.151-1.b12.35.amzn1.x86_64/jre/lib/amd64/server/libjvm.so
7f635606c000-7f635626c000 ---p 00cc0000 ca:01 271688                     /usr/lib/jvm/java-1.8.0-openjdk-1.8.0.151-1.b12.35.amzn1.x86_64/jre/lib/amd64/server/libjvm.so
7f635626c000-7f6356340000 rw-p 00cc0000 ca:01 271688                     /usr/lib/jvm/java-1.8.0-openjdk-1.8.0.151-1.b12.35.amzn1.x86_64/jre/lib/amd64/server/libjvm.so
7f6356340000-7f6356372000 rw-p 00000000 00:00 0 
7f6356372000-7f635652c000 r-xp 00000000 ca:01 2691                       /lib64/libc-2.17.so
7f635652c000-7f635672b000 ---p 001ba000 ca:01 2691                       /lib64/libc-2.17.so
7f635672b000-7f635672f000 r--p 001b9000 ca:01 2691                       /lib64/libc-2.17.so
7f635672f000-7f6356731000 rw-p 001bd000 ca:01 2691                       /lib64/libc-2.17.so
7f6356731000-7f6356736000 rw-p 00000000 00:00 0 
7f6356736000-7f6356738000 r-xp 00000000 ca:01 2697                       /lib64/libdl-2.17.so
7f6356738000-7f6356938000 ---p 00002000 ca:01 2697                       /lib64/libdl-2.17.so
7f6356938000-7f6356939000 r--p 00002000 ca:01 2697                       /lib64/libdl-2.17.so
7f6356939000-7f635693a000 rw-p 00003000 ca:01 2697                       /lib64/libdl-2.17.so
7f635693a000-7f6356948000 r-xp 00000000 ca:01 271653                     /usr/lib/jvm/java-1.8.0-openjdk-1.8.0.151-1.b12.35.amzn1.x86_64/jre/lib/amd64/jli/libjli.so
7f6356948000-7f6356b47000 ---p 0000e000 ca:01 271653                     /usr/lib/jvm/java-1.8.0-openjdk-1.8.0.151-1.b12.35.amzn1.x86_64/jre/lib/amd64/jli/libjli.so
7f6356b47000-7f6356b48000 rw-p 0000d000 ca:01 271653                     /usr/lib/jvm/java-1.8.0-openjdk-1.8.0.151-1.b12.35.amzn1.x86_64/jre/lib/amd64/jli/libjli.so
7f6356b48000-7f6356b5d000 r-xp 00000000 ca:01 2837                       /lib64/libz.so.1.2.8
7f6356b5d000-7f6356d5c000 ---p 00015000 ca:01 2837                       /lib64/libz.so.1.2.8
7f6356d5c000-7f6356d5d000 r--p 00014000 ca:01 2837                       /lib64/libz.so.1.2.8
7f6356d5d000-7f6356d5e000 rw-p 00015000 ca:01 2837                       /lib64/libz.so.1.2.8
7f6356d5e000-7f6356d75000 r-xp 00000000 ca:01 2717                       /lib64/libpthread-2.17.so
7f6356d75000-7f6356f74000 ---p 00017000 ca:01 2717                       /lib64/libpthread-2.17.so
7f6356f74000-7f6356f75000 r--p 00016000 ca:01 2717                       /lib64/libpthread-2.17.so
7f6356f75000-7f6356f76000 rw-p 00017000 ca:01 2717                       /lib64/libpthread-2.17.so
7f6356f76000-7f6356f7a000 rw-p 00000000 00:00 0 
7f6356f7a000-7f6356f9b000 r-xp 00000000 ca:01 2684                       /lib64/ld-2.17.so
7f6356f9b000-7f6356f9d000 r--s 00006000 ca:01 15252                      /home/ec2-user/apache-maven-3.5.2/lib/maven-resolver-transport-wagon-1.1.0.jar
7f6356f9d000-7f6356f9e000 r--s 00000000 ca:01 15231                      /home/ec2-user/apache-maven-3.5.2/lib/javax.inject-1.jar
7f6356f9e000-7f6356fa0000 r--s 00000000 ca:01 15220                      /home/ec2-user/apache-maven-3.5.2/lib/plexus-component-annotations-1.7.1.jar
7f6356fa0000-7f6356fa2000 r--s 00000000 ca:01 15243                      /home/ec2-user/apache-maven-3.5.2/lib/aopalliance-1.0.jar
7f6356fa2000-7f6356fa4000 r--s 0000c000 ca:01 15226                      /home/ec2-user/apache-maven-3.5.2/lib/maven-artifact-3.5.2.jar
7f6356fa4000-7f6356faa000 r--s 00041000 ca:01 15246                      /home/ec2-user/apache-maven-3.5.2/lib/maven-compat-3.5.2.jar
7f6356faa000-7f6356fac000 r--s 00009000 ca:01 15244                      /home/ec2-user/apache-maven-3.5.2/lib/slf4j-api-1.7.25.jar
7f6356fac000-7f6356fb5000 r--s 0005f000 ca:01 15242                      /home/ec2-user/apache-maven-3.5.2/lib/guice-4.0-no_aop.jar
7f6356fb5000-7f6356fb7000 r--s 00003000 ca:01 15249                      /home/ec2-user/apache-maven-3.5.2/lib/jcl-over-slf4j-1.7.25.jar
7f6356fb7000-7f6356fdf000 rw-p 00000000 00:00 0 
7f6356fdf000-7f635700a000 ---p 00000000 00:00 0 
7f635700a000-7f635701a000 rw-p 00000000 00:00 0 
7f635701a000-7f6357033000 ---p 00000000 00:00 0 
7f6357033000-7f635705c000 rw-p 00000000 00:00 0 
7f635705c000-7f6357086000 ---p 00000000 00:00 0 
7f6357086000-7f6357087000 rw-p 00000000 00:00 0 
7f6357087000-7f635708f000 rw-s 00000000 ca:01 327251                     /tmp/hsperfdata_ec2-user/27499
7f635708f000-7f6357092000 ---p 00000000 00:00 0 
7f6357092000-7f6357195000 rw-p 00000000 00:00 0 
7f6357195000-7f6357196000 r--s 0000a000 ca:01 15214                      /home/ec2-user/apache-maven-3.5.2/lib/maven-settings-3.5.2.jar
7f6357196000-7f6357198000 r--s 0000b000 ca:01 15212                      /home/ec2-user/apache-maven-3.5.2/boot/plexus-classworlds-2.5.2.jar
7f6357198000-7f6357199000 rw-p 00000000 00:00 0 
7f6357199000-7f635719a000 ---p 00000000 00:00 0 
7f635719a000-7f635719b000 rw-p 00000000 00:00 0 
7f635719b000-7f635719c000 r--p 00021000 ca:01 2684                       /lib64/ld-2.17.so
7f635719c000-7f635719d000 rw-p 00022000 ca:01 2684                       /lib64/ld-2.17.so
7f635719d000-7f635719e000 rw-p 00000000 00:00 0 
7fff07d52000-7fff07d74000 rw-p 00000000 00:00 0                          [stack]
7fff07dd8000-7fff07dda000 r--p 00000000 00:00 0                          [vvar]
7fff07dda000-7fff07ddc000 r-xp 00000000 00:00 0                          [vdso]
ffffffffff600000-ffffffffff601000 r-xp 00000000 00:00 0                  [vsyscall]

VM Arguments:
jvm_args: -Dclassworlds.conf=/home/ec2-user/apache-maven-3.5.2/bin/m2.conf -Dmaven.home=/home/ec2-user/apache-maven-3.5.2 -Dlibrary.jansi.path=/home/ec2-user/apache-maven-3.5.2/lib/jansi-native -Dmaven.multiModuleProjectDirectory=/home/ec2-user/.jenkins/workspace/HoneyBadgersProject2 
java_command: org.codehaus.plexus.classworlds.launcher.Launcher tomcat7:redeploy -Dmaven.tomcat.path=/mvnAngular
java_class_path (initial): /home/ec2-user/apache-maven-3.5.2/boot/plexus-classworlds-2.5.2.jar
Launcher Type: SUN_STANDARD

Environment Variables:
PATH=/home/ec2-user/apache-maven-3.5.2/bin:/usr/local/bin:/bin:/usr/bin:/usr/local/sbin:/usr/sbin:/sbin:/home/ec2-user/.local/bin:/home/ec2-user/bin
SHELL=/bin/bash

Signal Handlers:
SIGSEGV: [libjvm.so+0xab0570], sa_mask[0]=11111111011111111101111111111110, sa_flags=SA_RESTART|SA_SIGINFO
SIGBUS: [libjvm.so+0xab0570], sa_mask[0]=11111111011111111101111111111110, sa_flags=SA_RESTART|SA_SIGINFO
SIGFPE: [libjvm.so+0x8a8ae0], sa_mask[0]=11111111011111111101111111111110, sa_flags=SA_RESTART|SA_SIGINFO
SIGPIPE: [libjvm.so+0x8a8ae0], sa_mask[0]=11111111011111111101111111111110, sa_flags=SA_RESTART|SA_SIGINFO
SIGXFSZ: [libjvm.so+0x8a8ae0], sa_mask[0]=11111111011111111101111111111110, sa_flags=SA_RESTART|SA_SIGINFO
SIGILL: [libjvm.so+0x8a8ae0], sa_mask[0]=11111111011111111101111111111110, sa_flags=SA_RESTART|SA_SIGINFO
SIGUSR1: SIG_DFL, sa_mask[0]=00000000000000000000000000000000, sa_flags=none
SIGUSR2: [libjvm.so+0x8a8990], sa_mask[0]=00100000000000000000000000000000, sa_flags=SA_RESTART|SA_SIGINFO
SIGHUP: SIG_IGN, sa_mask[0]=00000000000000000000000000000000, sa_flags=none
SIGINT: [libjvm.so+0x8a8ba0], sa_mask[0]=11111111011111111101111111111110, sa_flags=SA_RESTART|SA_SIGINFO
SIGTERM: [libjvm.so+0x8a8ba0], sa_mask[0]=11111111011111111101111111111110, sa_flags=SA_RESTART|SA_SIGINFO
SIGQUIT: [libjvm.so+0x8a8ba0], sa_mask[0]=11111111011111111101111111111110, sa_flags=SA_RESTART|SA_SIGINFO


---------------  S Y S T E M  ---------------

OS:Amazon Linux AMI release 2017.09

uname:Linux 4.9.70-25.242.amzn1.x86_64 #1 SMP Wed Jan 3 05:36:22 UTC 2018 x86_64
libc:glibc 2.17 NPTL 2.17 
rlimit: STACK 8192k, CORE 0k, NPROC 3876, NOFILE 4096, AS infinity
load average:1.25 0.34 0.17

/proc/meminfo:
MemTotal:        1012240 kB
MemFree:           60252 kB
MemAvailable:      16304 kB
Buffers:            2576 kB
Cached:            39736 kB
SwapCached:            0 kB
Active:           880424 kB
Inactive:          27652 kB
Active(anon):     865864 kB
Inactive(anon):       48 kB
Active(file):      14560 kB
Inactive(file):    27604 kB
Unevictable:           0 kB
Mlocked:               0 kB
SwapTotal:             0 kB
SwapFree:              0 kB
Dirty:              3680 kB
Writeback:             0 kB
AnonPages:        865852 kB
Mapped:            12200 kB
Shmem:                60 kB
Slab:              24468 kB
SReclaimable:      12704 kB
SUnreclaim:        11764 kB
KernelStack:        4000 kB
PageTables:         5324 kB
NFS_Unstable:          0 kB
Bounce:                0 kB
WritebackTmp:          0 kB
CommitLimit:      506120 kB
Committed_AS:     974728 kB
VmallocTotal:   34359738367 kB
VmallocUsed:           0 kB
VmallocChunk:          0 kB
AnonHugePages:         0 kB
ShmemHugePages:        0 kB
ShmemPmdMapped:        0 kB
HugePages_Total:       0
HugePages_Free:        0
HugePages_Rsvd:        0
HugePages_Surp:        0
Hugepagesize:       2048 kB
DirectMap4k:       12288 kB
DirectMap2M:     1036288 kB


CPU:total 1 (initial active 1) (1 cores per cpu, 1 threads per core) family 6 model 63 stepping 2, cmov, cx8, fxsr, mmx, sse, sse2, sse3, ssse3, sse4.1, sse4.2, popcnt, avx, avx2, aes, clmul, erms, lzcnt, tsc, bmi1, bmi2

/proc/cpuinfo:
processor	: 0
vendor_id	: GenuineIntel
cpu family	: 6
model		: 63
model name	: Intel(R) Xeon(R) CPU E5-2676 v3 @ 2.40GHz
stepping	: 2
microcode	: 0x3b
cpu MHz		: 2394.625
cache size	: 30720 KB
physical id	: 0
siblings	: 1
core id		: 0
cpu cores	: 1
apicid		: 0
initial apicid	: 0
fpu		: yes
fpu_exception	: yes
cpuid level	: 13
wp		: yes
flags		: fpu vme de pse tsc msr pae mce cx8 apic sep mtrr pge mca cmov pat pse36 clflush mmx fxsr sse sse2 ht syscall nx rdtscp lm constant_tsc rep_good nopl xtopology eagerfpu pni pclmulqdq ssse3 fma cx16 pcid sse4_1 sse4_2 x2apic movbe popcnt tsc_deadline_timer aes xsave avx f16c rdrand hypervisor lahf_lm abm invpcid_single fsgsbase bmi1 avx2 smep bmi2 erms invpcid xsaveopt
bugs		:
bogomips	: 4789.03
clflush size	: 64
cache_alignment	: 64
address sizes	: 46 bits physical, 48 bits virtual
power management:



Memory: 4k page, physical 1012240k(60252k free), swap 0k(0k free)

vm_info: OpenJDK 64-Bit Server VM (25.151-b12) for linux-amd64 JRE (1.8.0_151-b12), built on Oct 25 2017 20:37:17 by "mockbuild" with gcc 4.8.5 20150623 (Red Hat 4.8.5-11)

time: Tue Jan 16 20:26:32 2018
elapsed time: 16 seconds (0d 0h 0m 16s)

