#
# There is insufficient memory for the Java Runtime Environment to continue.
# Native memory allocation (mmap) failed to map 262144 bytes for committing reserved memory.
# Possible reasons:
#   The system is out of physical RAM or swap space
#   In 32 bit mode, the process size limit was hit
# Possible solutions:
#   Reduce memory load on the system
#   Increase physical memory or swap space
#   Check if swap backing store is full
#   Use 64 bit Java on a 64 bit OS
#   Decrease Java heap size (-Xmx/-Xms)
#   Decrease number of Java threads
#   Decrease Java thread stack sizes (-Xss)
#   Set larger code cache with -XX:ReservedCodeCacheSize=
# This output file may be truncated or incomplete.
#
#  Out of Memory Error (os_linux.cpp:2651), pid=22317, tid=0x00007fc448cd9700
#
# JRE version: OpenJDK Runtime Environment (8.0_151-b12) (build 1.8.0_151-b12)
# Java VM: OpenJDK 64-Bit Server VM (25.151-b12 mixed mode linux-amd64 compressed oops)
# Failed to write core dump. Core dumps have been disabled. To enable core dumping, try "ulimit -c unlimited" before starting Java again
#

---------------  T H R E A D  ---------------

Current thread (0x00007fc4440b4720):  JavaThread "C1 CompilerThread1" daemon [_thread_in_vm, id=22343, stack(0x00007fc448bd9000,0x00007fc448cda000)]

Stack: [0x00007fc448bd9000,0x00007fc448cda000],  sp=0x00007fc448cd76f0,  free space=1017k
Native frames: (J=compiled Java code, j=interpreted, Vv=VM code, C=native code)
V  [libjvm.so+0xaafa5d]
V  [libjvm.so+0x4eb16a]
V  [libjvm.so+0x8ad2f8]
V  [libjvm.so+0x8a782e]
V  [libjvm.so+0xaac854]
V  [libjvm.so+0x83b8b3]
V  [libjvm.so+0x83bb31]
V  [libjvm.so+0x83cce0]
V  [libjvm.so+0x83cdcb]
V  [libjvm.so+0x83d54d]
V  [libjvm.so+0x83d6b7]
V  [libjvm.so+0x85603f]
V  [libjvm.so+0x844928]
V  [libjvm.so+0x42460d]
V  [libjvm.so+0x427bed]
V  [libjvm.so+0x371938]
V  [libjvm.so+0x371f72]
V  [libjvm.so+0x372b8f]
V  [libjvm.so+0x3701e6]
V  [libjvm.so+0x3706c7]
V  [libjvm.so+0x371b61]
V  [libjvm.so+0x371f72]
V  [libjvm.so+0x372b8f]
V  [libjvm.so+0x3701e6]
V  [libjvm.so+0x370674]
V  [libjvm.so+0x370a5d]
V  [libjvm.so+0x3769fa]
V  [libjvm.so+0x3776fd]
V  [libjvm.so+0x358ac8]
V  [libjvm.so+0x35a189]
V  [libjvm.so+0x35a59a]
V  [libjvm.so+0x35aa72]
V  [libjvm.so+0x35b7e7]
V  [libjvm.so+0x4a26c6]
V  [libjvm.so+0x4a362a]
V  [libjvm.so+0xa58f12]
V  [libjvm.so+0x8aa652]
C  [libpthread.so.0+0x7de5]  start_thread+0xc5


Current CompileTask:
C1:  18923 4417       2       org.apache.maven.model.merge.MavenModelMerger::mergeModel_IssueManagement (63 bytes)


---------------  P R O C E S S  ---------------

Java Threads: ( => current thread )
  0x00007fc4440c38f0 JavaThread "Service Thread" daemon [_thread_blocked, id=22344, stack(0x00007fc448ad8000,0x00007fc448bd9000)]
=>0x00007fc4440b4720 JavaThread "C1 CompilerThread1" daemon [_thread_in_vm, id=22343, stack(0x00007fc448bd9000,0x00007fc448cda000)]
  0x00007fc4440b2b80 JavaThread "C2 CompilerThread0" daemon [_thread_in_native, id=22342, stack(0x00007fc448cda000,0x00007fc448ddb000)]
  0x00007fc4440b1270 JavaThread "Signal Dispatcher" daemon [_thread_blocked, id=22341, stack(0x00007fc448ddb000,0x00007fc448edc000)]
  0x00007fc444088050 JavaThread "Finalizer" daemon [_thread_blocked, id=22340, stack(0x00007fc448edc000,0x00007fc448fdd000)]
  0x00007fc444083e20 JavaThread "Reference Handler" daemon [_thread_blocked, id=22339, stack(0x00007fc448fdd000,0x00007fc4490de000)]
  0x00007fc444008ef0 JavaThread "main" [_thread_in_vm, id=22337, stack(0x00007fc44d094000,0x00007fc44d195000)]

Other Threads:
  0x00007fc44407a8c0 VMThread [stack: 0x00007fc4490de000,0x00007fc4491df000] [id=22338]
  0x00007fc44401ae20 WatcherThread [stack: 0x00007fc4489d7000,0x00007fc448ad8000] [id=22345]

VM state:not at safepoint (normal execution)

VM Mutex/Monitor currently owned by a thread:  ([mutex/lock_event])
[0x00007fc4440073f0] MethodData_lock - owner thread: 0x00007fc4440b4720

Heap:
 def new generation   total 57664K, used 28208K [0x00000000f0800000, 0x00000000f4690000, 0x00000000f5aa0000)
  eden space 51264K,  55% used [0x00000000f0800000, 0x00000000f238c3c0, 0x00000000f3a10000)
  from space 6400K,   0% used [0x00000000f3a10000, 0x00000000f3a10000, 0x00000000f4050000)
  to   space 6400K,   0% used [0x00000000f4050000, 0x00000000f4050000, 0x00000000f4690000)
 tenured generation   total 128092K, used 76854K [0x00000000f5aa0000, 0x00000000fd7b7000, 0x0000000100000000)
   the space 128092K,  59% used [0x00000000f5aa0000, 0x00000000fa5ad898, 0x00000000fa5ada00, 0x00000000fd7b7000)
 Metaspace       used 27505K, capacity 28020K, committed 28160K, reserved 1075200K
  class space    used 3094K, capacity 3277K, committed 3328K, reserved 1048576K

Card table byte_map: [0x00007fc44d00f000,0x00007fc44d08c000] byte_map_base: 0x00007fc44c88b000

Polling page: 0x00007fc44d19e000

CodeCache: size=245760Kb used=11884Kb max_used=11884Kb free=233875Kb
 bounds [0x00007fc435000000, 0x00007fc435bb0000, 0x00007fc444000000]
 total_blobs=4581 nmethods=4173 adapters=321
 compilation: enabled

Compilation events (10 events):
Event: 18.820 Thread 0x00007fc4440b4720 nmethod 4412 0x00007fc435ba0c50 code [0x00007fc435ba0e00, 0x00007fc435ba1210]
Event: 18.820 Thread 0x00007fc4440b4720 4413       2       org.apache.maven.model.merge.MavenModelMerger::mergeModel_Licenses (28 bytes)
Event: 18.821 Thread 0x00007fc4440b4720 nmethod 4413 0x00007fc435ba1510 code [0x00007fc435ba16a0, 0x00007fc435ba1a10]
Event: 18.821 Thread 0x00007fc4440b4720 4414       2       org.apache.maven.model.merge.MavenModelMerger::mergeModel_MailingLists (28 bytes)
Event: 18.821 Thread 0x00007fc4440b4720 nmethod 4414 0x00007fc435ba1bd0 code [0x00007fc435ba1d60, 0x00007fc435ba20d0]
Event: 18.821 Thread 0x00007fc4440b4720 4415       2       org.apache.maven.model.merge.MavenModelMerger::mergeModel_Developers (28 bytes)
Event: 18.823 Thread 0x00007fc4440b4720 nmethod 4415 0x00007fc435ba2290 code [0x00007fc435ba2420, 0x00007fc435ba2790]
Event: 18.823 Thread 0x00007fc4440b4720 4416       2       org.apache.maven.model.merge.MavenModelMerger::mergeModel_Contributors (28 bytes)
Event: 18.824 Thread 0x00007fc4440b4720 nmethod 4416 0x00007fc435ba2950 code [0x00007fc435ba2ae0, 0x00007fc435ba2e50]
Event: 18.824 Thread 0x00007fc4440b4720 4417       2       org.apache.maven.model.merge.MavenModelMerger::mergeModel_IssueManagement (63 bytes)

GC Heap History (10 events):
Event: 14.217 GC heap before
{Heap before GC invocations=50 (full 3):
 def new generation   total 17280K, used 16700K [0x00000000f0800000, 0x00000000f1ab0000, 0x00000000f5aa0000)
  eden space 15424K, 100% used [0x00000000f0800000, 0x00000000f1710000, 0x00000000f1710000)
  from space 1856K,  68% used [0x00000000f1710000, 0x00000000f184f348, 0x00000000f18e0000)
  to   space 1856K,   0% used [0x00000000f18e0000, 0x00000000f18e0000, 0x00000000f1ab0000)
 tenured generation   total 38216K, used 28695K [0x00000000f5aa0000, 0x00000000f7ff2000, 0x0000000100000000)
   the space 38216K,  75% used [0x00000000f5aa0000, 0x00000000f76a5dd0, 0x00000000f76a5e00, 0x00000000f7ff2000)
 Metaspace       used 26065K, capacity 26524K, committed 26752K, reserved 1073152K
  class space    used 2938K, capacity 3081K, committed 3200K, reserved 1048576K
Event: 14.224 GC heap after
Heap after GC invocations=51 (full 3):
 def new generation   total 17280K, used 1855K [0x00000000f0800000, 0x00000000f1ab0000, 0x00000000f5aa0000)
  eden space 15424K,   0% used [0x00000000f0800000, 0x00000000f0800000, 0x00000000f1710000)
  from space 1856K,  99% used [0x00000000f18e0000, 0x00000000f1aafff0, 0x00000000f1ab0000)
  to   space 1856K,   0% used [0x00000000f1710000, 0x00000000f1710000, 0x00000000f18e0000)
 tenured generation   total 38216K, used 29885K [0x00000000f5aa0000, 0x00000000f7ff2000, 0x0000000100000000)
   the space 38216K,  78% used [0x00000000f5aa0000, 0x00000000f77cf6c0, 0x00000000f77cf800, 0x00000000f7ff2000)
 Metaspace       used 26065K, capacity 26524K, committed 26752K, reserved 1073152K
  class space    used 2938K, capacity 3081K, committed 3200K, reserved 1048576K
}
Event: 14.767 GC heap before
{Heap before GC invocations=51 (full 3):
 def new generation   total 17280K, used 10183K [0x00000000f0800000, 0x00000000f1ab0000, 0x00000000f5aa0000)
  eden space 15424K,  53% used [0x00000000f0800000, 0x00000000f1021f80, 0x00000000f1710000)
  from space 1856K,  99% used [0x00000000f18e0000, 0x00000000f1aafff0, 0x00000000f1ab0000)
  to   space 1856K,   0% used [0x00000000f1710000, 0x00000000f1710000, 0x00000000f18e0000)
 tenured generation   total 38216K, used 29885K [0x00000000f5aa0000, 0x00000000f7ff2000, 0x0000000100000000)
   the space 38216K,  78% used [0x00000000f5aa0000, 0x00000000f77cf6c0, 0x00000000f77cf800, 0x00000000f7ff2000)
 Metaspace       used 27231K, capacity 27700K, committed 27904K, reserved 1073152K
  class space    used 3065K, capacity 3213K, committed 3328K, reserved 1048576K
Event: 14.772 GC heap after
Heap after GC invocations=52 (full 3):
 def new generation   total 17280K, used 1403K [0x00000000f0800000, 0x00000000f1ab0000, 0x00000000f5aa0000)
  eden space 15424K,   0% used [0x00000000f0800000, 0x00000000f0800000, 0x00000000f1710000)
  from space 1856K,  75% used [0x00000000f1710000, 0x00000000f186ecc8, 0x00000000f18e0000)
  to   space 1856K,   0% used [0x00000000f18e0000, 0x00000000f18e0000, 0x00000000f1ab0000)
 tenured generation   total 38216K, used 30729K [0x00000000f5aa0000, 0x00000000f7ff2000, 0x0000000100000000)
   the space 38216K,  80% used [0x00000000f5aa0000, 0x00000000f78a2488, 0x00000000f78a2600, 0x00000000f7ff2000)
 Metaspace       used 27231K, capacity 27700K, committed 27904K, reserved 1073152K
  class space    used 3065K, capacity 3213K, committed 3328K, reserved 1048576K
}
Event: 14.778 GC heap before
{Heap before GC invocations=52 (full 3):
 def new generation   total 17280K, used 11472K [0x00000000f0800000, 0x00000000f1ab0000, 0x00000000f5aa0000)
  eden space 15424K,  65% used [0x00000000f0800000, 0x00000000f11d5588, 0x00000000f1710000)
  from space 1856K,  75% used [0x00000000f1710000, 0x00000000f186ecc8, 0x00000000f18e0000)
  to   space 1856K,   0% used [0x00000000f18e0000, 0x00000000f18e0000, 0x00000000f1ab0000)
 tenured generation   total 38216K, used 30729K [0x00000000f5aa0000, 0x00000000f7ff2000, 0x0000000100000000)
   the space 38216K,  80% used [0x00000000f5aa0000, 0x00000000f78a2488, 0x00000000f78a2600, 0x00000000f7ff2000)
 Metaspace       used 27238K, capacity 27700K, committed 27904K, reserved 1073152K
  class space    used 3066K, capacity 3213K, committed 3328K, reserved 1048576K
Event: 14.975 GC heap after
Heap after GC invocations=53 (full 4):
 def new generation   total 28224K, used 0K [0x00000000f0800000, 0x00000000f2690000, 0x00000000f5aa0000)
  eden space 25152K,   0% used [0x00000000f0800000, 0x00000000f0800000, 0x00000000f2090000)
  from space 3072K,   0% used [0x00000000f2090000, 0x00000000f2090000, 0x00000000f2390000)
  to   space 3072K,   0% used [0x00000000f2390000, 0x00000000f2390000, 0x00000000f2690000)
 tenured generation   total 62572K, used 37542K [0x00000000f5aa0000, 0x00000000f97bb000, 0x0000000100000000)
   the space 62572K,  59% used [0x00000000f5aa0000, 0x00000000f7f49bb0, 0x00000000f7f49c00, 0x00000000f97bb000)
 Metaspace       used 27238K, capacity 27700K, committed 27904K, reserved 1073152K
  class space    used 3066K, capacity 3213K, committed 3328K, reserved 1048576K
}
Event: 14.983 GC heap before
{Heap before GC invocations=53 (full 4):
 def new generation   total 28224K, used 20026K [0x00000000f0800000, 0x00000000f2690000, 0x00000000f5aa0000)
  eden space 25152K,  79% used [0x00000000f0800000, 0x00000000f1b8ea00, 0x00000000f2090000)
  from space 3072K,   0% used [0x00000000f2090000, 0x00000000f2090000, 0x00000000f2390000)
  to   space 3072K,   0% used [0x00000000f2390000, 0x00000000f2390000, 0x00000000f2690000)
 tenured generation   total 62572K, used 37542K [0x00000000f5aa0000, 0x00000000f97bb000, 0x0000000100000000)
   the space 62572K,  59% used [0x00000000f5aa0000, 0x00000000f7f49bb0, 0x00000000f7f49c00, 0x00000000f97bb000)
 Metaspace       used 27238K, capacity 27700K, committed 27904K, reserved 1073152K
  class space    used 3066K, capacity 3213K, committed 3328K, reserved 1048576K
Event: 15.008 GC heap after
Heap after GC invocations=54 (full 4):
 def new generation   total 28224K, used 16K [0x00000000f0800000, 0x00000000f2690000, 0x00000000f5aa0000)
  eden space 25152K,   0% used [0x00000000f0800000, 0x00000000f0800000, 0x00000000f2090000)
  from space 3072K,   0% used [0x00000000f2390000, 0x00000000f23943f0, 0x00000000f2690000)
  to   space 3072K,   0% used [0x00000000f2090000, 0x00000000f2090000, 0x00000000f2390000)
 tenured generation   total 62572K, used 57074K [0x00000000f5aa0000, 0x00000000f97bb000, 0x0000000100000000)
   the space 62572K,  91% used [0x00000000f5aa0000, 0x00000000f925c8d0, 0x00000000f925ca00, 0x00000000f97bb000)
 Metaspace       used 27238K, capacity 27700K, committed 27904K, reserved 1073152K
  class space    used 3066K, capacity 3213K, committed 3328K, reserved 1048576K
}
Event: 15.943 GC heap before
{Heap before GC invocations=54 (full 4):
 def new generation   total 28224K, used 21778K [0x00000000f0800000, 0x00000000f2690000, 0x00000000f5aa0000)
  eden space 25152K,  86% used [0x00000000f0800000, 0x00000000f1d40788, 0x00000000f2090000)
  from space 3072K,   0% used [0x00000000f2390000, 0x00000000f23943f0, 0x00000000f2690000)
  to   space 3072K,   0% used [0x00000000f2090000, 0x00000000f2090000, 0x00000000f2390000)
 tenured generation   total 62572K, used 57074K [0x00000000f5aa0000, 0x00000000f97bb000, 0x0000000100000000)
   the space 62572K,  91% used [0x00000000f5aa0000, 0x00000000f925c8d0, 0x00000000f925ca00, 0x00000000f97bb000)
 Metaspace       used 27474K, capacity 27956K, committed 28160K, reserved 1075200K
  class space    used 3093K, capacity 3277K, committed 3328K, reserved 1048576K
Event: 16.113 GC heap after
Heap after GC invocations=55 (full 5):
 def new generation   total 57664K, used 0K [0x00000000f0800000, 0x00000000f4690000, 0x00000000f5aa0000)
  eden space 51264K,   0% used [0x00000000f0800000, 0x00000000f0800000, 0x00000000f3a10000)
  from space 6400K,   0% used [0x00000000f3a10000, 0x00000000f3a10000, 0x00000000f4050000)
  to   space 6400K,   0% used [0x00000000f4050000, 0x00000000f4050000, 0x00000000f4690000)
 tenured generation   total 128092K, used 76854K [0x00000000f5aa0000, 0x00000000fd7b7000, 0x0000000100000000)
   the space 128092K,  59% used [0x00000000f5aa0000, 0x00000000fa5ad898, 0x00000000fa5ada00, 0x00000000fd7b7000)
 Metaspace       used 27474K, capacity 27956K, committed 28160K, reserved 1075200K
  class space    used 3093K, capacity 3277K, committed 3328K, reserved 1048576K
}

Deoptimization events (10 events):
Event: 10.454 Thread 0x00007fc444008ef0 Uncommon trap: reason=unstable_if action=reinterpret pc=0x00007fc4351e88c8 method=java.util.HashMap.putVal(ILjava/lang/Object;Ljava/lang/Object;ZZ)Ljava/lang/Object; @ 193
Event: 10.470 Thread 0x00007fc444008ef0 Uncommon trap: reason=unstable_if action=reinterpret pc=0x00007fc435809c30 method=java.nio.charset.CharsetDecoder.decode(Ljava/nio/ByteBuffer;Ljava/nio/CharBuffer;Z)Ljava/nio/charset/CoderResult; @ 1
Event: 10.638 Thread 0x00007fc444008ef0 Uncommon trap: reason=unstable_if action=reinterpret pc=0x00007fc435305c20 method=java.lang.CharacterDataLatin1.isWhitespace(I)Z @ 14
Event: 11.987 Thread 0x00007fc444008ef0 Uncommon trap: reason=bimorphic action=maybe_recompile pc=0x00007fc43575e8b8 method=java.util.HashMap.putVal(ILjava/lang/Object;Ljava/lang/Object;ZZ)Ljava/lang/Object; @ 253
Event: 11.997 Thread 0x00007fc444008ef0 Uncommon trap: reason=bimorphic action=maybe_recompile pc=0x00007fc43575e8b8 method=java.util.HashMap.putVal(ILjava/lang/Object;Ljava/lang/Object;ZZ)Ljava/lang/Object; @ 253
Event: 12.004 Thread 0x00007fc444008ef0 Uncommon trap: reason=bimorphic action=maybe_recompile pc=0x00007fc43575e8b8 method=java.util.HashMap.putVal(ILjava/lang/Object;Ljava/lang/Object;ZZ)Ljava/lang/Object; @ 253
Event: 12.206 Thread 0x00007fc444008ef0 Uncommon trap: reason=bimorphic action=maybe_recompile pc=0x00007fc43575e8b8 method=java.util.HashMap.putVal(ILjava/lang/Object;Ljava/lang/Object;ZZ)Ljava/lang/Object; @ 253
Event: 14.240 Thread 0x00007fc444008ef0 Uncommon trap: reason=unstable_if action=reinterpret pc=0x00007fc435b1e9d0 method=org.codehaus.plexus.classworlds.realm.Entry.matches(Ljava/lang/String;)Z @ 20
Event: 15.025 Thread 0x00007fc444008ef0 Uncommon trap: reason=unstable_if action=reinterpret pc=0x00007fc4351dc004 method=java.lang.StringCoding$StringEncoder.encode([CII)[B @ 20
Event: 15.034 Thread 0x00007fc444008ef0 Uncommon trap: reason=unstable_if action=reinterpret pc=0x00007fc435184d3c method=java.lang.StringCoding$StringEncoder.encode([CII)[B @ 20

Internal exceptions (10 events):
Event: 4.562 Thread 0x00007fc444008ef0 Implicit null exception at 0x00007fc43524d573 to 0x00007fc43524d941
Event: 4.562 Thread 0x00007fc444008ef0 Implicit null exception at 0x00007fc4351e4f36 to 0x00007fc4351e52ed
Event: 6.369 Thread 0x00007fc444008ef0 Implicit null exception at 0x00007fc4352e4575 to 0x00007fc4352e4759
Event: 6.369 Thread 0x00007fc444008ef0 Implicit null exception at 0x00007fc43531636f to 0x00007fc4353163d9
Event: 6.569 Thread 0x00007fc444008ef0 Implicit null exception at 0x00007fc4354061fb to 0x00007fc4354067cd
Event: 7.971 Thread 0x00007fc444008ef0 Implicit null exception at 0x00007fc4357ba63f to 0x00007fc4357ba8fd
Event: 9.464 Thread 0x00007fc444008ef0 Exception <a 'java/lang/ClassNotFoundException': com/sun/tools/javac/api/JavacTool> (0x00000000f08d1328) thrown at [/builddir/build/BUILD/java-1.8.0-openjdk-1.8.0.151-1.b12.35.amzn1.x86_64/openjdk/hotspot/src/share/vm/classfile/systemDictionary.cpp, line 
Event: 10.843 Thread 0x00007fc444008ef0 Exception <a 'java/io/FileNotFoundException'> (0x00000000f0c05b58) thrown at [/builddir/build/BUILD/java-1.8.0-openjdk-1.8.0.151-1.b12.35.amzn1.x86_64/openjdk/hotspot/src/share/vm/prims/jni.cpp, line 710]
Event: 10.860 Thread 0x00007fc444008ef0 Exception <a 'java/io/FileNotFoundException'> (0x00000000f0c555c0) thrown at [/builddir/build/BUILD/java-1.8.0-openjdk-1.8.0.151-1.b12.35.amzn1.x86_64/openjdk/hotspot/src/share/vm/prims/jni.cpp, line 710]
Event: 10.860 Thread 0x00007fc444008ef0 Exception <a 'java/io/FileNotFoundException'> (0x00000000f0c56418) thrown at [/builddir/build/BUILD/java-1.8.0-openjdk-1.8.0.151-1.b12.35.amzn1.x86_64/openjdk/hotspot/src/share/vm/prims/jni.cpp, line 710]

Events (10 events):
Event: 18.735 loading class org/apache/maven/artifact/handler/DefaultArtifactHandler
Event: 18.735 loading class org/apache/maven/artifact/handler/DefaultArtifactHandler done
Event: 18.735 loading class org/apache/maven/artifact/handler/DefaultArtifactHandler
Event: 18.735 loading class org/apache/maven/artifact/handler/DefaultArtifactHandler done
Event: 18.793 Thread 0x00007fc444008ef0 DEOPT PACKING pc=0x00007fc435665996 sp=0x00007fc44d1909f0
Event: 18.793 Thread 0x00007fc444008ef0 DEOPT UNPACKING pc=0x00007fc435047373 sp=0x00007fc44d1907a8 mode 0
Event: 18.801 Thread 0x00007fc444008ef0 DEOPT PACKING pc=0x00007fc435665996 sp=0x00007fc44d190430
Event: 18.801 Thread 0x00007fc444008ef0 DEOPT UNPACKING pc=0x00007fc435047373 sp=0x00007fc44d1901e8 mode 0
Event: 18.818 Thread 0x00007fc444008ef0 DEOPT PACKING pc=0x00007fc435665996 sp=0x00007fc44d191370
Event: 18.818 Thread 0x00007fc444008ef0 DEOPT UNPACKING pc=0x00007fc435047373 sp=0x00007fc44d191128 mode 0


Dynamic libraries:
00400000-00401000 r-xp 00000000 ca:01 271640                             /usr/lib/jvm/java-1.8.0-openjdk-1.8.0.151-1.b12.35.amzn1.x86_64/jre/bin/java
00600000-00601000 rw-p 00000000 ca:01 271640                             /usr/lib/jvm/java-1.8.0-openjdk-1.8.0.151-1.b12.35.amzn1.x86_64/jre/bin/java
01af0000-01b11000 rw-p 00000000 00:00 0                                  [heap]
f0800000-f4690000 rw-p 00000000 00:00 0 
f4690000-f5aa0000 ---p 00000000 00:00 0 
f5aa0000-fd7b7000 rw-p 00000000 00:00 0 
fd7b7000-100000000 ---p 00000000 00:00 0 
100000000-100340000 rw-p 00000000 00:00 0 
100340000-140000000 ---p 00000000 00:00 0 
7fc40c000000-7fc40c043000 rw-p 00000000 00:00 0 
7fc40c043000-7fc410000000 ---p 00000000 00:00 0 
7fc414000000-7fc415056000 rw-p 00000000 00:00 0 
7fc415056000-7fc418000000 ---p 00000000 00:00 0 
7fc418000000-7fc419022000 rw-p 00000000 00:00 0 
7fc419022000-7fc41c000000 ---p 00000000 00:00 0 
7fc41c000000-7fc41c021000 rw-p 00000000 00:00 0 
7fc41c021000-7fc420000000 ---p 00000000 00:00 0 
7fc42169e000-7fc42189e000 rw-p 00000000 00:00 0 
7fc4218d7000-7fc421917000 rw-p 00000000 00:00 0 
7fc421957000-7fc421ad7000 ---p 00000000 00:00 0 
7fc421ad7000-7fc428000000 r--p 00000000 ca:01 2733                       /usr/lib/locale/locale-archive
7fc428000000-7fc428021000 rw-p 00000000 00:00 0 
7fc428021000-7fc42c000000 ---p 00000000 00:00 0 
7fc42c000000-7fc42c021000 rw-p 00000000 00:00 0 
7fc42c021000-7fc430000000 ---p 00000000 00:00 0 
7fc430000000-7fc4300e1000 rw-p 00000000 00:00 0 
7fc4300e1000-7fc434000000 ---p 00000000 00:00 0 
7fc4340a8000-7fc4340ab000 ---p 00000000 00:00 0 
7fc4340ab000-7fc4343a9000 rw-p 00000000 00:00 0 
7fc4343a9000-7fc4343aa000 r--s 00002000 ca:01 289553                     /home/ec2-user/.m2/repository/org/apache/maven/shared/maven-mapping/3.0.0/maven-mapping-3.0.0.jar
7fc4343aa000-7fc4343ac000 r--s 00001000 ca:01 289551                     /home/ec2-user/.m2/repository/org/sonatype/plexus/plexus-build-api/0.0.7/plexus-build-api-0.0.7.jar
7fc4343ac000-7fc4343ae000 r--s 0000b000 ca:01 289549                     /home/ec2-user/.m2/repository/org/apache/maven/shared/maven-filtering/3.1.1/maven-filtering-3.1.1.jar
7fc4343ae000-7fc4343b2000 r--s 00039000 ca:01 397041                     /home/ec2-user/.m2/repository/org/codehaus/plexus/plexus-utils/3.0.24/plexus-utils-3.0.24.jar
7fc4343b2000-7fc4343b4000 r--s 00005000 ca:01 396341                     /home/ec2-user/.m2/repository/xpp3/xpp3_min/1.1.4c/xpp3_min-1.1.4c.jar
7fc4343b4000-7fc4343c2000 r--s 00079000 ca:01 289518                     /home/ec2-user/.m2/repository/com/thoughtworks/xstream/xstream/1.4.9/xstream-1.4.9.jar
7fc4343c2000-7fc4343c5000 r--s 00010000 ca:01 406568                     /home/ec2-user/.m2/repository/org/codehaus/plexus/plexus-interpolation/1.22/plexus-interpolation-1.22.jar
7fc4343c5000-7fc4343c9000 r--s 00015000 ca:01 397205                     /home/ec2-user/.m2/repository/org/tukaani/xz/1.5/xz-1.5.jar
7fc4343c9000-7fc4343cb000 r--s 0000d000 ca:01 396459                     /home/ec2-user/.m2/repository/org/iq80/snappy/snappy/0.4/snappy-0.4.jar
7fc4343cb000-7fc4343d3000 r--s 00060000 ca:01 397642                     /home/ec2-user/.m2/repository/org/apache/commons/commons-compress/1.11/commons-compress-1.11.jar
7fc4343d3000-7fc4343d6000 r--s 00012000 ca:01 396857                     /home/ec2-user/.m2/repository/org/codehaus/plexus/plexus-io/2.7.1/plexus-io-2.7.1.jar
7fc4343d6000-7fc4345d6000 rw-p 00000000 00:00 0 
7fc4345d6000-7fc4347d6000 rw-p 00000000 00:00 0 
7fc4347d6000-7fc4349d6000 rw-p 00000000 00:00 0 
7fc4349d6000-7fc4349e8000 r-xp 00000000 ca:01 271677                     /usr/lib/jvm/java-1.8.0-openjdk-1.8.0.151-1.b12.35.amzn1.x86_64/jre/lib/amd64/libnio.so
7fc4349e8000-7fc434be7000 ---p 00012000 ca:01 271677                     /usr/lib/jvm/java-1.8.0-openjdk-1.8.0.151-1.b12.35.amzn1.x86_64/jre/lib/amd64/libnio.so
7fc434be7000-7fc434be8000 rw-p 00011000 ca:01 271677                     /usr/lib/jvm/java-1.8.0-openjdk-1.8.0.151-1.b12.35.amzn1.x86_64/jre/lib/amd64/libnio.so
7fc434be8000-7fc434bff000 r-xp 00000000 ca:01 271676                     /usr/lib/jvm/java-1.8.0-openjdk-1.8.0.151-1.b12.35.amzn1.x86_64/jre/lib/amd64/libnet.so
7fc434bff000-7fc434dff000 ---p 00017000 ca:01 271676                     /usr/lib/jvm/java-1.8.0-openjdk-1.8.0.151-1.b12.35.amzn1.x86_64/jre/lib/amd64/libnet.so
7fc434dff000-7fc434e00000 rw-p 00017000 ca:01 271676                     /usr/lib/jvm/java-1.8.0-openjdk-1.8.0.151-1.b12.35.amzn1.x86_64/jre/lib/amd64/libnet.so
7fc434e00000-7fc435000000 rw-p 00000000 00:00 0 
7fc435000000-7fc435bb0000 rwxp 00000000 00:00 0 
7fc435bb0000-7fc444000000 ---p 00000000 00:00 0 
7fc444000000-7fc445055000 rw-p 00000000 00:00 0 
7fc445055000-7fc448000000 ---p 00000000 00:00 0 
7fc448000000-7fc448001000 r--s 00001000 ca:01 289543                     /home/ec2-user/.m2/repository/xmlpull/xmlpull/1.1.3.1/xmlpull-1.1.3.1.jar
7fc448001000-7fc448006000 r--s 00029000 ca:01 396644                     /home/ec2-user/.m2/repository/org/codehaus/plexus/plexus-archiver/3.4/plexus-archiver-3.4.jar
7fc448006000-7fc44800a000 r--s 0002f000 ca:01 141584                     /home/ec2-user/.m2/repository/commons-io/commons-io/2.5/commons-io-2.5.jar
7fc44800a000-7fc44800d000 r--s 00023000 ca:01 398897                     /home/ec2-user/.m2/repository/org/apache/maven/shared/maven-shared-utils/3.0.1/maven-shared-utils-3.0.1.jar
7fc44800d000-7fc44800e000 r--s 00005000 ca:01 397863                     /home/ec2-user/.m2/repository/org/apache/maven/maven-archiver/3.1.1/maven-archiver-3.1.1.jar
7fc44800e000-7fc448010000 r--s 00000000 ca:01 396824                     /home/ec2-user/.m2/repository/org/codehaus/plexus/plexus-component-annotations/1.6/plexus-component-annotations-1.6.jar
7fc448010000-7fc448014000 r--s 00017000 ca:01 397324                     /home/ec2-user/.m2/repository/org/sonatype/aether/aether-util/1.7/aether-util-1.7.jar
7fc448014000-7fc44801f000 r--s 00069000 ca:01 397254                     /home/ec2-user/.m2/repository/org/sonatype/sisu/sisu-guice/2.1.7/sisu-guice-2.1.7-noaop.jar
7fc44801f000-7fc448024000 r--s 00021000 ca:01 397268                     /home/ec2-user/.m2/repository/org/sonatype/sisu/sisu-inject-bean/1.4.2/sisu-inject-bean-1.4.2.jar
7fc448024000-7fc448026000 r--s 00014000 ca:01 406614                     /home/ec2-user/.m2/repository/org/apache/maven/plugins/maven-war-plugin/3.0.0/maven-war-plugin-3.0.0.jar
7fc448026000-7fc448028000 r--s 00002000 ca:01 429613                     /home/ec2-user/.m2/repository/org/apache/maven/plugin-tools/maven-plugin-annotations/3.3/maven-plugin-annotations-3.3.jar
7fc448028000-7fc44802d000 r--s 00020000 ca:01 429602                     /home/ec2-user/.m2/repository/org/apache/maven/surefire/surefire-api/2.18.1/surefire-api-2.18.1.jar
7fc44802d000-7fc448033000 r--s 00048000 ca:01 397655                     /home/ec2-user/.m2/repository/org/apache/commons/commons-lang3/3.1/commons-lang3-3.1.jar
7fc448033000-7fc448034000 r--s 00002000 ca:01 398226                     /home/ec2-user/.m2/repository/org/apache/maven/reporting/maven-reporting-api/3.0/maven-reporting-api-3.0.jar
7fc448034000-7fc448036000 r--s 00008000 ca:01 429595                     /home/ec2-user/.m2/repository/org/apache/maven/surefire/surefire-booter/2.18.1/surefire-booter-2.18.1.jar
7fc448036000-7fc44803c000 r--s 0003e000 ca:01 429581                     /home/ec2-user/.m2/repository/org/apache/maven/surefire/maven-surefire-common/2.18.1/maven-surefire-common-2.18.1.jar
7fc44803c000-7fc44803e000 r--s 00008000 ca:01 424567                     /home/ec2-user/.m2/repository/org/apache/maven/plugins/maven-surefire-plugin/2.18.1/maven-surefire-plugin-2.18.1.jar
7fc44803e000-7fc4480b8000 r--s 012bd000 ca:01 271835                     /usr/lib/jvm/java-1.8.0-openjdk-1.8.0.151-1.b12.35.amzn1.x86_64/lib/tools.jar
7fc4480b8000-7fc4480bb000 r--s 0001b000 ca:01 396313                     /home/ec2-user/.m2/repository/junit/junit/3.8.2/junit-3.8.2.jar
7fc4480bb000-7fc4480c9000 r--s 0008f000 ca:01 399497                     /home/ec2-user/.m2/repository/com/google/collections/google-collections/1.0/google-collections-1.0.jar
7fc4480c9000-7fc4480ca000 r--s 0000a000 ca:01 399189                     /home/ec2-user/.m2/repository/commons-logging/commons-logging-api/1.1/commons-logging-api-1.1.jar
7fc4480ca000-7fc4480d1000 r--s 00051000 ca:01 399451                     /home/ec2-user/.m2/repository/log4j/log4j/1.2.12/log4j-1.2.12.jar
7fc4480d1000-7fc4480d5000 r--s 0001d000 ca:01 397670                     /home/ec2-user/.m2/repository/org/apache/xbean/xbean-reflect/3.4/xbean-reflect-3.4.jar
7fc4480d5000-7fc4480d6000 r--s 00004000 ca:01 396634                     /home/ec2-user/.m2/repository/org/codehaus/plexus/plexus-compiler-javac/2.5/plexus-compiler-javac-2.5.jar
7fc4480d6000-7fc4480d8000 r--s 00000000 ca:01 396608                     /home/ec2-user/.m2/repository/org/codehaus/plexus/plexus-compiler-manager/2.5/plexus-compiler-manager-2.5.jar
7fc4480d8000-7fc4480da000 r--s 00005000 ca:01 396560                     /home/ec2-user/.m2/repository/org/codehaus/plexus/plexus-compiler-api/2.5/plexus-compiler-api-2.5.jar
7fc4480da000-7fc4480dc000 r--s 00000000 ca:01 396832                     /home/ec2-user/.m2/repository/org/codehaus/plexus/plexus-component-annotations/1.5.5/plexus-component-annotations-1.5.5.jar
7fc4480dc000-7fc4480de000 r--s 00002000 ca:01 398943                     /home/ec2-user/.m2/repository/org/apache/maven/shared/maven-shared-incremental/1.1/maven-shared-incremental-1.1.jar
7fc4480de000-7fc4480e0000 r--s 00006000 ca:01 399514                     /home/ec2-user/.m2/repository/com/google/code/findbugs/jsr305/2.0.1/jsr305-2.0.1.jar
7fc4480e0000-7fc4480e4000 r--s 00026000 ca:01 398931                     /home/ec2-user/.m2/repository/org/apache/maven/shared/maven-shared-utils/0.7/maven-shared-utils-0.7.jar
7fc4480e4000-7fc4480e6000 r--s 00002000 ca:01 397344                     /home/ec2-user/.m2/repository/org/sonatype/plexus/plexus-cipher/1.4/plexus-cipher-1.4.jar
7fc4480e6000-7fc4480e7000 r--s 00006000 ca:01 397331                     /home/ec2-user/.m2/repository/org/sonatype/plexus/plexus-sec-dispatcher/1.3/plexus-sec-dispatcher-1.3.jar
7fc4480e7000-7fc4480ef000 r--s 00049000 ca:01 399693                     /home/ec2-user/.m2/repository/backport-util-concurrent/backport-util-concurrent/3.1/backport-util-concurrent-3.1.jar
7fc4480ef000-7fc4480f1000 r--s 00003000 ca:01 397193                     /home/ec2-user/.m2/repository/org/slf4j/jcl-over-slf4j/1.5.6/jcl-over-slf4j-1.5.6.jar
7fc4480f1000-7fc4480f3000 r--s 00001000 ca:01 397164                     /home/ec2-user/.m2/repository/org/slf4j/slf4j-jdk14/1.5.6/slf4j-jdk14-1.5.6.jar
7fc4480f3000-7fc4480f5000 r--s 0000b000 ca:01 396993                     /home/ec2-user/.m2/repository/org/codehaus/plexus/plexus-interpolation/1.11/plexus-interpolation-1.11.jar
7fc4480f5000-7fc4480f9000 r--s 00034000 ca:01 397003                     /home/ec2-user/.m2/repository/org/codehaus/plexus/plexus-utils/1.5.15/plexus-utils-1.5.15.jar
7fc4480f9000-7fc4480fb000 r--s 0000a000 ca:01 398070                     /home/ec2-user/.m2/repository/org/apache/maven/plugins/maven-compiler-plugin/3.3/maven-compiler-plugin-3.3.jar
7fc4480fb000-7fc4480fd000 r--s 0000d000 ca:01 397000                     /home/ec2-user/.m2/repository/org/codehaus/plexus/plexus-interpolation/1.13/plexus-interpolation-1.13.jar
7fc4480fd000-7fc4480fe000 r--s 00001000 ca:01 397340                     /home/ec2-user/.m2/repository/org/sonatype/plexus/plexus-build-api/0.0.4/plexus-build-api-0.0.4.jar
7fc4480fe000-7fc448100000 r--s 00009000 ca:01 398859                     /home/ec2-user/.m2/repository/org/apache/maven/shared/maven-filtering/1.1/maven-filtering-1.1.jar
7fc448100000-7fc448104000 r--s 00033000 ca:01 397053                     /home/ec2-user/.m2/repository/org/codehaus/plexus/plexus-utils/2.0.5/plexus-utils-2.0.5.jar
7fc448104000-7fc448107000 r--s 0001b000 ca:01 396333                     /home/ec2-user/.m2/repository/junit/junit/3.8.1/junit-3.8.1.jar
7fc448107000-7fc448109000 r--s 00002000 ca:01 396670                     /home/ec2-user/.m2/repository/org/codehaus/plexus/plexus-interactivity-api/1.0-alpha-4/plexus-interactivity-api-1.0-alpha-4.jar
7fc448109000-7fc44810b000 r--s 00006000 ca:01 399685                     /home/ec2-user/.m2/repository/commons-cli/commons-cli/1.0/commons-cli-1.0.jar
7fc44810b000-7fc44810c000 r--s 00001000 ca:01 398486                     /home/ec2-user/.m2/repository/org/apache/maven/doxia/doxia-sink-api/1.0-alpha-7/doxia-sink-api-1.0-alpha-7.jar
7fc44810c000-7fc44810d000 r--s 00002000 ca:01 398233                     /home/ec2-user/.m2/repository/org/apache/maven/reporting/maven-reporting-api/2.0.6/maven-reporting-api-2.0.6.jar
7fc44810d000-7fc44810f000 r--s 00006000 ca:01 398058                     /home/ec2-user/.m2/repository/org/apache/maven/plugins/maven-resources-plugin/2.6/maven-resources-plugin-2.6.jar
7fc44810f000-7fc448114000 r--s 000b3000 ca:01 271726                     /usr/lib/jvm/java-1.8.0-openjdk-1.8.0.151-1.b12.35.amzn1.x86_64/jre/lib/jsse.jar
7fc448114000-7fc448314000 rw-p 00000000 00:00 0 
7fc448314000-7fc448514000 rw-p 00000000 00:00 0 
7fc448514000-7fc448518000 r--s 0003c000 ca:01 15215                      /home/ec2-user/apache-maven-3.5.2/lib/plexus-utils-3.1.0.jar
7fc448518000-7fc44851b000 r--s 00011000 ca:01 15219                      /home/ec2-user/apache-maven-3.5.2/lib/plexus-interpolation-1.24.jar
7fc44851b000-7fc44851d000 r-xp 00000000 ca:01 2725                       /lib64/libutil-2.17.so
7fc44851d000-7fc44871c000 ---p 00002000 ca:01 2725                       /lib64/libutil-2.17.so
7fc44871c000-7fc44871d000 r--p 00001000 ca:01 2725                       /lib64/libutil-2.17.so
7fc44871d000-7fc44871e000 rw-p 00002000 ca:01 2725                       /lib64/libutil-2.17.so
7fc44871e000-7fc44871f000 r--s 00006000 ca:01 15225                      /home/ec2-user/apache-maven-3.5.2/lib/maven-repository-metadata-3.5.2.jar
7fc44871f000-7fc448723000 r--s 00023000 ca:01 15238                      /home/ec2-user/apache-maven-3.5.2/lib/maven-resolver-util-1.1.0.jar
7fc448723000-7fc448726000 r-xp 00000000 ca:01 15192                      /home/ec2-user/apache-maven-3.5.2/lib/jansi-native/linux64/libjansi.so
7fc448726000-7fc448925000 ---p 00003000 ca:01 15192                      /home/ec2-user/apache-maven-3.5.2/lib/jansi-native/linux64/libjansi.so
7fc448925000-7fc448926000 rw-p 00002000 ca:01 15192                      /home/ec2-user/apache-maven-3.5.2/lib/jansi-native/linux64/libjansi.so
7fc448926000-7fc448927000 r--s 00003000 ca:01 15217                      /home/ec2-user/apache-maven-3.5.2/lib/maven-builder-support-3.5.2.jar
7fc448927000-7fc44892a000 r--s 00008000 ca:01 15229                      /home/ec2-user/apache-maven-3.5.2/lib/cdi-api-1.0.jar
7fc44892a000-7fc44892c000 r--s 0000f000 ca:01 15235                      /home/ec2-user/apache-maven-3.5.2/lib/maven-resolver-provider-3.5.2.jar
7fc44892c000-7fc44892d000 r--s 00006000 ca:01 15221                      /home/ec2-user/apache-maven-3.5.2/lib/plexus-sec-dispatcher-1.4.jar
7fc44892d000-7fc448931000 r--s 0002f000 ca:01 15241                      /home/ec2-user/apache-maven-3.5.2/lib/commons-io-2.5.jar
7fc448931000-7fc448932000 r--s 00001000 ca:01 15230                      /home/ec2-user/apache-maven-3.5.2/lib/jsr250-api-1.0.jar
7fc448932000-7fc448936000 r--s 00020000 ca:01 15236                      /home/ec2-user/apache-maven-3.5.2/lib/maven-resolver-api-1.1.0.jar
7fc448936000-7fc44893d000 r--s 00056000 ca:01 15232                      /home/ec2-user/apache-maven-3.5.2/lib/org.eclipse.sisu.inject-0.3.3.jar
7fc44893d000-7fc44893f000 r--s 00002000 ca:01 15222                      /home/ec2-user/apache-maven-3.5.2/lib/plexus-cipher-1.7.jar
7fc44893f000-7fc448942000 r--s 0003c000 ca:01 15254                      /home/ec2-user/apache-maven-3.5.2/lib/jansi-1.16.jar
7fc448942000-7fc448946000 r--s 0002a000 ca:01 15239                      /home/ec2-user/apache-maven-3.5.2/lib/maven-resolver-impl-1.1.0.jar
7fc448946000-7fc448948000 r--s 0000c000 ca:01 15245                      /home/ec2-user/apache-maven-3.5.2/lib/commons-cli-1.4.jar
7fc448948000-7fc44894a000 r--s 0000a000 ca:01 15227                      /home/ec2-user/apache-maven-3.5.2/lib/maven-plugin-api-3.5.2.jar
7fc44894a000-7fc44894d000 r--s 00026000 ca:01 15224                      /home/ec2-user/apache-maven-3.5.2/lib/maven-model-3.5.2.jar
7fc44894d000-7fc448950000 r--s 00025000 ca:01 15240                      /home/ec2-user/apache-maven-3.5.2/lib/maven-shared-utils-3.1.0.jar
7fc448950000-7fc448952000 r--s 00009000 ca:01 15251                      /home/ec2-user/apache-maven-3.5.2/lib/maven-resolver-connector-basic-1.1.0.jar
7fc448952000-7fc44895f000 r--s 0008d000 ca:01 15223                      /home/ec2-user/apache-maven-3.5.2/lib/maven-core-3.5.2.jar
7fc44895f000-7fc448962000 r--s 00015000 ca:01 15213                      /home/ec2-user/apache-maven-3.5.2/lib/maven-embedder-3.5.2.jar
7fc448962000-7fc448964000 r--s 00009000 ca:01 15216                      /home/ec2-user/apache-maven-3.5.2/lib/maven-settings-builder-3.5.2.jar
7fc448964000-7fc448968000 r--s 00028000 ca:01 15233                      /home/ec2-user/apache-maven-3.5.2/lib/maven-model-builder-3.5.2.jar
7fc448968000-7fc44896e000 r--s 0002d000 ca:01 15228                      /home/ec2-user/apache-maven-3.5.2/lib/org.eclipse.sisu.plexus-0.3.3.jar
7fc44896e000-7fc44896f000 r--s 00005000 ca:01 15253                      /home/ec2-user/apache-maven-3.5.2/lib/maven-slf4j-provider-3.5.2.jar
7fc44896f000-7fc448970000 r--s 00002000 ca:01 15250                      /home/ec2-user/apache-maven-3.5.2/lib/wagon-file-2.12.jar
7fc448970000-7fc448972000 r--s 0000c000 ca:01 15247                      /home/ec2-user/apache-maven-3.5.2/lib/wagon-provider-api-2.12.jar
7fc448972000-7fc448974000 r--s 00007000 ca:01 15237                      /home/ec2-user/apache-maven-3.5.2/lib/maven-resolver-spi-1.1.0.jar
7fc448974000-7fc44897c000 r--s 0006e000 ca:01 15218                      /home/ec2-user/apache-maven-3.5.2/lib/commons-lang3-3.5.jar
7fc44897c000-7fc4489a8000 r--s 001e6000 ca:01 15248                      /home/ec2-user/apache-maven-3.5.2/lib/wagon-http-2.12-shaded.jar
7fc4489a8000-7fc4489d7000 r--s 00226000 ca:01 15234                      /home/ec2-user/apache-maven-3.5.2/lib/guava-20.0.jar
7fc4489d7000-7fc4489d8000 ---p 00000000 00:00 0 
7fc4489d8000-7fc448ad8000 rw-p 00000000 00:00 0 
7fc448ad8000-7fc448adb000 ---p 00000000 00:00 0 
7fc448adb000-7fc448bd9000 rw-p 00000000 00:00 0 
7fc448bd9000-7fc448bdc000 ---p 00000000 00:00 0 
7fc448bdc000-7fc448cda000 rw-p 00000000 00:00 0 
7fc448cda000-7fc448cdd000 ---p 00000000 00:00 0 
7fc448cdd000-7fc448ddb000 rw-p 00000000 00:00 0 
7fc448ddb000-7fc448dde000 ---p 00000000 00:00 0 
7fc448dde000-7fc448edc000 rw-p 00000000 00:00 0 
7fc448edc000-7fc448edf000 ---p 00000000 00:00 0 
7fc448edf000-7fc448fdd000 rw-p 00000000 00:00 0 
7fc448fdd000-7fc448fe0000 ---p 00000000 00:00 0 
7fc448fe0000-7fc4490de000 rw-p 00000000 00:00 0 
7fc4490de000-7fc4490df000 ---p 00000000 00:00 0 
7fc4490df000-7fc44922d000 rw-p 00000000 00:00 0 
7fc44922d000-7fc4493fc000 r--s 043ff000 ca:01 271740                     /usr/lib/jvm/java-1.8.0-openjdk-1.8.0.151-1.b12.35.amzn1.x86_64/jre/lib/rt.jar
7fc4493fc000-7fc449cf5000 rw-p 00000000 00:00 0 
7fc449cf5000-7fc449d24000 rw-p 00000000 00:00 0 
7fc449d24000-7fc44a0b5000 ---p 00000000 00:00 0 
7fc44a0b5000-7fc44a0bd000 r-xp 00000000 ca:01 271684                     /usr/lib/jvm/java-1.8.0-openjdk-1.8.0.151-1.b12.35.amzn1.x86_64/jre/lib/amd64/libzip.so
7fc44a0bd000-7fc44a2bd000 ---p 00008000 ca:01 271684                     /usr/lib/jvm/java-1.8.0-openjdk-1.8.0.151-1.b12.35.amzn1.x86_64/jre/lib/amd64/libzip.so
7fc44a2bd000-7fc44a2be000 rw-p 00008000 ca:01 271684                     /usr/lib/jvm/java-1.8.0-openjdk-1.8.0.151-1.b12.35.amzn1.x86_64/jre/lib/amd64/libzip.so
7fc44a2be000-7fc44a2ca000 r-xp 00000000 ca:01 2709                       /lib64/libnss_files-2.17.so
7fc44a2ca000-7fc44a4c9000 ---p 0000c000 ca:01 2709                       /lib64/libnss_files-2.17.so
7fc44a4c9000-7fc44a4ca000 r--p 0000b000 ca:01 2709                       /lib64/libnss_files-2.17.so
7fc44a4ca000-7fc44a4cb000 rw-p 0000c000 ca:01 2709                       /lib64/libnss_files-2.17.so
7fc44a4cb000-7fc44a4d1000 rw-p 00000000 00:00 0 
7fc44a4d1000-7fc44a4fe000 r-xp 00000000 ca:01 271666                     /usr/lib/jvm/java-1.8.0-openjdk-1.8.0.151-1.b12.35.amzn1.x86_64/jre/lib/amd64/libjava.so
7fc44a4fe000-7fc44a6fe000 ---p 0002d000 ca:01 271666                     /usr/lib/jvm/java-1.8.0-openjdk-1.8.0.151-1.b12.35.amzn1.x86_64/jre/lib/amd64/libjava.so
7fc44a6fe000-7fc44a700000 rw-p 0002d000 ca:01 271666                     /usr/lib/jvm/java-1.8.0-openjdk-1.8.0.151-1.b12.35.amzn1.x86_64/jre/lib/amd64/libjava.so
7fc44a700000-7fc44a70d000 r-xp 00000000 ca:01 271683                     /usr/lib/jvm/java-1.8.0-openjdk-1.8.0.151-1.b12.35.amzn1.x86_64/jre/lib/amd64/libverify.so
7fc44a70d000-7fc44a90c000 ---p 0000d000 ca:01 271683                     /usr/lib/jvm/java-1.8.0-openjdk-1.8.0.151-1.b12.35.amzn1.x86_64/jre/lib/amd64/libverify.so
7fc44a90c000-7fc44a90e000 rw-p 0000c000 ca:01 271683                     /usr/lib/jvm/java-1.8.0-openjdk-1.8.0.151-1.b12.35.amzn1.x86_64/jre/lib/amd64/libverify.so
7fc44a90e000-7fc44a915000 r-xp 00000000 ca:01 2721                       /lib64/librt-2.17.so
7fc44a915000-7fc44ab14000 ---p 00007000 ca:01 2721                       /lib64/librt-2.17.so
7fc44ab14000-7fc44ab15000 r--p 00006000 ca:01 2721                       /lib64/librt-2.17.so
7fc44ab15000-7fc44ab16000 rw-p 00007000 ca:01 2721                       /lib64/librt-2.17.so
7fc44ab16000-7fc44ab2c000 r-xp 00000000 ca:01 2617                       /lib64/libgcc_s-6.4.1-20170727.so.1
7fc44ab2c000-7fc44ad2b000 ---p 00016000 ca:01 2617                       /lib64/libgcc_s-6.4.1-20170727.so.1
7fc44ad2b000-7fc44ad2c000 rw-p 00015000 ca:01 2617                       /lib64/libgcc_s-6.4.1-20170727.so.1
7fc44ad2c000-7fc44ae2d000 r-xp 00000000 ca:01 2699                       /lib64/libm-2.17.so
7fc44ae2d000-7fc44b02c000 ---p 00101000 ca:01 2699                       /lib64/libm-2.17.so
7fc44b02c000-7fc44b02d000 r--p 00100000 ca:01 2699                       /lib64/libm-2.17.so
7fc44b02d000-7fc44b02e000 rw-p 00101000 ca:01 2699                       /lib64/libm-2.17.so
7fc44b02e000-7fc44b1a1000 r-xp 00000000 ca:01 2936                       /usr/lib64/libstdc++.so.6.0.22
7fc44b1a1000-7fc44b3a1000 ---p 00173000 ca:01 2936                       /usr/lib64/libstdc++.so.6.0.22
7fc44b3a1000-7fc44b3ab000 r--p 00173000 ca:01 2936                       /usr/lib64/libstdc++.so.6.0.22
7fc44b3ab000-7fc44b3ad000 rw-p 0017d000 ca:01 2936                       /usr/lib64/libstdc++.so.6.0.22
7fc44b3ad000-7fc44b3b1000 rw-p 00000000 00:00 0 
7fc44b3b1000-7fc44c071000 r-xp 00000000 ca:01 271688                     /usr/lib/jvm/java-1.8.0-openjdk-1.8.0.151-1.b12.35.amzn1.x86_64/jre/lib/amd64/server/libjvm.so
7fc44c071000-7fc44c271000 ---p 00cc0000 ca:01 271688                     /usr/lib/jvm/java-1.8.0-openjdk-1.8.0.151-1.b12.35.amzn1.x86_64/jre/lib/amd64/server/libjvm.so
7fc44c271000-7fc44c345000 rw-p 00cc0000 ca:01 271688                     /usr/lib/jvm/java-1.8.0-openjdk-1.8.0.151-1.b12.35.amzn1.x86_64/jre/lib/amd64/server/libjvm.so
7fc44c345000-7fc44c377000 rw-p 00000000 00:00 0 
7fc44c377000-7fc44c531000 r-xp 00000000 ca:01 2691                       /lib64/libc-2.17.so
7fc44c531000-7fc44c730000 ---p 001ba000 ca:01 2691                       /lib64/libc-2.17.so
7fc44c730000-7fc44c734000 r--p 001b9000 ca:01 2691                       /lib64/libc-2.17.so
7fc44c734000-7fc44c736000 rw-p 001bd000 ca:01 2691                       /lib64/libc-2.17.so
7fc44c736000-7fc44c73b000 rw-p 00000000 00:00 0 
7fc44c73b000-7fc44c73d000 r-xp 00000000 ca:01 2697                       /lib64/libdl-2.17.so
7fc44c73d000-7fc44c93d000 ---p 00002000 ca:01 2697                       /lib64/libdl-2.17.so
7fc44c93d000-7fc44c93e000 r--p 00002000 ca:01 2697                       /lib64/libdl-2.17.so
7fc44c93e000-7fc44c93f000 rw-p 00003000 ca:01 2697                       /lib64/libdl-2.17.so
7fc44c93f000-7fc44c94d000 r-xp 00000000 ca:01 271653                     /usr/lib/jvm/java-1.8.0-openjdk-1.8.0.151-1.b12.35.amzn1.x86_64/jre/lib/amd64/jli/libjli.so
7fc44c94d000-7fc44cb4c000 ---p 0000e000 ca:01 271653                     /usr/lib/jvm/java-1.8.0-openjdk-1.8.0.151-1.b12.35.amzn1.x86_64/jre/lib/amd64/jli/libjli.so
7fc44cb4c000-7fc44cb4d000 rw-p 0000d000 ca:01 271653                     /usr/lib/jvm/java-1.8.0-openjdk-1.8.0.151-1.b12.35.amzn1.x86_64/jre/lib/amd64/jli/libjli.so
7fc44cb4d000-7fc44cb62000 r-xp 00000000 ca:01 2837                       /lib64/libz.so.1.2.8
7fc44cb62000-7fc44cd61000 ---p 00015000 ca:01 2837                       /lib64/libz.so.1.2.8
7fc44cd61000-7fc44cd62000 r--p 00014000 ca:01 2837                       /lib64/libz.so.1.2.8
7fc44cd62000-7fc44cd63000 rw-p 00015000 ca:01 2837                       /lib64/libz.so.1.2.8
7fc44cd63000-7fc44cd7a000 r-xp 00000000 ca:01 2717                       /lib64/libpthread-2.17.so
7fc44cd7a000-7fc44cf79000 ---p 00017000 ca:01 2717                       /lib64/libpthread-2.17.so
7fc44cf79000-7fc44cf7a000 r--p 00016000 ca:01 2717                       /lib64/libpthread-2.17.so
7fc44cf7a000-7fc44cf7b000 rw-p 00017000 ca:01 2717                       /lib64/libpthread-2.17.so
7fc44cf7b000-7fc44cf7f000 rw-p 00000000 00:00 0 
7fc44cf7f000-7fc44cfa0000 r-xp 00000000 ca:01 2684                       /lib64/ld-2.17.so
7fc44cfa0000-7fc44cfa2000 r--s 00006000 ca:01 15252                      /home/ec2-user/apache-maven-3.5.2/lib/maven-resolver-transport-wagon-1.1.0.jar
7fc44cfa2000-7fc44cfa3000 r--s 00000000 ca:01 15231                      /home/ec2-user/apache-maven-3.5.2/lib/javax.inject-1.jar
7fc44cfa3000-7fc44cfa5000 r--s 00000000 ca:01 15220                      /home/ec2-user/apache-maven-3.5.2/lib/plexus-component-annotations-1.7.1.jar
7fc44cfa5000-7fc44cfa7000 r--s 00000000 ca:01 15243                      /home/ec2-user/apache-maven-3.5.2/lib/aopalliance-1.0.jar
7fc44cfa7000-7fc44cfa9000 r--s 0000c000 ca:01 15226                      /home/ec2-user/apache-maven-3.5.2/lib/maven-artifact-3.5.2.jar
7fc44cfa9000-7fc44cfaf000 r--s 00041000 ca:01 15246                      /home/ec2-user/apache-maven-3.5.2/lib/maven-compat-3.5.2.jar
7fc44cfaf000-7fc44cfb1000 r--s 00009000 ca:01 15244                      /home/ec2-user/apache-maven-3.5.2/lib/slf4j-api-1.7.25.jar
7fc44cfb1000-7fc44cfba000 r--s 0005f000 ca:01 15242                      /home/ec2-user/apache-maven-3.5.2/lib/guice-4.0-no_aop.jar
7fc44cfba000-7fc44cfbc000 r--s 00003000 ca:01 15249                      /home/ec2-user/apache-maven-3.5.2/lib/jcl-over-slf4j-1.7.25.jar
7fc44cfbc000-7fc44cffb000 rw-p 00000000 00:00 0 
7fc44cffb000-7fc44d00f000 ---p 00000000 00:00 0 
7fc44d00f000-7fc44d02f000 rw-p 00000000 00:00 0 
7fc44d02f000-7fc44d038000 ---p 00000000 00:00 0 
7fc44d038000-7fc44d077000 rw-p 00000000 00:00 0 
7fc44d077000-7fc44d08b000 ---p 00000000 00:00 0 
7fc44d08b000-7fc44d08c000 rw-p 00000000 00:00 0 
7fc44d08c000-7fc44d094000 rw-s 00000000 ca:01 328366                     /tmp/hsperfdata_ec2-user/22317
7fc44d094000-7fc44d097000 ---p 00000000 00:00 0 
7fc44d097000-7fc44d19a000 rw-p 00000000 00:00 0 
7fc44d19a000-7fc44d19b000 r--s 0000a000 ca:01 15214                      /home/ec2-user/apache-maven-3.5.2/lib/maven-settings-3.5.2.jar
7fc44d19b000-7fc44d19d000 r--s 0000b000 ca:01 15212                      /home/ec2-user/apache-maven-3.5.2/boot/plexus-classworlds-2.5.2.jar
7fc44d19d000-7fc44d19e000 rw-p 00000000 00:00 0 
7fc44d19e000-7fc44d19f000 r--p 00000000 00:00 0 
7fc44d19f000-7fc44d1a0000 rw-p 00000000 00:00 0 
7fc44d1a0000-7fc44d1a1000 r--p 00021000 ca:01 2684                       /lib64/ld-2.17.so
7fc44d1a1000-7fc44d1a2000 rw-p 00022000 ca:01 2684                       /lib64/ld-2.17.so
7fc44d1a2000-7fc44d1a3000 rw-p 00000000 00:00 0 
7ffc06243000-7ffc06265000 rw-p 00000000 00:00 0                          [stack]
7ffc063e4000-7ffc063e6000 r--p 00000000 00:00 0                          [vvar]
7ffc063e6000-7ffc063e8000 r-xp 00000000 00:00 0                          [vdso]
ffffffffff600000-ffffffffff601000 r-xp 00000000 00:00 0                  [vsyscall]

VM Arguments:
jvm_args: -Dclassworlds.conf=/home/ec2-user/apache-maven-3.5.2/bin/m2.conf -Dmaven.home=/home/ec2-user/apache-maven-3.5.2 -Dlibrary.jansi.path=/home/ec2-user/apache-maven-3.5.2/lib/jansi-native -Dmaven.multiModuleProjectDirectory=/home/ec2-user/.jenkins/workspace/HoneyBadgersProject2 
java_command: org.codehaus.plexus.classworlds.launcher.Launcher tomcat7:redeploy -Dmaven.tomcat.path=/mvnAngular
java_class_path (initial): /home/ec2-user/apache-maven-3.5.2/boot/plexus-classworlds-2.5.2.jar
Launcher Type: SUN_STANDARD

Environment Variables:
PATH=/home/ec2-user/apache-maven-3.5.2/bin:/usr/local/bin:/bin:/usr/bin:/usr/local/sbin:/usr/sbin:/sbin:/home/ec2-user/.local/bin:/home/ec2-user/bin
SHELL=/bin/bash

Signal Handlers:
SIGSEGV: [libjvm.so+0xab0570], sa_mask[0]=11111111011111111101111111111110, sa_flags=SA_RESTART|SA_SIGINFO
SIGBUS: [libjvm.so+0xab0570], sa_mask[0]=11111111011111111101111111111110, sa_flags=SA_RESTART|SA_SIGINFO
SIGFPE: [libjvm.so+0x8a8ae0], sa_mask[0]=11111111011111111101111111111110, sa_flags=SA_RESTART|SA_SIGINFO
SIGPIPE: [libjvm.so+0x8a8ae0], sa_mask[0]=11111111011111111101111111111110, sa_flags=SA_RESTART|SA_SIGINFO
SIGXFSZ: [libjvm.so+0x8a8ae0], sa_mask[0]=11111111011111111101111111111110, sa_flags=SA_RESTART|SA_SIGINFO
SIGILL: [libjvm.so+0x8a8ae0], sa_mask[0]=11111111011111111101111111111110, sa_flags=SA_RESTART|SA_SIGINFO
SIGUSR1: SIG_DFL, sa_mask[0]=00000000000000000000000000000000, sa_flags=none
SIGUSR2: [libjvm.so+0x8a8990], sa_mask[0]=00100000000000000000000000000000, sa_flags=SA_RESTART|SA_SIGINFO
SIGHUP: SIG_IGN, sa_mask[0]=00000000000000000000000000000000, sa_flags=none
SIGINT: [libjvm.so+0x8a8ba0], sa_mask[0]=11111111011111111101111111111110, sa_flags=SA_RESTART|SA_SIGINFO
SIGTERM: [libjvm.so+0x8a8ba0], sa_mask[0]=11111111011111111101111111111110, sa_flags=SA_RESTART|SA_SIGINFO
SIGQUIT: [libjvm.so+0x8a8ba0], sa_mask[0]=11111111011111111101111111111110, sa_flags=SA_RESTART|SA_SIGINFO


---------------  S Y S T E M  ---------------

OS:Amazon Linux AMI release 2017.09

uname:Linux 4.9.70-25.242.amzn1.x86_64 #1 SMP Wed Jan 3 05:36:22 UTC 2018 x86_64
libc:glibc 2.17 NPTL 2.17 
rlimit: STACK 8192k, CORE 0k, NPROC 3876, NOFILE 4096, AS infinity
load average:2.06 0.75 0.33

/proc/meminfo:
MemTotal:        1012240 kB
MemFree:           60444 kB
MemAvailable:          0 kB
Buffers:             276 kB
Cached:             5888 kB
SwapCached:            0 kB
Active:           906676 kB
Inactive:           3492 kB
Active(anon):     904120 kB
Inactive(anon):       48 kB
Active(file):       2556 kB
Inactive(file):     3444 kB
Unevictable:           0 kB
Mlocked:               0 kB
SwapTotal:             0 kB
SwapFree:              0 kB
Dirty:                56 kB
Writeback:             0 kB
AnonPages:        904108 kB
Mapped:             4520 kB
Shmem:                60 kB
Slab:              23268 kB
SReclaimable:      11744 kB
SUnreclaim:        11524 kB
KernelStack:        3344 kB
PageTables:         5100 kB
NFS_Unstable:          0 kB
Bounce:                0 kB
WritebackTmp:          0 kB
CommitLimit:      506120 kB
Committed_AS:    1099784 kB
VmallocTotal:   34359738367 kB
VmallocUsed:           0 kB
VmallocChunk:          0 kB
AnonHugePages:         0 kB
ShmemHugePages:        0 kB
ShmemPmdMapped:        0 kB
HugePages_Total:       0
HugePages_Free:        0
HugePages_Rsvd:        0
HugePages_Surp:        0
Hugepagesize:       2048 kB
DirectMap4k:       12288 kB
DirectMap2M:     1036288 kB


CPU:total 1 (initial active 1) (1 cores per cpu, 1 threads per core) family 6 model 63 stepping 2, cmov, cx8, fxsr, mmx, sse, sse2, sse3, ssse3, sse4.1, sse4.2, popcnt, avx, avx2, aes, clmul, erms, lzcnt, tsc, bmi1, bmi2

/proc/cpuinfo:
processor	: 0
vendor_id	: GenuineIntel
cpu family	: 6
model		: 63
model name	: Intel(R) Xeon(R) CPU E5-2676 v3 @ 2.40GHz
stepping	: 2
microcode	: 0x3b
cpu MHz		: 2394.625
cache size	: 30720 KB
physical id	: 0
siblings	: 1
core id		: 0
cpu cores	: 1
apicid		: 0
initial apicid	: 0
fpu		: yes
fpu_exception	: yes
cpuid level	: 13
wp		: yes
flags		: fpu vme de pse tsc msr pae mce cx8 apic sep mtrr pge mca cmov pat pse36 clflush mmx fxsr sse sse2 ht syscall nx rdtscp lm constant_tsc rep_good nopl xtopology eagerfpu pni pclmulqdq ssse3 fma cx16 pcid sse4_1 sse4_2 x2apic movbe popcnt tsc_deadline_timer aes xsave avx f16c rdrand hypervisor lahf_lm abm invpcid_single fsgsbase bmi1 avx2 smep bmi2 erms invpcid xsaveopt
bugs		:
bogomips	: 4789.03
clflush size	: 64
cache_alignment	: 64
address sizes	: 46 bits physical, 48 bits virtual
power management:



Memory: 4k page, physical 1012240k(60444k free), swap 0k(0k free)

vm_info: OpenJDK 64-Bit Server VM (25.151-b12) for linux-amd64 JRE (1.8.0_151-b12), built on Oct 25 2017 20:37:17 by "mockbuild" with gcc 4.8.5 20150623 (Red Hat 4.8.5-11)

time: Tue Jan 16 16:02:50 2018
elapsed time: 18 seconds (0d 0h 0m 18s)

